Training FedAvg...
Round [1/200]	 Train Loss [1.9785]	 Train Acc [36.95]	 Train Time [13.87]
Round [2/200]	 Train Loss [1.7330]	 Train Acc [38.44]	 Train Time [10.59]
Round [3/200]	 Train Loss [1.6329]	 Train Acc [41.93]	 Train Time [11.35]
Round [4/200]	 Train Loss [1.5661]	 Train Acc [43.59]	 Train Time [12.43]
Round [5/200]	 Train Loss [1.5018]	 Train Acc [45.54]	 Train Time [10.67]
Round [6/200]	 Train Loss [1.4266]	 Train Acc [49.61]	 Train Time [11.48]
Round [7/200]	 Train Loss [1.4620]	 Train Acc [47.89]	 Train Time [9.65]
Round [8/200]	 Train Loss [1.3505]	 Train Acc [51.89]	 Train Time [9.65]
Round [9/200]	 Train Loss [1.3151]	 Train Acc [52.64]	 Train Time [10.71]
Round [10/200]	 Train Loss [1.3175]	 Train Acc [53.08]	 Train Time [14.72]
Round [11/200]	 Train Loss [1.2775]	 Train Acc [53.82]	 Train Time [9.93]
Round [12/200]	 Train Loss [1.3144]	 Train Acc [53.66]	 Train Time [8.32]
Round [13/200]	 Train Loss [1.2330]	 Train Acc [55.85]	 Train Time [13.58]
Round [14/200]	 Train Loss [1.2679]	 Train Acc [54.84]	 Train Time [7.05]
Round [15/200]	 Train Loss [1.1898]	 Train Acc [57.56]	 Train Time [14.07]
Round [16/200]	 Train Loss [1.1366]	 Train Acc [60.47]	 Train Time [10.62]
Round [17/200]	 Train Loss [1.1698]	 Train Acc [59.13]	 Train Time [9.51]
Round [18/200]	 Train Loss [1.1949]	 Train Acc [56.81]	 Train Time [9.14]
Round [19/200]	 Train Loss [1.1893]	 Train Acc [57.91]	 Train Time [7.43]
Round [20/200]	 Train Loss [1.0962]	 Train Acc [60.86]	 Test Loss [1.8437|1.1248]	 Test Acc [29.33(12.95)|60.77(10.47)]	 Train Time [10.17]
Round [21/200]	 Train Loss [1.1793]	 Train Acc [58.11]	 Train Time [11.97]
Round [22/200]	 Train Loss [1.1184]	 Train Acc [60.56]	 Train Time [11.97]
Round [23/200]	 Train Loss [1.0719]	 Train Acc [62.74]	 Train Time [11.77]
Round [24/200]	 Train Loss [1.1218]	 Train Acc [60.57]	 Train Time [9.30]
Round [25/200]	 Train Loss [1.1218]	 Train Acc [60.63]	 Train Time [8.63]
Round [26/200]	 Train Loss [1.0298]	 Train Acc [63.54]	 Train Time [16.13]
Round [27/200]	 Train Loss [1.0402]	 Train Acc [63.15]	 Train Time [11.84]
Round [28/200]	 Train Loss [1.0534]	 Train Acc [62.56]	 Train Time [8.00]
Round [29/200]	 Train Loss [1.0281]	 Train Acc [64.14]	 Train Time [9.86]
Round [30/200]	 Train Loss [1.0030]	 Train Acc [64.21]	 Train Time [11.98]
Round [31/200]	 Train Loss [0.9992]	 Train Acc [65.29]	 Train Time [9.65]
Round [32/200]	 Train Loss [0.9741]	 Train Acc [65.61]	 Train Time [11.38]
Round [33/200]	 Train Loss [0.9417]	 Train Acc [66.94]	 Train Time [6.83]
Round [34/200]	 Train Loss [1.0088]	 Train Acc [64.64]	 Train Time [7.61]
Round [35/200]	 Train Loss [0.9450]	 Train Acc [67.99]	 Train Time [11.95]
Round [36/200]	 Train Loss [0.9664]	 Train Acc [65.86]	 Train Time [9.64]
Round [37/200]	 Train Loss [0.9961]	 Train Acc [66.03]	 Train Time [9.84]
Round [38/200]	 Train Loss [0.9291]	 Train Acc [67.52]	 Train Time [10.55]
Round [39/200]	 Train Loss [0.9422]	 Train Acc [66.85]	 Train Time [11.64]
Round [40/200]	 Train Loss [0.8846]	 Train Acc [68.91]	 Test Loss [1.5639|1.0106]	 Test Acc [42.77(11.70)|65.79(9.08)]	 Train Time [8.99]
Round [41/200]	 Train Loss [0.8820]	 Train Acc [69.49]	 Train Time [12.26]
Round [42/200]	 Train Loss [0.9043]	 Train Acc [67.84]	 Train Time [10.50]
Round [43/200]	 Train Loss [0.8492]	 Train Acc [70.22]	 Train Time [13.47]
Round [44/200]	 Train Loss [0.9013]	 Train Acc [68.90]	 Train Time [8.59]
Round [45/200]	 Train Loss [0.9066]	 Train Acc [68.46]	 Train Time [7.21]
Round [46/200]	 Train Loss [0.8685]	 Train Acc [70.01]	 Train Time [11.19]
Round [47/200]	 Train Loss [0.8400]	 Train Acc [70.78]	 Train Time [7.76]
Round [48/200]	 Train Loss [0.8758]	 Train Acc [69.55]	 Train Time [9.93]
Round [49/200]	 Train Loss [0.8423]	 Train Acc [70.80]	 Train Time [10.87]
Round [50/200]	 Train Loss [0.8499]	 Train Acc [70.36]	 Train Time [8.46]
Round [51/200]	 Train Loss [0.8384]	 Train Acc [69.94]	 Train Time [9.19]
Round [52/200]	 Train Loss [0.8243]	 Train Acc [70.61]	 Train Time [11.92]
Round [53/200]	 Train Loss [0.7555]	 Train Acc [74.05]	 Train Time [10.72]
Round [54/200]	 Train Loss [0.7812]	 Train Acc [73.44]	 Train Time [10.83]
Round [55/200]	 Train Loss [0.7618]	 Train Acc [73.35]	 Train Time [8.57]
Round [56/200]	 Train Loss [0.8511]	 Train Acc [70.52]	 Train Time [7.78]
Round [57/200]	 Train Loss [0.8505]	 Train Acc [70.06]	 Train Time [8.53]
Round [58/200]	 Train Loss [0.7833]	 Train Acc [72.61]	 Train Time [11.97]
Round [59/200]	 Train Loss [0.7086]	 Train Acc [75.32]	 Train Time [9.35]
Round [60/200]	 Train Loss [0.7158]	 Train Acc [75.71]	 Test Loss [1.4481|0.9720]	 Test Acc [48.40(13.10)|67.75(9.06)]	 Train Time [8.57]
Round [61/200]	 Train Loss [0.7360]	 Train Acc [74.74]	 Train Time [10.46]
Round [62/200]	 Train Loss [0.7080]	 Train Acc [76.13]	 Train Time [9.01]
Round [63/200]	 Train Loss [0.7072]	 Train Acc [75.57]	 Train Time [10.37]
Round [64/200]	 Train Loss [0.6739]	 Train Acc [76.53]	 Train Time [12.29]
Round [65/200]	 Train Loss [0.7277]	 Train Acc [74.79]	 Train Time [7.16]
Round [66/200]	 Train Loss [0.6665]	 Train Acc [77.35]	 Train Time [9.42]
Round [67/200]	 Train Loss [0.6837]	 Train Acc [76.15]	 Train Time [11.87]
Round [68/200]	 Train Loss [0.7468]	 Train Acc [74.08]	 Train Time [10.89]
Round [69/200]	 Train Loss [0.7025]	 Train Acc [76.22]	 Train Time [10.11]
Round [70/200]	 Train Loss [0.5642]	 Train Acc [80.75]	 Train Time [9.37]
Round [71/200]	 Train Loss [0.6881]	 Train Acc [76.62]	 Train Time [14.73]
Round [72/200]	 Train Loss [0.6162]	 Train Acc [79.14]	 Train Time [10.33]
Round [73/200]	 Train Loss [0.5801]	 Train Acc [80.54]	 Train Time [12.56]
Round [74/200]	 Train Loss [0.6314]	 Train Acc [78.78]	 Train Time [6.81]
Round [75/200]	 Train Loss [0.6501]	 Train Acc [78.07]	 Train Time [13.85]
Round [76/200]	 Train Loss [0.5620]	 Train Acc [81.18]	 Train Time [8.75]
Round [77/200]	 Train Loss [0.6275]	 Train Acc [78.87]	 Train Time [13.17]
Round [78/200]	 Train Loss [0.6509]	 Train Acc [77.97]	 Train Time [9.47]
Round [79/200]	 Train Loss [0.5378]	 Train Acc [81.82]	 Train Time [10.20]
Round [80/200]	 Train Loss [0.5679]	 Train Acc [80.89]	 Test Loss [1.3876|1.0005]	 Test Acc [52.30(11.42)|68.84(8.80)]	 Train Time [11.67]
Round [81/200]	 Train Loss [0.5983]	 Train Acc [79.84]	 Train Time [13.83]
Round [82/200]	 Train Loss [0.5254]	 Train Acc [82.43]	 Train Time [12.08]
Round [83/200]	 Train Loss [0.5557]	 Train Acc [81.20]	 Train Time [10.66]
Round [84/200]	 Train Loss [0.6081]	 Train Acc [79.94]	 Train Time [6.41]
Round [85/200]	 Train Loss [0.5538]	 Train Acc [81.64]	 Train Time [10.52]
Round [86/200]	 Train Loss [0.5348]	 Train Acc [82.11]	 Train Time [9.98]
Round [87/200]	 Train Loss [0.5567]	 Train Acc [81.50]	 Train Time [11.20]
Round [88/200]	 Train Loss [0.4974]	 Train Acc [83.45]	 Train Time [10.83]
Round [89/200]	 Train Loss [0.5638]	 Train Acc [81.22]	 Train Time [9.98]
Round [90/200]	 Train Loss [0.5158]	 Train Acc [82.70]	 Train Time [8.66]
Round [91/200]	 Train Loss [0.5366]	 Train Acc [82.33]	 Train Time [8.78]
Round [92/200]	 Train Loss [0.4741]	 Train Acc [84.22]	 Train Time [12.02]
Round [93/200]	 Train Loss [0.4563]	 Train Acc [85.17]	 Train Time [7.90]
Round [94/200]	 Train Loss [0.4552]	 Train Acc [84.77]	 Train Time [9.72]
Round [95/200]	 Train Loss [0.4454]	 Train Acc [85.19]	 Train Time [8.99]
Round [96/200]	 Train Loss [0.4454]	 Train Acc [85.17]	 Train Time [9.36]
Round [97/200]	 Train Loss [0.4590]	 Train Acc [84.88]	 Train Time [11.33]
Round [98/200]	 Train Loss [0.5284]	 Train Acc [82.49]	 Train Time [11.70]
Round [99/200]	 Train Loss [0.4698]	 Train Acc [84.57]	 Train Time [9.35]
Round [100/200]	 Train Loss [0.4534]	 Train Acc [85.10]	 Test Loss [1.4239|1.0611]	 Test Acc [52.64(12.64)|69.96(8.10)]	 Train Time [12.28]
Round [101/200]	 Train Loss [0.4903]	 Train Acc [84.03]	 Train Time [8.35]
Round [102/200]	 Train Loss [0.4346]	 Train Acc [85.74]	 Train Time [12.03]
Round [103/200]	 Train Loss [0.4016]	 Train Acc [87.07]	 Train Time [11.84]
Round [104/200]	 Train Loss [0.3774]	 Train Acc [87.74]	 Train Time [10.62]
Round [105/200]	 Train Loss [0.4369]	 Train Acc [85.73]	 Train Time [11.01]
Round [106/200]	 Train Loss [0.4350]	 Train Acc [85.88]	 Train Time [12.35]
Round [107/200]	 Train Loss [0.3912]	 Train Acc [87.51]	 Train Time [8.38]
Round [108/200]	 Train Loss [0.3698]	 Train Acc [88.09]	 Train Time [8.15]
Round [109/200]	 Train Loss [0.4056]	 Train Acc [86.87]	 Train Time [10.67]
Round [110/200]	 Train Loss [0.4066]	 Train Acc [86.66]	 Train Time [10.42]
Round [111/200]	 Train Loss [0.4236]	 Train Acc [86.24]	 Train Time [10.70]
Round [112/200]	 Train Loss [0.4054]	 Train Acc [86.74]	 Train Time [14.41]
Round [113/200]	 Train Loss [0.4120]	 Train Acc [86.60]	 Train Time [8.37]
Round [114/200]	 Train Loss [0.3263]	 Train Acc [89.42]	 Train Time [11.98]
Round [115/200]	 Train Loss [0.4104]	 Train Acc [86.76]	 Train Time [11.15]
Round [116/200]	 Train Loss [0.4055]	 Train Acc [86.80]	 Train Time [8.65]
Round [117/200]	 Train Loss [0.3439]	 Train Acc [88.69]	 Train Time [11.81]
Round [118/200]	 Train Loss [0.3803]	 Train Acc [87.85]	 Train Time [12.79]
Round [119/200]	 Train Loss [0.3352]	 Train Acc [89.18]	 Train Time [8.69]
Round [120/200]	 Train Loss [0.3659]	 Train Acc [87.83]	 Test Loss [1.4629|1.1070]	 Test Acc [53.93(11.74)|70.02(7.82)]	 Train Time [12.68]
Round [121/200]	 Train Loss [0.3864]	 Train Acc [87.32]	 Train Time [9.02]
Round [122/200]	 Train Loss [0.4384]	 Train Acc [86.08]	 Train Time [8.76]
Round [123/200]	 Train Loss [0.3753]	 Train Acc [87.97]	 Train Time [10.60]
Round [124/200]	 Train Loss [0.4065]	 Train Acc [86.85]	 Train Time [8.41]
Round [125/200]	 Train Loss [0.3601]	 Train Acc [88.52]	 Train Time [9.52]
Round [126/200]	 Train Loss [0.4162]	 Train Acc [86.53]	 Train Time [8.77]
Round [127/200]	 Train Loss [0.3258]	 Train Acc [89.39]	 Train Time [8.81]
Round [128/200]	 Train Loss [0.3847]	 Train Acc [87.71]	 Train Time [11.55]
Round [129/200]	 Train Loss [0.3445]	 Train Acc [88.96]	 Train Time [11.55]
Round [130/200]	 Train Loss [0.3192]	 Train Acc [89.87]	 Train Time [10.35]
Round [131/200]	 Train Loss [0.3280]	 Train Acc [89.44]	 Train Time [11.90]
Round [132/200]	 Train Loss [0.3817]	 Train Acc [87.63]	 Train Time [10.80]
Round [133/200]	 Train Loss [0.3625]	 Train Acc [88.19]	 Train Time [11.91]
Round [134/200]	 Train Loss [0.3423]	 Train Acc [89.17]	 Train Time [10.57]
Round [135/200]	 Train Loss [0.3119]	 Train Acc [89.85]	 Train Time [14.35]
Round [136/200]	 Train Loss [0.3371]	 Train Acc [89.04]	 Train Time [11.71]
Round [137/200]	 Train Loss [0.2768]	 Train Acc [91.15]	 Train Time [12.32]
Round [138/200]	 Train Loss [0.3138]	 Train Acc [89.97]	 Train Time [7.39]
Round [139/200]	 Train Loss [0.3442]	 Train Acc [89.00]	 Train Time [10.72]
Round [140/200]	 Train Loss [0.3035]	 Train Acc [90.29]	 Test Loss [1.5350|1.1589]	 Test Acc [53.13(11.86)|70.31(8.21)]	 Train Time [8.90]
Round [141/200]	 Train Loss [0.2797]	 Train Acc [91.28]	 Train Time [8.94]
Round [142/200]	 Train Loss [0.3294]	 Train Acc [89.45]	 Train Time [10.59]
Round [143/200]	 Train Loss [0.2891]	 Train Acc [90.76]	 Train Time [10.69]
Round [144/200]	 Train Loss [0.2992]	 Train Acc [90.39]	 Train Time [9.87]
Round [145/200]	 Train Loss [0.3069]	 Train Acc [90.33]	 Train Time [8.06]
Round [146/200]	 Train Loss [0.2963]	 Train Acc [90.57]	 Train Time [7.71]
Round [147/200]	 Train Loss [0.3813]	 Train Acc [87.63]	 Train Time [6.80]
Round [148/200]	 Train Loss [0.3113]	 Train Acc [90.10]	 Train Time [9.63]
Round [149/200]	 Train Loss [0.3100]	 Train Acc [90.14]	 Train Time [7.44]
Round [150/200]	 Train Loss [0.2883]	 Train Acc [90.87]	 Train Time [7.07]
Round [151/200]	 Train Loss [0.3058]	 Train Acc [90.15]	 Train Time [11.16]
Round [152/200]	 Train Loss [0.3120]	 Train Acc [90.07]	 Train Time [7.80]
Round [153/200]	 Train Loss [0.2831]	 Train Acc [91.03]	 Train Time [9.93]
Round [154/200]	 Train Loss [0.3225]	 Train Acc [89.51]	 Train Time [9.70]
Round [155/200]	 Train Loss [0.2717]	 Train Acc [91.01]	 Train Time [9.42]
Round [156/200]	 Train Loss [0.3118]	 Train Acc [90.05]	 Train Time [10.46]
Round [157/200]	 Train Loss [0.2647]	 Train Acc [91.58]	 Train Time [8.01]
Round [158/200]	 Train Loss [0.2998]	 Train Acc [90.23]	 Train Time [11.16]
Round [159/200]	 Train Loss [0.2799]	 Train Acc [91.06]	 Train Time [11.35]
Round [160/200]	 Train Loss [0.2579]	 Train Acc [91.86]	 Test Loss [1.3836|1.2228]	 Test Acc [56.40(10.24)|70.88(8.12)]	 Train Time [11.87]
Round [161/200]	 Train Loss [0.2987]	 Train Acc [90.30]	 Train Time [8.88]
Round [162/200]	 Train Loss [0.2946]	 Train Acc [90.54]	 Train Time [11.99]
Round [163/200]	 Train Loss [0.2424]	 Train Acc [92.10]	 Train Time [7.91]
Round [164/200]	 Train Loss [0.2550]	 Train Acc [91.82]	 Train Time [6.62]
Round [165/200]	 Train Loss [0.2821]	 Train Acc [90.95]	 Train Time [6.43]
Round [166/200]	 Train Loss [0.2586]	 Train Acc [91.86]	 Train Time [8.74]
Round [167/200]	 Train Loss [0.2392]	 Train Acc [92.28]	 Train Time [7.99]
Round [168/200]	 Train Loss [0.3038]	 Train Acc [90.20]	 Train Time [5.70]
Round [169/200]	 Train Loss [0.2576]	 Train Acc [91.67]	 Train Time [6.42]
Round [170/200]	 Train Loss [0.2403]	 Train Acc [92.30]	 Train Time [8.92]
Round [171/200]	 Train Loss [0.2617]	 Train Acc [91.54]	 Train Time [8.13]
Round [172/200]	 Train Loss [0.2230]	 Train Acc [92.95]	 Train Time [7.61]
Round [173/200]	 Train Loss [0.3155]	 Train Acc [89.78]	 Train Time [7.64]
Round [174/200]	 Train Loss [0.2331]	 Train Acc [92.76]	 Train Time [7.87]
Round [175/200]	 Train Loss [0.2109]	 Train Acc [93.14]	 Train Time [7.60]
Round [176/200]	 Train Loss [0.2522]	 Train Acc [92.00]	 Train Time [7.85]
Round [177/200]	 Train Loss [0.2645]	 Train Acc [91.49]	 Train Time [8.50]
Round [178/200]	 Train Loss [0.2476]	 Train Acc [92.09]	 Train Time [7.13]
Round [179/200]	 Train Loss [0.2956]	 Train Acc [90.18]	 Train Time [5.81]
Round [180/200]	 Train Loss [0.2477]	 Train Acc [91.95]	 Test Loss [1.5725|1.2624]	 Test Acc [54.72(10.92)|70.67(8.04)]	 Train Time [8.49]
Round [181/200]	 Train Loss [0.2965]	 Train Acc [90.29]	 Train Time [7.65]
Round [182/200]	 Train Loss [0.1979]	 Train Acc [93.72]	 Train Time [8.47]
Round [183/200]	 Train Loss [0.2587]	 Train Acc [91.87]	 Train Time [7.15]
Round [184/200]	 Train Loss [0.2294]	 Train Acc [92.70]	 Train Time [6.66]
Round [185/200]	 Train Loss [0.2366]	 Train Acc [92.36]	 Train Time [7.58]
Round [186/200]	 Train Loss [0.2740]	 Train Acc [91.11]	 Train Time [8.42]
Round [187/200]	 Train Loss [0.2271]	 Train Acc [92.82]	 Train Time [6.98]
Round [188/200]	 Train Loss [0.2689]	 Train Acc [91.39]	 Train Time [7.79]
Round [189/200]	 Train Loss [0.2015]	 Train Acc [93.50]	 Train Time [11.01]
Round [190/200]	 Train Loss [0.2711]	 Train Acc [91.12]	 Train Time [6.53]
Round [191/200]	 Train Loss [0.2169]	 Train Acc [92.98]	 Train Time [7.52]
Round [192/200]	 Train Loss [0.2626]	 Train Acc [91.61]	 Train Time [8.32]
Round [193/200]	 Train Loss [0.2593]	 Train Acc [91.62]	 Train Time [8.56]
Round [194/200]	 Train Loss [0.2203]	 Train Acc [92.96]	 Train Time [7.08]
Round [195/200]	 Train Loss [0.2945]	 Train Acc [90.44]	 Train Time [8.25]
Round [196/200]	 Train Loss [0.2767]	 Train Acc [91.00]	 Train Time [6.42]
Round [197/200]	 Train Loss [0.1982]	 Train Acc [93.76]	 Train Time [9.36]
Round [198/200]	 Train Loss [0.2009]	 Train Acc [93.54]	 Train Time [9.51]
Round [199/200]	 Train Loss [0.2167]	 Train Acc [92.95]	 Train Time [7.70]
Round [200/200]	 Train Loss [0.2124]	 Train Acc [93.23]	 Test Loss [1.4201|1.3041]	 Test Acc [57.76(8.94)|71.13(7.74)]	 Train Time [24.99]
Method took (9.92, 2.27) seconds per training iteration
Method took (1984.94) total seconds
