Training FedAvg...
Round [1/200]	 Train Loss [4.4102]	 Train Acc [6.75]	 Train Time [26.60]
Round [2/200]	 Train Loss [4.0177]	 Train Acc [7.06]	 Train Time [22.93]
Round [3/200]	 Train Loss [3.9316]	 Train Acc [8.75]	 Train Time [24.23]
Round [4/200]	 Train Loss [3.7574]	 Train Acc [11.90]	 Train Time [22.73]
Round [5/200]	 Train Loss [3.4983]	 Train Acc [15.46]	 Train Time [22.96]
Round [6/200]	 Train Loss [3.3985]	 Train Acc [16.53]	 Train Time [25.44]
Round [7/200]	 Train Loss [3.3200]	 Train Acc [18.18]	 Train Time [25.88]
Round [8/200]	 Train Loss [3.2270]	 Train Acc [19.97]	 Train Time [20.13]
Round [9/200]	 Train Loss [3.1047]	 Train Acc [22.32]	 Train Time [26.70]
Round [10/200]	 Train Loss [3.0855]	 Train Acc [22.54]	 Train Time [24.10]
Round [11/200]	 Train Loss [2.9800]	 Train Acc [24.03]	 Train Time [28.04]
Round [12/200]	 Train Loss [2.8764]	 Train Acc [26.46]	 Train Time [25.68]
Round [13/200]	 Train Loss [2.7836]	 Train Acc [28.25]	 Train Time [20.65]
Round [14/200]	 Train Loss [2.7120]	 Train Acc [30.31]	 Train Time [22.50]
Round [15/200]	 Train Loss [2.6014]	 Train Acc [32.46]	 Train Time [21.83]
Round [16/200]	 Train Loss [2.4827]	 Train Acc [35.00]	 Train Time [21.31]
Round [17/200]	 Train Loss [2.3817]	 Train Acc [37.40]	 Train Time [22.74]
Round [18/200]	 Train Loss [2.2837]	 Train Acc [40.31]	 Train Time [21.27]
Round [19/200]	 Train Loss [2.1594]	 Train Acc [43.01]	 Train Time [27.02]
Round [20/200]	 Train Loss [2.1183]	 Train Acc [44.35]	 Test Loss [3.6433|4.3112]	 Test Acc [18.23(8.11)|21.70(7.90)]	 Train Time [22.88]
Round [21/200]	 Train Loss [2.0198]	 Train Acc [46.92]	 Train Time [32.79]
Round [22/200]	 Train Loss [1.9159]	 Train Acc [49.47]	 Train Time [24.99]
Round [23/200]	 Train Loss [1.8854]	 Train Acc [50.62]	 Train Time [19.39]
Round [24/200]	 Train Loss [1.7955]	 Train Acc [52.96]	 Train Time [20.68]
Round [25/200]	 Train Loss [1.7065]	 Train Acc [55.42]	 Train Time [25.00]
Round [26/200]	 Train Loss [1.6550]	 Train Acc [57.08]	 Train Time [22.43]
Round [27/200]	 Train Loss [1.5759]	 Train Acc [59.04]	 Train Time [30.67]
Round [28/200]	 Train Loss [1.5012]	 Train Acc [61.08]	 Train Time [22.38]
Round [29/200]	 Train Loss [1.4763]	 Train Acc [62.14]	 Train Time [25.78]
Round [30/200]	 Train Loss [1.4777]	 Train Acc [62.13]	 Train Time [13.57]
Round [31/200]	 Train Loss [1.4349]	 Train Acc [63.14]	 Train Time [12.62]
Round [32/200]	 Train Loss [1.3831]	 Train Acc [64.80]	 Train Time [22.58]
Round [33/200]	 Train Loss [1.3505]	 Train Acc [65.63]	 Train Time [30.65]
Round [34/200]	 Train Loss [1.2524]	 Train Acc [68.17]	 Train Time [20.24]
Round [35/200]	 Train Loss [1.2658]	 Train Acc [67.82]	 Train Time [23.52]
Round [36/200]	 Train Loss [1.2397]	 Train Acc [68.89]	 Train Time [21.80]
Round [37/200]	 Train Loss [1.2001]	 Train Acc [69.68]	 Train Time [16.70]
Round [38/200]	 Train Loss [1.2240]	 Train Acc [69.33]	 Train Time [25.95]
Round [39/200]	 Train Loss [1.1527]	 Train Acc [70.85]	 Train Time [23.25]
Round [40/200]	 Train Loss [1.1442]	 Train Acc [71.24]	 Test Loss [3.7295|5.1101]	 Test Acc [21.54(9.04)|24.42(8.37)]	 Train Time [30.68]
Round [41/200]	 Train Loss [1.1266]	 Train Acc [71.65]	 Train Time [20.91]
Round [42/200]	 Train Loss [1.1375]	 Train Acc [71.68]	 Train Time [22.65]
Round [43/200]	 Train Loss [1.1096]	 Train Acc [72.23]	 Train Time [21.89]
Round [44/200]	 Train Loss [1.0512]	 Train Acc [73.65]	 Train Time [20.91]
Round [45/200]	 Train Loss [1.0518]	 Train Acc [73.67]	 Train Time [22.95]
Round [46/200]	 Train Loss [1.0461]	 Train Acc [74.05]	 Train Time [24.77]
Round [47/200]	 Train Loss [1.0002]	 Train Acc [74.87]	 Train Time [15.43]
Round [48/200]	 Train Loss [1.0153]	 Train Acc [74.69]	 Train Time [25.62]
Round [49/200]	 Train Loss [0.9940]	 Train Acc [75.26]	 Train Time [29.27]
Round [50/200]	 Train Loss [0.9778]	 Train Acc [75.68]	 Train Time [23.55]
Round [51/200]	 Train Loss [0.9804]	 Train Acc [75.75]	 Train Time [21.21]
Round [52/200]	 Train Loss [0.9321]	 Train Acc [76.69]	 Train Time [16.96]
Round [53/200]	 Train Loss [0.9450]	 Train Acc [76.57]	 Train Time [24.53]
Round [54/200]	 Train Loss [0.9227]	 Train Acc [77.12]	 Train Time [22.65]
Round [55/200]	 Train Loss [0.9282]	 Train Acc [77.01]	 Train Time [22.47]
Round [56/200]	 Train Loss [0.9110]	 Train Acc [77.46]	 Train Time [22.56]
Round [57/200]	 Train Loss [0.8724]	 Train Acc [78.19]	 Train Time [22.16]
Round [58/200]	 Train Loss [0.8707]	 Train Acc [78.24]	 Train Time [21.43]
Round [59/200]	 Train Loss [0.8766]	 Train Acc [78.24]	 Train Time [30.81]
Round [60/200]	 Train Loss [0.8628]	 Train Acc [78.51]	 Test Loss [3.7172|5.0692]	 Test Acc [23.47(8.17)|26.55(8.53)]	 Train Time [20.34]
Round [61/200]	 Train Loss [0.8881]	 Train Acc [77.88]	 Train Time [19.18]
Round [62/200]	 Train Loss [0.8756]	 Train Acc [78.44]	 Train Time [25.47]
Round [63/200]	 Train Loss [0.8345]	 Train Acc [79.19]	 Train Time [21.50]
Round [64/200]	 Train Loss [0.8513]	 Train Acc [78.81]	 Train Time [22.03]
Round [65/200]	 Train Loss [0.8452]	 Train Acc [78.94]	 Train Time [18.06]
Round [66/200]	 Train Loss [0.8418]	 Train Acc [79.16]	 Train Time [25.91]
Round [67/200]	 Train Loss [0.7768]	 Train Acc [80.55]	 Train Time [17.80]
Round [68/200]	 Train Loss [0.8138]	 Train Acc [79.79]	 Train Time [15.87]
Round [69/200]	 Train Loss [0.8060]	 Train Acc [79.79]	 Train Time [22.33]
Round [70/200]	 Train Loss [0.7996]	 Train Acc [80.08]	 Train Time [33.10]
Round [71/200]	 Train Loss [0.7622]	 Train Acc [80.91]	 Train Time [26.87]
Round [72/200]	 Train Loss [0.7924]	 Train Acc [80.39]	 Train Time [28.47]
Round [73/200]	 Train Loss [0.7956]	 Train Acc [80.17]	 Train Time [20.88]
Round [74/200]	 Train Loss [0.7545]	 Train Acc [81.04]	 Train Time [23.02]
Round [75/200]	 Train Loss [0.7406]	 Train Acc [81.35]	 Train Time [18.66]
Round [76/200]	 Train Loss [0.7775]	 Train Acc [80.59]	 Train Time [20.51]
Round [77/200]	 Train Loss [0.7396]	 Train Acc [81.37]	 Train Time [25.13]
Round [78/200]	 Train Loss [0.7490]	 Train Acc [81.09]	 Train Time [20.87]
Round [79/200]	 Train Loss [0.7355]	 Train Acc [81.62]	 Train Time [24.18]
Round [80/200]	 Train Loss [0.7176]	 Train Acc [82.01]	 Test Loss [3.7132|4.8948]	 Test Acc [25.34(7.91)|28.38(9.97)]	 Train Time [26.24]
Round [81/200]	 Train Loss [0.7286]	 Train Acc [81.71]	 Train Time [26.53]
Round [82/200]	 Train Loss [0.7078]	 Train Acc [82.10]	 Train Time [20.70]
Round [83/200]	 Train Loss [0.7283]	 Train Acc [81.73]	 Train Time [17.67]
Round [84/200]	 Train Loss [0.6945]	 Train Acc [82.45]	 Train Time [25.03]
Round [85/200]	 Train Loss [0.7201]	 Train Acc [81.85]	 Train Time [21.81]
Round [86/200]	 Train Loss [0.7132]	 Train Acc [82.05]	 Train Time [23.94]
Round [87/200]	 Train Loss [0.6786]	 Train Acc [82.76]	 Train Time [24.35]
Round [88/200]	 Train Loss [0.7085]	 Train Acc [82.22]	 Train Time [15.50]
Round [89/200]	 Train Loss [0.7083]	 Train Acc [82.15]	 Train Time [28.03]
Round [90/200]	 Train Loss [0.6736]	 Train Acc [82.91]	 Train Time [29.36]
Round [91/200]	 Train Loss [0.6721]	 Train Acc [82.95]	 Train Time [30.35]
Round [92/200]	 Train Loss [0.6643]	 Train Acc [83.06]	 Train Time [27.19]
Round [93/200]	 Train Loss [0.6683]	 Train Acc [83.16]	 Train Time [27.63]
Round [94/200]	 Train Loss [0.6685]	 Train Acc [83.06]	 Train Time [24.07]
Round [95/200]	 Train Loss [0.6820]	 Train Acc [82.88]	 Train Time [26.40]
Round [96/200]	 Train Loss [0.6647]	 Train Acc [83.25]	 Train Time [18.50]
Round [97/200]	 Train Loss [0.6800]	 Train Acc [82.77]	 Train Time [27.89]
Round [98/200]	 Train Loss [0.6598]	 Train Acc [83.26]	 Train Time [18.77]
Round [99/200]	 Train Loss [0.6535]	 Train Acc [83.23]	 Train Time [29.36]
Round [100/200]	 Train Loss [0.6341]	 Train Acc [83.85]	 Test Loss [3.7333|4.8165]	 Test Acc [25.63(7.60)|28.77(8.92)]	 Train Time [17.93]
Round [101/200]	 Train Loss [0.6625]	 Train Acc [83.26]	 Train Time [25.75]
Round [102/200]	 Train Loss [0.6501]	 Train Acc [83.56]	 Train Time [27.17]
Round [103/200]	 Train Loss [0.6483]	 Train Acc [83.52]	 Train Time [29.51]
Round [104/200]	 Train Loss [0.6067]	 Train Acc [84.25]	 Train Time [22.79]
Round [105/200]	 Train Loss [0.6528]	 Train Acc [83.57]	 Train Time [23.04]
Round [106/200]	 Train Loss [0.6293]	 Train Acc [83.94]	 Train Time [24.61]
Round [107/200]	 Train Loss [0.5999]	 Train Acc [84.50]	 Train Time [22.58]
Round [108/200]	 Train Loss [0.6193]	 Train Acc [84.17]	 Train Time [21.46]
Round [109/200]	 Train Loss [0.6040]	 Train Acc [84.50]	 Train Time [21.95]
Round [110/200]	 Train Loss [0.6216]	 Train Acc [84.07]	 Train Time [28.61]
Round [111/200]	 Train Loss [0.6238]	 Train Acc [84.00]	 Train Time [28.70]
Round [112/200]	 Train Loss [0.6101]	 Train Acc [84.49]	 Train Time [24.73]
Round [113/200]	 Train Loss [0.6254]	 Train Acc [83.99]	 Train Time [25.80]
Round [114/200]	 Train Loss [0.6200]	 Train Acc [84.19]	 Train Time [15.09]
Round [115/200]	 Train Loss [0.6133]	 Train Acc [84.33]	 Train Time [30.99]
Round [116/200]	 Train Loss [0.6041]	 Train Acc [84.38]	 Train Time [18.19]
Round [117/200]	 Train Loss [0.6171]	 Train Acc [84.22]	 Train Time [28.43]
Round [118/200]	 Train Loss [0.6111]	 Train Acc [84.33]	 Train Time [23.62]
Round [119/200]	 Train Loss [0.5913]	 Train Acc [84.84]	 Train Time [25.20]
Round [120/200]	 Train Loss [0.6035]	 Train Acc [84.54]	 Test Loss [3.7309|4.7987]	 Test Acc [25.86(8.16)|28.71(9.86)]	 Train Time [21.16]
Round [121/200]	 Train Loss [0.5891]	 Train Acc [84.85]	 Train Time [22.38]
Round [122/200]	 Train Loss [0.5854]	 Train Acc [84.91]	 Train Time [20.53]
Round [123/200]	 Train Loss [0.5643]	 Train Acc [85.34]	 Train Time [18.41]
Round [124/200]	 Train Loss [0.5959]	 Train Acc [84.73]	 Train Time [28.72]
Round [125/200]	 Train Loss [0.5640]	 Train Acc [85.43]	 Train Time [22.65]
Round [126/200]	 Train Loss [0.5819]	 Train Acc [84.95]	 Train Time [20.58]
Round [127/200]	 Train Loss [0.5710]	 Train Acc [85.33]	 Train Time [24.71]
Round [128/200]	 Train Loss [0.5906]	 Train Acc [84.64]	 Train Time [12.80]
Round [129/200]	 Train Loss [0.6019]	 Train Acc [84.62]	 Train Time [24.57]
Round [130/200]	 Train Loss [0.5982]	 Train Acc [84.70]	 Train Time [25.61]
Round [131/200]	 Train Loss [0.5815]	 Train Acc [84.97]	 Train Time [22.95]
Round [132/200]	 Train Loss [0.5565]	 Train Acc [85.58]	 Train Time [30.79]
Round [133/200]	 Train Loss [0.5571]	 Train Acc [85.46]	 Train Time [15.90]
Round [134/200]	 Train Loss [0.5653]	 Train Acc [85.50]	 Train Time [18.96]
Round [135/200]	 Train Loss [0.5809]	 Train Acc [85.09]	 Train Time [25.36]
Round [136/200]	 Train Loss [0.5656]	 Train Acc [85.52]	 Train Time [27.41]
Round [137/200]	 Train Loss [0.5823]	 Train Acc [85.14]	 Train Time [22.08]
Round [138/200]	 Train Loss [0.5497]	 Train Acc [85.76]	 Train Time [22.81]
Round [139/200]	 Train Loss [0.5490]	 Train Acc [85.74]	 Train Time [29.27]
Round [140/200]	 Train Loss [0.5467]	 Train Acc [85.86]	 Test Loss [3.8509|4.7725]	 Test Acc [25.24(7.63)|29.07(9.25)]	 Train Time [21.41]
Round [141/200]	 Train Loss [0.5578]	 Train Acc [85.50]	 Train Time [24.94]
Round [142/200]	 Train Loss [0.5705]	 Train Acc [85.34]	 Train Time [30.43]
Round [143/200]	 Train Loss [0.5474]	 Train Acc [85.83]	 Train Time [21.85]
Round [144/200]	 Train Loss [0.5682]	 Train Acc [85.47]	 Train Time [21.00]
Round [145/200]	 Train Loss [0.5322]	 Train Acc [86.13]	 Train Time [24.33]
Round [146/200]	 Train Loss [0.5306]	 Train Acc [86.35]	 Train Time [21.38]
Round [147/200]	 Train Loss [0.5423]	 Train Acc [85.97]	 Train Time [21.32]
Round [148/200]	 Train Loss [0.5362]	 Train Acc [86.02]	 Train Time [17.13]
Round [149/200]	 Train Loss [0.5343]	 Train Acc [85.97]	 Train Time [21.52]
Round [150/200]	 Train Loss [0.5540]	 Train Acc [85.61]	 Train Time [21.91]
Round [151/200]	 Train Loss [0.5402]	 Train Acc [85.90]	 Train Time [27.14]
Round [152/200]	 Train Loss [0.5458]	 Train Acc [85.88]	 Train Time [20.57]
Round [153/200]	 Train Loss [0.5368]	 Train Acc [86.02]	 Train Time [30.36]
Round [154/200]	 Train Loss [0.5320]	 Train Acc [86.16]	 Train Time [23.51]
Round [155/200]	 Train Loss [0.5235]	 Train Acc [86.25]	 Train Time [23.37]
Round [156/200]	 Train Loss [0.5393]	 Train Acc [85.95]	 Train Time [26.07]
Round [157/200]	 Train Loss [0.5255]	 Train Acc [86.37]	 Train Time [26.15]
Round [158/200]	 Train Loss [0.5073]	 Train Acc [86.75]	 Train Time [26.40]
Round [159/200]	 Train Loss [0.5010]	 Train Acc [86.77]	 Train Time [22.06]
Round [160/200]	 Train Loss [0.4974]	 Train Acc [86.88]	 Test Loss [3.9404|4.7617]	 Test Acc [25.47(8.79)|29.30(8.95)]	 Train Time [26.11]
Round [161/200]	 Train Loss [0.5107]	 Train Acc [86.76]	 Train Time [23.72]
Round [162/200]	 Train Loss [0.5320]	 Train Acc [85.93]	 Train Time [15.55]
Round [163/200]	 Train Loss [0.5219]	 Train Acc [86.27]	 Train Time [21.36]
Round [164/200]	 Train Loss [0.5392]	 Train Acc [85.97]	 Train Time [20.10]
Round [165/200]	 Train Loss [0.5216]	 Train Acc [86.38]	 Train Time [26.31]
Round [166/200]	 Train Loss [0.5171]	 Train Acc [86.41]	 Train Time [22.77]
Round [167/200]	 Train Loss [0.5083]	 Train Acc [86.66]	 Train Time [23.92]
Round [168/200]	 Train Loss [0.5037]	 Train Acc [86.70]	 Train Time [20.15]
Round [169/200]	 Train Loss [0.4980]	 Train Acc [86.80]	 Train Time [30.11]
Round [170/200]	 Train Loss [0.5040]	 Train Acc [86.75]	 Train Time [25.21]
Round [171/200]	 Train Loss [0.5086]	 Train Acc [86.49]	 Train Time [25.92]
Round [172/200]	 Train Loss [0.4995]	 Train Acc [86.91]	 Train Time [33.34]
Round [173/200]	 Train Loss [0.4880]	 Train Acc [87.09]	 Train Time [20.47]
Round [174/200]	 Train Loss [0.4902]	 Train Acc [87.10]	 Train Time [18.82]
Round [175/200]	 Train Loss [0.4999]	 Train Acc [86.75]	 Train Time [22.27]
Round [176/200]	 Train Loss [0.4771]	 Train Acc [87.36]	 Train Time [23.32]
Round [177/200]	 Train Loss [0.5127]	 Train Acc [86.61]	 Train Time [21.19]
Round [178/200]	 Train Loss [0.5090]	 Train Acc [86.72]	 Train Time [25.69]
Round [179/200]	 Train Loss [0.5049]	 Train Acc [86.66]	 Train Time [23.35]
Round [180/200]	 Train Loss [0.4805]	 Train Acc [87.33]	 Test Loss [3.9460|4.8217]	 Test Acc [25.43(7.98)|29.59(9.39)]	 Train Time [22.90]
Round [181/200]	 Train Loss [0.4962]	 Train Acc [86.86]	 Train Time [24.55]
Round [182/200]	 Train Loss [0.5145]	 Train Acc [86.36]	 Train Time [23.48]
Round [183/200]	 Train Loss [0.5021]	 Train Acc [86.81]	 Train Time [27.17]
Round [184/200]	 Train Loss [0.4806]	 Train Acc [87.29]	 Train Time [26.03]
Round [185/200]	 Train Loss [0.4941]	 Train Acc [86.90]	 Train Time [30.18]
Round [186/200]	 Train Loss [0.4989]	 Train Acc [86.76]	 Train Time [18.39]
Round [187/200]	 Train Loss [0.4931]	 Train Acc [87.06]	 Train Time [28.88]
Round [188/200]	 Train Loss [0.4592]	 Train Acc [87.69]	 Train Time [22.57]
Round [189/200]	 Train Loss [0.5038]	 Train Acc [86.84]	 Train Time [16.56]
Round [190/200]	 Train Loss [0.4911]	 Train Acc [87.07]	 Train Time [21.56]
Round [191/200]	 Train Loss [0.5044]	 Train Acc [86.74]	 Train Time [20.66]
Round [192/200]	 Train Loss [0.4700]	 Train Acc [87.48]	 Train Time [26.92]
Round [193/200]	 Train Loss [0.4667]	 Train Acc [87.76]	 Train Time [22.41]
Round [194/200]	 Train Loss [0.4776]	 Train Acc [87.35]	 Train Time [17.40]
Round [195/200]	 Train Loss [0.4848]	 Train Acc [87.16]	 Train Time [25.21]
Round [196/200]	 Train Loss [0.4588]	 Train Acc [87.82]	 Train Time [26.93]
Round [197/200]	 Train Loss [0.4560]	 Train Acc [87.69]	 Train Time [25.83]
Round [198/200]	 Train Loss [0.4665]	 Train Acc [87.70]	 Train Time [24.70]
Round [199/200]	 Train Loss [0.4934]	 Train Acc [87.07]	 Train Time [23.08]
Round [200/200]	 Train Loss [0.4754]	 Train Acc [87.38]	 Test Loss [3.9523|4.9134]	 Test Acc [26.48(8.57)|28.58(10.66)]	 Train Time [78.74]
Method took (23.77, 5.54) seconds per training iteration
Method took (4761.05) total seconds
