Files already downloaded and verified
Files already downloaded and verified
Training FedAvg...
Round [1/200]	 Train Loss [3.6661]	 Train Acc [14.19]	 Train Time [78.96]
Round [2/200]	 Train Loss [3.3522]	 Train Acc [19.61]	 Train Time [75.21]
Round [3/200]	 Train Loss [3.1093]	 Train Acc [23.72]	 Train Time [75.12]
Round [4/200]	 Train Loss [2.8469]	 Train Acc [29.26]	 Train Time [97.31]
Round [5/200]	 Train Loss [2.5988]	 Train Acc [34.75]	 Train Time [50.31]
Round [6/200]	 Train Loss [2.4430]	 Train Acc [39.02]	 Train Time [67.78]
Round [7/200]	 Train Loss [2.2498]	 Train Acc [44.01]	 Train Time [58.14]
Round [8/200]	 Train Loss [2.0378]	 Train Acc [49.76]	 Train Time [72.45]
Round [9/200]	 Train Loss [1.9752]	 Train Acc [52.07]	 Train Time [76.12]
Round [10/200]	 Train Loss [1.8519]	 Train Acc [55.33]	 Train Time [78.89]
Round [11/200]	 Train Loss [1.7538]	 Train Acc [58.25]	 Train Time [108.29]
Round [12/200]	 Train Loss [1.6069]	 Train Acc [61.61]	 Train Time [75.24]
Round [13/200]	 Train Loss [1.5494]	 Train Acc [62.97]	 Train Time [78.17]
Round [14/200]	 Train Loss [1.4769]	 Train Acc [65.03]	 Train Time [55.16]
Round [15/200]	 Train Loss [1.4620]	 Train Acc [65.46]	 Train Time [67.56]
Round [16/200]	 Train Loss [1.4082]	 Train Acc [67.03]	 Train Time [58.99]
Round [17/200]	 Train Loss [1.3665]	 Train Acc [67.74]	 Train Time [64.61]
Round [18/200]	 Train Loss [1.2971]	 Train Acc [69.29]	 Train Time [48.60]
Round [19/200]	 Train Loss [1.2658]	 Train Acc [70.14]	 Train Time [90.83]
Round [20/200]	 Train Loss [1.2392]	 Train Acc [70.80]	 Test Loss [3.5112|3.1495]	 Test Acc [21.17(7.21)|29.13(8.45)]	 Train Time [94.63]
Round [21/200]	 Train Loss [1.1594]	 Train Acc [72.49]	 Train Time [95.35]
Round [22/200]	 Train Loss [1.1771]	 Train Acc [72.23]	 Train Time [52.82]
Round [23/200]	 Train Loss [1.1337]	 Train Acc [73.27]	 Train Time [75.16]
Round [24/200]	 Train Loss [1.1095]	 Train Acc [73.96]	 Train Time [70.69]
Round [25/200]	 Train Loss [1.1056]	 Train Acc [73.93]	 Train Time [81.38]
Round [26/200]	 Train Loss [1.0199]	 Train Acc [75.74]	 Train Time [60.36]
Round [27/200]	 Train Loss [1.0494]	 Train Acc [75.24]	 Train Time [59.45]
Round [28/200]	 Train Loss [1.0082]	 Train Acc [76.24]	 Train Time [71.88]
Round [29/200]	 Train Loss [1.0136]	 Train Acc [76.18]	 Train Time [83.57]
Round [30/200]	 Train Loss [0.9844]	 Train Acc [76.92]	 Train Time [91.18]
Round [31/200]	 Train Loss [0.9455]	 Train Acc [77.53]	 Train Time [85.70]
Round [32/200]	 Train Loss [0.8984]	 Train Acc [78.48]	 Train Time [83.32]
Round [33/200]	 Train Loss [0.9286]	 Train Acc [78.07]	 Train Time [74.36]
Round [34/200]	 Train Loss [0.8701]	 Train Acc [79.44]	 Train Time [48.64]
Round [35/200]	 Train Loss [0.8717]	 Train Acc [79.37]	 Train Time [62.26]
Round [36/200]	 Train Loss [0.8700]	 Train Acc [79.28]	 Train Time [62.18]
Round [37/200]	 Train Loss [0.8494]	 Train Acc [79.99]	 Train Time [85.19]
Round [38/200]	 Train Loss [0.8133]	 Train Acc [80.56]	 Train Time [86.88]
Round [39/200]	 Train Loss [0.8303]	 Train Acc [80.16]	 Train Time [80.67]
Round [40/200]	 Train Loss [0.8005]	 Train Acc [80.72]	 Test Loss [3.4297|3.0485]	 Test Acc [24.84(7.28)|32.18(8.50)]	 Train Time [69.13]
Round [41/200]	 Train Loss [0.7919]	 Train Acc [81.06]	 Train Time [58.13]
Round [42/200]	 Train Loss [0.8044]	 Train Acc [80.77]	 Train Time [66.99]
Round [43/200]	 Train Loss [0.7705]	 Train Acc [81.47]	 Train Time [69.41]
Round [44/200]	 Train Loss [0.7358]	 Train Acc [82.29]	 Train Time [66.03]
Round [45/200]	 Train Loss [0.7534]	 Train Acc [81.90]	 Train Time [63.43]
Round [46/200]	 Train Loss [0.7326]	 Train Acc [82.32]	 Train Time [73.60]
Round [47/200]	 Train Loss [0.7013]	 Train Acc [82.96]	 Train Time [78.06]
Round [48/200]	 Train Loss [0.7265]	 Train Acc [82.55]	 Train Time [77.72]
Round [49/200]	 Train Loss [0.7039]	 Train Acc [82.95]	 Train Time [61.75]
Round [50/200]	 Train Loss [0.6803]	 Train Acc [83.43]	 Train Time [62.39]
Round [51/200]	 Train Loss [0.6620]	 Train Acc [83.83]	 Train Time [76.58]
Round [52/200]	 Train Loss [0.6616]	 Train Acc [83.85]	 Train Time [91.77]
Round [53/200]	 Train Loss [0.6259]	 Train Acc [84.62]	 Train Time [79.50]
Round [54/200]	 Train Loss [0.6507]	 Train Acc [84.00]	 Train Time [83.37]
Round [55/200]	 Train Loss [0.6516]	 Train Acc [84.08]	 Train Time [62.94]
Round [56/200]	 Train Loss [0.6303]	 Train Acc [84.57]	 Train Time [82.07]
Round [57/200]	 Train Loss [0.6236]	 Train Acc [84.77]	 Train Time [98.48]
Round [58/200]	 Train Loss [0.6117]	 Train Acc [84.71]	 Train Time [66.32]
Round [59/200]	 Train Loss [0.6233]	 Train Acc [84.72]	 Train Time [50.59]
Round [60/200]	 Train Loss [0.6071]	 Train Acc [85.01]	 Test Loss [3.3965|3.0240]	 Test Acc [26.83(7.51)|34.11(7.75)]	 Train Time [88.07]
Round [61/200]	 Train Loss [0.6104]	 Train Acc [84.92]	 Train Time [64.62]
Round [62/200]	 Train Loss [0.5928]	 Train Acc [85.21]	 Train Time [68.65]
Round [63/200]	 Train Loss [0.5863]	 Train Acc [85.52]	 Train Time [98.64]
Round [64/200]	 Train Loss [0.5283]	 Train Acc [86.59]	 Train Time [80.24]
Round [65/200]	 Train Loss [0.5549]	 Train Acc [86.15]	 Train Time [81.51]
Round [66/200]	 Train Loss [0.5262]	 Train Acc [86.69]	 Train Time [82.93]
Round [67/200]	 Train Loss [0.5383]	 Train Acc [86.53]	 Train Time [56.88]
Round [68/200]	 Train Loss [0.5154]	 Train Acc [87.05]	 Train Time [68.04]
Round [69/200]	 Train Loss [0.5454]	 Train Acc [86.29]	 Train Time [77.78]
Round [70/200]	 Train Loss [0.5010]	 Train Acc [87.17]	 Train Time [75.66]
Round [71/200]	 Train Loss [0.5464]	 Train Acc [86.28]	 Train Time [92.39]
Round [72/200]	 Train Loss [0.4907]	 Train Acc [87.50]	 Train Time [94.93]
Round [73/200]	 Train Loss [0.4945]	 Train Acc [87.41]	 Train Time [89.30]
Round [74/200]	 Train Loss [0.5155]	 Train Acc [86.93]	 Train Time [75.90]
Round [75/200]	 Train Loss [0.4684]	 Train Acc [87.99]	 Train Time [74.68]
Round [76/200]	 Train Loss [0.4743]	 Train Acc [87.71]	 Train Time [81.08]
Round [77/200]	 Train Loss [0.4751]	 Train Acc [87.88]	 Train Time [70.63]
Round [78/200]	 Train Loss [0.4742]	 Train Acc [87.87]	 Train Time [66.61]
Round [79/200]	 Train Loss [0.4703]	 Train Acc [88.01]	 Train Time [76.15]
Round [80/200]	 Train Loss [0.4863]	 Train Acc [87.52]	 Test Loss [3.4238|3.0778]	 Test Acc [28.34(7.20)|34.21(8.38)]	 Train Time [71.77]
Round [81/200]	 Train Loss [0.4598]	 Train Acc [88.08]	 Train Time [65.26]
Round [82/200]	 Train Loss [0.4513]	 Train Acc [88.16]	 Train Time [82.45]
Round [83/200]	 Train Loss [0.4531]	 Train Acc [88.35]	 Train Time [74.58]
Round [84/200]	 Train Loss [0.4334]	 Train Acc [88.71]	 Train Time [93.84]
Round [85/200]	 Train Loss [0.4470]	 Train Acc [88.33]	 Train Time [59.50]
Round [86/200]	 Train Loss [0.4347]	 Train Acc [88.64]	 Train Time [68.52]
Round [87/200]	 Train Loss [0.4653]	 Train Acc [88.01]	 Train Time [66.71]
Round [88/200]	 Train Loss [0.4200]	 Train Acc [88.99]	 Train Time [93.82]
Round [89/200]	 Train Loss [0.4549]	 Train Acc [88.37]	 Train Time [70.42]
Round [90/200]	 Train Loss [0.4092]	 Train Acc [89.18]	 Train Time [80.19]
Round [91/200]	 Train Loss [0.4228]	 Train Acc [88.89]	 Train Time [64.23]
Round [92/200]	 Train Loss [0.3917]	 Train Acc [89.65]	 Train Time [94.72]
Round [93/200]	 Train Loss [0.4024]	 Train Acc [89.48]	 Train Time [63.75]
Round [94/200]	 Train Loss [0.3807]	 Train Acc [89.83]	 Train Time [62.55]
Round [95/200]	 Train Loss [0.3767]	 Train Acc [90.05]	 Train Time [81.74]
Round [96/200]	 Train Loss [0.3738]	 Train Acc [90.04]	 Train Time [73.87]
Round [97/200]	 Train Loss [0.3722]	 Train Acc [90.10]	 Train Time [71.85]
Round [98/200]	 Train Loss [0.3658]	 Train Acc [90.25]	 Train Time [77.18]
Round [99/200]	 Train Loss [0.3490]	 Train Acc [90.70]	 Train Time [69.21]
Round [100/200]	 Train Loss [0.3564]	 Train Acc [90.51]	 Test Loss [3.5384|3.1440]	 Test Acc [28.51(7.22)|35.26(7.82)]	 Train Time [73.84]
Round [101/200]	 Train Loss [0.3647]	 Train Acc [90.21]	 Train Time [77.85]
Round [102/200]	 Train Loss [0.3758]	 Train Acc [90.12]	 Train Time [67.73]
Round [103/200]	 Train Loss [0.3390]	 Train Acc [91.07]	 Train Time [70.85]
Round [104/200]	 Train Loss [0.3814]	 Train Acc [89.94]	 Train Time [63.21]
Round [105/200]	 Train Loss [0.3209]	 Train Acc [91.35]	 Train Time [82.22]
Round [106/200]	 Train Loss [0.3592]	 Train Acc [90.41]	 Train Time [70.04]
Round [107/200]	 Train Loss [0.3087]	 Train Acc [91.66]	 Train Time [84.87]
Round [108/200]	 Train Loss [0.3102]	 Train Acc [91.63]	 Train Time [79.89]
Round [109/200]	 Train Loss [0.3077]	 Train Acc [91.82]	 Train Time [68.56]
Round [110/200]	 Train Loss [0.2852]	 Train Acc [92.28]	 Train Time [65.78]
Round [111/200]	 Train Loss [0.2934]	 Train Acc [91.99]	 Train Time [76.84]
Round [112/200]	 Train Loss [0.2961]	 Train Acc [92.11]	 Train Time [55.91]
Round [113/200]	 Train Loss [0.3546]	 Train Acc [90.54]	 Train Time [81.85]
Round [114/200]	 Train Loss [0.3631]	 Train Acc [90.36]	 Train Time [78.66]
Round [115/200]	 Train Loss [0.3233]	 Train Acc [91.20]	 Train Time [74.76]
Round [116/200]	 Train Loss [0.2957]	 Train Acc [92.05]	 Train Time [88.60]
Round [117/200]	 Train Loss [0.2724]	 Train Acc [92.58]	 Train Time [67.73]
Round [118/200]	 Train Loss [0.2974]	 Train Acc [91.91]	 Train Time [56.43]
Round [119/200]	 Train Loss [0.2887]	 Train Acc [92.22]	 Train Time [73.26]
Round [120/200]	 Train Loss [0.2484]	 Train Acc [93.13]	 Test Loss [3.6201|3.2417]	 Test Acc [29.16(8.22)|35.19(8.51)]	 Train Time [83.72]
Round [121/200]	 Train Loss [0.2593]	 Train Acc [93.06]	 Train Time [83.13]
Round [122/200]	 Train Loss [0.2497]	 Train Acc [93.24]	 Train Time [84.15]
Round [123/200]	 Train Loss [0.2409]	 Train Acc [93.43]	 Train Time [60.80]
Round [124/200]	 Train Loss [0.3003]	 Train Acc [92.05]	 Train Time [80.30]
Round [125/200]	 Train Loss [0.2510]	 Train Acc [93.13]	 Train Time [71.28]
Round [126/200]	 Train Loss [0.2261]	 Train Acc [93.82]	 Train Time [72.26]
Round [127/200]	 Train Loss [0.2586]	 Train Acc [93.00]	 Train Time [73.72]
Round [128/200]	 Train Loss [0.2762]	 Train Acc [92.70]	 Train Time [90.45]
Round [129/200]	 Train Loss [0.2380]	 Train Acc [93.56]	 Train Time [71.33]
Round [130/200]	 Train Loss [0.2328]	 Train Acc [93.67]	 Train Time [81.03]
Round [131/200]	 Train Loss [0.2313]	 Train Acc [93.77]	 Train Time [69.92]
Round [132/200]	 Train Loss [0.2373]	 Train Acc [93.45]	 Train Time [74.40]
Round [133/200]	 Train Loss [0.2170]	 Train Acc [94.05]	 Train Time [68.89]
Round [134/200]	 Train Loss [0.2459]	 Train Acc [93.27]	 Train Time [75.79]
Round [135/200]	 Train Loss [0.2272]	 Train Acc [93.88]	 Train Time [83.67]
Round [136/200]	 Train Loss [0.2467]	 Train Acc [93.40]	 Train Time [72.03]
Round [137/200]	 Train Loss [0.1893]	 Train Acc [94.79]	 Train Time [89.02]
Round [138/200]	 Train Loss [0.2255]	 Train Acc [93.86]	 Train Time [78.80]
Round [139/200]	 Train Loss [0.1816]	 Train Acc [95.14]	 Train Time [74.77]
Round [140/200]	 Train Loss [0.2244]	 Train Acc [93.81]	 Test Loss [3.7930|3.3756]	 Test Acc [28.44(8.54)|35.45(8.81)]	 Train Time [59.49]
Round [141/200]	 Train Loss [0.2008]	 Train Acc [94.47]	 Train Time [73.24]
Round [142/200]	 Train Loss [0.1742]	 Train Acc [95.32]	 Train Time [83.34]
Round [143/200]	 Train Loss [0.1925]	 Train Acc [94.84]	 Train Time [92.41]
Round [144/200]	 Train Loss [0.1846]	 Train Acc [95.05]	 Train Time [82.64]
Round [145/200]	 Train Loss [0.1975]	 Train Acc [94.51]	 Train Time [86.97]
Round [146/200]	 Train Loss [0.1689]	 Train Acc [95.45]	 Train Time [93.05]
Round [147/200]	 Train Loss [0.1823]	 Train Acc [95.08]	 Train Time [79.46]
Round [148/200]	 Train Loss [0.1648]	 Train Acc [95.47]	 Train Time [62.69]
Round [149/200]	 Train Loss [0.1578]	 Train Acc [95.78]	 Train Time [76.05]
Round [150/200]	 Train Loss [0.1702]	 Train Acc [95.50]	 Train Time [63.72]
Round [151/200]	 Train Loss [0.1806]	 Train Acc [95.12]	 Train Time [69.78]
Round [152/200]	 Train Loss [0.1814]	 Train Acc [95.03]	 Train Time [85.99]
Round [153/200]	 Train Loss [0.1528]	 Train Acc [95.92]	 Train Time [84.97]
Round [154/200]	 Train Loss [0.1506]	 Train Acc [96.00]	 Train Time [64.11]
Round [155/200]	 Train Loss [0.1427]	 Train Acc [96.20]	 Train Time [67.42]
Round [156/200]	 Train Loss [0.1389]	 Train Acc [96.34]	 Train Time [70.39]
Round [157/200]	 Train Loss [0.1410]	 Train Acc [96.33]	 Train Time [64.49]
Round [158/200]	 Train Loss [0.1451]	 Train Acc [96.09]	 Train Time [90.69]
Round [159/200]	 Train Loss [0.1357]	 Train Acc [96.49]	 Train Time [52.20]
Round [160/200]	 Train Loss [0.1456]	 Train Acc [96.15]	 Test Loss [3.9368|3.4764]	 Test Acc [28.80(8.15)|35.68(8.41)]	 Train Time [69.60]
Round [161/200]	 Train Loss [0.1156]	 Train Acc [97.00]	 Train Time [100.85]
Round [162/200]	 Train Loss [0.1276]	 Train Acc [96.59]	 Train Time [80.37]
Round [163/200]	 Train Loss [0.1249]	 Train Acc [96.69]	 Train Time [87.18]
Round [164/200]	 Train Loss [0.1159]	 Train Acc [96.85]	 Train Time [66.99]
Round [165/200]	 Train Loss [0.1100]	 Train Acc [97.21]	 Train Time [86.78]
Round [166/200]	 Train Loss [0.1089]	 Train Acc [97.21]	 Train Time [71.04]
Round [167/200]	 Train Loss [0.1186]	 Train Acc [96.84]	 Train Time [49.51]
Round [168/200]	 Train Loss [0.1170]	 Train Acc [96.91]	 Train Time [64.26]
Round [169/200]	 Train Loss [0.0736]	 Train Acc [98.31]	 Train Time [76.23]
Round [170/200]	 Train Loss [0.1098]	 Train Acc [97.11]	 Train Time [89.45]
Round [171/200]	 Train Loss [0.1253]	 Train Acc [96.68]	 Train Time [119.07]
Round [172/200]	 Train Loss [0.0874]	 Train Acc [97.81]	 Train Time [96.61]
Round [173/200]	 Train Loss [0.0796]	 Train Acc [98.04]	 Train Time [74.56]
Round [174/200]	 Train Loss [0.0897]	 Train Acc [97.72]	 Train Time [90.59]
Round [175/200]	 Train Loss [0.1076]	 Train Acc [97.32]	 Train Time [65.98]
Round [176/200]	 Train Loss [0.0642]	 Train Acc [98.53]	 Train Time [64.73]
Round [177/200]	 Train Loss [0.1320]	 Train Acc [96.57]	 Train Time [70.28]
Round [178/200]	 Train Loss [0.0554]	 Train Acc [98.74]	 Train Time [68.87]
Round [179/200]	 Train Loss [0.0782]	 Train Acc [98.08]	 Train Time [94.71]
Round [180/200]	 Train Loss [0.0746]	 Train Acc [98.15]	 Test Loss [4.0808|3.5881]	 Test Acc [28.74(8.09)|35.75(8.58)]	 Train Time [56.06]
Round [181/200]	 Train Loss [0.0754]	 Train Acc [98.22]	 Train Time [54.80]
Round [182/200]	 Train Loss [0.0547]	 Train Acc [98.78]	 Train Time [73.49]
Round [183/200]	 Train Loss [0.0514]	 Train Acc [98.87]	 Train Time [70.81]
Round [184/200]	 Train Loss [0.0567]	 Train Acc [98.73]	 Train Time [71.12]
Round [185/200]	 Train Loss [0.0624]	 Train Acc [98.48]	 Train Time [66.68]
Round [186/200]	 Train Loss [0.0466]	 Train Acc [99.03]	 Train Time [70.31]
Round [187/200]	 Train Loss [0.0714]	 Train Acc [98.26]	 Train Time [89.48]
Round [188/200]	 Train Loss [0.0431]	 Train Acc [99.12]	 Train Time [74.01]
Round [189/200]	 Train Loss [0.0601]	 Train Acc [98.62]	 Train Time [103.17]
Round [190/200]	 Train Loss [0.0360]	 Train Acc [99.31]	 Train Time [74.69]
Round [191/200]	 Train Loss [0.0463]	 Train Acc [98.98]	 Train Time [70.30]
Round [192/200]	 Train Loss [0.0472]	 Train Acc [98.95]	 Train Time [71.05]
Round [193/200]	 Train Loss [0.0291]	 Train Acc [99.53]	 Train Time [61.47]
Round [194/200]	 Train Loss [0.0463]	 Train Acc [98.93]	 Train Time [70.41]
Round [195/200]	 Train Loss [0.0385]	 Train Acc [99.22]	 Train Time [69.29]
Round [196/200]	 Train Loss [0.0475]	 Train Acc [98.97]	 Train Time [73.74]
Round [197/200]	 Train Loss [0.0244]	 Train Acc [99.65]	 Train Time [71.96]
Round [198/200]	 Train Loss [0.0398]	 Train Acc [99.21]	 Train Time [78.86]
Round [199/200]	 Train Loss [0.0303]	 Train Acc [99.43]	 Train Time [78.84]
Round [200/200]	 Train Loss [0.0238]	 Train Acc [99.64]	 Test Loss [4.1872|3.6172]	 Test Acc [28.74(8.43)|36.07(8.43)]	 Train Time [260.35]
Method took (75.86, 17.69) seconds per training iteration
Method took (15235.98) total seconds
