Training FedAvg...
Round [1/200]	 Train Loss [4.5950]	 Train Acc [8.29]	 Train Time [132.61]
Round [2/200]	 Train Loss [4.5664]	 Train Acc [9.30]	 Train Time [87.29]
Round [3/200]	 Train Loss [4.5412]	 Train Acc [10.46]	 Train Time [96.95]
Round [4/200]	 Train Loss [4.5127]	 Train Acc [11.90]	 Train Time [89.53]
Round [5/200]	 Train Loss [4.5116]	 Train Acc [12.75]	 Train Time [83.09]
Round [6/200]	 Train Loss [4.4793]	 Train Acc [13.91]	 Train Time [109.14]
Round [7/200]	 Train Loss [4.4778]	 Train Acc [13.98]	 Train Time [65.14]
Round [8/200]	 Train Loss [4.4495]	 Train Acc [15.06]	 Train Time [78.75]
Round [9/200]	 Train Loss [4.4372]	 Train Acc [15.82]	 Train Time [102.31]
Round [10/200]	 Train Loss [4.4024]	 Train Acc [16.65]	 Train Time [104.71]
Round [11/200]	 Train Loss [4.3979]	 Train Acc [17.51]	 Train Time [91.34]
Round [12/200]	 Train Loss [4.3751]	 Train Acc [17.53]	 Train Time [107.51]
Round [13/200]	 Train Loss [4.3503]	 Train Acc [19.11]	 Train Time [113.66]
Round [14/200]	 Train Loss [4.3463]	 Train Acc [18.74]	 Train Time [127.93]
Round [15/200]	 Train Loss [4.3100]	 Train Acc [19.50]	 Train Time [90.64]
Round [16/200]	 Train Loss [4.2949]	 Train Acc [20.33]	 Train Time [127.74]
Round [17/200]	 Train Loss [4.2744]	 Train Acc [20.89]	 Train Time [113.44]
Round [18/200]	 Train Loss [4.2380]	 Train Acc [21.59]	 Train Time [86.86]
Round [19/200]	 Train Loss [4.2364]	 Train Acc [21.47]	 Train Time [123.35]
Round [20/200]	 Train Loss [4.2124]	 Train Acc [23.21]	 Test Loss [4.2648|4.0500]	 Test Acc [14.76(6.12)|18.00(7.45)]	 Train Time [166.22]
Round [21/200]	 Train Loss [4.1847]	 Train Acc [22.65]	 Train Time [98.05]
Round [22/200]	 Train Loss [4.1542]	 Train Acc [23.21]	 Train Time [116.96]
Round [23/200]	 Train Loss [4.1457]	 Train Acc [24.25]	 Train Time [167.82]
Round [24/200]	 Train Loss [4.1130]	 Train Acc [24.14]	 Train Time [147.43]
Round [25/200]	 Train Loss [4.1089]	 Train Acc [23.90]	 Train Time [183.02]
Round [26/200]	 Train Loss [4.0841]	 Train Acc [24.87]	 Train Time [148.82]
Round [27/200]	 Train Loss [4.0658]	 Train Acc [25.25]	 Train Time [111.57]
Round [28/200]	 Train Loss [4.0437]	 Train Acc [26.08]	 Train Time [185.91]
Round [29/200]	 Train Loss [4.0469]	 Train Acc [25.55]	 Train Time [146.82]
Round [30/200]	 Train Loss [4.0005]	 Train Acc [26.27]	 Train Time [162.30]
Round [31/200]	 Train Loss [3.9755]	 Train Acc [27.47]	 Train Time [168.39]
Round [32/200]	 Train Loss [3.9745]	 Train Acc [27.68]	 Train Time [151.52]
Round [33/200]	 Train Loss [3.9351]	 Train Acc [28.43]	 Train Time [172.07]
Round [34/200]	 Train Loss [3.9174]	 Train Acc [27.86]	 Train Time [96.22]
Round [35/200]	 Train Loss [3.8983]	 Train Acc [29.08]	 Train Time [127.18]
Round [36/200]	 Train Loss [3.8667]	 Train Acc [29.75]	 Train Time [139.03]
Round [37/200]	 Train Loss [3.8305]	 Train Acc [30.54]	 Train Time [145.82]
Round [38/200]	 Train Loss [3.8158]	 Train Acc [30.46]	 Train Time [130.44]
Round [39/200]	 Train Loss [3.8171]	 Train Acc [29.91]	 Train Time [151.54]
Round [40/200]	 Train Loss [3.7972]	 Train Acc [30.67]	 Test Loss [3.9759|3.8161]	 Test Acc [19.02(7.84)|21.90(8.65)]	 Train Time [131.69]
Round [41/200]	 Train Loss [3.7735]	 Train Acc [31.28]	 Train Time [113.05]
Round [42/200]	 Train Loss [3.7547]	 Train Acc [31.71]	 Train Time [136.05]
Round [43/200]	 Train Loss [3.7180]	 Train Acc [32.55]	 Train Time [184.52]
Round [44/200]	 Train Loss [3.6911]	 Train Acc [32.97]	 Train Time [174.49]
Round [45/200]	 Train Loss [3.7028]	 Train Acc [32.63]	 Train Time [147.02]
Round [46/200]	 Train Loss [3.6609]	 Train Acc [33.15]	 Train Time [151.78]
Round [47/200]	 Train Loss [3.6373]	 Train Acc [34.02]	 Train Time [149.21]
Round [48/200]	 Train Loss [3.6231]	 Train Acc [34.28]	 Train Time [112.24]
Round [49/200]	 Train Loss [3.5919]	 Train Acc [34.73]	 Train Time [100.59]
Round [50/200]	 Train Loss [3.6036]	 Train Acc [34.47]	 Train Time [141.72]
Round [51/200]	 Train Loss [3.5527]	 Train Acc [36.21]	 Train Time [122.73]
Round [52/200]	 Train Loss [3.5471]	 Train Acc [36.20]	 Train Time [149.72]
Round [53/200]	 Train Loss [3.5386]	 Train Acc [36.57]	 Train Time [108.96]
Round [54/200]	 Train Loss [3.5071]	 Train Acc [37.66]	 Train Time [97.13]
Round [55/200]	 Train Loss [3.4989]	 Train Acc [36.67]	 Train Time [151.66]
Round [56/200]	 Train Loss [3.4762]	 Train Acc [37.56]	 Train Time [157.26]
Round [57/200]	 Train Loss [3.4276]	 Train Acc [38.62]	 Train Time [164.22]
Round [58/200]	 Train Loss [3.4134]	 Train Acc [38.56]	 Train Time [173.77]
Round [59/200]	 Train Loss [3.3854]	 Train Acc [39.37]	 Train Time [199.80]
Round [60/200]	 Train Loss [3.3783]	 Train Acc [39.43]	 Test Loss [3.7257|3.6226]	 Test Acc [22.59(8.05)|23.93(8.95)]	 Train Time [155.83]
Round [61/200]	 Train Loss [3.3429]	 Train Acc [40.70]	 Train Time [184.01]
Round [62/200]	 Train Loss [3.3367]	 Train Acc [40.77]	 Train Time [212.99]
Round [63/200]	 Train Loss [3.2967]	 Train Acc [40.56]	 Train Time [109.81]
Round [64/200]	 Train Loss [3.2981]	 Train Acc [40.86]	 Train Time [168.18]
Round [65/200]	 Train Loss [3.2484]	 Train Acc [43.31]	 Train Time [127.14]
Round [66/200]	 Train Loss [3.2497]	 Train Acc [42.12]	 Train Time [182.57]
Round [67/200]	 Train Loss [3.2515]	 Train Acc [41.57]	 Train Time [147.88]
Round [68/200]	 Train Loss [3.2257]	 Train Acc [42.45]	 Train Time [123.10]
Round [69/200]	 Train Loss [3.2056]	 Train Acc [42.95]	 Train Time [160.16]
Round [70/200]	 Train Loss [3.1652]	 Train Acc [44.46]	 Train Time [144.45]
Round [71/200]	 Train Loss [3.1114]	 Train Acc [45.33]	 Train Time [96.60]
Round [72/200]	 Train Loss [3.1604]	 Train Acc [43.68]	 Train Time [168.21]
Round [73/200]	 Train Loss [3.0988]	 Train Acc [45.22]	 Train Time [168.40]
Round [74/200]	 Train Loss [3.1298]	 Train Acc [44.10]	 Train Time [190.43]
Round [75/200]	 Train Loss [3.0882]	 Train Acc [45.14]	 Train Time [176.57]
Round [76/200]	 Train Loss [3.1048]	 Train Acc [44.58]	 Train Time [147.11]
Round [77/200]	 Train Loss [3.0830]	 Train Acc [45.86]	 Train Time [167.02]
Round [78/200]	 Train Loss [3.0239]	 Train Acc [46.76]	 Train Time [139.52]
Round [79/200]	 Train Loss [3.0175]	 Train Acc [47.62]	 Train Time [155.06]
Round [80/200]	 Train Loss [3.0108]	 Train Acc [47.18]	 Test Loss [3.5253|3.5102]	 Test Acc [26.19(9.30)|26.55(9.54)]	 Train Time [154.55]
Round [81/200]	 Train Loss [2.9594]	 Train Acc [48.60]	 Train Time [116.77]
Round [82/200]	 Train Loss [2.9823]	 Train Acc [47.84]	 Train Time [174.01]
Round [83/200]	 Train Loss [2.9393]	 Train Acc [49.04]	 Train Time [136.23]
Round [84/200]	 Train Loss [2.9285]	 Train Acc [48.71]	 Train Time [167.58]
Round [85/200]	 Train Loss [2.9222]	 Train Acc [49.15]	 Train Time [143.47]
Round [86/200]	 Train Loss [2.9053]	 Train Acc [49.61]	 Train Time [205.88]
Round [87/200]	 Train Loss [2.8720]	 Train Acc [50.18]	 Train Time [102.99]
Round [88/200]	 Train Loss [2.8778]	 Train Acc [49.98]	 Train Time [127.91]
Round [89/200]	 Train Loss [2.8399]	 Train Acc [50.81]	 Train Time [154.25]
Round [90/200]	 Train Loss [2.8351]	 Train Acc [50.86]	 Train Time [119.75]
Round [91/200]	 Train Loss [2.7978]	 Train Acc [52.64]	 Train Time [117.81]
Round [92/200]	 Train Loss [2.7697]	 Train Acc [52.92]	 Train Time [156.18]
Round [93/200]	 Train Loss [2.7859]	 Train Acc [52.07]	 Train Time [149.97]
Round [94/200]	 Train Loss [2.7772]	 Train Acc [52.42]	 Train Time [151.99]
Round [95/200]	 Train Loss [2.7521]	 Train Acc [52.67]	 Train Time [155.64]
Round [96/200]	 Train Loss [2.7273]	 Train Acc [52.98]	 Train Time [183.85]
Round [97/200]	 Train Loss [2.7214]	 Train Acc [53.81]	 Train Time [155.79]
Round [98/200]	 Train Loss [2.6988]	 Train Acc [53.99]	 Train Time [111.31]
Round [99/200]	 Train Loss [2.6439]	 Train Acc [55.76]	 Train Time [105.24]
Round [100/200]	 Train Loss [2.6526]	 Train Acc [54.70]	 Test Loss [3.3920|3.4332]	 Test Acc [28.28(8.91)|27.43(7.44)]	 Train Time [152.14]
Round [101/200]	 Train Loss [2.6939]	 Train Acc [53.39]	 Train Time [101.19]
Round [102/200]	 Train Loss [2.6249]	 Train Acc [55.57]	 Train Time [235.07]
Round [103/200]	 Train Loss [2.6426]	 Train Acc [55.08]	 Train Time [148.44]
Round [104/200]	 Train Loss [2.6034]	 Train Acc [55.69]	 Train Time [177.54]
Round [105/200]	 Train Loss [2.6059]	 Train Acc [55.21]	 Train Time [117.84]
Round [106/200]	 Train Loss [2.5479]	 Train Acc [57.11]	 Train Time [138.38]
Round [107/200]	 Train Loss [2.5621]	 Train Acc [56.55]	 Train Time [165.29]
Round [108/200]	 Train Loss [2.5285]	 Train Acc [57.87]	 Train Time [98.65]
Round [109/200]	 Train Loss [2.5472]	 Train Acc [56.84]	 Train Time [131.15]
Round [110/200]	 Train Loss [2.4973]	 Train Acc [58.98]	 Train Time [120.81]
Round [111/200]	 Train Loss [2.5186]	 Train Acc [57.22]	 Train Time [138.57]
Round [112/200]	 Train Loss [2.4939]	 Train Acc [57.52]	 Train Time [109.47]
Round [113/200]	 Train Loss [2.4569]	 Train Acc [59.17]	 Train Time [147.90]
Round [114/200]	 Train Loss [2.4256]	 Train Acc [60.02]	 Train Time [206.36]
Round [115/200]	 Train Loss [2.4124]	 Train Acc [60.07]	 Train Time [170.54]
Round [116/200]	 Train Loss [2.4333]	 Train Acc [59.53]	 Train Time [173.75]
Round [117/200]	 Train Loss [2.4001]	 Train Acc [60.69]	 Train Time [151.96]
Round [118/200]	 Train Loss [2.4178]	 Train Acc [59.44]	 Train Time [132.23]
Round [119/200]	 Train Loss [2.4104]	 Train Acc [59.59]	 Train Time [151.91]
Round [120/200]	 Train Loss [2.3885]	 Train Acc [60.26]	 Test Loss [3.2840|3.4136]	 Test Acc [30.25(9.19)|27.56(8.75)]	 Train Time [183.06]
Round [121/200]	 Train Loss [2.3427]	 Train Acc [61.71]	 Train Time [151.74]
Round [122/200]	 Train Loss [2.2966]	 Train Acc [62.99]	 Train Time [119.22]
Round [123/200]	 Train Loss [2.3108]	 Train Acc [62.64]	 Train Time [145.37]
Round [124/200]	 Train Loss [2.2992]	 Train Acc [61.84]	 Train Time [129.26]
Round [125/200]	 Train Loss [2.3010]	 Train Acc [61.66]	 Train Time [141.90]
Round [126/200]	 Train Loss [2.2969]	 Train Acc [61.75]	 Train Time [185.72]
Round [127/200]	 Train Loss [2.2725]	 Train Acc [62.65]	 Train Time [184.27]
Round [128/200]	 Train Loss [2.2547]	 Train Acc [63.06]	 Train Time [110.33]
Round [129/200]	 Train Loss [2.2605]	 Train Acc [62.51]	 Train Time [155.66]
Round [130/200]	 Train Loss [2.2309]	 Train Acc [63.51]	 Train Time [140.31]
Round [131/200]	 Train Loss [2.2162]	 Train Acc [63.77]	 Train Time [139.66]
Round [132/200]	 Train Loss [2.2225]	 Train Acc [63.06]	 Train Time [115.75]
Round [133/200]	 Train Loss [2.1995]	 Train Acc [63.65]	 Train Time [111.69]
Round [134/200]	 Train Loss [2.2085]	 Train Acc [63.10]	 Train Time [154.24]
Round [135/200]	 Train Loss [2.1436]	 Train Acc [65.45]	 Train Time [180.16]
Round [136/200]	 Train Loss [2.1641]	 Train Acc [64.83]	 Train Time [250.31]
Round [137/200]	 Train Loss [2.1359]	 Train Acc [65.37]	 Train Time [171.32]
Round [138/200]	 Train Loss [2.1453]	 Train Acc [64.47]	 Train Time [136.86]
Round [139/200]	 Train Loss [2.0900]	 Train Acc [66.74]	 Train Time [169.17]
Round [140/200]	 Train Loss [2.0891]	 Train Acc [66.26]	 Test Loss [3.1809|3.4121]	 Test Acc [32.34(9.09)|27.33(8.85)]	 Train Time [127.25]
Round [141/200]	 Train Loss [2.0527]	 Train Acc [67.01]	 Train Time [170.42]
Round [142/200]	 Train Loss [2.0930]	 Train Acc [65.95]	 Train Time [147.52]
Round [143/200]	 Train Loss [2.0337]	 Train Acc [67.72]	 Train Time [179.72]
Round [144/200]	 Train Loss [2.0281]	 Train Acc [67.61]	 Train Time [144.22]
Round [145/200]	 Train Loss [2.1108]	 Train Acc [65.06]	 Train Time [140.35]
Round [146/200]	 Train Loss [2.0611]	 Train Acc [66.12]	 Train Time [171.06]
Round [147/200]	 Train Loss [2.0220]	 Train Acc [67.39]	 Train Time [158.03]
Round [148/200]	 Train Loss [1.9716]	 Train Acc [69.04]	 Train Time [120.47]
Round [149/200]	 Train Loss [1.9806]	 Train Acc [68.32]	 Train Time [139.88]
Round [150/200]	 Train Loss [1.9982]	 Train Acc [67.59]	 Train Time [178.68]
Round [151/200]	 Train Loss [1.9632]	 Train Acc [68.68]	 Train Time [152.66]
Round [152/200]	 Train Loss [1.9803]	 Train Acc [67.81]	 Train Time [178.94]
Round [153/200]	 Train Loss [1.9392]	 Train Acc [69.15]	 Train Time [173.96]
Round [154/200]	 Train Loss [1.9459]	 Train Acc [68.54]	 Train Time [193.05]
Round [155/200]	 Train Loss [1.9469]	 Train Acc [68.80]	 Train Time [215.94]
Round [156/200]	 Train Loss [1.8390]	 Train Acc [72.15]	 Train Time [104.18]
Round [157/200]	 Train Loss [1.9517]	 Train Acc [68.14]	 Train Time [163.11]
Round [158/200]	 Train Loss [1.8465]	 Train Acc [71.32]	 Train Time [124.94]
Round [159/200]	 Train Loss [1.9122]	 Train Acc [68.98]	 Train Time [93.48]
Round [160/200]	 Train Loss [1.9168]	 Train Acc [69.10]	 Test Loss [3.1271|3.3987]	 Test Acc [32.80(9.82)|29.10(8.40)]	 Train Time [159.86]
Round [161/200]	 Train Loss [1.8144]	 Train Acc [72.39]	 Train Time [114.73]
Round [162/200]	 Train Loss [1.8411]	 Train Acc [71.43]	 Train Time [195.39]
Round [163/200]	 Train Loss [1.8460]	 Train Acc [71.02]	 Train Time [147.93]
Round [164/200]	 Train Loss [1.8373]	 Train Acc [70.96]	 Train Time [207.70]
Round [165/200]	 Train Loss [1.8083]	 Train Acc [71.54]	 Train Time [164.21]
Round [166/200]	 Train Loss [1.7740]	 Train Acc [72.88]	 Train Time [134.62]
Round [167/200]	 Train Loss [1.8453]	 Train Acc [70.56]	 Train Time [182.52]
Round [168/200]	 Train Loss [1.7366]	 Train Acc [73.61]	 Train Time [119.74]
Round [169/200]	 Train Loss [1.7782]	 Train Acc [72.39]	 Train Time [177.29]
Round [170/200]	 Train Loss [1.7028]	 Train Acc [74.85]	 Train Time [148.76]
Round [171/200]	 Train Loss [1.7947]	 Train Acc [71.50]	 Train Time [183.90]
Round [172/200]	 Train Loss [1.7473]	 Train Acc [73.10]	 Train Time [151.83]
Round [173/200]	 Train Loss [1.7143]	 Train Acc [73.91]	 Train Time [168.50]
Round [174/200]	 Train Loss [1.6756]	 Train Acc [75.25]	 Train Time [171.99]
Round [175/200]	 Train Loss [1.7356]	 Train Acc [73.31]	 Train Time [134.93]
Round [176/200]	 Train Loss [1.7217]	 Train Acc [73.34]	 Train Time [171.22]
Round [177/200]	 Train Loss [1.7138]	 Train Acc [73.66]	 Train Time [145.11]
Round [178/200]	 Train Loss [1.6546]	 Train Acc [75.24]	 Train Time [170.24]
Round [179/200]	 Train Loss [1.6561]	 Train Acc [75.03]	 Train Time [123.35]
Round [180/200]	 Train Loss [1.6500]	 Train Acc [75.10]	 Test Loss [3.1006|3.3966]	 Test Acc [34.73(8.95)|28.64(9.36)]	 Train Time [150.58]
Round [181/200]	 Train Loss [1.6108]	 Train Acc [76.55]	 Train Time [76.75]
Round [182/200]	 Train Loss [1.6644]	 Train Acc [74.41]	 Train Time [110.06]
Round [183/200]	 Train Loss [1.6359]	 Train Acc [75.15]	 Train Time [149.40]
Round [184/200]	 Train Loss [1.5830]	 Train Acc [76.90]	 Train Time [123.63]
Round [185/200]	 Train Loss [1.6560]	 Train Acc [74.37]	 Train Time [142.62]
Round [186/200]	 Train Loss [1.6258]	 Train Acc [75.30]	 Train Time [169.62]
Round [187/200]	 Train Loss [1.5409]	 Train Acc [77.68]	 Train Time [168.84]
Round [188/200]	 Train Loss [1.5597]	 Train Acc [77.32]	 Train Time [174.53]
Round [189/200]	 Train Loss [1.5815]	 Train Acc [76.10]	 Train Time [119.57]
Round [190/200]	 Train Loss [1.5343]	 Train Acc [77.90]	 Train Time [121.91]
Round [191/200]	 Train Loss [1.5789]	 Train Acc [75.91]	 Train Time [112.23]
Round [192/200]	 Train Loss [1.5348]	 Train Acc [78.06]	 Train Time [98.13]
Round [193/200]	 Train Loss [1.5695]	 Train Acc [76.33]	 Train Time [132.85]
Round [194/200]	 Train Loss [1.5149]	 Train Acc [77.78]	 Train Time [112.74]
Round [195/200]	 Train Loss [1.5113]	 Train Acc [78.15]	 Train Time [166.83]
Round [196/200]	 Train Loss [1.5508]	 Train Acc [76.58]	 Train Time [158.34]
Round [197/200]	 Train Loss [1.5148]	 Train Acc [77.68]	 Train Time [83.80]
Round [198/200]	 Train Loss [1.4858]	 Train Acc [78.48]	 Train Time [115.63]
Round [199/200]	 Train Loss [1.4266]	 Train Acc [80.50]	 Train Time [87.32]
Round [200/200]	 Train Loss [1.4436]	 Train Acc [79.72]	 Test Loss [3.0532|3.3546]	 Test Acc [34.86(9.65)|30.21(10.23)]	 Train Time [388.77]
Method took (144.97, 36.32) seconds per training iteration
Method took (29394.78) total seconds
