Training pFedMDG...
Round [1/200]	 Train Loss [1.5649]	 Train Acc [46.65]	 Train Time [108.05]
Round [2/200]	 Train Loss [5.7579]	 Train Acc [34.58]	 Train Time [108.26]
Round [3/200]	 Train Loss [2.2517]	 Train Acc [38.81]	 Train Time [84.33]
Round [4/200]	 Train Loss [1.4597]	 Train Acc [44.43]	 Train Time [94.56]
Round [5/200]	 Train Loss [1.3772]	 Train Acc [50.31]	 Train Time [154.21]
Round [6/200]	 Train Loss [1.3461]	 Train Acc [52.11]	 Train Time [173.13]
Round [7/200]	 Train Loss [1.2386]	 Train Acc [55.51]	 Train Time [147.08]
Round [8/200]	 Train Loss [1.1679]	 Train Acc [57.59]	 Train Time [164.78]
Round [9/200]	 Train Loss [1.2159]	 Train Acc [56.40]	 Train Time [152.37]
Round [10/200]	 Train Loss [1.1862]	 Train Acc [56.87]	 Train Time [131.84]
Round [11/200]	 Train Loss [1.1325]	 Train Acc [59.52]	 Train Time [126.22]
Round [12/200]	 Train Loss [1.2008]	 Train Acc [57.35]	 Train Time [149.43]
Round [13/200]	 Train Loss [1.1411]	 Train Acc [58.52]	 Train Time [136.44]
Round [14/200]	 Train Loss [1.1045]	 Train Acc [60.89]	 Train Time [140.13]
Round [15/200]	 Train Loss [1.0963]	 Train Acc [60.21]	 Train Time [132.67]
Round [16/200]	 Train Loss [1.0882]	 Train Acc [61.11]	 Train Time [115.77]
Round [17/200]	 Train Loss [1.0633]	 Train Acc [62.11]	 Train Time [136.80]
Round [18/200]	 Train Loss [1.0677]	 Train Acc [61.72]	 Train Time [108.68]
Round [19/200]	 Train Loss [1.0626]	 Train Acc [62.05]	 Train Time [103.72]
KL Divergence: μ=0.1221
Round [20/200]	 Train Loss [1.0781]	 Train Acc [63.43]	 Test Loss [1.1373]	 Test Acc [58.54(14.63)]	 Train Time [127.39]
Round [21/200]	 Train Loss [0.9668]	 Train Acc [65.96]	 Train Time [142.62]
Round [22/200]	 Train Loss [0.9472]	 Train Acc [66.51]	 Train Time [145.94]
Round [23/200]	 Train Loss [1.0024]	 Train Acc [63.66]	 Train Time [126.88]
Round [24/200]	 Train Loss [1.0523]	 Train Acc [63.27]	 Train Time [158.79]
Round [25/200]	 Train Loss [0.9634]	 Train Acc [66.38]	 Train Time [169.86]
Round [26/200]	 Train Loss [0.9234]	 Train Acc [68.45]	 Train Time [167.21]
Round [27/200]	 Train Loss [0.8790]	 Train Acc [69.99]	 Train Time [133.97]
Round [28/200]	 Train Loss [0.9448]	 Train Acc [67.40]	 Train Time [148.84]
Round [29/200]	 Train Loss [0.9223]	 Train Acc [67.65]	 Train Time [167.86]
Round [30/200]	 Train Loss [0.9473]	 Train Acc [67.19]	 Train Time [154.66]
Round [31/200]	 Train Loss [0.8889]	 Train Acc [68.26]	 Train Time [176.98]
Round [32/200]	 Train Loss [0.9444]	 Train Acc [68.30]	 Train Time [106.03]
Round [33/200]	 Train Loss [0.9415]	 Train Acc [67.63]	 Train Time [162.53]
Round [34/200]	 Train Loss [0.8955]	 Train Acc [69.10]	 Train Time [108.20]
Round [35/200]	 Train Loss [0.8647]	 Train Acc [69.89]	 Train Time [182.48]
Round [36/200]	 Train Loss [0.8295]	 Train Acc [70.56]	 Train Time [158.25]
Round [37/200]	 Train Loss [0.8319]	 Train Acc [71.51]	 Train Time [153.20]
Round [38/200]	 Train Loss [0.8323]	 Train Acc [71.87]	 Train Time [175.72]
Round [39/200]	 Train Loss [0.8137]	 Train Acc [72.24]	 Train Time [133.78]
KL Divergence: μ=0.1520
Round [40/200]	 Train Loss [0.8937]	 Train Acc [69.07]	 Test Loss [1.0027]	 Test Acc [64.77(13.45)]	 Train Time [103.96]
Round [41/200]	 Train Loss [0.8360]	 Train Acc [71.81]	 Train Time [168.47]
Round [42/200]	 Train Loss [0.7892]	 Train Acc [72.42]	 Train Time [168.38]
Round [43/200]	 Train Loss [0.7788]	 Train Acc [73.57]	 Train Time [151.11]
Round [44/200]	 Train Loss [0.7349]	 Train Acc [75.91]	 Train Time [204.48]
Round [45/200]	 Train Loss [0.7509]	 Train Acc [74.52]	 Train Time [205.85]
Round [46/200]	 Train Loss [0.7630]	 Train Acc [74.47]	 Train Time [165.02]
Round [47/200]	 Train Loss [0.7741]	 Train Acc [71.59]	 Train Time [94.24]
Round [48/200]	 Train Loss [0.7521]	 Train Acc [74.42]	 Train Time [163.81]
Round [49/200]	 Train Loss [0.8091]	 Train Acc [71.18]	 Train Time [137.30]
Round [50/200]	 Train Loss [0.7034]	 Train Acc [75.92]	 Train Time [163.58]
Round [51/200]	 Train Loss [0.8299]	 Train Acc [71.00]	 Train Time [165.68]
Round [52/200]	 Train Loss [0.7696]	 Train Acc [73.46]	 Train Time [145.09]
Round [53/200]	 Train Loss [0.7885]	 Train Acc [72.32]	 Train Time [140.87]
Round [54/200]	 Train Loss [0.7455]	 Train Acc [73.78]	 Train Time [166.46]
Round [55/200]	 Train Loss [0.7429]	 Train Acc [74.43]	 Train Time [162.17]
Round [56/200]	 Train Loss [0.6951]	 Train Acc [75.91]	 Train Time [116.80]
Round [57/200]	 Train Loss [0.7204]	 Train Acc [75.06]	 Train Time [122.09]
Round [58/200]	 Train Loss [0.7357]	 Train Acc [76.26]	 Train Time [98.80]
Round [59/200]	 Train Loss [0.6813]	 Train Acc [77.03]	 Train Time [161.79]
KL Divergence: μ=0.1481
Round [60/200]	 Train Loss [0.7307]	 Train Acc [76.41]	 Test Loss [0.9720]	 Test Acc [65.98(12.63)]	 Train Time [134.29]
Round [61/200]	 Train Loss [0.7382]	 Train Acc [74.79]	 Train Time [159.25]
Round [62/200]	 Train Loss [0.6924]	 Train Acc [75.82]	 Train Time [224.36]
Round [63/200]	 Train Loss [0.6756]	 Train Acc [76.38]	 Train Time [144.09]
Round [64/200]	 Train Loss [0.6542]	 Train Acc [78.28]	 Train Time [157.34]
Round [65/200]	 Train Loss [0.7051]	 Train Acc [75.47]	 Train Time [150.52]
Round [66/200]	 Train Loss [0.6956]	 Train Acc [76.23]	 Train Time [162.58]
Round [67/200]	 Train Loss [0.6597]	 Train Acc [77.55]	 Train Time [127.79]
Round [68/200]	 Train Loss [0.7275]	 Train Acc [75.23]	 Train Time [123.93]
Round [69/200]	 Train Loss [0.6960]	 Train Acc [77.12]	 Train Time [123.49]
Round [70/200]	 Train Loss [0.6718]	 Train Acc [77.46]	 Train Time [103.48]
Round [71/200]	 Train Loss [0.6664]	 Train Acc [77.69]	 Train Time [166.47]
Round [72/200]	 Train Loss [0.6151]	 Train Acc [79.55]	 Train Time [165.19]
Round [73/200]	 Train Loss [0.5520]	 Train Acc [82.15]	 Train Time [132.18]
Round [74/200]	 Train Loss [0.6159]	 Train Acc [78.80]	 Train Time [134.70]
Round [75/200]	 Train Loss [0.5811]	 Train Acc [80.97]	 Train Time [140.23]
Round [76/200]	 Train Loss [0.6374]	 Train Acc [79.38]	 Train Time [158.08]
Round [77/200]	 Train Loss [0.6537]	 Train Acc [77.63]	 Train Time [118.89]
Round [78/200]	 Train Loss [0.6781]	 Train Acc [76.63]	 Train Time [118.21]
Round [79/200]	 Train Loss [0.5926]	 Train Acc [80.79]	 Train Time [96.13]
KL Divergence: μ=0.1343
Round [80/200]	 Train Loss [0.6493]	 Train Acc [78.54]	 Test Loss [0.9444]	 Test Acc [68.31(12.46)]	 Train Time [119.40]
Round [81/200]	 Train Loss [0.5989]	 Train Acc [80.47]	 Train Time [131.70]
Round [82/200]	 Train Loss [0.6059]	 Train Acc [80.13]	 Train Time [134.54]
Round [83/200]	 Train Loss [0.6144]	 Train Acc [80.22]	 Train Time [121.77]
Round [84/200]	 Train Loss [0.6084]	 Train Acc [79.63]	 Train Time [87.60]
Round [85/200]	 Train Loss [0.6772]	 Train Acc [77.79]	 Train Time [125.68]
Round [86/200]	 Train Loss [0.6285]	 Train Acc [79.28]	 Train Time [87.37]
Round [87/200]	 Train Loss [0.5875]	 Train Acc [81.24]	 Train Time [182.27]
Round [88/200]	 Train Loss [0.6140]	 Train Acc [80.05]	 Train Time [124.70]
Round [89/200]	 Train Loss [0.5706]	 Train Acc [81.70]	 Train Time [150.27]
Round [90/200]	 Train Loss [0.5892]	 Train Acc [81.23]	 Train Time [149.24]
Round [91/200]	 Train Loss [0.6021]	 Train Acc [80.33]	 Train Time [121.27]
Round [92/200]	 Train Loss [0.5389]	 Train Acc [83.18]	 Train Time [147.56]
Round [93/200]	 Train Loss [0.6188]	 Train Acc [78.95]	 Train Time [75.25]
Round [94/200]	 Train Loss [0.5487]	 Train Acc [83.43]	 Train Time [98.61]
Round [95/200]	 Train Loss [0.6328]	 Train Acc [79.44]	 Train Time [109.74]
Round [96/200]	 Train Loss [0.5754]	 Train Acc [81.31]	 Train Time [108.93]
Round [97/200]	 Train Loss [0.5739]	 Train Acc [82.41]	 Train Time [131.84]
Round [98/200]	 Train Loss [0.5975]	 Train Acc [80.58]	 Train Time [113.55]
Round [99/200]	 Train Loss [0.5994]	 Train Acc [80.87]	 Train Time [91.85]
KL Divergence: μ=0.1168
Round [100/200]	 Train Loss [0.5943]	 Train Acc [81.62]	 Test Loss [0.9054]	 Test Acc [69.71(11.29)]	 Train Time [142.15]
Round [101/200]	 Train Loss [0.5967]	 Train Acc [81.22]	 Train Time [88.98]
Round [102/200]	 Train Loss [0.5617]	 Train Acc [82.76]	 Train Time [128.25]
Round [103/200]	 Train Loss [0.6152]	 Train Acc [80.03]	 Train Time [117.53]
Round [104/200]	 Train Loss [0.5227]	 Train Acc [83.90]	 Train Time [129.85]
Round [105/200]	 Train Loss [0.5298]	 Train Acc [82.56]	 Train Time [135.65]
Round [106/200]	 Train Loss [0.5396]	 Train Acc [82.88]	 Train Time [137.00]
Round [107/200]	 Train Loss [0.5406]	 Train Acc [82.80]	 Train Time [95.85]
Round [108/200]	 Train Loss [0.5687]	 Train Acc [82.45]	 Train Time [150.47]
Round [109/200]	 Train Loss [0.5405]	 Train Acc [82.85]	 Train Time [158.86]
Round [110/200]	 Train Loss [0.5674]	 Train Acc [82.33]	 Train Time [125.43]
Round [111/200]	 Train Loss [0.5503]	 Train Acc [82.04]	 Train Time [118.15]
Round [112/200]	 Train Loss [0.5406]	 Train Acc [83.62]	 Train Time [109.46]
Round [113/200]	 Train Loss [0.6032]	 Train Acc [80.46]	 Train Time [143.43]
Round [114/200]	 Train Loss [0.4908]	 Train Acc [84.88]	 Train Time [140.05]
Round [115/200]	 Train Loss [0.5340]	 Train Acc [84.53]	 Train Time [109.78]
Round [116/200]	 Train Loss [0.5112]	 Train Acc [84.83]	 Train Time [111.37]
Round [117/200]	 Train Loss [0.5723]	 Train Acc [82.61]	 Train Time [128.62]
Round [118/200]	 Train Loss [0.5340]	 Train Acc [83.69]	 Train Time [131.69]
Round [119/200]	 Train Loss [0.5325]	 Train Acc [84.54]	 Train Time [97.20]
KL Divergence: μ=0.1142
Round [120/200]	 Train Loss [0.5562]	 Train Acc [81.54]	 Test Loss [0.9024]	 Test Acc [70.30(11.62)]	 Train Time [90.19]
Round [121/200]	 Train Loss [0.4991]	 Train Acc [84.14]	 Train Time [127.81]
Round [122/200]	 Train Loss [0.4908]	 Train Acc [84.95]	 Train Time [86.14]
Round [123/200]	 Train Loss [0.5418]	 Train Acc [83.10]	 Train Time [122.95]
Round [124/200]	 Train Loss [0.5201]	 Train Acc [83.52]	 Train Time [102.24]
Round [125/200]	 Train Loss [0.5020]	 Train Acc [84.93]	 Train Time [119.64]
Round [126/200]	 Train Loss [0.5385]	 Train Acc [83.06]	 Train Time [113.57]
Round [127/200]	 Train Loss [0.5132]	 Train Acc [84.76]	 Train Time [120.95]
Round [128/200]	 Train Loss [0.4909]	 Train Acc [84.66]	 Train Time [115.05]
Round [129/200]	 Train Loss [0.4846]	 Train Acc [84.86]	 Train Time [114.07]
Round [130/200]	 Train Loss [0.5319]	 Train Acc [83.54]	 Train Time [135.06]
Round [131/200]	 Train Loss [0.4897]	 Train Acc [84.67]	 Train Time [111.51]
Round [132/200]	 Train Loss [0.4923]	 Train Acc [85.24]	 Train Time [125.73]
Round [133/200]	 Train Loss [0.5013]	 Train Acc [84.64]	 Train Time [114.16]
Round [134/200]	 Train Loss [0.5277]	 Train Acc [83.97]	 Train Time [116.68]
Round [135/200]	 Train Loss [0.4985]	 Train Acc [84.64]	 Train Time [115.52]
Round [136/200]	 Train Loss [0.4976]	 Train Acc [85.47]	 Train Time [150.94]
Round [137/200]	 Train Loss [0.4912]	 Train Acc [84.57]	 Train Time [110.15]
Round [138/200]	 Train Loss [0.4989]	 Train Acc [84.78]	 Train Time [84.21]
Round [139/200]	 Train Loss [0.4800]	 Train Acc [85.16]	 Train Time [85.93]
KL Divergence: μ=0.0981
Round [140/200]	 Train Loss [0.4839]	 Train Acc [85.76]	 Test Loss [0.8794]	 Test Acc [71.39(11.66)]	 Train Time [128.63]
Round [141/200]	 Train Loss [0.5196]	 Train Acc [83.65]	 Train Time [158.33]
Round [142/200]	 Train Loss [0.4750]	 Train Acc [85.44]	 Train Time [99.92]
Round [143/200]	 Train Loss [0.4961]	 Train Acc [84.41]	 Train Time [96.57]
Round [144/200]	 Train Loss [0.5103]	 Train Acc [83.89]	 Train Time [131.57]
Round [145/200]	 Train Loss [0.4934]	 Train Acc [85.55]	 Train Time [126.42]
Round [146/200]	 Train Loss [0.4924]	 Train Acc [84.98]	 Train Time [160.02]
Round [147/200]	 Train Loss [0.5142]	 Train Acc [85.90]	 Train Time [95.19]
Round [148/200]	 Train Loss [0.5110]	 Train Acc [84.09]	 Train Time [114.78]
Round [149/200]	 Train Loss [0.4765]	 Train Acc [85.64]	 Train Time [131.61]
Round [150/200]	 Train Loss [0.4772]	 Train Acc [85.95]	 Train Time [141.93]
Round [151/200]	 Train Loss [0.4584]	 Train Acc [86.12]	 Train Time [142.27]
Round [152/200]	 Train Loss [0.4876]	 Train Acc [86.37]	 Train Time [111.00]
Round [153/200]	 Train Loss [0.4680]	 Train Acc [85.54]	 Train Time [103.45]
Round [154/200]	 Train Loss [0.4702]	 Train Acc [86.04]	 Train Time [113.95]
Round [155/200]	 Train Loss [0.4806]	 Train Acc [85.93]	 Train Time [104.56]
Round [156/200]	 Train Loss [0.4575]	 Train Acc [86.91]	 Train Time [103.55]
Round [157/200]	 Train Loss [0.4789]	 Train Acc [85.93]	 Train Time [122.37]
Round [158/200]	 Train Loss [0.4748]	 Train Acc [85.28]	 Train Time [83.40]
Round [159/200]	 Train Loss [0.4469]	 Train Acc [86.84]	 Train Time [103.65]
KL Divergence: μ=0.0836
Round [160/200]	 Train Loss [0.4487]	 Train Acc [86.73]	 Test Loss [0.8774]	 Test Acc [70.70(11.22)]	 Train Time [127.00]
Round [161/200]	 Train Loss [0.4735]	 Train Acc [86.12]	 Train Time [147.57]
Round [162/200]	 Train Loss [0.4875]	 Train Acc [85.42]	 Train Time [116.72]
Round [163/200]	 Train Loss [0.4728]	 Train Acc [85.55]	 Train Time [109.78]
Round [164/200]	 Train Loss [0.4371]	 Train Acc [87.11]	 Train Time [98.03]
Round [165/200]	 Train Loss [0.4272]	 Train Acc [86.82]	 Train Time [89.41]
Round [166/200]	 Train Loss [0.4692]	 Train Acc [86.66]	 Train Time [114.47]
Round [167/200]	 Train Loss [0.4864]	 Train Acc [84.80]	 Train Time [137.73]
Round [168/200]	 Train Loss [0.4288]	 Train Acc [87.78]	 Train Time [146.19]
Round [169/200]	 Train Loss [0.4849]	 Train Acc [84.85]	 Train Time [117.97]
Round [170/200]	 Train Loss [0.4192]	 Train Acc [88.08]	 Train Time [105.78]
Round [171/200]	 Train Loss [0.4874]	 Train Acc [84.84]	 Train Time [104.00]
Round [172/200]	 Train Loss [0.4880]	 Train Acc [85.62]	 Train Time [79.53]
Round [173/200]	 Train Loss [0.4585]	 Train Acc [86.07]	 Train Time [108.93]
Round [174/200]	 Train Loss [0.4189]	 Train Acc [87.60]	 Train Time [117.73]
Round [175/200]	 Train Loss [0.4968]	 Train Acc [85.24]	 Train Time [113.41]
Round [176/200]	 Train Loss [0.4625]	 Train Acc [86.06]	 Train Time [140.49]
Round [177/200]	 Train Loss [0.4315]	 Train Acc [86.86]	 Train Time [78.65]
Round [178/200]	 Train Loss [0.4707]	 Train Acc [86.01]	 Train Time [129.27]
Round [179/200]	 Train Loss [0.4588]	 Train Acc [86.31]	 Train Time [109.82]
KL Divergence: μ=0.0790
Round [180/200]	 Train Loss [0.4303]	 Train Acc [87.58]	 Test Loss [0.8746]	 Test Acc [71.88(10.96)]	 Train Time [148.25]
Round [181/200]	 Train Loss [0.4342]	 Train Acc [86.93]	 Train Time [134.75]
Round [182/200]	 Train Loss [0.4364]	 Train Acc [87.62]	 Train Time [126.07]
Round [183/200]	 Train Loss [0.4436]	 Train Acc [86.40]	 Train Time [137.06]
Round [184/200]	 Train Loss [0.4108]	 Train Acc [87.81]	 Train Time [120.59]
Round [185/200]	 Train Loss [0.4237]	 Train Acc [87.63]	 Train Time [105.61]
Round [186/200]	 Train Loss [0.4495]	 Train Acc [86.98]	 Train Time [135.74]
Round [187/200]	 Train Loss [0.4631]	 Train Acc [85.88]	 Train Time [100.22]
Round [188/200]	 Train Loss [0.4609]	 Train Acc [85.99]	 Train Time [88.32]
Round [189/200]	 Train Loss [0.4529]	 Train Acc [85.71]	 Train Time [111.95]
Round [190/200]	 Train Loss [0.4509]	 Train Acc [86.01]	 Train Time [94.90]
Round [191/200]	 Train Loss [0.4321]	 Train Acc [87.34]	 Train Time [102.87]
Round [192/200]	 Train Loss [0.4215]	 Train Acc [87.18]	 Train Time [127.98]
Round [193/200]	 Train Loss [0.4609]	 Train Acc [85.20]	 Train Time [120.61]
Round [194/200]	 Train Loss [0.4192]	 Train Acc [87.16]	 Train Time [225.85]
Round [195/200]	 Train Loss [0.4396]	 Train Acc [87.39]	 Train Time [244.56]
Round [196/200]	 Train Loss [0.4598]	 Train Acc [85.99]	 Train Time [229.50]
Round [197/200]	 Train Loss [0.4301]	 Train Acc [87.47]	 Train Time [240.71]
Round [198/200]	 Train Loss [0.4418]	 Train Acc [87.37]	 Train Time [189.94]
Round [199/200]	 Train Loss [0.4540]	 Train Acc [87.16]	 Train Time [301.21]
KL Divergence: μ=0.0685
Round [200/200]	 Train Loss [0.4349]	 Train Acc [87.23]	 Test Loss [0.8715]	 Test Acc [72.44(10.82)]	 Train Time [1148.70]
Method took (136.97, 78.73) seconds per training iteration
Method took (28092.40) total seconds
Training FedAvg...
Round [1/200]	 Train Loss [1.8120]	 Train Acc [41.54]	 Train Time [174.81]
Round [2/200]	 Train Loss [1.7162]	 Train Acc [46.81]	 Train Time [83.08]
Round [3/200]	 Train Loss [1.7040]	 Train Acc [47.29]	 Train Time [166.52]
Round [4/200]	 Train Loss [1.6350]	 Train Acc [50.36]	 Train Time [99.88]
Round [5/200]	 Train Loss [1.6032]	 Train Acc [50.90]	 Train Time [133.27]
Round [6/200]	 Train Loss [1.5527]	 Train Acc [52.82]	 Train Time [127.51]
Round [7/200]	 Train Loss [1.4873]	 Train Acc [56.96]	 Train Time [127.98]
Round [8/200]	 Train Loss [1.3804]	 Train Acc [61.09]	 Train Time [213.11]
Round [9/200]	 Train Loss [1.3890]	 Train Acc [61.04]	 Train Time [143.76]
Round [10/200]	 Train Loss [1.3400]	 Train Acc [61.53]	 Train Time [122.87]
Round [11/200]	 Train Loss [1.2604]	 Train Acc [64.17]	 Train Time [169.15]
Round [12/200]	 Train Loss [1.2987]	 Train Acc [62.57]	 Train Time [169.20]
Round [13/200]	 Train Loss [1.1945]	 Train Acc [66.54]	 Train Time [123.47]
Round [14/200]	 Train Loss [1.1644]	 Train Acc [68.21]	 Train Time [138.02]
Round [15/200]	 Train Loss [1.0811]	 Train Acc [70.68]	 Train Time [120.04]
Round [16/200]	 Train Loss [1.0876]	 Train Acc [70.87]	 Train Time [125.70]
Round [17/200]	 Train Loss [1.0463]	 Train Acc [71.71]	 Train Time [153.85]
Round [18/200]	 Train Loss [0.9724]	 Train Acc [74.31]	 Train Time [209.22]
Round [19/200]	 Train Loss [0.9576]	 Train Acc [74.66]	 Train Time [191.56]
Round [20/200]	 Train Loss [0.9242]	 Train Acc [75.67]	 Test Loss [1.5696|1.0821]	 Test Acc [46.41(13.36)|65.88(12.29)]	 Train Time [213.71]
Round [21/200]	 Train Loss [0.9225]	 Train Acc [75.59]	 Train Time [135.31]
Round [22/200]	 Train Loss [0.9308]	 Train Acc [75.00]	 Train Time [142.80]
Round [23/200]	 Train Loss [0.8060]	 Train Acc [78.98]	 Train Time [170.28]
Round [24/200]	 Train Loss [0.8611]	 Train Acc [76.72]	 Train Time [157.84]
Round [25/200]	 Train Loss [0.7818]	 Train Acc [79.50]	 Train Time [118.66]
Round [26/200]	 Train Loss [0.8236]	 Train Acc [78.20]	 Train Time [145.49]
Round [27/200]	 Train Loss [0.7570]	 Train Acc [80.34]	 Train Time [147.57]
Round [28/200]	 Train Loss [0.7659]	 Train Acc [79.60]	 Train Time [142.35]
Round [29/200]	 Train Loss [0.7432]	 Train Acc [80.63]	 Train Time [137.78]
Round [30/200]	 Train Loss [0.7250]	 Train Acc [81.18]	 Train Time [172.21]
Round [31/200]	 Train Loss [0.7013]	 Train Acc [81.98]	 Train Time [164.83]
Round [32/200]	 Train Loss [0.6498]	 Train Acc [83.36]	 Train Time [117.10]
Round [33/200]	 Train Loss [0.6919]	 Train Acc [81.76]	 Train Time [146.80]
Round [34/200]	 Train Loss [0.6379]	 Train Acc [83.66]	 Train Time [199.49]
Round [35/200]	 Train Loss [0.6388]	 Train Acc [83.52]	 Train Time [171.42]
Round [36/200]	 Train Loss [0.6088]	 Train Acc [84.48]	 Train Time [109.63]
Round [37/200]	 Train Loss [0.6585]	 Train Acc [82.95]	 Train Time [125.97]
Round [38/200]	 Train Loss [0.6001]	 Train Acc [84.29]	 Train Time [154.86]
Round [39/200]	 Train Loss [0.6239]	 Train Acc [83.84]	 Train Time [129.88]
Round [40/200]	 Train Loss [0.6407]	 Train Acc [83.25]	 Test Loss [1.4615|1.0453]	 Test Acc [53.13(12.58)|67.65(12.55)]	 Train Time [159.39]
Round [41/200]	 Train Loss [0.5858]	 Train Acc [85.12]	 Train Time [176.82]
Round [42/200]	 Train Loss [0.5475]	 Train Acc [86.19]	 Train Time [158.43]
Round [43/200]	 Train Loss [0.5847]	 Train Acc [84.84]	 Train Time [148.03]
Round [44/200]	 Train Loss [0.5294]	 Train Acc [86.75]	 Train Time [174.43]
Round [45/200]	 Train Loss [0.5354]	 Train Acc [86.33]	 Train Time [207.37]
Round [46/200]	 Train Loss [0.5042]	 Train Acc [87.43]	 Train Time [161.03]
Round [47/200]	 Train Loss [0.5021]	 Train Acc [87.43]	 Train Time [192.53]
Round [48/200]	 Train Loss [0.4917]	 Train Acc [87.62]	 Train Time [155.30]
Round [49/200]	 Train Loss [0.4893]	 Train Acc [87.72]	 Train Time [146.21]
Round [50/200]	 Train Loss [0.4957]	 Train Acc [87.66]	 Train Time [149.63]
Round [51/200]	 Train Loss [0.4823]	 Train Acc [87.95]	 Train Time [141.88]
Round [52/200]	 Train Loss [0.4993]	 Train Acc [87.50]	 Train Time [151.31]
Round [53/200]	 Train Loss [0.4325]	 Train Acc [89.21]	 Train Time [183.82]
Round [54/200]	 Train Loss [0.4702]	 Train Acc [88.19]	 Train Time [212.68]
Round [55/200]	 Train Loss [0.4272]	 Train Acc [89.36]	 Train Time [170.60]
Round [56/200]	 Train Loss [0.4368]	 Train Acc [89.00]	 Train Time [185.96]
Round [57/200]	 Train Loss [0.4388]	 Train Acc [89.09]	 Train Time [144.73]
Round [58/200]	 Train Loss [0.4217]	 Train Acc [89.55]	 Train Time [125.69]
Round [59/200]	 Train Loss [0.4036]	 Train Acc [90.13]	 Train Time [195.68]
Round [60/200]	 Train Loss [0.3894]	 Train Acc [90.50]	 Test Loss [1.3661|1.0104]	 Test Acc [58.28(11.25)|69.81(12.29)]	 Train Time [123.83]
Round [61/200]	 Train Loss [0.3964]	 Train Acc [90.27]	 Train Time [126.02]
Round [62/200]	 Train Loss [0.4007]	 Train Acc [90.07]	 Train Time [215.81]
Round [63/200]	 Train Loss [0.3669]	 Train Acc [91.18]	 Train Time [143.37]
Round [64/200]	 Train Loss [0.3739]	 Train Acc [90.90]	 Train Time [154.93]
Round [65/200]	 Train Loss [0.3837]	 Train Acc [90.62]	 Train Time [157.73]
Round [66/200]	 Train Loss [0.3672]	 Train Acc [90.95]	 Train Time [122.89]
Round [67/200]	 Train Loss [0.3751]	 Train Acc [90.77]	 Train Time [88.57]
Round [68/200]	 Train Loss [0.3676]	 Train Acc [91.01]	 Train Time [154.47]
Round [69/200]	 Train Loss [0.3396]	 Train Acc [91.91]	 Train Time [224.63]
Round [70/200]	 Train Loss [0.3393]	 Train Acc [91.64]	 Train Time [138.57]
Round [71/200]	 Train Loss [0.3375]	 Train Acc [91.76]	 Train Time [126.06]
Round [72/200]	 Train Loss [0.3550]	 Train Acc [91.20]	 Train Time [164.57]
Round [73/200]	 Train Loss [0.3086]	 Train Acc [92.72]	 Train Time [136.96]
Round [74/200]	 Train Loss [0.3305]	 Train Acc [92.04]	 Train Time [155.59]
Round [75/200]	 Train Loss [0.3039]	 Train Acc [92.76]	 Train Time [93.82]
Round [76/200]	 Train Loss [0.2951]	 Train Acc [92.93]	 Train Time [137.02]
Round [77/200]	 Train Loss [0.3357]	 Train Acc [91.57]	 Train Time [181.46]
Round [78/200]	 Train Loss [0.2940]	 Train Acc [92.95]	 Train Time [165.40]
Round [79/200]	 Train Loss [0.3044]	 Train Acc [92.82]	 Train Time [125.36]
Round [80/200]	 Train Loss [0.2768]	 Train Acc [93.49]	 Test Loss [1.3800|1.0114]	 Test Acc [60.24(11.87)|71.19(11.09)]	 Train Time [162.33]
Round [81/200]	 Train Loss [0.2832]	 Train Acc [93.32]	 Train Time [111.66]
Round [82/200]	 Train Loss [0.3023]	 Train Acc [92.57]	 Train Time [198.77]
Round [83/200]	 Train Loss [0.3029]	 Train Acc [92.67]	 Train Time [149.88]
Round [84/200]	 Train Loss [0.2794]	 Train Acc [93.27]	 Train Time [125.86]
Round [85/200]	 Train Loss [0.2804]	 Train Acc [93.21]	 Train Time [139.06]
Round [86/200]	 Train Loss [0.2714]	 Train Acc [93.60]	 Train Time [129.11]
Round [87/200]	 Train Loss [0.2491]	 Train Acc [94.02]	 Train Time [125.26]
Round [88/200]	 Train Loss [0.3618]	 Train Acc [90.87]	 Train Time [166.17]
Round [89/200]	 Train Loss [0.2834]	 Train Acc [93.11]	 Train Time [212.76]
Round [90/200]	 Train Loss [0.2960]	 Train Acc [92.68]	 Train Time [197.01]
Round [91/200]	 Train Loss [0.2508]	 Train Acc [94.08]	 Train Time [150.89]
Round [92/200]	 Train Loss [0.2737]	 Train Acc [93.49]	 Train Time [155.76]
Round [93/200]	 Train Loss [0.2719]	 Train Acc [93.33]	 Train Time [182.42]
Round [94/200]	 Train Loss [0.2643]	 Train Acc [93.64]	 Train Time [213.31]
Round [95/200]	 Train Loss [0.2465]	 Train Acc [94.13]	 Train Time [196.38]
Round [96/200]	 Train Loss [0.2281]	 Train Acc [94.61]	 Train Time [137.98]
Round [97/200]	 Train Loss [0.2333]	 Train Acc [94.42]	 Train Time [85.28]
Round [98/200]	 Train Loss [0.2312]	 Train Acc [94.54]	 Train Time [123.07]
Round [99/200]	 Train Loss [0.2276]	 Train Acc [94.56]	 Train Time [111.75]
Round [100/200]	 Train Loss [0.2504]	 Train Acc [93.96]	 Test Loss [1.3547|1.0499]	 Test Acc [61.98(11.16)|70.67(11.33)]	 Train Time [187.54]
Round [101/200]	 Train Loss [0.2377]	 Train Acc [94.31]	 Train Time [148.82]
Round [102/200]	 Train Loss [0.2105]	 Train Acc [95.14]	 Train Time [112.38]
Round [103/200]	 Train Loss [0.2395]	 Train Acc [94.26]	 Train Time [92.54]
Round [104/200]	 Train Loss [0.2280]	 Train Acc [94.64]	 Train Time [87.34]
Round [105/200]	 Train Loss [0.2199]	 Train Acc [94.68]	 Train Time [128.69]
Round [106/200]	 Train Loss [0.2087]	 Train Acc [95.15]	 Train Time [72.12]
Round [107/200]	 Train Loss [0.2254]	 Train Acc [94.60]	 Train Time [123.66]
Round [108/200]	 Train Loss [0.2041]	 Train Acc [95.15]	 Train Time [107.39]
Round [109/200]	 Train Loss [0.1907]	 Train Acc [95.69]	 Train Time [93.91]
Round [110/200]	 Train Loss [0.2050]	 Train Acc [95.12]	 Train Time [88.37]
Round [111/200]	 Train Loss [0.2188]	 Train Acc [94.77]	 Train Time [89.26]
Round [112/200]	 Train Loss [0.1912]	 Train Acc [95.50]	 Train Time [80.53]
Round [113/200]	 Train Loss [0.1900]	 Train Acc [95.63]	 Train Time [62.39]
Round [114/200]	 Train Loss [0.2116]	 Train Acc [94.88]	 Train Time [104.26]
Round [115/200]	 Train Loss [0.2003]	 Train Acc [95.23]	 Train Time [87.71]
Round [116/200]	 Train Loss [0.1810]	 Train Acc [95.82]	 Train Time [107.41]
Round [117/200]	 Train Loss [0.1987]	 Train Acc [95.27]	 Train Time [70.67]
Round [118/200]	 Train Loss [0.1946]	 Train Acc [95.35]	 Train Time [90.23]
Round [119/200]	 Train Loss [0.2142]	 Train Acc [94.75]	 Train Time [99.07]
Round [120/200]	 Train Loss [0.2162]	 Train Acc [94.77]	 Test Loss [1.3088|1.0875]	 Test Acc [63.13(10.41)|70.89(10.39)]	 Train Time [59.28]
Round [121/200]	 Train Loss [0.1681]	 Train Acc [96.20]	 Train Time [92.55]
Round [122/200]	 Train Loss [0.1740]	 Train Acc [96.06]	 Train Time [94.19]
Round [123/200]	 Train Loss [0.1964]	 Train Acc [95.23]	 Train Time [56.30]
Round [124/200]	 Train Loss [0.1748]	 Train Acc [95.92]	 Train Time [78.96]
Round [125/200]	 Train Loss [0.1574]	 Train Acc [96.49]	 Train Time [85.98]
Round [126/200]	 Train Loss [0.1852]	 Train Acc [95.65]	 Train Time [102.01]
Round [127/200]	 Train Loss [0.1799]	 Train Acc [95.81]	 Train Time [84.12]
Round [128/200]	 Train Loss [0.1937]	 Train Acc [95.36]	 Train Time [92.43]
Round [129/200]	 Train Loss [0.1612]	 Train Acc [96.28]	 Train Time [78.92]
Round [130/200]	 Train Loss [0.1768]	 Train Acc [95.85]	 Train Time [95.45]
Round [131/200]	 Train Loss [0.1651]	 Train Acc [96.21]	 Train Time [112.32]
Round [132/200]	 Train Loss [0.1599]	 Train Acc [96.28]	 Train Time [123.99]
Round [133/200]	 Train Loss [0.1602]	 Train Acc [96.34]	 Train Time [93.03]
Round [134/200]	 Train Loss [0.1743]	 Train Acc [95.90]	 Train Time [95.54]
Round [135/200]	 Train Loss [0.1493]	 Train Acc [96.66]	 Train Time [90.91]
Round [136/200]	 Train Loss [0.1606]	 Train Acc [96.37]	 Train Time [86.79]
Round [137/200]	 Train Loss [0.1442]	 Train Acc [96.81]	 Train Time [87.17]
Round [138/200]	 Train Loss [0.1681]	 Train Acc [96.04]	 Train Time [105.50]
Round [139/200]	 Train Loss [0.1399]	 Train Acc [96.88]	 Train Time [86.54]
Round [140/200]	 Train Loss [0.1395]	 Train Acc [96.88]	 Test Loss [1.4135|1.0791]	 Test Acc [64.01(10.74)|71.48(11.87)]	 Train Time [90.10]
Round [141/200]	 Train Loss [0.1428]	 Train Acc [96.73]	 Train Time [73.45]
Round [142/200]	 Train Loss [0.1462]	 Train Acc [96.73]	 Train Time [85.24]
Round [143/200]	 Train Loss [0.1591]	 Train Acc [96.32]	 Train Time [94.44]
Round [144/200]	 Train Loss [0.1337]	 Train Acc [97.10]	 Train Time [97.80]
Round [145/200]	 Train Loss [0.1375]	 Train Acc [96.94]	 Train Time [84.81]
Round [146/200]	 Train Loss [0.1509]	 Train Acc [96.52]	 Train Time [94.74]
Round [147/200]	 Train Loss [0.1280]	 Train Acc [97.17]	 Train Time [83.60]
Round [148/200]	 Train Loss [0.1465]	 Train Acc [96.53]	 Train Time [124.16]
Round [149/200]	 Train Loss [0.1394]	 Train Acc [96.83]	 Train Time [73.66]
Round [150/200]	 Train Loss [0.1420]	 Train Acc [96.79]	 Train Time [104.89]
Round [151/200]	 Train Loss [0.1476]	 Train Acc [96.54]	 Train Time [111.58]
Round [152/200]	 Train Loss [0.1159]	 Train Acc [97.51]	 Train Time [89.88]
Round [153/200]	 Train Loss [0.1121]	 Train Acc [97.76]	 Train Time [81.73]
Round [154/200]	 Train Loss [0.1298]	 Train Acc [97.10]	 Train Time [98.69]
Round [155/200]	 Train Loss [0.1592]	 Train Acc [96.17]	 Train Time [101.54]
Round [156/200]	 Train Loss [0.1731]	 Train Acc [95.90]	 Train Time [90.54]
Round [157/200]	 Train Loss [0.1218]	 Train Acc [97.35]	 Train Time [83.75]
Round [158/200]	 Train Loss [0.1201]	 Train Acc [97.34]	 Train Time [102.77]
Round [159/200]	 Train Loss [0.1299]	 Train Acc [97.04]	 Train Time [74.91]
Round [160/200]	 Train Loss [0.1126]	 Train Acc [97.62]	 Test Loss [1.4489|1.0833]	 Test Acc [64.31(11.41)|72.30(10.79)]	 Train Time [82.69]
Round [161/200]	 Train Loss [0.1226]	 Train Acc [97.23]	 Train Time [84.00]
Round [162/200]	 Train Loss [0.1235]	 Train Acc [97.28]	 Train Time [87.97]
Round [163/200]	 Train Loss [0.1192]	 Train Acc [97.35]	 Train Time [110.71]
Round [164/200]	 Train Loss [0.1335]	 Train Acc [96.95]	 Train Time [108.25]
Round [165/200]	 Train Loss [0.1293]	 Train Acc [97.05]	 Train Time [119.95]
Round [166/200]	 Train Loss [0.1209]	 Train Acc [97.27]	 Train Time [92.69]
Round [167/200]	 Train Loss [0.1234]	 Train Acc [97.26]	 Train Time [83.79]
Round [168/200]	 Train Loss [0.1257]	 Train Acc [97.11]	 Train Time [96.73]
Round [169/200]	 Train Loss [0.1507]	 Train Acc [96.38]	 Train Time [112.81]
Round [170/200]	 Train Loss [0.0963]	 Train Acc [98.01]	 Train Time [95.66]
Round [171/200]	 Train Loss [0.1027]	 Train Acc [97.85]	 Train Time [147.38]
Round [172/200]	 Train Loss [0.0866]	 Train Acc [98.30]	 Train Time [85.71]
Round [173/200]	 Train Loss [0.1380]	 Train Acc [96.81]	 Train Time [95.37]
Round [174/200]	 Train Loss [0.1461]	 Train Acc [96.46]	 Train Time [108.29]
Round [175/200]	 Train Loss [0.1209]	 Train Acc [97.38]	 Train Time [75.71]
Round [176/200]	 Train Loss [0.1060]	 Train Acc [97.81]	 Train Time [98.83]
Round [177/200]	 Train Loss [0.1061]	 Train Acc [97.67]	 Train Time [125.19]
Round [178/200]	 Train Loss [0.1024]	 Train Acc [97.82]	 Train Time [85.12]
Round [179/200]	 Train Loss [0.1008]	 Train Acc [97.92]	 Train Time [87.42]
Round [180/200]	 Train Loss [0.0981]	 Train Acc [97.99]	 Test Loss [1.4804|1.0760]	 Test Acc [64.73(10.14)|72.47(9.70)]	 Train Time [87.04]
Round [181/200]	 Train Loss [0.1035]	 Train Acc [97.79]	 Train Time [89.09]
Round [182/200]	 Train Loss [0.1084]	 Train Acc [97.69]	 Train Time [84.73]
Round [183/200]	 Train Loss [0.1173]	 Train Acc [97.34]	 Train Time [90.02]
Round [184/200]	 Train Loss [0.1091]	 Train Acc [97.59]	 Train Time [105.72]
Round [185/200]	 Train Loss [0.0907]	 Train Acc [98.20]	 Train Time [79.73]
Round [186/200]	 Train Loss [0.1052]	 Train Acc [97.75]	 Train Time [82.07]
Round [187/200]	 Train Loss [0.1092]	 Train Acc [97.56]	 Train Time [86.40]
Round [188/200]	 Train Loss [0.0867]	 Train Acc [98.26]	 Train Time [78.41]
Round [189/200]	 Train Loss [0.1150]	 Train Acc [97.34]	 Train Time [90.51]
Round [190/200]	 Train Loss [0.1143]	 Train Acc [97.42]	 Train Time [128.64]
Round [191/200]	 Train Loss [0.1123]	 Train Acc [97.52]	 Train Time [83.73]
Round [192/200]	 Train Loss [0.0960]	 Train Acc [97.94]	 Train Time [92.35]
Round [193/200]	 Train Loss [0.1003]	 Train Acc [97.81]	 Train Time [97.80]
Round [194/200]	 Train Loss [0.0933]	 Train Acc [98.12]	 Train Time [115.48]
Round [195/200]	 Train Loss [0.0800]	 Train Acc [98.41]	 Train Time [74.59]
Round [196/200]	 Train Loss [0.1062]	 Train Acc [97.70]	 Train Time [94.36]
Round [197/200]	 Train Loss [0.0920]	 Train Acc [98.10]	 Train Time [75.30]
Round [198/200]	 Train Loss [0.1294]	 Train Acc [96.98]	 Train Time [85.50]
Round [199/200]	 Train Loss [0.1069]	 Train Acc [97.58]	 Train Time [82.99]
Round [200/200]	 Train Loss [0.0984]	 Train Acc [97.89]	 Test Loss [1.4368|1.0793]	 Test Acc [66.11(9.28)|74.34(9.48)]	 Train Time [419.94]
Method took (125.19, 44.22) seconds per training iteration
Method took (25779.06) total seconds
Training FedAvg...
Round [1/200]	 Train Loss [1.9280]	 Train Acc [43.11]	 Train Time [51.23]
Round [2/200]	 Train Loss [1.8150]	 Train Acc [48.21]	 Train Time [65.93]
Round [3/200]	 Train Loss [1.7123]	 Train Acc [53.07]	 Train Time [77.92]
Round [4/200]	 Train Loss [1.6708]	 Train Acc [54.10]	 Train Time [56.83]
Round [5/200]	 Train Loss [1.5890]	 Train Acc [57.56]	 Train Time [71.88]
Round [6/200]	 Train Loss [1.5316]	 Train Acc [60.01]	 Train Time [114.30]
Round [7/200]	 Train Loss [1.4041]	 Train Acc [64.18]	 Train Time [117.96]
Round [8/200]	 Train Loss [1.2931]	 Train Acc [68.65]	 Train Time [118.50]
Round [9/200]	 Train Loss [1.2867]	 Train Acc [68.62]	 Train Time [72.78]
Round [10/200]	 Train Loss [1.2757]	 Train Acc [68.16]	 Train Time [83.51]
Round [11/200]	 Train Loss [1.1882]	 Train Acc [71.51]	 Train Time [80.34]
Round [12/200]	 Train Loss [1.1106]	 Train Acc [73.88]	 Train Time [83.11]
Round [13/200]	 Train Loss [1.1213]	 Train Acc [73.14]	 Train Time [120.34]
Round [14/200]	 Train Loss [1.0372]	 Train Acc [76.11]	 Train Time [80.83]
Round [15/200]	 Train Loss [1.0302]	 Train Acc [75.62]	 Train Time [118.34]
Round [16/200]	 Train Loss [0.9937]	 Train Acc [77.26]	 Train Time [96.68]
Round [17/200]	 Train Loss [0.9674]	 Train Acc [77.68]	 Train Time [99.86]
Round [18/200]	 Train Loss [0.9738]	 Train Acc [77.62]	 Train Time [79.18]
Round [19/200]	 Train Loss [0.8914]	 Train Acc [80.25]	 Train Time [78.11]
Round [20/200]	 Train Loss [0.8516]	 Train Acc [81.68]	 Test Loss [1.1098|1.1464]	 Test Acc [62.01(10.19)|65.00(11.48)]	 Train Time [144.01]
Round [21/200]	 Train Loss [0.8337]	 Train Acc [81.71]	 Train Time [136.72]
Round [22/200]	 Train Loss [0.8157]	 Train Acc [82.18]	 Train Time [92.58]
Round [23/200]	 Train Loss [0.7970]	 Train Acc [82.90]	 Train Time [148.73]
Round [24/200]	 Train Loss [0.7665]	 Train Acc [83.77]	 Train Time [96.17]
Round [25/200]	 Train Loss [0.7612]	 Train Acc [83.59]	 Train Time [140.12]
Round [26/200]	 Train Loss [0.7132]	 Train Acc [85.18]	 Train Time [164.31]
Round [27/200]	 Train Loss [0.6986]	 Train Acc [85.55]	 Train Time [131.05]
Round [28/200]	 Train Loss [0.6755]	 Train Acc [86.31]	 Train Time [190.48]
Round [29/200]	 Train Loss [0.6661]	 Train Acc [86.68]	 Train Time [113.76]
Round [30/200]	 Train Loss [0.6738]	 Train Acc [86.17]	 Train Time [107.25]
Round [31/200]	 Train Loss [0.7104]	 Train Acc [84.66]	 Train Time [93.96]
Round [32/200]	 Train Loss [0.6565]	 Train Acc [86.64]	 Train Time [172.09]
Round [33/200]	 Train Loss [0.6321]	 Train Acc [87.41]	 Train Time [93.70]
Round [34/200]	 Train Loss [0.6325]	 Train Acc [87.01]	 Train Time [111.57]
Round [35/200]	 Train Loss [0.6394]	 Train Acc [87.09]	 Train Time [114.67]
Round [36/200]	 Train Loss [0.5898]	 Train Acc [88.25]	 Train Time [113.99]
Round [37/200]	 Train Loss [0.5791]	 Train Acc [88.62]	 Train Time [114.53]
Round [38/200]	 Train Loss [0.6072]	 Train Acc [87.54]	 Train Time [167.14]
Round [39/200]	 Train Loss [0.5685]	 Train Acc [88.82]	 Train Time [141.35]
Round [40/200]	 Train Loss [0.5492]	 Train Acc [89.20]	 Test Loss [1.0588|1.1562]	 Test Acc [64.77(10.68)|67.45(12.62)]	 Train Time [58.54]
Round [41/200]	 Train Loss [0.5477]	 Train Acc [89.37]	 Train Time [114.00]
Round [42/200]	 Train Loss [0.5458]	 Train Acc [89.34]	 Train Time [169.29]
Round [43/200]	 Train Loss [0.5276]	 Train Acc [89.91]	 Train Time [159.80]
Round [44/200]	 Train Loss [0.5476]	 Train Acc [89.15]	 Train Time [131.03]
Round [45/200]	 Train Loss [0.5091]	 Train Acc [90.34]	 Train Time [166.84]
Round [46/200]	 Train Loss [0.4967]	 Train Acc [90.69]	 Train Time [82.73]
Round [47/200]	 Train Loss [0.5037]	 Train Acc [90.37]	 Train Time [92.65]
Round [48/200]	 Train Loss [0.5066]	 Train Acc [90.36]	 Train Time [231.78]
Round [49/200]	 Train Loss [0.4837]	 Train Acc [90.82]	 Train Time [184.91]
Round [50/200]	 Train Loss [0.4528]	 Train Acc [91.72]	 Train Time [107.07]
Round [51/200]	 Train Loss [0.4807]	 Train Acc [90.85]	 Train Time [101.06]
Round [52/200]	 Train Loss [0.4848]	 Train Acc [90.59]	 Train Time [140.74]
Round [53/200]	 Train Loss [0.4682]	 Train Acc [91.17]	 Train Time [124.31]
Round [54/200]	 Train Loss [0.4666]	 Train Acc [91.22]	 Train Time [124.10]
Round [55/200]	 Train Loss [0.4432]	 Train Acc [91.93]	 Train Time [120.70]
Round [56/200]	 Train Loss [0.4334]	 Train Acc [91.97]	 Train Time [148.63]
Round [57/200]	 Train Loss [0.4391]	 Train Acc [91.89]	 Train Time [197.26]
Round [58/200]	 Train Loss [0.4250]	 Train Acc [92.26]	 Train Time [108.08]
Round [59/200]	 Train Loss [0.4254]	 Train Acc [92.05]	 Train Time [121.86]
Round [60/200]	 Train Loss [0.4206]	 Train Acc [92.20]	 Test Loss [1.0330|1.1525]	 Test Acc [66.37(11.28)|69.49(12.46)]	 Train Time [126.23]
Round [61/200]	 Train Loss [0.3963]	 Train Acc [92.95]	 Train Time [98.88]
Round [62/200]	 Train Loss [0.3738]	 Train Acc [93.52]	 Train Time [124.68]
Round [63/200]	 Train Loss [0.4068]	 Train Acc [92.52]	 Train Time [157.59]
Round [64/200]	 Train Loss [0.3922]	 Train Acc [92.84]	 Train Time [148.74]
Round [65/200]	 Train Loss [0.3775]	 Train Acc [93.29]	 Train Time [115.34]
Round [66/200]	 Train Loss [0.3876]	 Train Acc [92.88]	 Train Time [108.57]
Round [67/200]	 Train Loss [0.3687]	 Train Acc [93.45]	 Train Time [123.85]
Round [68/200]	 Train Loss [0.3542]	 Train Acc [93.88]	 Train Time [156.06]
Round [69/200]	 Train Loss [0.3476]	 Train Acc [94.01]	 Train Time [173.66]
Round [70/200]	 Train Loss [0.3683]	 Train Acc [93.40]	 Train Time [190.33]
Round [71/200]	 Train Loss [0.3418]	 Train Acc [94.15]	 Train Time [148.90]
Round [72/200]	 Train Loss [0.3672]	 Train Acc [93.16]	 Train Time [195.09]
Round [73/200]	 Train Loss [0.3276]	 Train Acc [94.47]	 Train Time [133.07]
Round [74/200]	 Train Loss [0.3524]	 Train Acc [93.69]	 Train Time [154.10]
Round [75/200]	 Train Loss [0.3462]	 Train Acc [93.71]	 Train Time [155.09]
Round [76/200]	 Train Loss [0.3162]	 Train Acc [94.63]	 Train Time [123.85]
Round [77/200]	 Train Loss [0.3480]	 Train Acc [93.58]	 Train Time [118.46]
Round [78/200]	 Train Loss [0.3230]	 Train Acc [94.27]	 Train Time [147.58]
Round [79/200]	 Train Loss [0.3147]	 Train Acc [94.61]	 Train Time [162.53]
Round [80/200]	 Train Loss [0.3205]	 Train Acc [94.33]	 Test Loss [0.9911|1.1338]	 Test Acc [69.26(10.60)|69.78(12.25)]	 Train Time [127.72]
Round [81/200]	 Train Loss [0.3173]	 Train Acc [94.40]	 Train Time [124.92]
Round [82/200]	 Train Loss [0.3155]	 Train Acc [94.43]	 Train Time [220.42]
Round [83/200]	 Train Loss [0.3049]	 Train Acc [94.63]	 Train Time [180.68]
Round [84/200]	 Train Loss [0.2770]	 Train Acc [95.51]	 Train Time [206.79]
Round [85/200]	 Train Loss [0.3093]	 Train Acc [94.43]	 Train Time [172.18]
Round [86/200]	 Train Loss [0.2801]	 Train Acc [95.40]	 Train Time [147.22]
Round [87/200]	 Train Loss [0.2816]	 Train Acc [95.24]	 Train Time [180.94]
Round [88/200]	 Train Loss [0.2776]	 Train Acc [95.26]	 Train Time [192.39]
Round [89/200]	 Train Loss [0.2805]	 Train Acc [95.19]	 Train Time [212.74]
Round [90/200]	 Train Loss [0.2773]	 Train Acc [95.29]	 Train Time [121.07]
Round [91/200]	 Train Loss [0.2703]	 Train Acc [95.40]	 Train Time [133.36]
Round [92/200]	 Train Loss [0.2702]	 Train Acc [95.54]	 Train Time [108.32]
Round [93/200]	 Train Loss [0.2736]	 Train Acc [95.24]	 Train Time [137.99]
Round [94/200]	 Train Loss [0.2478]	 Train Acc [95.99]	 Train Time [113.30]
Round [95/200]	 Train Loss [0.2804]	 Train Acc [94.95]	 Train Time [139.82]
Round [96/200]	 Train Loss [0.2377]	 Train Acc [96.36]	 Train Time [166.42]
Round [97/200]	 Train Loss [0.2710]	 Train Acc [95.29]	 Train Time [150.43]
Round [98/200]	 Train Loss [0.2657]	 Train Acc [95.31]	 Train Time [188.66]
Round [99/200]	 Train Loss [0.2517]	 Train Acc [95.69]	 Train Time [121.13]
Round [100/200]	 Train Loss [0.2352]	 Train Acc [96.18]	 Test Loss [1.0435|1.1805]	 Test Acc [69.65(10.67)|70.30(11.20)]	 Train Time [111.31]
Round [101/200]	 Train Loss [0.2395]	 Train Acc [96.00]	 Train Time [123.44]
Round [102/200]	 Train Loss [0.2319]	 Train Acc [96.27]	 Train Time [165.87]
Round [103/200]	 Train Loss [0.2307]	 Train Acc [96.17]	 Train Time [157.40]
Round [104/200]	 Train Loss [0.2640]	 Train Acc [95.11]	 Train Time [113.65]
Round [105/200]	 Train Loss [0.2414]	 Train Acc [95.69]	 Train Time [134.56]
Round [106/200]	 Train Loss [0.2150]	 Train Acc [96.54]	 Train Time [119.95]
Round [107/200]	 Train Loss [0.2385]	 Train Acc [95.83]	 Train Time [123.64]
Round [108/200]	 Train Loss [0.2104]	 Train Acc [96.56]	 Train Time [110.46]
Round [109/200]	 Train Loss [0.2594]	 Train Acc [95.10]	 Train Time [155.03]
Round [110/200]	 Train Loss [0.2587]	 Train Acc [95.11]	 Train Time [177.82]
Round [111/200]	 Train Loss [0.1908]	 Train Acc [97.10]	 Train Time [115.18]
Round [112/200]	 Train Loss [0.2057]	 Train Acc [96.59]	 Train Time [225.89]
Round [113/200]	 Train Loss [0.2352]	 Train Acc [95.73]	 Train Time [183.44]
Round [114/200]	 Train Loss [0.1796]	 Train Acc [97.37]	 Train Time [180.09]
Round [115/200]	 Train Loss [0.1933]	 Train Acc [96.86]	 Train Time [106.35]
Round [116/200]	 Train Loss [0.2275]	 Train Acc [95.78]	 Train Time [105.37]
Round [117/200]	 Train Loss [0.2207]	 Train Acc [95.86]	 Train Time [151.09]
Round [118/200]	 Train Loss [0.1930]	 Train Acc [96.74]	 Train Time [115.67]
Round [119/200]	 Train Loss [0.1944]	 Train Acc [96.63]	 Train Time [151.75]
Round [120/200]	 Train Loss [0.1955]	 Train Acc [96.68]	 Test Loss [1.1041|1.1357]	 Test Acc [69.58(10.66)|70.99(11.58)]	 Train Time [148.07]
Round [121/200]	 Train Loss [0.1885]	 Train Acc [96.83]	 Train Time [100.02]
Round [122/200]	 Train Loss [0.1694]	 Train Acc [97.39]	 Train Time [226.01]
Round [123/200]	 Train Loss [0.1880]	 Train Acc [96.74]	 Train Time [99.49]
Round [124/200]	 Train Loss [0.1918]	 Train Acc [96.56]	 Train Time [167.74]
Round [125/200]	 Train Loss [0.1843]	 Train Acc [96.78]	 Train Time [137.41]
Round [126/200]	 Train Loss [0.1809]	 Train Acc [96.85]	 Train Time [157.04]
Round [127/200]	 Train Loss [0.1687]	 Train Acc [97.22]	 Train Time [115.49]
Round [128/200]	 Train Loss [0.1647]	 Train Acc [97.40]	 Train Time [136.41]
Round [129/200]	 Train Loss [0.1982]	 Train Acc [96.25]	 Train Time [190.10]
Round [130/200]	 Train Loss [0.1551]	 Train Acc [97.56]	 Train Time [148.11]
Round [131/200]	 Train Loss [0.1596]	 Train Acc [97.39]	 Train Time [188.37]
Round [132/200]	 Train Loss [0.1703]	 Train Acc [96.93]	 Train Time [197.23]
Round [133/200]	 Train Loss [0.1528]	 Train Acc [97.53]	 Train Time [140.62]
Round [134/200]	 Train Loss [0.1398]	 Train Acc [97.90]	 Train Time [138.64]
Round [135/200]	 Train Loss [0.1625]	 Train Acc [97.10]	 Train Time [113.43]
Round [136/200]	 Train Loss [0.1859]	 Train Acc [96.36]	 Train Time [155.29]
Round [137/200]	 Train Loss [0.1505]	 Train Acc [97.45]	 Train Time [107.80]
Round [138/200]	 Train Loss [0.1652]	 Train Acc [96.87]	 Train Time [175.28]
Round [139/200]	 Train Loss [0.1531]	 Train Acc [97.19]	 Train Time [152.71]
Round [140/200]	 Train Loss [0.1246]	 Train Acc [98.12]	 Test Loss [1.1012|1.1769]	 Test Acc [69.94(10.28)|71.91(12.88)]	 Train Time [108.96]
Round [141/200]	 Train Loss [0.1538]	 Train Acc [97.20]	 Train Time [105.54]
Round [142/200]	 Train Loss [0.1406]	 Train Acc [97.64]	 Train Time [129.33]
Round [143/200]	 Train Loss [0.1408]	 Train Acc [97.50]	 Train Time [93.53]
Round [144/200]	 Train Loss [0.1892]	 Train Acc [96.04]	 Train Time [177.95]
Round [145/200]	 Train Loss [0.1332]	 Train Acc [97.70]	 Train Time [188.33]
Round [146/200]	 Train Loss [0.1181]	 Train Acc [98.15]	 Train Time [138.66]
Round [147/200]	 Train Loss [0.1186]	 Train Acc [98.13]	 Train Time [122.82]
Round [148/200]	 Train Loss [0.1618]	 Train Acc [96.83]	 Train Time [142.59]
Round [149/200]	 Train Loss [0.1191]	 Train Acc [98.04]	 Train Time [200.04]
Round [150/200]	 Train Loss [0.1083]	 Train Acc [98.34]	 Train Time [129.02]
Round [151/200]	 Train Loss [0.1877]	 Train Acc [96.01]	 Train Time [220.59]
Round [152/200]	 Train Loss [0.0916]	 Train Acc [98.81]	 Train Time [150.41]
Round [153/200]	 Train Loss [0.1392]	 Train Acc [97.32]	 Train Time [179.26]
Round [154/200]	 Train Loss [0.1145]	 Train Acc [98.07]	 Train Time [91.24]
Round [155/200]	 Train Loss [0.1496]	 Train Acc [97.06]	 Train Time [154.46]
Round [156/200]	 Train Loss [0.1197]	 Train Acc [97.90]	 Train Time [109.38]
Round [157/200]	 Train Loss [0.1935]	 Train Acc [95.57]	 Train Time [140.36]
Round [158/200]	 Train Loss [0.0953]	 Train Acc [98.59]	 Train Time [125.08]
Round [159/200]	 Train Loss [0.1187]	 Train Acc [97.81]	 Train Time [104.51]
Round [160/200]	 Train Loss [0.1463]	 Train Acc [96.95]	 Test Loss [1.1425|1.1618]	 Test Acc [68.93(10.33)|71.91(11.33)]	 Train Time [132.26]
Round [161/200]	 Train Loss [0.1168]	 Train Acc [97.92]	 Train Time [124.79]
Round [162/200]	 Train Loss [0.0951]	 Train Acc [98.47]	 Train Time [183.58]
Round [163/200]	 Train Loss [0.1092]	 Train Acc [98.03]	 Train Time [105.07]
Round [164/200]	 Train Loss [0.1616]	 Train Acc [96.37]	 Train Time [98.25]
Round [165/200]	 Train Loss [0.1795]	 Train Acc [95.94]	 Train Time [134.87]
Round [166/200]	 Train Loss [0.1148]	 Train Acc [97.79]	 Train Time [175.02]
Round [167/200]	 Train Loss [0.1165]	 Train Acc [97.75]	 Train Time [125.36]
Round [168/200]	 Train Loss [0.1131]	 Train Acc [97.78]	 Train Time [144.79]
Round [169/200]	 Train Loss [0.0875]	 Train Acc [98.63]	 Train Time [139.57]
Round [170/200]	 Train Loss [0.0932]	 Train Acc [98.32]	 Train Time [153.13]
Round [171/200]	 Train Loss [0.0839]	 Train Acc [98.55]	 Train Time [186.40]
Round [172/200]	 Train Loss [0.0932]	 Train Acc [98.33]	 Train Time [199.36]
Round [173/200]	 Train Loss [0.1192]	 Train Acc [97.63]	 Train Time [175.06]
Round [174/200]	 Train Loss [0.0909]	 Train Acc [98.38]	 Train Time [146.84]
Round [175/200]	 Train Loss [0.0994]	 Train Acc [98.13]	 Train Time [86.28]
Round [176/200]	 Train Loss [0.1375]	 Train Acc [96.93]	 Train Time [153.45]
Round [177/200]	 Train Loss [0.0958]	 Train Acc [98.28]	 Train Time [127.26]
Round [178/200]	 Train Loss [0.1200]	 Train Acc [97.41]	 Train Time [168.11]
Round [179/200]	 Train Loss [0.0967]	 Train Acc [98.14]	 Train Time [114.98]
Round [180/200]	 Train Loss [0.0811]	 Train Acc [98.61]	 Test Loss [1.0984|1.2057]	 Test Acc [70.96(10.40)|71.75(13.00)]	 Train Time [142.00]
Round [181/200]	 Train Loss [0.1141]	 Train Acc [97.64]	 Train Time [128.32]
Round [182/200]	 Train Loss [0.0983]	 Train Acc [98.14]	 Train Time [150.08]
Round [183/200]	 Train Loss [0.1061]	 Train Acc [97.76]	 Train Time [122.96]
Round [184/200]	 Train Loss [0.1383]	 Train Acc [96.88]	 Train Time [148.79]
Round [185/200]	 Train Loss [0.1070]	 Train Acc [97.81]	 Train Time [105.91]
Round [186/200]	 Train Loss [0.1350]	 Train Acc [97.03]	 Train Time [149.92]
Round [187/200]	 Train Loss [0.0988]	 Train Acc [98.03]	 Train Time [186.70]
Round [188/200]	 Train Loss [0.0879]	 Train Acc [98.36]	 Train Time [144.03]
Round [189/200]	 Train Loss [0.1018]	 Train Acc [97.88]	 Train Time [114.60]
Round [190/200]	 Train Loss [0.1274]	 Train Acc [97.09]	 Train Time [138.66]
Round [191/200]	 Train Loss [0.0935]	 Train Acc [98.14]	 Train Time [130.57]
Round [192/200]	 Train Loss [0.0838]	 Train Acc [98.46]	 Train Time [159.96]
Round [193/200]	 Train Loss [0.0797]	 Train Acc [98.55]	 Train Time [192.66]
Round [194/200]	 Train Loss [0.1142]	 Train Acc [97.48]	 Train Time [168.06]
Round [195/200]	 Train Loss [0.1117]	 Train Acc [97.65]	 Train Time [165.97]
Round [196/200]	 Train Loss [0.1071]	 Train Acc [97.74]	 Train Time [163.07]
Round [197/200]	 Train Loss [0.0797]	 Train Acc [98.59]	 Train Time [182.22]
Round [198/200]	 Train Loss [0.0811]	 Train Acc [98.43]	 Train Time [102.30]
Round [199/200]	 Train Loss [0.0854]	 Train Acc [98.34]	 Train Time [140.97]
Round [200/200]	 Train Loss [0.0840]	 Train Acc [98.41]	 Test Loss [1.1278|1.1064]	 Test Acc [71.39(9.15)|75.35(9.80)]	 Train Time [647.31]
Method took (140.23, 50.66) seconds per training iteration
Method took (28465.74) total seconds
