Training FedAvg...
Round [1/200]	 Train Loss [3.6921]	 Train Acc [6.33]	 Train Time [12.35]
Round [2/200]	 Train Loss [3.3583]	 Train Acc [8.18]	 Train Time [14.96]
Round [3/200]	 Train Loss [3.2444]	 Train Acc [18.54]	 Train Time [10.65]
Round [4/200]	 Train Loss [2.5857]	 Train Acc [42.86]	 Train Time [11.75]
Round [5/200]	 Train Loss [1.8605]	 Train Acc [58.28]	 Train Time [11.29]
Round [6/200]	 Train Loss [1.4763]	 Train Acc [64.50]	 Train Time [10.99]
Round [7/200]	 Train Loss [1.1857]	 Train Acc [69.75]	 Train Time [11.57]
Round [8/200]	 Train Loss [1.0488]	 Train Acc [72.74]	 Train Time [11.09]
Round [9/200]	 Train Loss [0.8702]	 Train Acc [76.90]	 Train Time [7.52]
Round [10/200]	 Train Loss [0.6660]	 Train Acc [82.54]	 Train Time [15.06]
Round [11/200]	 Train Loss [0.6615]	 Train Acc [82.21]	 Train Time [9.89]
Round [12/200]	 Train Loss [0.5642]	 Train Acc [85.35]	 Train Time [13.42]
Round [13/200]	 Train Loss [0.5367]	 Train Acc [85.89]	 Train Time [10.17]
Round [14/200]	 Train Loss [0.4922]	 Train Acc [87.14]	 Train Time [11.55]
Round [15/200]	 Train Loss [0.4600]	 Train Acc [87.83]	 Train Time [10.59]
Round [16/200]	 Train Loss [0.4362]	 Train Acc [88.45]	 Train Time [15.09]
Round [17/200]	 Train Loss [0.3835]	 Train Acc [89.81]	 Train Time [12.69]
Round [18/200]	 Train Loss [0.3522]	 Train Acc [90.35]	 Train Time [12.29]
Round [19/200]	 Train Loss [0.4049]	 Train Acc [89.36]	 Train Time [10.69]
Round [20/200]	 Train Loss [0.3042]	 Train Acc [91.61]	 Test Loss [1.0110|1.7099]	 Test Acc [77.57(14.85)|75.32(10.18)]	 Train Time [11.11]
Round [21/200]	 Train Loss [0.3583]	 Train Acc [90.33]	 Train Time [10.92]
Round [22/200]	 Train Loss [0.3287]	 Train Acc [91.27]	 Train Time [10.63]
Round [23/200]	 Train Loss [0.2947]	 Train Acc [91.99]	 Train Time [12.03]
Round [24/200]	 Train Loss [0.3449]	 Train Acc [90.42]	 Train Time [9.66]
Round [25/200]	 Train Loss [0.2927]	 Train Acc [92.18]	 Train Time [14.17]
Round [26/200]	 Train Loss [0.2951]	 Train Acc [91.97]	 Train Time [11.40]
Round [27/200]	 Train Loss [0.2746]	 Train Acc [92.21]	 Train Time [11.89]
Round [28/200]	 Train Loss [0.2809]	 Train Acc [92.08]	 Train Time [12.57]
Round [29/200]	 Train Loss [0.2610]	 Train Acc [92.88]	 Train Time [7.97]
Round [30/200]	 Train Loss [0.3099]	 Train Acc [91.57]	 Train Time [11.46]
Round [31/200]	 Train Loss [0.2805]	 Train Acc [92.36]	 Train Time [12.39]
Round [32/200]	 Train Loss [0.2782]	 Train Acc [92.36]	 Train Time [10.16]
Round [33/200]	 Train Loss [0.2802]	 Train Acc [92.40]	 Train Time [14.84]
Round [34/200]	 Train Loss [0.2653]	 Train Acc [92.58]	 Train Time [12.72]
Round [35/200]	 Train Loss [0.2285]	 Train Acc [93.71]	 Train Time [14.72]
Round [36/200]	 Train Loss [0.2158]	 Train Acc [93.61]	 Train Time [8.30]
Round [37/200]	 Train Loss [0.2374]	 Train Acc [93.36]	 Train Time [11.76]
Round [38/200]	 Train Loss [0.2358]	 Train Acc [93.40]	 Train Time [11.29]
Round [39/200]	 Train Loss [0.2444]	 Train Acc [92.97]	 Train Time [10.58]
Round [40/200]	 Train Loss [0.2423]	 Train Acc [93.31]	 Test Loss [0.7995|1.3290]	 Test Acc [80.62(13.87)|80.28(10.18)]	 Train Time [8.19]
Round [41/200]	 Train Loss [0.2394]	 Train Acc [93.20]	 Train Time [14.69]
Round [42/200]	 Train Loss [0.2123]	 Train Acc [94.16]	 Train Time [13.53]
Round [43/200]	 Train Loss [0.2038]	 Train Acc [94.14]	 Train Time [12.70]
Round [44/200]	 Train Loss [0.2478]	 Train Acc [93.06]	 Train Time [10.16]
Round [45/200]	 Train Loss [0.2424]	 Train Acc [93.02]	 Train Time [8.50]
Round [46/200]	 Train Loss [0.2296]	 Train Acc [93.44]	 Train Time [13.61]
Round [47/200]	 Train Loss [0.2169]	 Train Acc [93.87]	 Train Time [9.16]
Round [48/200]	 Train Loss [0.2141]	 Train Acc [93.83]	 Train Time [10.17]
Round [49/200]	 Train Loss [0.2302]	 Train Acc [93.56]	 Train Time [11.68]
Round [50/200]	 Train Loss [0.1985]	 Train Acc [94.20]	 Train Time [9.09]
Round [51/200]	 Train Loss [0.1893]	 Train Acc [94.43]	 Train Time [12.34]
Round [52/200]	 Train Loss [0.2103]	 Train Acc [94.04]	 Train Time [10.40]
Round [53/200]	 Train Loss [0.1882]	 Train Acc [94.58]	 Train Time [10.68]
Round [54/200]	 Train Loss [0.2165]	 Train Acc [93.77]	 Train Time [10.72]
Round [55/200]	 Train Loss [0.1803]	 Train Acc [94.65]	 Train Time [12.83]
Round [56/200]	 Train Loss [0.1839]	 Train Acc [94.57]	 Train Time [10.74]
Round [57/200]	 Train Loss [0.1923]	 Train Acc [94.51]	 Train Time [11.31]
Round [58/200]	 Train Loss [0.1939]	 Train Acc [94.45]	 Train Time [9.57]
Round [59/200]	 Train Loss [0.1790]	 Train Acc [94.89]	 Train Time [13.46]
Round [60/200]	 Train Loss [0.1857]	 Train Acc [94.64]	 Test Loss [0.7437|1.1941]	 Test Acc [82.30(12.01)|81.49(9.58)]	 Train Time [12.26]
Round [61/200]	 Train Loss [0.2055]	 Train Acc [94.12]	 Train Time [10.01]
Round [62/200]	 Train Loss [0.2210]	 Train Acc [93.69]	 Train Time [14.42]
Round [63/200]	 Train Loss [0.1967]	 Train Acc [94.18]	 Train Time [13.75]
Round [64/200]	 Train Loss [0.1470]	 Train Acc [95.69]	 Train Time [9.98]
Round [65/200]	 Train Loss [0.1814]	 Train Acc [94.77]	 Train Time [14.43]
Round [66/200]	 Train Loss [0.1711]	 Train Acc [94.96]	 Train Time [10.65]
Round [67/200]	 Train Loss [0.1758]	 Train Acc [94.70]	 Train Time [8.01]
Round [68/200]	 Train Loss [0.2001]	 Train Acc [94.33]	 Train Time [11.67]
Round [69/200]	 Train Loss [0.1556]	 Train Acc [95.48]	 Train Time [12.87]
Round [70/200]	 Train Loss [0.1412]	 Train Acc [95.83]	 Train Time [8.17]
Round [71/200]	 Train Loss [0.1665]	 Train Acc [95.22]	 Train Time [13.13]
Round [72/200]	 Train Loss [0.1519]	 Train Acc [95.46]	 Train Time [7.78]
Round [73/200]	 Train Loss [0.1579]	 Train Acc [95.26]	 Train Time [6.51]
Round [74/200]	 Train Loss [0.1856]	 Train Acc [94.36]	 Train Time [8.41]
Round [75/200]	 Train Loss [0.1492]	 Train Acc [95.61]	 Train Time [12.20]
Round [76/200]	 Train Loss [0.1771]	 Train Acc [94.84]	 Train Time [11.36]
Round [77/200]	 Train Loss [0.1708]	 Train Acc [94.98]	 Train Time [11.96]
Round [78/200]	 Train Loss [0.1598]	 Train Acc [95.30]	 Train Time [13.12]
Round [79/200]	 Train Loss [0.1703]	 Train Acc [94.84]	 Train Time [12.08]
Round [80/200]	 Train Loss [0.1399]	 Train Acc [95.84]	 Test Loss [0.7315|1.1440]	 Test Acc [82.76(12.42)|83.04(9.15)]	 Train Time [11.51]
Round [81/200]	 Train Loss [0.1427]	 Train Acc [95.77]	 Train Time [10.89]
Round [82/200]	 Train Loss [0.1782]	 Train Acc [94.85]	 Train Time [10.63]
Round [83/200]	 Train Loss [0.1444]	 Train Acc [95.87]	 Train Time [12.75]
Round [84/200]	 Train Loss [0.1503]	 Train Acc [95.57]	 Train Time [12.39]
Round [85/200]	 Train Loss [0.1702]	 Train Acc [95.22]	 Train Time [8.87]
Round [86/200]	 Train Loss [0.1879]	 Train Acc [94.58]	 Train Time [13.90]
Round [87/200]	 Train Loss [0.1615]	 Train Acc [95.27]	 Train Time [13.70]
Round [88/200]	 Train Loss [0.1611]	 Train Acc [95.37]	 Train Time [12.64]
Round [89/200]	 Train Loss [0.1628]	 Train Acc [95.25]	 Train Time [11.20]
Round [90/200]	 Train Loss [0.1428]	 Train Acc [95.93]	 Train Time [14.55]
Round [91/200]	 Train Loss [0.1689]	 Train Acc [95.14]	 Train Time [13.47]
Round [92/200]	 Train Loss [0.1598]	 Train Acc [95.29]	 Train Time [12.96]
Round [93/200]	 Train Loss [0.1246]	 Train Acc [96.38]	 Train Time [7.76]
Round [94/200]	 Train Loss [0.1417]	 Train Acc [95.75]	 Train Time [11.75]
Round [95/200]	 Train Loss [0.1627]	 Train Acc [95.35]	 Train Time [13.88]
Round [96/200]	 Train Loss [0.1271]	 Train Acc [96.25]	 Train Time [10.39]
Round [97/200]	 Train Loss [0.1582]	 Train Acc [95.42]	 Train Time [12.41]
Round [98/200]	 Train Loss [0.1619]	 Train Acc [95.15]	 Train Time [9.50]
Round [99/200]	 Train Loss [0.1216]	 Train Acc [96.35]	 Train Time [12.04]
Round [100/200]	 Train Loss [0.1430]	 Train Acc [95.86]	 Test Loss [0.7158|1.0805]	 Test Acc [84.31(10.98)|83.10(9.58)]	 Train Time [10.04]
Round [101/200]	 Train Loss [0.1414]	 Train Acc [96.05]	 Train Time [6.75]
Round [102/200]	 Train Loss [0.1437]	 Train Acc [95.79]	 Train Time [12.43]
Round [103/200]	 Train Loss [0.1647]	 Train Acc [95.20]	 Train Time [13.95]
Round [104/200]	 Train Loss [0.1470]	 Train Acc [95.73]	 Train Time [12.12]
Round [105/200]	 Train Loss [0.1600]	 Train Acc [95.28]	 Train Time [13.23]
Round [106/200]	 Train Loss [0.1314]	 Train Acc [96.07]	 Train Time [15.35]
Round [107/200]	 Train Loss [0.1224]	 Train Acc [96.41]	 Train Time [10.76]
Round [108/200]	 Train Loss [0.1290]	 Train Acc [96.24]	 Train Time [10.64]
Round [109/200]	 Train Loss [0.1465]	 Train Acc [95.74]	 Train Time [10.95]
Round [110/200]	 Train Loss [0.1183]	 Train Acc [96.54]	 Train Time [12.28]
Round [111/200]	 Train Loss [0.1419]	 Train Acc [95.99]	 Train Time [10.24]
Round [112/200]	 Train Loss [0.1244]	 Train Acc [96.15]	 Train Time [9.71]
Round [113/200]	 Train Loss [0.1507]	 Train Acc [95.56]	 Train Time [13.66]
Round [114/200]	 Train Loss [0.1210]	 Train Acc [96.44]	 Train Time [14.82]
Round [115/200]	 Train Loss [0.1281]	 Train Acc [96.25]	 Train Time [14.60]
Round [116/200]	 Train Loss [0.1356]	 Train Acc [95.99]	 Train Time [11.71]
Round [117/200]	 Train Loss [0.1306]	 Train Acc [96.22]	 Train Time [10.58]
Round [118/200]	 Train Loss [0.1119]	 Train Acc [96.78]	 Train Time [13.90]
Round [119/200]	 Train Loss [0.1153]	 Train Acc [96.66]	 Train Time [12.45]
Round [120/200]	 Train Loss [0.1230]	 Train Acc [96.02]	 Test Loss [0.7192|1.1806]	 Test Acc [84.20(11.44)|83.16(8.97)]	 Train Time [6.16]
Round [121/200]	 Train Loss [0.1117]	 Train Acc [96.74]	 Train Time [12.27]
Round [122/200]	 Train Loss [0.1342]	 Train Acc [95.95]	 Train Time [11.29]
Round [123/200]	 Train Loss [0.1281]	 Train Acc [96.32]	 Train Time [12.24]
Round [124/200]	 Train Loss [0.1377]	 Train Acc [95.91]	 Train Time [13.77]
Round [125/200]	 Train Loss [0.1254]	 Train Acc [96.32]	 Train Time [13.10]
Round [126/200]	 Train Loss [0.1482]	 Train Acc [95.65]	 Train Time [11.27]
Round [127/200]	 Train Loss [0.1162]	 Train Acc [96.50]	 Train Time [15.43]
Round [128/200]	 Train Loss [0.1104]	 Train Acc [96.55]	 Train Time [10.13]
Round [129/200]	 Train Loss [0.1309]	 Train Acc [96.13]	 Train Time [14.23]
Round [130/200]	 Train Loss [0.1166]	 Train Acc [96.52]	 Train Time [14.02]
Round [131/200]	 Train Loss [0.1023]	 Train Acc [96.98]	 Train Time [11.21]
Round [132/200]	 Train Loss [0.1311]	 Train Acc [96.13]	 Train Time [13.66]
Round [133/200]	 Train Loss [0.1142]	 Train Acc [96.61]	 Train Time [9.62]
Round [134/200]	 Train Loss [0.1096]	 Train Acc [96.81]	 Train Time [15.67]
Round [135/200]	 Train Loss [0.1309]	 Train Acc [96.21]	 Train Time [12.82]
Round [136/200]	 Train Loss [0.1219]	 Train Acc [96.38]	 Train Time [13.29]
Round [137/200]	 Train Loss [0.1273]	 Train Acc [96.25]	 Train Time [11.42]
Round [138/200]	 Train Loss [0.1275]	 Train Acc [96.18]	 Train Time [10.01]
Round [139/200]	 Train Loss [0.1204]	 Train Acc [96.55]	 Train Time [14.46]
Round [140/200]	 Train Loss [0.1228]	 Train Acc [96.50]	 Test Loss [0.6800|1.0502]	 Test Acc [85.18(11.75)|83.33(9.47)]	 Train Time [10.25]
Round [141/200]	 Train Loss [0.1045]	 Train Acc [96.88]	 Train Time [12.10]
Round [142/200]	 Train Loss [0.1142]	 Train Acc [96.58]	 Train Time [12.57]
Round [143/200]	 Train Loss [0.1251]	 Train Acc [96.08]	 Train Time [9.71]
Round [144/200]	 Train Loss [0.1103]	 Train Acc [96.78]	 Train Time [11.16]
Round [145/200]	 Train Loss [0.1175]	 Train Acc [96.36]	 Train Time [12.70]
Round [146/200]	 Train Loss [0.1254]	 Train Acc [96.32]	 Train Time [12.67]
Round [147/200]	 Train Loss [0.1199]	 Train Acc [96.41]	 Train Time [13.31]
Round [148/200]	 Train Loss [0.1280]	 Train Acc [96.24]	 Train Time [13.05]
Round [149/200]	 Train Loss [0.1191]	 Train Acc [96.43]	 Train Time [10.49]
Round [150/200]	 Train Loss [0.1105]	 Train Acc [96.91]	 Train Time [10.20]
Round [151/200]	 Train Loss [0.1028]	 Train Acc [97.06]	 Train Time [14.36]
Round [152/200]	 Train Loss [0.1213]	 Train Acc [96.40]	 Train Time [9.62]
Round [153/200]	 Train Loss [0.1168]	 Train Acc [96.47]	 Train Time [9.49]
Round [154/200]	 Train Loss [0.1070]	 Train Acc [96.84]	 Train Time [10.01]
Round [155/200]	 Train Loss [0.1053]	 Train Acc [96.84]	 Train Time [9.54]
Round [156/200]	 Train Loss [0.1185]	 Train Acc [96.57]	 Train Time [10.26]
Round [157/200]	 Train Loss [0.1125]	 Train Acc [96.70]	 Train Time [13.48]
Round [158/200]	 Train Loss [0.1310]	 Train Acc [96.23]	 Train Time [11.30]
Round [159/200]	 Train Loss [0.1154]	 Train Acc [96.65]	 Train Time [13.47]
Round [160/200]	 Train Loss [0.1146]	 Train Acc [96.53]	 Test Loss [0.6958|1.1033]	 Test Acc [85.12(11.89)|83.45(9.21)]	 Train Time [9.42]
Round [161/200]	 Train Loss [0.1001]	 Train Acc [96.90]	 Train Time [13.05]
Round [162/200]	 Train Loss [0.1058]	 Train Acc [96.97]	 Train Time [12.69]
Round [163/200]	 Train Loss [0.1121]	 Train Acc [96.58]	 Train Time [14.44]
Round [164/200]	 Train Loss [0.0835]	 Train Acc [97.45]	 Train Time [9.16]
Round [165/200]	 Train Loss [0.1088]	 Train Acc [96.70]	 Train Time [14.86]
Round [166/200]	 Train Loss [0.1009]	 Train Acc [97.05]	 Train Time [7.23]
Round [167/200]	 Train Loss [0.1073]	 Train Acc [96.97]	 Train Time [11.86]
Round [168/200]	 Train Loss [0.1060]	 Train Acc [97.02]	 Train Time [12.36]
Round [169/200]	 Train Loss [0.0987]	 Train Acc [97.12]	 Train Time [9.76]
Round [170/200]	 Train Loss [0.1047]	 Train Acc [96.88]	 Train Time [12.91]
Round [171/200]	 Train Loss [0.1041]	 Train Acc [97.02]	 Train Time [14.59]
Round [172/200]	 Train Loss [0.1048]	 Train Acc [96.93]	 Train Time [14.04]
Round [173/200]	 Train Loss [0.0966]	 Train Acc [97.18]	 Train Time [12.14]
Round [174/200]	 Train Loss [0.1004]	 Train Acc [97.09]	 Train Time [9.64]
Round [175/200]	 Train Loss [0.0938]	 Train Acc [97.23]	 Train Time [11.48]
Round [176/200]	 Train Loss [0.1098]	 Train Acc [96.76]	 Train Time [10.77]
Round [177/200]	 Train Loss [0.1010]	 Train Acc [97.16]	 Train Time [9.16]
Round [178/200]	 Train Loss [0.1080]	 Train Acc [96.64]	 Train Time [11.56]
Round [179/200]	 Train Loss [0.1020]	 Train Acc [96.92]	 Train Time [10.64]
Round [180/200]	 Train Loss [0.1143]	 Train Acc [96.55]	 Test Loss [0.6875|1.0654]	 Test Acc [84.72(11.93)|83.74(8.91)]	 Train Time [9.51]
Round [181/200]	 Train Loss [0.1146]	 Train Acc [96.51]	 Train Time [11.91]
Round [182/200]	 Train Loss [0.1075]	 Train Acc [96.88]	 Train Time [12.98]
Round [183/200]	 Train Loss [0.0883]	 Train Acc [97.27]	 Train Time [10.76]
Round [184/200]	 Train Loss [0.0886]	 Train Acc [97.41]	 Train Time [12.79]
Round [185/200]	 Train Loss [0.0911]	 Train Acc [97.15]	 Train Time [10.03]
Round [186/200]	 Train Loss [0.1157]	 Train Acc [96.75]	 Train Time [12.97]
Round [187/200]	 Train Loss [0.0955]	 Train Acc [97.13]	 Train Time [10.04]
Round [188/200]	 Train Loss [0.0883]	 Train Acc [97.38]	 Train Time [11.34]
Round [189/200]	 Train Loss [0.0994]	 Train Acc [97.09]	 Train Time [12.12]
Round [190/200]	 Train Loss [0.0990]	 Train Acc [97.03]	 Train Time [13.39]
Round [191/200]	 Train Loss [0.0938]	 Train Acc [97.14]	 Train Time [12.36]
Round [192/200]	 Train Loss [0.1170]	 Train Acc [96.51]	 Train Time [10.91]
Round [193/200]	 Train Loss [0.0893]	 Train Acc [97.25]	 Train Time [9.93]
Round [194/200]	 Train Loss [0.1021]	 Train Acc [97.04]	 Train Time [9.05]
Round [195/200]	 Train Loss [0.0993]	 Train Acc [97.03]	 Train Time [15.09]
Round [196/200]	 Train Loss [0.0938]	 Train Acc [97.34]	 Train Time [11.74]
Round [197/200]	 Train Loss [0.0847]	 Train Acc [97.51]	 Train Time [10.71]
Round [198/200]	 Train Loss [0.0907]	 Train Acc [97.25]	 Train Time [11.66]
Round [199/200]	 Train Loss [0.1069]	 Train Acc [96.80]	 Train Time [10.25]
Round [200/200]	 Train Loss [0.0958]	 Train Acc [97.19]	 Test Loss [0.6817|1.0464]	 Test Acc [85.12(11.95)|83.74(8.49)]	 Train Time [38.96]
Method took (11.77, 2.73) seconds per training iteration
Method took (2355.15) total seconds
