Initializing FlowMatchingModel with param_dim=123774
Training FedAvg...
Global model updated via Flow-Assisted Aggregation.
Round [1/200]	 Train Loss [3.6403]	 Train Acc [7.22]	 Train Time [11.43]
Training Flow Model...
Round 2 Flow Model Training Avg Loss: 0.5299
Global model updated via Flow-Assisted Aggregation.
Round [2/200]	 Train Loss [3.2803]	 Train Acc [12.23]	 Train Time [15.74]
Training Flow Model...
Round 3 Flow Model Training Avg Loss: 0.5176
Global model updated via Flow-Assisted Aggregation.
Round [3/200]	 Train Loss [2.8922]	 Train Acc [35.75]	 Train Time [10.99]
Training Flow Model...
Round 4 Flow Model Training Avg Loss: 0.5414
Global model updated via Flow-Assisted Aggregation.
Round [4/200]	 Train Loss [1.9699]	 Train Acc [57.91]	 Train Time [13.50]
Training Flow Model...
Round 5 Flow Model Training Avg Loss: 0.5278
Global model updated via Flow-Assisted Aggregation.
Round [5/200]	 Train Loss [1.4164]	 Train Acc [66.52]	 Train Time [10.72]
Training Flow Model...
Round 6 Flow Model Training Avg Loss: 0.5135
Global model updated via Flow-Assisted Aggregation.
Round [6/200]	 Train Loss [1.0892]	 Train Acc [72.53]	 Train Time [12.82]
Training Flow Model...
Round 7 Flow Model Training Avg Loss: 0.5449
Global model updated via Flow-Assisted Aggregation.
Round [7/200]	 Train Loss [0.8445]	 Train Acc [78.37]	 Train Time [9.41]
Training Flow Model...
Round 8 Flow Model Training Avg Loss: 0.5237
Global model updated via Flow-Assisted Aggregation.
Round [8/200]	 Train Loss [0.8287]	 Train Acc [79.09]	 Train Time [12.62]
Training Flow Model...
Round 9 Flow Model Training Avg Loss: 0.5189
Global model updated via Flow-Assisted Aggregation.
Round [9/200]	 Train Loss [0.6097]	 Train Acc [84.37]	 Train Time [14.38]
Training Flow Model...
Round 10 Flow Model Training Avg Loss: 0.5518
Global model updated via Flow-Assisted Aggregation.
Round [10/200]	 Train Loss [0.5720]	 Train Acc [85.20]	 Train Time [10.97]
Training Flow Model...
Round 11 Flow Model Training Avg Loss: 0.5336
Global model updated via Flow-Assisted Aggregation.
Round [11/200]	 Train Loss [0.5387]	 Train Acc [85.61]	 Train Time [9.28]
Training Flow Model...
Round 12 Flow Model Training Avg Loss: 0.5453
Global model updated via Flow-Assisted Aggregation.
Round [12/200]	 Train Loss [0.5004]	 Train Acc [86.72]	 Train Time [13.97]
Training Flow Model...
Round 13 Flow Model Training Avg Loss: 0.5310
Global model updated via Flow-Assisted Aggregation.
Round [13/200]	 Train Loss [0.4401]	 Train Acc [88.29]	 Train Time [15.29]
Training Flow Model...
Round 14 Flow Model Training Avg Loss: 0.5431
Global model updated via Flow-Assisted Aggregation.
Round [14/200]	 Train Loss [0.4412]	 Train Acc [88.30]	 Train Time [12.92]
Training Flow Model...
Round 15 Flow Model Training Avg Loss: 0.5313
Global model updated via Flow-Assisted Aggregation.
Round [15/200]	 Train Loss [0.3736]	 Train Acc [90.04]	 Train Time [13.17]
Training Flow Model...
Round 16 Flow Model Training Avg Loss: 0.5138
Global model updated via Flow-Assisted Aggregation.
Round [16/200]	 Train Loss [0.4386]	 Train Acc [88.39]	 Train Time [7.77]
Training Flow Model...
Round 17 Flow Model Training Avg Loss: 0.5008
Global model updated via Flow-Assisted Aggregation.
Round [17/200]	 Train Loss [0.4051]	 Train Acc [89.18]	 Train Time [12.99]
Training Flow Model...
Round 18 Flow Model Training Avg Loss: 0.4917
Global model updated via Flow-Assisted Aggregation.
Round [18/200]	 Train Loss [0.3137]	 Train Acc [91.46]	 Train Time [15.83]
Training Flow Model...
Round 19 Flow Model Training Avg Loss: 0.4960
Global model updated via Flow-Assisted Aggregation.
Round [19/200]	 Train Loss [0.3169]	 Train Acc [91.38]	 Train Time [11.50]
Training Flow Model...
Round 20 Flow Model Training Avg Loss: 0.5162
Global model updated via Flow-Assisted Aggregation.
Round [20/200]	 Train Loss [0.3252]	 Train Acc [91.04]	 Test Loss [1.0581|1.5709]	 Test Acc [77.97(14.87)|76.87(11.16)]	 Train Time [13.38]
Training Flow Model...
Round 21 Flow Model Training Avg Loss: 0.5013
Global model updated via Flow-Assisted Aggregation.
Round [21/200]	 Train Loss [0.3065]	 Train Acc [91.66]	 Train Time [16.42]
Training Flow Model...
Round 22 Flow Model Training Avg Loss: 0.5230
Global model updated via Flow-Assisted Aggregation.
Round [22/200]	 Train Loss [0.3085]	 Train Acc [91.53]	 Train Time [15.55]
Training Flow Model...
Round 23 Flow Model Training Avg Loss: 0.4929
Global model updated via Flow-Assisted Aggregation.
Round [23/200]	 Train Loss [0.3026]	 Train Acc [91.49]	 Train Time [15.14]
Training Flow Model...
Round 24 Flow Model Training Avg Loss: 0.4780
Global model updated via Flow-Assisted Aggregation.
Round [24/200]	 Train Loss [0.2795]	 Train Acc [92.33]	 Train Time [13.35]
Training Flow Model...
Round 25 Flow Model Training Avg Loss: 0.4712
Global model updated via Flow-Assisted Aggregation.
Round [25/200]	 Train Loss [0.2903]	 Train Acc [92.13]	 Train Time [9.71]
Training Flow Model...
Round 26 Flow Model Training Avg Loss: 0.5234
Global model updated via Flow-Assisted Aggregation.
Round [26/200]	 Train Loss [0.2876]	 Train Acc [92.14]	 Train Time [14.47]
Training Flow Model...
Round 27 Flow Model Training Avg Loss: 0.4987
Global model updated via Flow-Assisted Aggregation.
Round [27/200]	 Train Loss [0.2412]	 Train Acc [93.45]	 Train Time [8.60]
Training Flow Model...
Round 28 Flow Model Training Avg Loss: 0.5156
Global model updated via Flow-Assisted Aggregation.
Round [28/200]	 Train Loss [0.2451]	 Train Acc [93.03]	 Train Time [10.87]
Training Flow Model...
Round 29 Flow Model Training Avg Loss: 0.5140
Global model updated via Flow-Assisted Aggregation.
Round [29/200]	 Train Loss [0.2750]	 Train Acc [92.52]	 Train Time [12.84]
Training Flow Model...
Round 30 Flow Model Training Avg Loss: 0.5211
Global model updated via Flow-Assisted Aggregation.
Round [30/200]	 Train Loss [0.2704]	 Train Acc [92.54]	 Train Time [13.51]
Training Flow Model...
Round 31 Flow Model Training Avg Loss: 0.5157
Global model updated via Flow-Assisted Aggregation.
Round [31/200]	 Train Loss [0.2491]	 Train Acc [92.94]	 Train Time [11.81]
Training Flow Model...
Round 32 Flow Model Training Avg Loss: 0.5233
Global model updated via Flow-Assisted Aggregation.
Round [32/200]	 Train Loss [0.2629]	 Train Acc [92.59]	 Train Time [9.32]
Training Flow Model...
Round 33 Flow Model Training Avg Loss: 0.5459
Global model updated via Flow-Assisted Aggregation.
Round [33/200]	 Train Loss [0.2099]	 Train Acc [94.12]	 Train Time [11.45]
Training Flow Model...
Round 34 Flow Model Training Avg Loss: 0.5223
Global model updated via Flow-Assisted Aggregation.
Round [34/200]	 Train Loss [0.2725]	 Train Acc [92.76]	 Train Time [12.17]
Training Flow Model...
Round 35 Flow Model Training Avg Loss: 0.5078
Global model updated via Flow-Assisted Aggregation.
Round [35/200]	 Train Loss [0.2321]	 Train Acc [93.59]	 Train Time [12.65]
Training Flow Model...
Round 36 Flow Model Training Avg Loss: 0.4880
Global model updated via Flow-Assisted Aggregation.
Round [36/200]	 Train Loss [0.2213]	 Train Acc [93.55]	 Train Time [13.28]
Training Flow Model...
Round 37 Flow Model Training Avg Loss: 0.5260
Global model updated via Flow-Assisted Aggregation.
Round [37/200]	 Train Loss [0.2786]	 Train Acc [92.65]	 Train Time [8.21]
Training Flow Model...
Round 38 Flow Model Training Avg Loss: 0.4966
Global model updated via Flow-Assisted Aggregation.
Round [38/200]	 Train Loss [0.2543]	 Train Acc [93.00]	 Train Time [12.37]
Training Flow Model...
Round 39 Flow Model Training Avg Loss: 0.5056
Global model updated via Flow-Assisted Aggregation.
Round [39/200]	 Train Loss [0.2095]	 Train Acc [94.00]	 Train Time [13.64]
Training Flow Model...
Round 40 Flow Model Training Avg Loss: 0.5074
Global model updated via Flow-Assisted Aggregation.
Round [40/200]	 Train Loss [0.2665]	 Train Acc [92.59]	 Test Loss [0.8669|1.2797]	 Test Acc [82.12(12.12)|81.08(9.91)]	 Train Time [11.04]
Training Flow Model...
Round 41 Flow Model Training Avg Loss: 0.4885
Global model updated via Flow-Assisted Aggregation.
Round [41/200]	 Train Loss [0.2148]	 Train Acc [93.81]	 Train Time [14.28]
Training Flow Model...
Round 42 Flow Model Training Avg Loss: 0.5051
Global model updated via Flow-Assisted Aggregation.
Round [42/200]	 Train Loss [0.2150]	 Train Acc [93.87]	 Train Time [11.74]
Training Flow Model...
Round 43 Flow Model Training Avg Loss: 0.5004
Global model updated via Flow-Assisted Aggregation.
Round [43/200]	 Train Loss [0.2145]	 Train Acc [93.91]	 Train Time [12.67]
Training Flow Model...
Round 44 Flow Model Training Avg Loss: 0.4829
Global model updated via Flow-Assisted Aggregation.
Round [44/200]	 Train Loss [0.1953]	 Train Acc [94.40]	 Train Time [11.45]
Training Flow Model...
Round 45 Flow Model Training Avg Loss: 0.4881
Global model updated via Flow-Assisted Aggregation.
Round [45/200]	 Train Loss [0.1990]	 Train Acc [94.34]	 Train Time [15.39]
Training Flow Model...
Round 46 Flow Model Training Avg Loss: 0.5019
Global model updated via Flow-Assisted Aggregation.
Round [46/200]	 Train Loss [0.2081]	 Train Acc [93.93]	 Train Time [11.24]
Training Flow Model...
Round 47 Flow Model Training Avg Loss: 0.4922
Global model updated via Flow-Assisted Aggregation.
Round [47/200]	 Train Loss [0.2132]	 Train Acc [94.08]	 Train Time [12.05]
Training Flow Model...
Round 48 Flow Model Training Avg Loss: 0.5047
Global model updated via Flow-Assisted Aggregation.
Round [48/200]	 Train Loss [0.2052]	 Train Acc [94.22]	 Train Time [10.37]
Training Flow Model...
Round 49 Flow Model Training Avg Loss: 0.5105
Global model updated via Flow-Assisted Aggregation.
Round [49/200]	 Train Loss [0.1968]	 Train Acc [94.47]	 Train Time [12.53]
Training Flow Model...
Round 50 Flow Model Training Avg Loss: 0.5002
Global model updated via Flow-Assisted Aggregation.
Round [50/200]	 Train Loss [0.1838]	 Train Acc [94.78]	 Train Time [16.42]
Training Flow Model...
Round 51 Flow Model Training Avg Loss: 0.4984
Global model updated via Flow-Assisted Aggregation.
Round [51/200]	 Train Loss [0.1952]	 Train Acc [94.35]	 Train Time [12.44]
Training Flow Model...
Round 52 Flow Model Training Avg Loss: 0.4978
Global model updated via Flow-Assisted Aggregation.
Round [52/200]	 Train Loss [0.1871]	 Train Acc [94.58]	 Train Time [13.55]
Training Flow Model...
Round 53 Flow Model Training Avg Loss: 0.5110
Global model updated via Flow-Assisted Aggregation.
Round [53/200]	 Train Loss [0.1577]	 Train Acc [95.64]	 Train Time [10.25]
Training Flow Model...
Round 54 Flow Model Training Avg Loss: 0.4903
Global model updated via Flow-Assisted Aggregation.
Round [54/200]	 Train Loss [0.1702]	 Train Acc [95.17]	 Train Time [12.36]
Training Flow Model...
Round 55 Flow Model Training Avg Loss: 0.4889
Global model updated via Flow-Assisted Aggregation.
Round [55/200]	 Train Loss [0.1687]	 Train Acc [95.08]	 Train Time [10.03]
Training Flow Model...
Round 56 Flow Model Training Avg Loss: 0.4969
Global model updated via Flow-Assisted Aggregation.
Round [56/200]	 Train Loss [0.1555]	 Train Acc [95.59]	 Train Time [10.30]
Training Flow Model...
Round 57 Flow Model Training Avg Loss: 0.4851
Global model updated via Flow-Assisted Aggregation.
Round [57/200]	 Train Loss [0.1790]	 Train Acc [94.71]	 Train Time [11.02]
Training Flow Model...
Round 58 Flow Model Training Avg Loss: 0.4990
Global model updated via Flow-Assisted Aggregation.
Round [58/200]	 Train Loss [0.1865]	 Train Acc [94.55]	 Train Time [14.52]
Training Flow Model...
Round 59 Flow Model Training Avg Loss: 0.5388
Global model updated via Flow-Assisted Aggregation.
Round [59/200]	 Train Loss [0.1758]	 Train Acc [94.83]	 Train Time [12.77]
Training Flow Model...
Round 60 Flow Model Training Avg Loss: 0.5219
Global model updated via Flow-Assisted Aggregation.
Round [60/200]	 Train Loss [0.1512]	 Train Acc [95.47]	 Test Loss [0.8195|1.1906]	 Test Acc [83.22(12.44)|82.35(9.40)]	 Train Time [12.61]
Training Flow Model...
Round 61 Flow Model Training Avg Loss: 0.5166
Global model updated via Flow-Assisted Aggregation.
Round [61/200]	 Train Loss [0.1463]	 Train Acc [95.61]	 Train Time [12.13]
Training Flow Model...
Round 62 Flow Model Training Avg Loss: 0.5021
Global model updated via Flow-Assisted Aggregation.
Round [62/200]	 Train Loss [0.1734]	 Train Acc [94.91]	 Train Time [13.39]
Training Flow Model...
Round 63 Flow Model Training Avg Loss: 0.5186
Global model updated via Flow-Assisted Aggregation.
Round [63/200]	 Train Loss [0.1413]	 Train Acc [95.71]	 Train Time [12.18]
Training Flow Model...
Round 64 Flow Model Training Avg Loss: 0.5283
Global model updated via Flow-Assisted Aggregation.
Round [64/200]	 Train Loss [0.1543]	 Train Acc [95.37]	 Train Time [9.90]
Training Flow Model...
Round 65 Flow Model Training Avg Loss: 0.5157
Global model updated via Flow-Assisted Aggregation.
Round [65/200]	 Train Loss [0.1707]	 Train Acc [94.81]	 Train Time [13.96]
Training Flow Model...
Round 66 Flow Model Training Avg Loss: 0.4950
Global model updated via Flow-Assisted Aggregation.
Round [66/200]	 Train Loss [0.1480]	 Train Acc [95.76]	 Train Time [11.66]
Training Flow Model...
Round 67 Flow Model Training Avg Loss: 0.4930
Global model updated via Flow-Assisted Aggregation.
Round [67/200]	 Train Loss [0.2048]	 Train Acc [94.13]	 Train Time [11.23]
Training Flow Model...
Round 68 Flow Model Training Avg Loss: 0.4901
Global model updated via Flow-Assisted Aggregation.
Round [68/200]	 Train Loss [0.1730]	 Train Acc [95.08]	 Train Time [12.12]
Training Flow Model...
Round 69 Flow Model Training Avg Loss: 0.5118
Global model updated via Flow-Assisted Aggregation.
Round [69/200]	 Train Loss [0.1294]	 Train Acc [96.16]	 Train Time [13.78]
Training Flow Model...
Round 70 Flow Model Training Avg Loss: 0.4926
Global model updated via Flow-Assisted Aggregation.
Round [70/200]	 Train Loss [0.1554]	 Train Acc [95.43]	 Train Time [11.96]
Training Flow Model...
Round 71 Flow Model Training Avg Loss: 0.4949
Global model updated via Flow-Assisted Aggregation.
Round [71/200]	 Train Loss [0.1671]	 Train Acc [95.09]	 Train Time [11.49]
Training Flow Model...
Round 72 Flow Model Training Avg Loss: 0.5018
Global model updated via Flow-Assisted Aggregation.
Round [72/200]	 Train Loss [0.1475]	 Train Acc [95.62]	 Train Time [11.37]
Training Flow Model...
Round 73 Flow Model Training Avg Loss: 0.5266
Global model updated via Flow-Assisted Aggregation.
Round [73/200]	 Train Loss [0.1559]	 Train Acc [95.18]	 Train Time [12.11]
Training Flow Model...
Round 74 Flow Model Training Avg Loss: 0.5319
Global model updated via Flow-Assisted Aggregation.
Round [74/200]	 Train Loss [0.1449]	 Train Acc [95.78]	 Train Time [9.62]
Training Flow Model...
Round 75 Flow Model Training Avg Loss: 0.5166
Global model updated via Flow-Assisted Aggregation.
Round [75/200]	 Train Loss [0.1565]	 Train Acc [95.46]	 Train Time [15.99]
Training Flow Model...
Round 76 Flow Model Training Avg Loss: 0.5157
Global model updated via Flow-Assisted Aggregation.
Round [76/200]	 Train Loss [0.1615]	 Train Acc [95.39]	 Train Time [11.95]
Training Flow Model...
Round 77 Flow Model Training Avg Loss: 0.5173
Global model updated via Flow-Assisted Aggregation.
Round [77/200]	 Train Loss [0.1372]	 Train Acc [95.90]	 Train Time [15.72]
Training Flow Model...
Round 78 Flow Model Training Avg Loss: 0.4915
Global model updated via Flow-Assisted Aggregation.
Round [78/200]	 Train Loss [0.1522]	 Train Acc [95.52]	 Train Time [12.51]
Training Flow Model...
Round 79 Flow Model Training Avg Loss: 0.5308
Global model updated via Flow-Assisted Aggregation.
Round [79/200]	 Train Loss [0.1261]	 Train Acc [96.36]	 Train Time [10.56]
Training Flow Model...
Round 80 Flow Model Training Avg Loss: 0.4599
Global model updated via Flow-Assisted Aggregation.
Round [80/200]	 Train Loss [0.1595]	 Train Acc [95.18]	 Test Loss [0.7801|1.1538]	 Test Acc [84.37(11.52)|83.28(8.76)]	 Train Time [11.31]
Training Flow Model...
Round 81 Flow Model Training Avg Loss: 0.4994
Global model updated via Flow-Assisted Aggregation.
Round [81/200]	 Train Loss [0.1381]	 Train Acc [96.09]	 Train Time [10.67]
Training Flow Model...
Round 82 Flow Model Training Avg Loss: 0.5056
Global model updated via Flow-Assisted Aggregation.
Round [82/200]	 Train Loss [0.1316]	 Train Acc [95.98]	 Train Time [11.91]
Training Flow Model...
Round 83 Flow Model Training Avg Loss: 0.5374
Global model updated via Flow-Assisted Aggregation.
Round [83/200]	 Train Loss [0.1464]	 Train Acc [95.73]	 Train Time [11.18]
Training Flow Model...
Round 84 Flow Model Training Avg Loss: 0.5368
Global model updated via Flow-Assisted Aggregation.
Round [84/200]	 Train Loss [0.1268]	 Train Acc [96.26]	 Train Time [12.01]
Training Flow Model...
Round 85 Flow Model Training Avg Loss: 0.5395
Global model updated via Flow-Assisted Aggregation.
Round [85/200]	 Train Loss [0.1608]	 Train Acc [95.21]	 Train Time [11.97]
Training Flow Model...
Round 86 Flow Model Training Avg Loss: 0.5398
Global model updated via Flow-Assisted Aggregation.
Round [86/200]	 Train Loss [0.1305]	 Train Acc [96.02]	 Train Time [10.03]
Training Flow Model...
Round 87 Flow Model Training Avg Loss: 0.5285
Global model updated via Flow-Assisted Aggregation.
Round [87/200]	 Train Loss [0.1416]	 Train Acc [95.73]	 Train Time [12.96]
Training Flow Model...
Round 88 Flow Model Training Avg Loss: 0.5079
Global model updated via Flow-Assisted Aggregation.
Round [88/200]	 Train Loss [0.1347]	 Train Acc [96.02]	 Train Time [15.65]
Training Flow Model...
Round 89 Flow Model Training Avg Loss: 0.5042
Global model updated via Flow-Assisted Aggregation.
Round [89/200]	 Train Loss [0.1357]	 Train Acc [95.99]	 Train Time [8.79]
Training Flow Model...
Round 90 Flow Model Training Avg Loss: 0.4664
Global model updated via Flow-Assisted Aggregation.
Round [90/200]	 Train Loss [0.1483]	 Train Acc [95.74]	 Train Time [13.68]
Training Flow Model...
Round 91 Flow Model Training Avg Loss: 0.4769
Global model updated via Flow-Assisted Aggregation.
Round [91/200]	 Train Loss [0.1228]	 Train Acc [96.29]	 Train Time [9.47]
Training Flow Model...
Round 92 Flow Model Training Avg Loss: 0.4883
Global model updated via Flow-Assisted Aggregation.
Round [92/200]	 Train Loss [0.1095]	 Train Acc [96.70]	 Train Time [10.81]
Training Flow Model...
Round 93 Flow Model Training Avg Loss: 0.5155
Global model updated via Flow-Assisted Aggregation.
Round [93/200]	 Train Loss [0.1567]	 Train Acc [95.54]	 Train Time [16.75]
Training Flow Model...
Round 94 Flow Model Training Avg Loss: 0.4975
Global model updated via Flow-Assisted Aggregation.
Round [94/200]	 Train Loss [0.1385]	 Train Acc [95.91]	 Train Time [14.77]
Training Flow Model...
Round 95 Flow Model Training Avg Loss: 0.5157
Global model updated via Flow-Assisted Aggregation.
Round [95/200]	 Train Loss [0.1272]	 Train Acc [96.26]	 Train Time [11.85]
Training Flow Model...
Round 96 Flow Model Training Avg Loss: 0.5026
Global model updated via Flow-Assisted Aggregation.
Round [96/200]	 Train Loss [0.1311]	 Train Acc [96.16]	 Train Time [11.83]
Training Flow Model...
Round 97 Flow Model Training Avg Loss: 0.5316
Global model updated via Flow-Assisted Aggregation.
Round [97/200]	 Train Loss [0.1455]	 Train Acc [95.80]	 Train Time [7.25]
Training Flow Model...
Round 98 Flow Model Training Avg Loss: 0.5037
Global model updated via Flow-Assisted Aggregation.
Round [98/200]	 Train Loss [0.1293]	 Train Acc [96.13]	 Train Time [11.52]
Training Flow Model...
Round 99 Flow Model Training Avg Loss: 0.5352
Global model updated via Flow-Assisted Aggregation.
Round [99/200]	 Train Loss [0.1442]	 Train Acc [95.81]	 Train Time [10.68]
Training Flow Model...
Round 100 Flow Model Training Avg Loss: 0.5064
Global model updated via Flow-Assisted Aggregation.
Round [100/200]	 Train Loss [0.1194]	 Train Acc [96.47]	 Test Loss [0.7501|1.1400]	 Test Acc [84.72(11.00)|83.62(9.10)]	 Train Time [11.34]
Training Flow Model...
Round 101 Flow Model Training Avg Loss: 0.5244
Global model updated via Flow-Assisted Aggregation.
Round [101/200]	 Train Loss [0.1310]	 Train Acc [96.19]	 Train Time [13.92]
Training Flow Model...
Round 102 Flow Model Training Avg Loss: 0.5324
Global model updated via Flow-Assisted Aggregation.
Round [102/200]	 Train Loss [0.1263]	 Train Acc [96.30]	 Train Time [15.08]
Training Flow Model...
Round 103 Flow Model Training Avg Loss: 0.4864
Global model updated via Flow-Assisted Aggregation.
Round [103/200]	 Train Loss [0.1302]	 Train Acc [96.14]	 Train Time [15.91]
Training Flow Model...
Round 104 Flow Model Training Avg Loss: 0.5319
Global model updated via Flow-Assisted Aggregation.
Round [104/200]	 Train Loss [0.1228]	 Train Acc [96.39]	 Train Time [12.24]
Training Flow Model...
Round 105 Flow Model Training Avg Loss: 0.5201
Global model updated via Flow-Assisted Aggregation.
Round [105/200]	 Train Loss [0.1512]	 Train Acc [95.54]	 Train Time [14.84]
Training Flow Model...
Round 106 Flow Model Training Avg Loss: 0.5139
Global model updated via Flow-Assisted Aggregation.
Round [106/200]	 Train Loss [0.1362]	 Train Acc [96.12]	 Train Time [13.48]
Training Flow Model...
Round 107 Flow Model Training Avg Loss: 0.4983
Global model updated via Flow-Assisted Aggregation.
Round [107/200]	 Train Loss [0.1347]	 Train Acc [96.14]	 Train Time [12.23]
Training Flow Model...
Round 108 Flow Model Training Avg Loss: 0.4797
Global model updated via Flow-Assisted Aggregation.
Round [108/200]	 Train Loss [0.1081]	 Train Acc [96.73]	 Train Time [9.42]
Training Flow Model...
Round 109 Flow Model Training Avg Loss: 0.5143
Global model updated via Flow-Assisted Aggregation.
Round [109/200]	 Train Loss [0.1219]	 Train Acc [96.42]	 Train Time [11.65]
Training Flow Model...
Round 110 Flow Model Training Avg Loss: 0.4804
Global model updated via Flow-Assisted Aggregation.
Round [110/200]	 Train Loss [0.1294]	 Train Acc [96.21]	 Train Time [13.85]
Training Flow Model...
Round 111 Flow Model Training Avg Loss: 0.4995
Global model updated via Flow-Assisted Aggregation.
Round [111/200]	 Train Loss [0.1184]	 Train Acc [96.49]	 Train Time [12.28]
Training Flow Model...
Round 112 Flow Model Training Avg Loss: 0.4960
Global model updated via Flow-Assisted Aggregation.
Round [112/200]	 Train Loss [0.1201]	 Train Acc [96.53]	 Train Time [14.01]
Training Flow Model...
Round 113 Flow Model Training Avg Loss: 0.5388
Global model updated via Flow-Assisted Aggregation.
Round [113/200]	 Train Loss [0.1327]	 Train Acc [96.04]	 Train Time [10.70]
Training Flow Model...
Round 114 Flow Model Training Avg Loss: 0.5496
Global model updated via Flow-Assisted Aggregation.
Round [114/200]	 Train Loss [0.1374]	 Train Acc [96.00]	 Train Time [13.79]
Training Flow Model...
Round 115 Flow Model Training Avg Loss: 0.5282
Global model updated via Flow-Assisted Aggregation.
Round [115/200]	 Train Loss [0.1260]	 Train Acc [96.21]	 Train Time [11.26]
Training Flow Model...
Round 116 Flow Model Training Avg Loss: 0.5103
Global model updated via Flow-Assisted Aggregation.
Round [116/200]	 Train Loss [0.1198]	 Train Acc [96.39]	 Train Time [11.71]
Training Flow Model...
Round 117 Flow Model Training Avg Loss: 0.5078
Global model updated via Flow-Assisted Aggregation.
Round [117/200]	 Train Loss [0.1013]	 Train Acc [97.07]	 Train Time [12.25]
Training Flow Model...
Round 118 Flow Model Training Avg Loss: 0.4868
Global model updated via Flow-Assisted Aggregation.
Round [118/200]	 Train Loss [0.1145]	 Train Acc [96.72]	 Train Time [15.33]
Training Flow Model...
Round 119 Flow Model Training Avg Loss: 0.5248
Global model updated via Flow-Assisted Aggregation.
Round [119/200]	 Train Loss [0.1260]	 Train Acc [96.38]	 Train Time [15.41]
Training Flow Model...
Round 120 Flow Model Training Avg Loss: 0.4953
Global model updated via Flow-Assisted Aggregation.
Round [120/200]	 Train Loss [0.1190]	 Train Acc [96.52]	 Test Loss [0.7529|1.1109]	 Test Acc [85.01(11.11)|84.14(8.79)]	 Train Time [12.42]
Training Flow Model...
Round 121 Flow Model Training Avg Loss: 0.5065
Global model updated via Flow-Assisted Aggregation.
Round [121/200]	 Train Loss [0.1146]	 Train Acc [96.61]	 Train Time [10.90]
Training Flow Model...
Round 122 Flow Model Training Avg Loss: 0.5001
Global model updated via Flow-Assisted Aggregation.
Round [122/200]	 Train Loss [0.1335]	 Train Acc [95.77]	 Train Time [10.16]
Training Flow Model...
Round 123 Flow Model Training Avg Loss: 0.5044
Global model updated via Flow-Assisted Aggregation.
Round [123/200]	 Train Loss [0.1019]	 Train Acc [97.04]	 Train Time [8.93]
Training Flow Model...
Round 124 Flow Model Training Avg Loss: 0.4809
Global model updated via Flow-Assisted Aggregation.
Round [124/200]	 Train Loss [0.1323]	 Train Acc [96.26]	 Train Time [14.16]
Training Flow Model...
Round 125 Flow Model Training Avg Loss: 0.4927
Global model updated via Flow-Assisted Aggregation.
Round [125/200]	 Train Loss [0.1140]	 Train Acc [96.63]	 Train Time [11.47]
Training Flow Model...
Round 126 Flow Model Training Avg Loss: 0.5348
Global model updated via Flow-Assisted Aggregation.
Round [126/200]	 Train Loss [0.1257]	 Train Acc [96.34]	 Train Time [12.52]
Training Flow Model...
Round 127 Flow Model Training Avg Loss: 0.4777
Global model updated via Flow-Assisted Aggregation.
Round [127/200]	 Train Loss [0.1056]	 Train Acc [96.71]	 Train Time [11.21]
Training Flow Model...
Round 128 Flow Model Training Avg Loss: 0.5055
Global model updated via Flow-Assisted Aggregation.
Round [128/200]	 Train Loss [0.1280]	 Train Acc [96.37]	 Train Time [16.82]
Training Flow Model...
Round 129 Flow Model Training Avg Loss: 0.5084
Global model updated via Flow-Assisted Aggregation.
Round [129/200]	 Train Loss [0.1132]	 Train Acc [96.67]	 Train Time [12.10]
Training Flow Model...
Round 130 Flow Model Training Avg Loss: 0.4864
Global model updated via Flow-Assisted Aggregation.
Round [130/200]	 Train Loss [0.1157]	 Train Acc [96.44]	 Train Time [10.11]
Training Flow Model...
Round 131 Flow Model Training Avg Loss: 0.5314
Global model updated via Flow-Assisted Aggregation.
Round [131/200]	 Train Loss [0.1022]	 Train Acc [96.99]	 Train Time [16.71]
Training Flow Model...
Round 132 Flow Model Training Avg Loss: 0.5158
Global model updated via Flow-Assisted Aggregation.
Round [132/200]	 Train Loss [0.1248]	 Train Acc [96.29]	 Train Time [9.00]
Training Flow Model...
Round 133 Flow Model Training Avg Loss: 0.4766
Global model updated via Flow-Assisted Aggregation.
Round [133/200]	 Train Loss [0.1104]	 Train Acc [96.70]	 Train Time [10.89]
Training Flow Model...
Round 134 Flow Model Training Avg Loss: 0.4863
Global model updated via Flow-Assisted Aggregation.
Round [134/200]	 Train Loss [0.0872]	 Train Acc [97.40]	 Train Time [10.27]
Training Flow Model...
Round 135 Flow Model Training Avg Loss: 0.5158
Global model updated via Flow-Assisted Aggregation.
Round [135/200]	 Train Loss [0.1030]	 Train Acc [96.80]	 Train Time [12.29]
Training Flow Model...
Round 136 Flow Model Training Avg Loss: 0.5320
Global model updated via Flow-Assisted Aggregation.
Round [136/200]	 Train Loss [0.1175]	 Train Acc [96.47]	 Train Time [10.40]
Training Flow Model...
Round 137 Flow Model Training Avg Loss: 0.5446
Global model updated via Flow-Assisted Aggregation.
Round [137/200]	 Train Loss [0.1022]	 Train Acc [96.95]	 Train Time [12.66]
Training Flow Model...
Round 138 Flow Model Training Avg Loss: 0.5208
Global model updated via Flow-Assisted Aggregation.
Round [138/200]	 Train Loss [0.1037]	 Train Acc [97.00]	 Train Time [13.82]
Training Flow Model...
Round 139 Flow Model Training Avg Loss: 0.4736
Global model updated via Flow-Assisted Aggregation.
Round [139/200]	 Train Loss [0.0940]	 Train Acc [97.36]	 Train Time [8.47]
Training Flow Model...
Round 140 Flow Model Training Avg Loss: 0.5519
Global model updated via Flow-Assisted Aggregation.
Round [140/200]	 Train Loss [0.1189]	 Train Acc [96.45]	 Test Loss [0.7325|1.0691]	 Test Acc [84.95(12.02)|84.49(9.33)]	 Train Time [11.43]
Training Flow Model...
Round 141 Flow Model Training Avg Loss: 0.5111
Global model updated via Flow-Assisted Aggregation.
Round [141/200]	 Train Loss [0.1017]	 Train Acc [96.95]	 Train Time [14.55]
Training Flow Model...
Round 142 Flow Model Training Avg Loss: 0.5195
Global model updated via Flow-Assisted Aggregation.
Round [142/200]	 Train Loss [0.1222]	 Train Acc [96.44]	 Train Time [10.56]
Training Flow Model...
Round 143 Flow Model Training Avg Loss: 0.5150
Global model updated via Flow-Assisted Aggregation.
Round [143/200]	 Train Loss [0.1236]	 Train Acc [96.59]	 Train Time [9.15]
Training Flow Model...
Round 144 Flow Model Training Avg Loss: 0.5148
Global model updated via Flow-Assisted Aggregation.
Round [144/200]	 Train Loss [0.1192]	 Train Acc [96.45]	 Train Time [10.70]
Training Flow Model...
Round 145 Flow Model Training Avg Loss: 0.5098
Global model updated via Flow-Assisted Aggregation.
Round [145/200]	 Train Loss [0.1012]	 Train Acc [97.04]	 Train Time [15.47]
Training Flow Model...
Round 146 Flow Model Training Avg Loss: 0.5098
Global model updated via Flow-Assisted Aggregation.
Round [146/200]	 Train Loss [0.1066]	 Train Acc [96.84]	 Train Time [13.51]
Training Flow Model...
Round 147 Flow Model Training Avg Loss: 0.4914
Global model updated via Flow-Assisted Aggregation.
Round [147/200]	 Train Loss [0.1139]	 Train Acc [96.50]	 Train Time [11.47]
Training Flow Model...
Round 148 Flow Model Training Avg Loss: 0.5578
Global model updated via Flow-Assisted Aggregation.
Round [148/200]	 Train Loss [0.1030]	 Train Acc [96.96]	 Train Time [13.00]
Training Flow Model...
Round 149 Flow Model Training Avg Loss: 0.5347
Global model updated via Flow-Assisted Aggregation.
Round [149/200]	 Train Loss [0.1009]	 Train Acc [97.05]	 Train Time [15.36]
Training Flow Model...
Round 150 Flow Model Training Avg Loss: 0.5077
Global model updated via Flow-Assisted Aggregation.
Round [150/200]	 Train Loss [0.1000]	 Train Acc [96.99]	 Train Time [9.11]
Training Flow Model...
Round 151 Flow Model Training Avg Loss: 0.5015
Global model updated via Flow-Assisted Aggregation.
Round [151/200]	 Train Loss [0.0931]	 Train Acc [97.17]	 Train Time [8.26]
Training Flow Model...
Round 152 Flow Model Training Avg Loss: 0.4864
Global model updated via Flow-Assisted Aggregation.
Round [152/200]	 Train Loss [0.0943]	 Train Acc [97.28]	 Train Time [12.35]
Training Flow Model...
Round 153 Flow Model Training Avg Loss: 0.4946
Global model updated via Flow-Assisted Aggregation.
Round [153/200]	 Train Loss [0.0997]	 Train Acc [97.00]	 Train Time [16.28]
Training Flow Model...
Round 154 Flow Model Training Avg Loss: 0.5293
Global model updated via Flow-Assisted Aggregation.
Round [154/200]	 Train Loss [0.1055]	 Train Acc [97.00]	 Train Time [10.39]
Training Flow Model...
Round 155 Flow Model Training Avg Loss: 0.5421
Global model updated via Flow-Assisted Aggregation.
Round [155/200]	 Train Loss [0.1217]	 Train Acc [96.35]	 Train Time [7.71]
Training Flow Model...
Round 156 Flow Model Training Avg Loss: 0.5113
Global model updated via Flow-Assisted Aggregation.
Round [156/200]	 Train Loss [0.1048]	 Train Acc [96.85]	 Train Time [11.33]
Training Flow Model...
Round 157 Flow Model Training Avg Loss: 0.5335
Global model updated via Flow-Assisted Aggregation.
Round [157/200]	 Train Loss [0.0923]	 Train Acc [97.27]	 Train Time [13.20]
Training Flow Model...
Round 158 Flow Model Training Avg Loss: 0.5076
Global model updated via Flow-Assisted Aggregation.
Round [158/200]	 Train Loss [0.1054]	 Train Acc [96.98]	 Train Time [10.03]
Training Flow Model...
Round 159 Flow Model Training Avg Loss: 0.4952
Global model updated via Flow-Assisted Aggregation.
Round [159/200]	 Train Loss [0.1022]	 Train Acc [96.86]	 Train Time [11.55]
Training Flow Model...
Round 160 Flow Model Training Avg Loss: 0.4987
Global model updated via Flow-Assisted Aggregation.
Round [160/200]	 Train Loss [0.0884]	 Train Acc [97.44]	 Test Loss [0.7374|1.1091]	 Test Acc [85.06(11.49)|83.97(9.21)]	 Train Time [9.28]
Training Flow Model...
Round 161 Flow Model Training Avg Loss: 0.5180
Global model updated via Flow-Assisted Aggregation.
Round [161/200]	 Train Loss [0.1211]	 Train Acc [96.36]	 Train Time [13.37]
Training Flow Model...
Round 162 Flow Model Training Avg Loss: 0.5198
Global model updated via Flow-Assisted Aggregation.
Round [162/200]	 Train Loss [0.1106]	 Train Acc [96.60]	 Train Time [11.33]
Training Flow Model...
Round 163 Flow Model Training Avg Loss: 0.5069
Global model updated via Flow-Assisted Aggregation.
Round [163/200]	 Train Loss [0.0905]	 Train Acc [97.23]	 Train Time [14.21]
Training Flow Model...
Round 164 Flow Model Training Avg Loss: 0.5400
Global model updated via Flow-Assisted Aggregation.
Round [164/200]	 Train Loss [0.0888]	 Train Acc [97.35]	 Train Time [13.66]
Training Flow Model...
Round 165 Flow Model Training Avg Loss: 0.4644
Global model updated via Flow-Assisted Aggregation.
Round [165/200]	 Train Loss [0.0912]	 Train Acc [97.35]	 Train Time [9.47]
Training Flow Model...
Round 166 Flow Model Training Avg Loss: 0.5060
Global model updated via Flow-Assisted Aggregation.
Round [166/200]	 Train Loss [0.0984]	 Train Acc [97.09]	 Train Time [13.04]
Training Flow Model...
Round 167 Flow Model Training Avg Loss: 0.4825
Global model updated via Flow-Assisted Aggregation.
Round [167/200]	 Train Loss [0.0860]	 Train Acc [97.49]	 Train Time [13.15]
Training Flow Model...
Round 168 Flow Model Training Avg Loss: 0.4904
Global model updated via Flow-Assisted Aggregation.
Round [168/200]	 Train Loss [0.1059]	 Train Acc [96.85]	 Train Time [12.61]
Training Flow Model...
Round 169 Flow Model Training Avg Loss: 0.5122
Global model updated via Flow-Assisted Aggregation.
Round [169/200]	 Train Loss [0.1014]	 Train Acc [97.18]	 Train Time [10.10]
Training Flow Model...
Round 170 Flow Model Training Avg Loss: 0.4988
Global model updated via Flow-Assisted Aggregation.
Round [170/200]	 Train Loss [0.0959]	 Train Acc [97.20]	 Train Time [9.79]
Training Flow Model...
Round 171 Flow Model Training Avg Loss: 0.5133
Global model updated via Flow-Assisted Aggregation.
Round [171/200]	 Train Loss [0.1048]	 Train Acc [96.88]	 Train Time [11.97]
Training Flow Model...
Round 172 Flow Model Training Avg Loss: 0.4981
Global model updated via Flow-Assisted Aggregation.
Round [172/200]	 Train Loss [0.0977]	 Train Acc [97.12]	 Train Time [13.94]
Training Flow Model...
Round 173 Flow Model Training Avg Loss: 0.5035
Global model updated via Flow-Assisted Aggregation.
Round [173/200]	 Train Loss [0.1009]	 Train Acc [97.04]	 Train Time [13.19]
Training Flow Model...
Round 174 Flow Model Training Avg Loss: 0.5285
Global model updated via Flow-Assisted Aggregation.
Round [174/200]	 Train Loss [0.0969]	 Train Acc [97.16]	 Train Time [14.60]
Training Flow Model...
Round 175 Flow Model Training Avg Loss: 0.4727
Global model updated via Flow-Assisted Aggregation.
Round [175/200]	 Train Loss [0.0950]	 Train Acc [97.23]	 Train Time [19.16]
Training Flow Model...
Round 176 Flow Model Training Avg Loss: 0.5066
Global model updated via Flow-Assisted Aggregation.
Round [176/200]	 Train Loss [0.0884]	 Train Acc [97.29]	 Train Time [13.93]
Training Flow Model...
Round 177 Flow Model Training Avg Loss: 0.4943
Global model updated via Flow-Assisted Aggregation.
Round [177/200]	 Train Loss [0.1019]	 Train Acc [96.85]	 Train Time [13.70]
Training Flow Model...
Round 178 Flow Model Training Avg Loss: 0.5405
Global model updated via Flow-Assisted Aggregation.
Round [178/200]	 Train Loss [0.0954]	 Train Acc [97.31]	 Train Time [11.35]
Training Flow Model...
Round 179 Flow Model Training Avg Loss: 0.4938
Global model updated via Flow-Assisted Aggregation.
Round [179/200]	 Train Loss [0.0814]	 Train Acc [97.48]	 Train Time [13.44]
Training Flow Model...
Round 180 Flow Model Training Avg Loss: 0.5326
Global model updated via Flow-Assisted Aggregation.
Round [180/200]	 Train Loss [0.0840]	 Train Acc [97.51]	 Test Loss [0.7497|1.0737]	 Test Acc [85.58(11.66)|85.24(9.11)]	 Train Time [12.31]
Training Flow Model...
Round 181 Flow Model Training Avg Loss: 0.5305
Global model updated via Flow-Assisted Aggregation.
Round [181/200]	 Train Loss [0.1017]	 Train Acc [97.06]	 Train Time [10.60]
Training Flow Model...
Round 182 Flow Model Training Avg Loss: 0.5271
Global model updated via Flow-Assisted Aggregation.
Round [182/200]	 Train Loss [0.0974]	 Train Acc [97.09]	 Train Time [11.99]
Training Flow Model...
Round 183 Flow Model Training Avg Loss: 0.5072
Global model updated via Flow-Assisted Aggregation.
Round [183/200]	 Train Loss [0.0978]	 Train Acc [96.99]	 Train Time [11.40]
Training Flow Model...
Round 184 Flow Model Training Avg Loss: 0.5607
Global model updated via Flow-Assisted Aggregation.
Round [184/200]	 Train Loss [0.0970]	 Train Acc [97.27]	 Train Time [14.47]
Training Flow Model...
Round 185 Flow Model Training Avg Loss: 0.5172
Global model updated via Flow-Assisted Aggregation.
Round [185/200]	 Train Loss [0.0925]	 Train Acc [97.25]	 Train Time [10.32]
Training Flow Model...
Round 186 Flow Model Training Avg Loss: 0.5183
Global model updated via Flow-Assisted Aggregation.
Round [186/200]	 Train Loss [0.1036]	 Train Acc [96.91]	 Train Time [10.36]
Training Flow Model...
Round 187 Flow Model Training Avg Loss: 0.4609
Global model updated via Flow-Assisted Aggregation.
Round [187/200]	 Train Loss [0.0948]	 Train Acc [97.24]	 Train Time [13.69]
Training Flow Model...
Round 188 Flow Model Training Avg Loss: 0.5036
Global model updated via Flow-Assisted Aggregation.
Round [188/200]	 Train Loss [0.0866]	 Train Acc [97.37]	 Train Time [11.37]
Training Flow Model...
Round 189 Flow Model Training Avg Loss: 0.4980
Global model updated via Flow-Assisted Aggregation.
Round [189/200]	 Train Loss [0.0895]	 Train Acc [97.35]	 Train Time [14.33]
Training Flow Model...
Round 190 Flow Model Training Avg Loss: 0.4981
Global model updated via Flow-Assisted Aggregation.
Round [190/200]	 Train Loss [0.0899]	 Train Acc [97.39]	 Train Time [14.52]
Training Flow Model...
Round 191 Flow Model Training Avg Loss: 0.5038
Global model updated via Flow-Assisted Aggregation.
Round [191/200]	 Train Loss [0.0912]	 Train Acc [97.28]	 Train Time [14.30]
Training Flow Model...
Round 192 Flow Model Training Avg Loss: 0.5085
Global model updated via Flow-Assisted Aggregation.
Round [192/200]	 Train Loss [0.0958]	 Train Acc [97.20]	 Train Time [16.86]
Training Flow Model...
Round 193 Flow Model Training Avg Loss: 0.4747
Global model updated via Flow-Assisted Aggregation.
Round [193/200]	 Train Loss [0.0871]	 Train Acc [97.46]	 Train Time [12.05]
Training Flow Model...
Round 194 Flow Model Training Avg Loss: 0.5261
Global model updated via Flow-Assisted Aggregation.
Round [194/200]	 Train Loss [0.0852]	 Train Acc [97.45]	 Train Time [15.32]
Training Flow Model...
Round 195 Flow Model Training Avg Loss: 0.4804
Global model updated via Flow-Assisted Aggregation.
Round [195/200]	 Train Loss [0.0806]	 Train Acc [97.62]	 Train Time [9.30]
Training Flow Model...
Round 196 Flow Model Training Avg Loss: 0.5171
Global model updated via Flow-Assisted Aggregation.
Round [196/200]	 Train Loss [0.0918]	 Train Acc [97.29]	 Train Time [14.29]
Training Flow Model...
Round 197 Flow Model Training Avg Loss: 0.4904
Global model updated via Flow-Assisted Aggregation.
Round [197/200]	 Train Loss [0.0922]	 Train Acc [97.29]	 Train Time [13.46]
Training Flow Model...
Round 198 Flow Model Training Avg Loss: 0.5503
Global model updated via Flow-Assisted Aggregation.
Round [198/200]	 Train Loss [0.1007]	 Train Acc [97.04]	 Train Time [12.98]
Training Flow Model...
Round 199 Flow Model Training Avg Loss: 0.4892
Global model updated via Flow-Assisted Aggregation.
Round [199/200]	 Train Loss [0.0975]	 Train Acc [97.21]	 Train Time [9.62]
Training Flow Model...
Round 200 Flow Model Training Avg Loss: 0.5193
Global model updated via Flow-Assisted Aggregation.
Round [200/200]	 Train Loss [0.0911]	 Train Acc [97.25]	 Test Loss [0.7120|1.0780]	 Test Acc [85.93(10.80)|84.03(9.27)]	 Train Time [40.67]
Method took (12.46, 2.89) seconds per training iteration
Method took (2896.26) total seconds
