Training FedAvg...
Round [1/200]    Train Loss [3.7288]     Train Acc [17.08]       Train Time [25.39]
Round [2/200]    Train Loss [2.9592]     Train Acc [22.33]       Train Time [20.83]
Round [3/200]    Train Loss [2.9312]     Train Acc [23.21]       Train Time [22.24]
Round [4/200]    Train Loss [2.8494]     Train Acc [26.16]       Train Time [24.25]
Round [5/200]    Train Loss [2.6144]     Train Acc [31.37]       Train Time [29.38]
Round [6/200]    Train Loss [2.4939]     Train Acc [34.20]       Train Time [27.31]
Round [7/200]    Train Loss [2.5909]     Train Acc [29.84]       Train Time [19.09]
Round [8/200]    Train Loss [2.4375]     Train Acc [33.98]       Train Time [22.50]
Round [9/200]    Train Loss [2.4279]     Train Acc [33.80]       Train Time [20.89]
Round [10/200]   Train Loss [2.3811]     Train Acc [35.33]       Train Time [23.82]
Round [11/200]   Train Loss [2.2509]     Train Acc [38.33]       Train Time [19.27]
Round [12/200]   Train Loss [2.2078]     Train Acc [39.99]       Train Time [22.18]
Round [13/200]   Train Loss [2.2230]     Train Acc [39.00]       Train Time [23.56]
Round [14/200]   Train Loss [2.1697]     Train Acc [39.96]       Train Time [21.78]
Round [15/200]   Train Loss [2.0534]     Train Acc [43.44]       Train Time [26.12]
Round [16/200]   Train Loss [2.0764]     Train Acc [43.22]       Train Time [23.62]
Round [17/200]   Train Loss [2.0230]     Train Acc [43.36]       Train Time [22.24]
Round [18/200]   Train Loss [1.9703]     Train Acc [45.27]       Train Time [25.19]
Round [19/200]   Train Loss [1.8514]     Train Acc [49.10]       Train Time [17.46]
Round [20/200]   Train Loss [1.9106]     Train Acc [46.53]       Test Loss [3.6974|2.1058]        Test Acc [12.73(7.51)|43.14(11.85)]     Train Time [24.84]
Round [21/200]   Train Loss [1.7820]     Train Acc [49.42]       Train Time [26.16]
Round [22/200]   Train Loss [1.8013]     Train Acc [49.89]       Train Time [18.73]
Round [23/200]   Train Loss [1.7892]     Train Acc [49.69]       Train Time [18.67]
Round [24/200]   Train Loss [1.7248]     Train Acc [51.56]       Train Time [19.36]
Round [25/200]   Train Loss [1.6173]     Train Acc [53.80]       Train Time [16.02]
Round [26/200]   Train Loss [1.5904]     Train Acc [55.10]       Train Time [21.46]
Round [27/200]   Train Loss [1.6121]     Train Acc [54.22]       Train Time [25.39]
Round [28/200]   Train Loss [1.4984]     Train Acc [57.27]       Train Time [22.66]
Round [29/200]   Train Loss [1.4688]     Train Acc [58.54]       Train Time [26.91]
Round [30/200]   Train Loss [1.4731]     Train Acc [58.21]       Train Time [26.32]
Round [31/200]   Train Loss [1.4032]     Train Acc [59.33]       Train Time [27.82]
Round [32/200]   Train Loss [1.4062]     Train Acc [59.72]       Train Time [17.31]
Round [33/200]   Train Loss [1.2858]     Train Acc [63.32]       Train Time [22.26]
Round [34/200]   Train Loss [1.3088]     Train Acc [63.01]       Train Time [21.01]
Round [35/200]   Train Loss [1.2147]     Train Acc [65.73]       Train Time [20.50]
Round [36/200]   Train Loss [1.2120]     Train Acc [65.52]       Train Time [23.49]
Round [37/200]   Train Loss [1.1388]     Train Acc [67.98]       Train Time [19.74]
Round [38/200]   Train Loss [1.1458]     Train Acc [67.58]       Train Time [23.64]
Round [39/200]   Train Loss [1.1522]     Train Acc [68.09]       Train Time [19.74]
Round [40/200]   Train Loss [1.1376]     Train Acc [68.03]       Test Loss [3.3281|2.3488]     Test Acc [20.51(8.72)|46.92(11.69)]     Train Time [21.65]
Round [41/200]   Train Loss [1.0616]     Train Acc [70.18]       Train Time [29.19]
Round [42/200]   Train Loss [1.0029]     Train Acc [72.16]       Train Time [26.59]
Round [43/200]   Train Loss [0.9999]     Train Acc [71.93]       Train Time [29.40]
Round [44/200]   Train Loss [1.0449]     Train Acc [71.01]       Train Time [17.40]
Round [45/200]   Train Loss [1.0170]     Train Acc [71.71]       Train Time [20.65]
Round [46/200]   Train Loss [0.8865]     Train Acc [75.39]       Train Time [26.31]
Round [47/200]   Train Loss [0.9566]     Train Acc [73.48]       Train Time [22.81]
Round [48/200]   Train Loss [0.9035]     Train Acc [74.94]       Train Time [23.71]
Round [49/200]   Train Loss [0.8568]     Train Acc [76.60]       Train Time [31.23]
Round [50/200]   Train Loss [0.8628]     Train Acc [76.50]       Train Time [25.64]
Round [51/200]   Train Loss [0.8702]     Train Acc [76.05]       Train Time [21.79]
Round [52/200]   Train Loss [0.8647]     Train Acc [76.24]       Train Time [25.10]
Round [53/200]   Train Loss [0.8273]     Train Acc [77.41]       Train Time [20.17]
Round [54/200]   Train Loss [0.8201]     Train Acc [77.44]       Train Time [26.11]
Round [55/200]   Train Loss [0.8206]     Train Acc [77.47]       Train Time [25.22]
Round [56/200]   Train Loss [0.7904]     Train Acc [78.50]       Train Time [26.96]
Round [57/200]   Train Loss [0.7873]     Train Acc [78.27]       Train Time [22.59]
Round [58/200]   Train Loss [0.7623]     Train Acc [79.35]       Train Time [19.23]
Round [59/200]   Train Loss [0.7712]     Train Acc [78.94]       Train Time [31.69]
Round [60/200]   Train Loss [0.7397]     Train Acc [79.89]       Test Loss [3.2987|2.5366]      Test Acc [23.85(9.07)|49.93(12.32)]     Train Time [22.41]
Round [61/200]   Train Loss [0.7246]     Train Acc [80.43]       Train Time [22.81]
Round [62/200]   Train Loss [0.7411]     Train Acc [79.87]       Train Time [24.45]
Round [63/200]   Train Loss [0.7603]     Train Acc [79.25]       Train Time [21.96]
Round [64/200]   Train Loss [0.7061]     Train Acc [80.86]       Train Time [29.97]
Round [65/200]   Train Loss [0.6991]     Train Acc [80.90]       Train Time [23.05]
Round [66/200]   Train Loss [0.6779]     Train Acc [81.79]       Train Time [21.07]
Round [67/200]   Train Loss [0.7234]     Train Acc [80.74]       Train Time [25.78]
Round [68/200]   Train Loss [0.6769]     Train Acc [81.86]       Train Time [23.99]
Round [69/200]   Train Loss [0.6698]     Train Acc [81.93]       Train Time [28.83]
Round [70/200]   Train Loss [0.6550]     Train Acc [82.42]       Train Time [25.24]
Round [71/200]   Train Loss [0.6680]     Train Acc [82.08]       Train Time [22.88]
Round [72/200]   Train Loss [0.6113]     Train Acc [83.45]       Train Time [24.06]
Round [73/200]   Train Loss [0.6462]     Train Acc [82.69]       Train Time [31.12]
Round [74/200]   Train Loss [0.6258]     Train Acc [83.16]       Train Time [23.83]
Round [75/200]   Train Loss [0.6351]     Train Acc [82.95]       Train Time [23.46]
Round [76/200]   Train Loss [0.6479]     Train Acc [82.49]       Train Time [20.09]
Round [77/200]   Train Loss [0.5943]     Train Acc [83.89]       Train Time [17.01]
Round [78/200]   Train Loss [0.6313]     Train Acc [83.12]       Train Time [21.47]
Round [79/200]   Train Loss [0.5737]     Train Acc [84.41]       Train Time [20.29]
Round [80/200]   Train Loss [0.6136]     Train Acc [83.49]       Test Loss [3.2985|2.5782]      Test Acc [26.15(9.62)|51.25(11.48)]     Train Time [19.82]
Round [81/200]   Train Loss [0.5885]     Train Acc [84.24]       Train Time [19.56]
Round [82/200]   Train Loss [0.5873]     Train Acc [84.22]       Train Time [21.05]
Round [83/200]   Train Loss [0.5804]     Train Acc [84.55]       Train Time [21.39]
Round [84/200]   Train Loss [0.6224]     Train Acc [83.31]       Train Time [21.70]
Round [85/200]   Train Loss [0.5621]     Train Acc [84.72]       Train Time [27.97]
Round [86/200]   Train Loss [0.5658]     Train Acc [84.98]       Train Time [27.89]
Round [87/200]   Train Loss [0.5416]     Train Acc [85.17]       Train Time [19.02]
Round [88/200]   Train Loss [0.5697]     Train Acc [84.60]       Train Time [23.09]
Round [89/200]   Train Loss [0.5770]     Train Acc [84.43]       Train Time [23.28]
Round [90/200]   Train Loss [0.5403]     Train Acc [85.40]       Train Time [27.39]
Round [91/200]   Train Loss [0.5479]     Train Acc [85.24]       Train Time [25.28]
Round [92/200]   Train Loss [0.5412]     Train Acc [85.46]       Train Time [21.32]
Round [93/200]   Train Loss [0.5361]     Train Acc [85.83]       Train Time [26.79]
Round [94/200]   Train Loss [0.5471]     Train Acc [85.23]       Train Time [25.87]
Round [95/200]   Train Loss [0.5035]     Train Acc [86.24]       Train Time [22.90]
Round [96/200]   Train Loss [0.5289]     Train Acc [85.83]       Train Time [23.01]
Round [97/200]   Train Loss [0.5291]     Train Acc [85.73]       Train Time [17.96]
Round [98/200]   Train Loss [0.5487]     Train Acc [85.13]       Train Time [29.00]
Round [99/200]   Train Loss [0.5096]     Train Acc [86.43]       Train Time [18.25]
Round [100/200]  Train Loss [0.5189]     Train Acc [85.94]       Test Loss [3.3337|2.6754]      Test Acc [25.82(9.76)|51.67(11.34)]     Train Time [31.37]
Round [101/200]  Train Loss [0.5218]     Train Acc [86.06]       Train Time [19.84]
Round [102/200]  Train Loss [0.5197]     Train Acc [86.07]       Train Time [28.91]
Round [103/200]  Train Loss [0.5060]     Train Acc [86.38]       Train Time [22.40]
Round [104/200]  Train Loss [0.5170]     Train Acc [85.98]       Train Time [25.71]
Round [105/200]  Train Loss [0.5025]     Train Acc [86.48]       Train Time [26.85]
Round [106/200]  Train Loss [0.5099]     Train Acc [86.35]       Train Time [20.01]
Round [107/200]  Train Loss [0.5115]     Train Acc [86.29]       Train Time [24.75]
Round [108/200]  Train Loss [0.4795]     Train Acc [86.93]       Train Time [17.87]
Round [109/200]  Train Loss [0.4962]     Train Acc [86.71]       Train Time [29.69]
Round [110/200]  Train Loss [0.4892]     Train Acc [86.79]       Train Time [24.38]
Round [111/200]  Train Loss [0.4796]     Train Acc [87.04]       Train Time [20.03]
Round [112/200]  Train Loss [0.4640]     Train Acc [87.47]       Train Time [17.73]
Round [113/200]  Train Loss [0.4789]     Train Acc [87.17]       Train Time [20.63]
Round [114/200]  Train Loss [0.4952]     Train Acc [86.77]       Train Time [23.82]
Round [115/200]  Train Loss [0.4564]     Train Acc [87.55]       Train Time [25.33]
Round [116/200]  Train Loss [0.4940]     Train Acc [86.58]       Train Time [25.81]
Round [117/200]  Train Loss [0.4405]     Train Acc [88.12]       Train Time [21.26]
Round [118/200]  Train Loss [0.4981]     Train Acc [86.65]       Train Time [18.99]
Round [119/200]  Train Loss [0.4577]     Train Acc [87.58]       Train Time [26.66]
Round [120/200]  Train Loss [0.4221]     Train Acc [88.46]       Test Loss [3.4495|2.6690]      Test Acc [25.56(10.22)|51.90(10.54)]    Train Time [20.84]
Round [121/200]  Train Loss [0.4747]     Train Acc [87.11]       Train Time [24.84]
Round [122/200]  Train Loss [0.4652]     Train Acc [87.58]       Train Time [22.95]
Round [123/200]  Train Loss [0.4230]     Train Acc [88.45]       Train Time [22.65]
Round [124/200]  Train Loss [0.4397]     Train Acc [87.98]       Train Time [36.16]
Round [125/200]  Train Loss [0.4646]     Train Acc [87.43]       Train Time [21.21]
Round [126/200]  Train Loss [0.4559]     Train Acc [87.72]       Train Time [25.91]
Round [127/200]  Train Loss [0.4438]     Train Acc [87.77]       Train Time [28.48]
Round [128/200]  Train Loss [0.4320]     Train Acc [88.22]       Train Time [20.46]
Round [129/200]  Train Loss [0.4557]     Train Acc [87.66]       Train Time [25.07]
Round [130/200]  Train Loss [0.4488]     Train Acc [87.67]       Train Time [19.97]
Round [131/200]  Train Loss [0.4707]     Train Acc [87.32]       Train Time [22.80]
Round [132/200]  Train Loss [0.4282]     Train Acc [88.22]       Train Time [22.34]
Round [133/200]  Train Loss [0.4716]     Train Acc [87.20]       Train Time [24.78]
Round [134/200]  Train Loss [0.4103]     Train Acc [88.69]       Train Time [22.12]
Round [135/200]  Train Loss [0.4202]     Train Acc [88.52]       Train Time [26.80]
Round [136/200]  Train Loss [0.4587]     Train Acc [87.64]       Train Time [24.99]
Round [137/200]  Train Loss [0.4085]     Train Acc [88.74]       Train Time [15.01]
Round [138/200]  Train Loss [0.4235]     Train Acc [88.39]       Train Time [24.99]
Round [139/200]  Train Loss [0.4054]     Train Acc [89.03]       Train Time [22.42]
Round [140/200]  Train Loss [0.3960]     Train Acc [89.22]       Test Loss [3.4826|2.7052]      Test Acc [25.49(10.15)|52.30(10.39)]    Train Time [21.73]
Round [141/200]  Train Loss [0.4446]     Train Acc [88.04]       Train Time [20.44]
Round [142/200]  Train Loss [0.4283]     Train Acc [88.35]       Train Time [25.91]
Round [143/200]  Train Loss [0.4229]     Train Acc [88.41]       Train Time [23.76]
Round [144/200]  Train Loss [0.3982]     Train Acc [89.12]       Train Time [20.71]
Round [145/200]  Train Loss [0.4242]     Train Acc [88.41]       Train Time [26.79]
Round [146/200]  Train Loss [0.4098]     Train Acc [88.77]       Train Time [26.04]
Round [147/200]  Train Loss [0.4208]     Train Acc [88.44]       Train Time [29.28]
Round [148/200]  Train Loss [0.3989]     Train Acc [88.95]       Train Time [22.74]
Round [149/200]  Train Loss [0.4115]     Train Acc [88.72]       Train Time [25.15]
Round [150/200]  Train Loss [0.4029]     Train Acc [89.02]       Train Time [25.02]
Round [151/200]  Train Loss [0.4047]     Train Acc [88.89]       Train Time [22.90]
Round [152/200]  Train Loss [0.3949]     Train Acc [89.25]       Train Time [23.52]
Round [153/200]  Train Loss [0.3842]     Train Acc [89.47]       Train Time [22.95]
Round [154/200]  Train Loss [0.4057]     Train Acc [89.07]       Train Time [21.85]
Round [155/200]  Train Loss [0.4133]     Train Acc [88.54]       Train Time [25.43]
Round [156/200]  Train Loss [0.4172]     Train Acc [88.56]       Train Time [21.79]
Round [157/200]  Train Loss [0.4111]     Train Acc [88.76]       Train Time [26.01]
Round [158/200]  Train Loss [0.3773]     Train Acc [89.43]       Train Time [26.36]
Round [159/200]  Train Loss [0.3927]     Train Acc [89.14]       Train Time [19.63]
Round [160/200]  Train Loss [0.3993]     Train Acc [89.00]       Test Loss [3.4988|2.7975]      Test Acc [26.21(10.35)|52.10(10.18)]    Train Time [25.56]
Round [161/200]  Train Loss [0.3963]     Train Acc [89.12]       Train Time [21.05]
Round [162/200]  Train Loss [0.4067]     Train Acc [88.98]       Train Time [26.35]
Round [163/200]  Train Loss [0.3819]     Train Acc [89.55]       Train Time [24.03]
Round [164/200]  Train Loss [0.3830]     Train Acc [89.39]       Train Time [26.30]
Round [165/200]  Train Loss [0.3753]     Train Acc [89.53]       Train Time [25.26]
Round [166/200]  Train Loss [0.3928]     Train Acc [89.19]       Train Time [23.17]
Round [167/200]  Train Loss [0.4113]     Train Acc [88.66]       Train Time [19.25]
Round [168/200]  Train Loss [0.3819]     Train Acc [89.44]       Train Time [24.00]
Round [169/200]  Train Loss [0.3859]     Train Acc [89.30]       Train Time [30.36]
Round [170/200]  Train Loss [0.3863]     Train Acc [89.26]       Train Time [18.83]
Round [171/200]  Train Loss [0.4015]     Train Acc [89.02]       Train Time [28.19]
Round [172/200]  Train Loss [0.3561]     Train Acc [90.13]       Train Time [23.94]
Round [173/200]  Train Loss [0.3528]     Train Acc [90.16]       Train Time [25.39]
Round [174/200]  Train Loss [0.3673]     Train Acc [89.87]       Train Time [23.05]
Round [175/200]  Train Loss [0.3731]     Train Acc [89.61]       Train Time [25.36]
Round [176/200]  Train Loss [0.3833]     Train Acc [89.58]       Train Time [19.94]
Round [177/200]  Train Loss [0.4029]     Train Acc [89.04]       Train Time [23.90]
Round [178/200]  Train Loss [0.3680]     Train Acc [89.76]       Train Time [25.45]
Round [179/200]  Train Loss [0.3742]     Train Acc [89.42]       Train Time [16.90]
Round [180/200]  Train Loss [0.3827]     Train Acc [89.38]       Test Loss [3.5488|2.7951]      Test Acc [25.85(9.99)|51.77(10.67)]     Train Time [24.65]
Round [181/200]  Train Loss [0.3606]     Train Acc [90.12]       Train Time [27.22]
Round [182/200]  Train Loss [0.3686]     Train Acc [89.81]       Train Time [25.84]
Round [183/200]  Train Loss [0.3858]     Train Acc [89.19]       Train Time [20.86]
Round [184/200]  Train Loss [0.3510]     Train Acc [90.22]       Train Time [21.93]
Round [185/200]  Train Loss [0.3542]     Train Acc [90.17]       Train Time [31.64]
Round [186/200]  Train Loss [0.3557]     Train Acc [90.07]       Train Time [28.65]
Round [187/200]  Train Loss [0.3635]     Train Acc [89.89]       Train Time [27.97]
Round [188/200]  Train Loss [0.3773]     Train Acc [89.64]       Train Time [29.64]
Round [189/200]  Train Loss [0.3662]     Train Acc [89.80]       Train Time [22.80]
Round [190/200]  Train Loss [0.3516]     Train Acc [90.12]       Train Time [27.76]
Round [191/200]  Train Loss [0.3764]     Train Acc [89.56]       Train Time [23.22]
Round [192/200]  Train Loss [0.3739]     Train Acc [89.64]       Train Time [30.13]
Round [193/200]  Train Loss [0.3493]     Train Acc [90.23]       Train Time [23.05]
Round [194/200]  Train Loss [0.3528]     Train Acc [90.08]       Train Time [26.11]
Round [195/200]  Train Loss [0.3468]     Train Acc [90.32]       Train Time [25.90]
Round [196/200]  Train Loss [0.3436]     Train Acc [90.32]       Train Time [26.55]
Round [197/200]  Train Loss [0.3535]     Train Acc [90.14]       Train Time [27.91]
Round [198/200]  Train Loss [0.3350]     Train Acc [90.72]       Train Time [29.06]
Round [199/200]  Train Loss [0.3539]     Train Acc [89.99]       Train Time [16.01]
Round [200/200]  Train Loss [0.3605]     Train Acc [89.96]       Test Loss [3.5157|2.8689]      Test Acc [26.64(10.55)|51.41(10.54)]    Train Time [77.58]
Method took (24.02, 5.19) seconds per training iteration
Method took (4810.19) total seconds