Training FedPac...
Round [1/200]	Train Loss (CE|Proto) [1.6879|0.0004]	Train Acc (Rep) [43.63]	Time [25.02s]
Round [2/200]	Train Loss (CE|Proto) [1.7791|0.0009]	Train Acc (Rep) [40.64]	Time [26.52s]
Round [3/200]	Train Loss (CE|Proto) [1.6187|0.0022]	Train Acc (Rep) [42.56]	Time [29.84s]
Round [4/200]	Train Loss (CE|Proto) [1.6492|0.0027]	Train Acc (Rep) [43.19]	Time [23.41s]
Round [5/200]	Train Loss (CE|Proto) [1.7017|0.0024]	Train Acc (Rep) [42.73]	Time [25.51s]
Round [6/200]	Train Loss (CE|Proto) [1.6181|0.0033]	Train Acc (Rep) [43.32]	Time [30.53s]
Round [7/200]	Train Loss (CE|Proto) [1.5317|0.0041]	Train Acc (Rep) [45.63]	Time [28.09s]
Round [8/200]	Train Loss (CE|Proto) [1.5650|0.0045]	Train Acc (Rep) [43.00]	Time [35.49s]
Round [9/200]	Train Loss (CE|Proto) [1.5391|0.0061]	Train Acc (Rep) [45.24]	Time [27.59s]
Round [10/200]	Train Loss (CE|Proto) [1.5105|0.0073]	Train Acc (Rep) [46.56]	Time [31.42s]
Round [11/200]	Train Loss (CE|Proto) [1.3762|0.0085]	Train Acc (Rep) [52.68]	Time [20.89s]
Round [12/200]	Train Loss (CE|Proto) [1.3677|0.0108]	Train Acc (Rep) [50.14]	Time [27.22s]
Round [13/200]	Train Loss (CE|Proto) [1.5049|0.0092]	Train Acc (Rep) [49.07]	Time [33.31s]
Round [14/200]	Train Loss (CE|Proto) [1.3922|0.0091]	Train Acc (Rep) [51.09]	Time [37.49s]
Round [15/200]	Train Loss (CE|Proto) [1.3630|0.0092]	Train Acc (Rep) [51.33]	Time [31.71s]
Round [16/200]	Train Loss (CE|Proto) [1.3895|0.0092]	Train Acc (Rep) [51.91]	Time [22.51s]
Round [17/200]	Train Loss (CE|Proto) [1.4361|0.0092]	Train Acc (Rep) [49.53]	Time [25.51s]
Round [18/200]	Train Loss (CE|Proto) [1.3940|0.0101]	Train Acc (Rep) [52.81]	Time [28.68s]
Round [19/200]	Train Loss (CE|Proto) [1.3322|0.0096]	Train Acc (Rep) [53.37]	Time [29.35s]
Round [20/200]	Train Loss (CE|Proto) [1.4012|0.0103]	Train Acc (Rep) [50.58]	Test Loss (Global|Pers) [2.2017|1.4135]	Test Acc (Global|Pers) [19.73(14.79)|50.44(14.98)]	Time [33.96s]
Round [21/200]	Train Loss (CE|Proto) [1.3372|0.0097]	Train Acc (Rep) [55.81]	Time [17.34s]
Round [22/200]	Train Loss (CE|Proto) [1.4161|0.0097]	Train Acc (Rep) [50.49]	Time [36.35s]
Round [23/200]	Train Loss (CE|Proto) [1.4587|0.0099]	Train Acc (Rep) [49.88]	Time [35.27s]
Round [24/200]	Train Loss (CE|Proto) [1.4299|0.0097]	Train Acc (Rep) [51.34]	Time [20.24s]
Round [25/200]	Train Loss (CE|Proto) [1.4016|0.0109]	Train Acc (Rep) [51.27]	Time [30.87s]
Round [26/200]	Train Loss (CE|Proto) [1.3045|0.0110]	Train Acc (Rep) [54.63]	Time [30.42s]
Round [27/200]	Train Loss (CE|Proto) [1.3292|0.0105]	Train Acc (Rep) [53.44]	Time [33.57s]
Round [28/200]	Train Loss (CE|Proto) [1.3414|0.0112]	Train Acc (Rep) [53.66]	Time [30.47s]
Round [29/200]	Train Loss (CE|Proto) [1.2744|0.0111]	Train Acc (Rep) [57.44]	Time [31.50s]
Round [30/200]	Train Loss (CE|Proto) [1.3155|0.0109]	Train Acc (Rep) [55.01]	Time [19.13s]
Round [31/200]	Train Loss (CE|Proto) [1.3502|0.0113]	Train Acc (Rep) [55.10]	Time [35.86s]
Round [32/200]	Train Loss (CE|Proto) [1.2918|0.0109]	Train Acc (Rep) [56.45]	Time [28.92s]
Round [33/200]	Train Loss (CE|Proto) [1.3014|0.0114]	Train Acc (Rep) [55.98]	Time [28.03s]
Round [34/200]	Train Loss (CE|Proto) [1.3166|0.0118]	Train Acc (Rep) [54.74]	Time [25.39s]
Round [35/200]	Train Loss (CE|Proto) [1.2718|0.0121]	Train Acc (Rep) [56.82]	Time [26.67s]
Round [36/200]	Train Loss (CE|Proto) [1.3182|0.0128]	Train Acc (Rep) [56.28]	Time [19.37s]
Round [37/200]	Train Loss (CE|Proto) [1.2014|0.0127]	Train Acc (Rep) [59.17]	Time [26.45s]
Round [38/200]	Train Loss (CE|Proto) [1.3117|0.0133]	Train Acc (Rep) [54.16]	Time [20.32s]
Round [39/200]	Train Loss (CE|Proto) [1.3118|0.0142]	Train Acc (Rep) [55.77]	Time [22.80s]
Round [40/200]	Train Loss (CE|Proto) [1.2221|0.0142]	Train Acc (Rep) [57.77]	Test Loss (Global|Pers) [2.1461|1.2918]	Test Acc (Global|Pers) [26.22(13.65)|55.23(15.19)]	Time [30.56s]
Round [41/200]	Train Loss (CE|Proto) [1.2994|0.0131]	Train Acc (Rep) [55.57]	Time [25.01s]
Round [42/200]	Train Loss (CE|Proto) [1.3626|0.0132]	Train Acc (Rep) [53.04]	Time [35.91s]
Round [43/200]	Train Loss (CE|Proto) [1.2505|0.0147]	Train Acc (Rep) [56.14]	Time [24.51s]
Round [44/200]	Train Loss (CE|Proto) [1.2503|0.0149]	Train Acc (Rep) [57.09]	Time [40.46s]
Round [45/200]	Train Loss (CE|Proto) [1.2425|0.0144]	Train Acc (Rep) [58.83]	Time [22.27s]
Round [46/200]	Train Loss (CE|Proto) [1.2909|0.0143]	Train Acc (Rep) [56.46]	Time [34.11s]
Round [47/200]	Train Loss (CE|Proto) [1.2626|0.0151]	Train Acc (Rep) [55.70]	Time [34.03s]
Round [48/200]	Train Loss (CE|Proto) [1.2888|0.0144]	Train Acc (Rep) [56.35]	Time [23.37s]
Round [49/200]	Train Loss (CE|Proto) [1.1929|0.0147]	Train Acc (Rep) [58.23]	Time [21.78s]
Round [50/200]	Train Loss (CE|Proto) [1.2799|0.0163]	Train Acc (Rep) [55.72]	Time [24.40s]
Round [51/200]	Train Loss (CE|Proto) [1.1813|0.0164]	Train Acc (Rep) [59.81]	Time [26.39s]
Round [52/200]	Train Loss (CE|Proto) [1.2778|0.0156]	Train Acc (Rep) [57.04]	Time [42.31s]
Round [53/200]	Train Loss (CE|Proto) [1.2463|0.0162]	Train Acc (Rep) [56.41]	Time [29.35s]
Round [54/200]	Train Loss (CE|Proto) [1.1919|0.0176]	Train Acc (Rep) [59.19]	Time [24.79s]
Round [55/200]	Train Loss (CE|Proto) [1.2080|0.0168]	Train Acc (Rep) [58.59]	Time [43.58s]
Round [56/200]	Train Loss (CE|Proto) [1.1974|0.0163]	Train Acc (Rep) [59.19]	Time [30.89s]
Round [57/200]	Train Loss (CE|Proto) [1.2342|0.0171]	Train Acc (Rep) [57.83]	Time [19.86s]
Round [58/200]	Train Loss (CE|Proto) [1.2445|0.0167]	Train Acc (Rep) [57.65]	Time [18.60s]
Round [59/200]	Train Loss (CE|Proto) [1.2360|0.0174]	Train Acc (Rep) [59.07]	Time [19.46s]
Round [60/200]	Train Loss (CE|Proto) [1.1523|0.0178]	Train Acc (Rep) [60.29]	Test Loss (Global|Pers) [2.1119|1.2268]	Test Acc (Global|Pers) [29.60(14.50)|57.69(14.85)]	Time [32.17s]
Round [61/200]	Train Loss (CE|Proto) [1.2244|0.0170]	Train Acc (Rep) [57.64]	Time [37.33s]
Round [62/200]	Train Loss (CE|Proto) [1.0751|0.0178]	Train Acc (Rep) [64.13]	Time [34.44s]
Round [63/200]	Train Loss (CE|Proto) [1.2015|0.0166]	Train Acc (Rep) [59.70]	Time [34.97s]
Round [64/200]	Train Loss (CE|Proto) [1.1286|0.0184]	Train Acc (Rep) [62.08]	Time [31.99s]
Round [65/200]	Train Loss (CE|Proto) [1.1896|0.0190]	Train Acc (Rep) [59.33]	Time [33.00s]
Round [66/200]	Train Loss (CE|Proto) [1.2151|0.0183]	Train Acc (Rep) [59.45]	Time [24.81s]
Round [67/200]	Train Loss (CE|Proto) [1.2021|0.0178]	Train Acc (Rep) [58.75]	Time [25.21s]
Round [68/200]	Train Loss (CE|Proto) [1.0798|0.0186]	Train Acc (Rep) [61.71]	Time [23.69s]
Round [69/200]	Train Loss (CE|Proto) [1.1525|0.0186]	Train Acc (Rep) [60.59]	Time [29.86s]
Round [70/200]	Train Loss (CE|Proto) [1.1472|0.0192]	Train Acc (Rep) [61.86]	Time [31.98s]
Round [71/200]	Train Loss (CE|Proto) [1.2292|0.0194]	Train Acc (Rep) [58.96]	Time [23.64s]
Round [72/200]	Train Loss (CE|Proto) [1.1445|0.0194]	Train Acc (Rep) [61.74]	Time [29.98s]
Round [73/200]	Train Loss (CE|Proto) [1.0854|0.0212]	Train Acc (Rep) [62.68]	Time [24.53s]
Round [74/200]	Train Loss (CE|Proto) [1.1116|0.0201]	Train Acc (Rep) [63.28]	Time [17.62s]
Round [75/200]	Train Loss (CE|Proto) [1.2268|0.0192]	Train Acc (Rep) [59.05]	Time [28.30s]
Round [76/200]	Train Loss (CE|Proto) [1.1729|0.0197]	Train Acc (Rep) [60.43]	Time [24.69s]
Round [77/200]	Train Loss (CE|Proto) [1.0579|0.0219]	Train Acc (Rep) [65.48]	Time [11.88s]
Round [78/200]	Train Loss (CE|Proto) [1.1746|0.0216]	Train Acc (Rep) [59.56]	Time [24.13s]
Round [79/200]	Train Loss (CE|Proto) [1.1643|0.0211]	Train Acc (Rep) [61.03]	Time [29.11s]
Round [80/200]	Train Loss (CE|Proto) [1.1908|0.0212]	Train Acc (Rep) [58.73]	Test Loss (Global|Pers) [2.0613|1.1778]	Test Acc (Global|Pers) [31.86(14.97)|59.82(14.82)]	Time [32.52s]
Round [81/200]	Train Loss (CE|Proto) [1.0718|0.0219]	Train Acc (Rep) [62.99]	Time [24.73s]
Round [82/200]	Train Loss (CE|Proto) [1.1800|0.0217]	Train Acc (Rep) [60.17]	Time [25.47s]
Round [83/200]	Train Loss (CE|Proto) [1.1113|0.0216]	Train Acc (Rep) [62.43]	Time [30.81s]
Round [84/200]	Train Loss (CE|Proto) [1.2000|0.0214]	Train Acc (Rep) [59.79]	Time [24.70s]
Round [85/200]	Train Loss (CE|Proto) [1.0987|0.0217]	Train Acc (Rep) [62.77]	Time [32.49s]
Round [86/200]	Train Loss (CE|Proto) [1.1889|0.0212]	Train Acc (Rep) [59.40]	Time [32.83s]
Round [87/200]	Train Loss (CE|Proto) [1.1049|0.0205]	Train Acc (Rep) [62.82]	Time [22.87s]
Round [88/200]	Train Loss (CE|Proto) [1.1464|0.0217]	Train Acc (Rep) [61.33]	Time [41.79s]
Round [89/200]	Train Loss (CE|Proto) [1.0916|0.0205]	Train Acc (Rep) [62.53]	Time [25.88s]
Round [90/200]	Train Loss (CE|Proto) [1.1179|0.0211]	Train Acc (Rep) [62.59]	Time [33.51s]
Round [91/200]	Train Loss (CE|Proto) [1.1047|0.0215]	Train Acc (Rep) [63.68]	Time [20.32s]
Round [92/200]	Train Loss (CE|Proto) [1.1961|0.0226]	Train Acc (Rep) [60.10]	Time [20.04s]
Round [93/200]	Train Loss (CE|Proto) [1.1370|0.0229]	Train Acc (Rep) [61.66]	Time [27.07s]
Round [94/200]	Train Loss (CE|Proto) [1.0770|0.0218]	Train Acc (Rep) [64.76]	Time [37.06s]
Round [95/200]	Train Loss (CE|Proto) [1.0775|0.0208]	Train Acc (Rep) [63.65]	Time [28.09s]
Round [96/200]	Train Loss (CE|Proto) [1.2073|0.0208]	Train Acc (Rep) [60.01]	Time [21.41s]
Round [97/200]	Train Loss (CE|Proto) [1.1350|0.0224]	Train Acc (Rep) [61.35]	Time [41.44s]
Round [98/200]	Train Loss (CE|Proto) [1.0462|0.0232]	Train Acc (Rep) [63.85]	Time [34.86s]
Round [99/200]	Train Loss (CE|Proto) [1.0901|0.0226]	Train Acc (Rep) [64.45]	Time [18.49s]
Round [100/200]	Train Loss (CE|Proto) [1.1061|0.0220]	Train Acc (Rep) [61.93]	Test Loss (Global|Pers) [2.0483|1.1216]	Test Acc (Global|Pers) [35.99(14.85)|62.21(14.43)]	Time [17.70s]
Round [101/200]	Train Loss (CE|Proto) [1.1971|0.0235]	Train Acc (Rep) [59.69]	Time [23.26s]
Round [102/200]	Train Loss (CE|Proto) [1.0501|0.0244]	Train Acc (Rep) [65.26]	Time [27.94s]
Round [103/200]	Train Loss (CE|Proto) [1.0891|0.0242]	Train Acc (Rep) [62.81]	Time [30.08s]
Round [104/200]	Train Loss (CE|Proto) [1.0430|0.0256]	Train Acc (Rep) [64.22]	Time [26.24s]
Round [105/200]	Train Loss (CE|Proto) [1.0362|0.0241]	Train Acc (Rep) [65.58]	Time [26.66s]
Round [106/200]	Train Loss (CE|Proto) [1.1259|0.0226]	Train Acc (Rep) [61.94]	Time [22.58s]
Round [107/200]	Train Loss (CE|Proto) [1.1469|0.0238]	Train Acc (Rep) [60.93]	Time [28.35s]
Round [108/200]	Train Loss (CE|Proto) [1.0423|0.0251]	Train Acc (Rep) [64.17]	Time [20.47s]
Round [109/200]	Train Loss (CE|Proto) [1.0740|0.0245]	Train Acc (Rep) [63.73]	Time [31.02s]
Round [110/200]	Train Loss (CE|Proto) [1.0799|0.0241]	Train Acc (Rep) [63.81]	Time [25.42s]
Round [111/200]	Train Loss (CE|Proto) [1.1441|0.0244]	Train Acc (Rep) [61.54]	Time [34.39s]
Round [112/200]	Train Loss (CE|Proto) [1.0797|0.0260]	Train Acc (Rep) [63.26]	Time [29.06s]
Round [113/200]	Train Loss (CE|Proto) [1.0516|0.0262]	Train Acc (Rep) [64.02]	Time [27.93s]
Round [114/200]	Train Loss (CE|Proto) [1.0698|0.0254]	Train Acc (Rep) [64.01]	Time [32.46s]
Round [115/200]	Train Loss (CE|Proto) [1.0766|0.0240]	Train Acc (Rep) [64.67]	Time [29.91s]
Round [116/200]	Train Loss (CE|Proto) [1.0020|0.0249]	Train Acc (Rep) [65.75]	Time [28.59s]
Round [117/200]	Train Loss (CE|Proto) [1.0401|0.0262]	Train Acc (Rep) [64.62]	Time [30.12s]
Round [118/200]	Train Loss (CE|Proto) [1.0476|0.0254]	Train Acc (Rep) [64.18]	Time [40.74s]
Round [119/200]	Train Loss (CE|Proto) [1.0396|0.0236]	Train Acc (Rep) [64.55]	Time [35.33s]
Round [120/200]	Train Loss (CE|Proto) [1.0997|0.0240]	Train Acc (Rep) [63.20]	Test Loss (Global|Pers) [2.0224|1.0753]	Test Acc (Global|Pers) [38.12(15.27)|64.01(15.00)]	Time [28.90s]
Round [121/200]	Train Loss (CE|Proto) [1.0690|0.0255]	Train Acc (Rep) [63.73]	Time [38.61s]
Round [122/200]	Train Loss (CE|Proto) [1.1027|0.0254]	Train Acc (Rep) [63.12]	Time [22.35s]
Round [123/200]	Train Loss (CE|Proto) [1.0538|0.0251]	Train Acc (Rep) [64.59]	Time [21.20s]
Round [124/200]	Train Loss (CE|Proto) [1.0597|0.0253]	Train Acc (Rep) [63.99]	Time [24.45s]
Round [125/200]	Train Loss (CE|Proto) [1.1536|0.0250]	Train Acc (Rep) [60.87]	Time [26.13s]
Round [126/200]	Train Loss (CE|Proto) [1.0436|0.0256]	Train Acc (Rep) [63.97]	Time [17.02s]
Round [127/200]	Train Loss (CE|Proto) [1.1004|0.0250]	Train Acc (Rep) [63.46]	Time [17.83s]
Round [128/200]	Train Loss (CE|Proto) [0.9787|0.0270]	Train Acc (Rep) [66.72]	Time [27.88s]
Round [129/200]	Train Loss (CE|Proto) [1.0151|0.0259]	Train Acc (Rep) [66.70]	Time [27.97s]
Round [130/200]	Train Loss (CE|Proto) [1.0173|0.0247]	Train Acc (Rep) [65.58]	Time [29.90s]
Round [131/200]	Train Loss (CE|Proto) [0.9720|0.0251]	Train Acc (Rep) [67.06]	Time [26.11s]
Round [132/200]	Train Loss (CE|Proto) [1.0533|0.0264]	Train Acc (Rep) [63.29]	Time [42.64s]
Round [133/200]	Train Loss (CE|Proto) [0.9938|0.0270]	Train Acc (Rep) [66.40]	Time [26.14s]
Round [134/200]	Train Loss (CE|Proto) [1.0246|0.0270]	Train Acc (Rep) [65.37]	Time [32.01s]
Round [135/200]	Train Loss (CE|Proto) [0.9934|0.0270]	Train Acc (Rep) [65.93]	Time [28.55s]
Round [136/200]	Train Loss (CE|Proto) [1.0105|0.0265]	Train Acc (Rep) [65.47]	Time [24.56s]
Round [137/200]	Train Loss (CE|Proto) [1.0431|0.0275]	Train Acc (Rep) [64.90]	Time [19.09s]
Round [138/200]	Train Loss (CE|Proto) [0.9726|0.0284]	Train Acc (Rep) [66.89]	Time [30.83s]
Round [139/200]	Train Loss (CE|Proto) [1.0060|0.0267]	Train Acc (Rep) [66.04]	Time [31.07s]
Round [140/200]	Train Loss (CE|Proto) [1.0118|0.0263]	Train Acc (Rep) [64.87]	Test Loss (Global|Pers) [2.0017|1.0439]	Test Acc (Global|Pers) [38.02(15.47)|65.00(14.23)]	Time [22.06s]
Round [141/200]	Train Loss (CE|Proto) [1.0303|0.0276]	Train Acc (Rep) [64.73]	Time [22.87s]
Round [142/200]	Train Loss (CE|Proto) [0.9375|0.0286]	Train Acc (Rep) [68.93]	Time [24.45s]
Round [143/200]	Train Loss (CE|Proto) [1.0362|0.0262]	Train Acc (Rep) [65.56]	Time [39.42s]
Round [144/200]	Train Loss (CE|Proto) [1.0626|0.0277]	Train Acc (Rep) [63.41]	Time [25.82s]
Round [145/200]	Train Loss (CE|Proto) [1.0168|0.0284]	Train Acc (Rep) [65.92]	Time [26.22s]
Round [146/200]	Train Loss (CE|Proto) [1.0503|0.0274]	Train Acc (Rep) [63.59]	Time [28.36s]
Round [147/200]	Train Loss (CE|Proto) [1.0183|0.0285]	Train Acc (Rep) [65.47]	Time [26.09s]
Round [148/200]	Train Loss (CE|Proto) [0.9944|0.0295]	Train Acc (Rep) [67.04]	Time [29.24s]
Round [149/200]	Train Loss (CE|Proto) [0.9994|0.0290]	Train Acc (Rep) [65.78]	Time [29.75s]
Round [150/200]	Train Loss (CE|Proto) [1.0631|0.0291]	Train Acc (Rep) [63.62]	Time [26.84s]
Round [151/200]	Train Loss (CE|Proto) [0.9492|0.0293]	Train Acc (Rep) [68.34]	Time [27.87s]
Round [152/200]	Train Loss (CE|Proto) [0.9976|0.0290]	Train Acc (Rep) [65.90]	Time [29.30s]
Round [153/200]	Train Loss (CE|Proto) [0.9807|0.0270]	Train Acc (Rep) [67.25]	Time [40.09s]
Round [154/200]	Train Loss (CE|Proto) [0.9778|0.0279]	Train Acc (Rep) [67.05]	Time [21.14s]
Round [155/200]	Train Loss (CE|Proto) [1.0308|0.0290]	Train Acc (Rep) [65.15]	Time [27.74s]
Round [156/200]	Train Loss (CE|Proto) [0.9713|0.0284]	Train Acc (Rep) [66.99]	Time [35.97s]
Round [157/200]	Train Loss (CE|Proto) [1.1162|0.0301]	Train Acc (Rep) [62.32]	Time [16.71s]
Round [158/200]	Train Loss (CE|Proto) [1.0436|0.0316]	Train Acc (Rep) [64.81]	Time [32.70s]
Round [159/200]	Train Loss (CE|Proto) [1.0623|0.0299]	Train Acc (Rep) [64.39]	Time [25.52s]
Round [160/200]	Train Loss (CE|Proto) [0.9146|0.0299]	Train Acc (Rep) [69.59]	Test Loss (Global|Pers) [1.9829|1.0174]	Test Acc (Global|Pers) [39.13(15.81)|65.75(14.42)]	Time [25.60s]
Round [161/200]	Train Loss (CE|Proto) [1.0046|0.0292]	Train Acc (Rep) [66.50]	Time [22.64s]
Round [162/200]	Train Loss (CE|Proto) [1.0751|0.0294]	Train Acc (Rep) [64.78]	Time [34.59s]
Round [163/200]	Train Loss (CE|Proto) [0.9042|0.0295]	Train Acc (Rep) [70.05]	Time [27.17s]
Round [164/200]	Train Loss (CE|Proto) [0.9976|0.0285]	Train Acc (Rep) [66.24]	Time [32.52s]
Round [165/200]	Train Loss (CE|Proto) [1.1019|0.0292]	Train Acc (Rep) [62.17]	Time [19.71s]
Round [166/200]	Train Loss (CE|Proto) [1.0550|0.0311]	Train Acc (Rep) [64.96]	Time [28.44s]
Round [167/200]	Train Loss (CE|Proto) [1.0175|0.0295]	Train Acc (Rep) [66.51]	Time [39.16s]
Round [168/200]	Train Loss (CE|Proto) [1.0265|0.0298]	Train Acc (Rep) [65.13]	Time [31.90s]
Round [169/200]	Train Loss (CE|Proto) [0.9980|0.0306]	Train Acc (Rep) [65.59]	Time [31.89s]
Round [170/200]	Train Loss (CE|Proto) [0.9079|0.0289]	Train Acc (Rep) [70.02]	Time [27.12s]
Round [171/200]	Train Loss (CE|Proto) [0.9846|0.0296]	Train Acc (Rep) [65.25]	Time [27.21s]
Round [172/200]	Train Loss (CE|Proto) [1.0067|0.0293]	Train Acc (Rep) [65.08]	Time [31.28s]
Round [173/200]	Train Loss (CE|Proto) [0.9436|0.0299]	Train Acc (Rep) [69.18]	Time [25.28s]
Round [174/200]	Train Loss (CE|Proto) [0.9862|0.0292]	Train Acc (Rep) [66.08]	Time [56.99s]
Round [175/200]	Train Loss (CE|Proto) [0.9573|0.0296]	Train Acc (Rep) [68.04]	Time [58.27s]
Round [176/200]	Train Loss (CE|Proto) [0.9825|0.0294]	Train Acc (Rep) [66.58]	Time [37.84s]
Round [177/200]	Train Loss (CE|Proto) [1.0709|0.0316]	Train Acc (Rep) [64.03]	Time [36.11s]
Round [178/200]	Train Loss (CE|Proto) [1.0237|0.0335]	Train Acc (Rep) [65.06]	Time [45.96s]
Round [179/200]	Train Loss (CE|Proto) [0.9519|0.0308]	Train Acc (Rep) [68.50]	Time [35.14s]
Round [180/200]	Train Loss (CE|Proto) [0.9994|0.0306]	Train Acc (Rep) [67.31]	Test Loss (Global|Pers) [1.9630|0.9884]	Test Acc (Global|Pers) [40.28(15.56)|66.14(14.32)]	Time [41.07s]
Round [181/200]	Train Loss (CE|Proto) [0.9558|0.0300]	Train Acc (Rep) [68.21]	Time [36.29s]
Round [182/200]	Train Loss (CE|Proto) [1.0134|0.0315]	Train Acc (Rep) [66.57]	Time [44.39s]
Round [183/200]	Train Loss (CE|Proto) [1.0506|0.0309]	Train Acc (Rep) [65.32]	Time [17.38s]
Round [184/200]	Train Loss (CE|Proto) [0.9977|0.0324]	Train Acc (Rep) [66.88]	Time [30.77s]
Round [185/200]	Train Loss (CE|Proto) [0.9808|0.0309]	Train Acc (Rep) [67.94]	Time [31.84s]
Round [186/200]	Train Loss (CE|Proto) [0.9509|0.0311]	Train Acc (Rep) [67.83]	Time [39.18s]
Round [187/200]	Train Loss (CE|Proto) [1.0173|0.0318]	Train Acc (Rep) [66.37]	Time [16.15s]
Round [188/200]	Train Loss (CE|Proto) [0.9786|0.0299]	Train Acc (Rep) [67.70]	Time [21.72s]
Round [189/200]	Train Loss (CE|Proto) [0.9424|0.0312]	Train Acc (Rep) [68.22]	Time [30.71s]
Round [190/200]	Train Loss (CE|Proto) [0.9018|0.0315]	Train Acc (Rep) [69.34]	Time [26.19s]
Round [191/200]	Train Loss (CE|Proto) [0.9417|0.0299]	Train Acc (Rep) [68.85]	Time [38.52s]
Round [192/200]	Train Loss (CE|Proto) [0.9392|0.0285]	Train Acc (Rep) [68.15]	Time [38.52s]
Round [193/200]	Train Loss (CE|Proto) [0.9868|0.0302]	Train Acc (Rep) [67.35]	Time [23.78s]
Round [194/200]	Train Loss (CE|Proto) [0.9446|0.0303]	Train Acc (Rep) [68.11]	Time [27.65s]
Round [195/200]	Train Loss (CE|Proto) [0.9500|0.0305]	Train Acc (Rep) [68.42]	Time [25.21s]
Round [196/200]	Train Loss (CE|Proto) [0.9534|0.0309]	Train Acc (Rep) [67.82]	Time [23.74s]
Round [197/200]	Train Loss (CE|Proto) [0.9999|0.0321]	Train Acc (Rep) [66.11]	Time [33.08s]
Round [198/200]	Train Loss (CE|Proto) [0.9230|0.0328]	Train Acc (Rep) [69.42]	Time [26.18s]
Round [199/200]	Train Loss (CE|Proto) [0.9248|0.0320]	Train Acc (Rep) [69.60]	Time [21.32s]
Round [200/200]	Train Loss (CE|Proto) [0.9672|0.0321]	Train Acc (Rep) [66.53]	Test Loss (Global|Pers) [1.9430|0.9836]	Test Acc (Global|Pers) [39.92(16.29)|66.99(13.96)]	Time [16.99s]
Method took (28.75, 6.96) seconds per training iteration
Method took (5770.63) total seconds
