Training pFedFDA...
Round [1/200]	 Train Loss [3.0406]	 Train Acc [30.47]	 Train Time [26.19]
Round [2/200]	 Train Loss [1.9092]	 Train Acc [61.47]	 Train Time [15.63]
Round [3/200]	 Train Loss [0.9333]	 Train Acc [76.49]	 Train Time [17.96]
Round [4/200]	 Train Loss [0.5975]	 Train Acc [83.92]	 Train Time [16.21]
Round [5/200]	 Train Loss [0.5463]	 Train Acc [85.25]	 Train Time [20.87]
Round [6/200]	 Train Loss [0.4535]	 Train Acc [87.20]	 Train Time [16.09]
Round [7/200]	 Train Loss [0.4467]	 Train Acc [87.35]	 Train Time [16.08]
Round [8/200]	 Train Loss [0.4144]	 Train Acc [88.28]	 Train Time [13.98]
Round [9/200]	 Train Loss [0.3791]	 Train Acc [88.91]	 Train Time [14.52]
Round [10/200]	 Train Loss [0.3440]	 Train Acc [90.27]	 Train Time [14.57]
Round [11/200]	 Train Loss [0.3389]	 Train Acc [90.39]	 Train Time [16.79]
Round [12/200]	 Train Loss [0.3097]	 Train Acc [90.87]	 Train Time [11.48]
Round [13/200]	 Train Loss [0.3295]	 Train Acc [90.44]	 Train Time [18.41]
Round [14/200]	 Train Loss [0.2967]	 Train Acc [91.58]	 Train Time [13.41]
Round [15/200]	 Train Loss [0.3474]	 Train Acc [90.16]	 Train Time [11.75]
Round [16/200]	 Train Loss [0.2752]	 Train Acc [92.11]	 Train Time [17.49]
Round [17/200]	 Train Loss [0.3225]	 Train Acc [90.82]	 Train Time [15.87]
Round [18/200]	 Train Loss [0.2892]	 Train Acc [91.86]	 Train Time [14.67]
Round [19/200]	 Train Loss [0.3043]	 Train Acc [91.36]	 Train Time [10.66]
KL Divergence: μ=1.1659
Round [20/200]	 Train Loss [0.2809]	 Train Acc [92.44]	 Test Loss [1.9949]	 Test Acc [78.03(9.73)]	 Train Time [11.65]
Round [21/200]	 Train Loss [0.3066]	 Train Acc [91.38]	 Train Time [14.56]
Round [22/200]	 Train Loss [0.2626]	 Train Acc [92.35]	 Train Time [13.12]
Round [23/200]	 Train Loss [0.2507]	 Train Acc [92.54]	 Train Time [14.20]
Round [24/200]	 Train Loss [0.2424]	 Train Acc [92.94]	 Train Time [15.82]
Round [25/200]	 Train Loss [0.3186]	 Train Acc [91.04]	 Train Time [13.37]
Round [26/200]	 Train Loss [0.2739]	 Train Acc [92.10]	 Train Time [13.51]
Round [27/200]	 Train Loss [0.2834]	 Train Acc [91.95]	 Train Time [19.33]
Round [28/200]	 Train Loss [0.2477]	 Train Acc [92.77]	 Train Time [14.02]
Round [29/200]	 Train Loss [0.3087]	 Train Acc [91.59]	 Train Time [15.40]
Round [30/200]	 Train Loss [0.2264]	 Train Acc [93.28]	 Train Time [19.55]
Round [31/200]	 Train Loss [0.2797]	 Train Acc [92.19]	 Train Time [18.55]
Round [32/200]	 Train Loss [0.2625]	 Train Acc [92.83]	 Train Time [11.74]
Round [33/200]	 Train Loss [0.2657]	 Train Acc [92.63]	 Train Time [17.03]
Round [34/200]	 Train Loss [0.2608]	 Train Acc [92.87]	 Train Time [17.23]
Round [35/200]	 Train Loss [0.1997]	 Train Acc [93.93]	 Train Time [14.50]
Round [36/200]	 Train Loss [0.2870]	 Train Acc [92.08]	 Train Time [16.19]
Round [37/200]	 Train Loss [0.2331]	 Train Acc [93.52]	 Train Time [17.16]
Round [38/200]	 Train Loss [0.2403]	 Train Acc [93.10]	 Train Time [15.61]
Round [39/200]	 Train Loss [0.2283]	 Train Acc [93.50]	 Train Time [17.57]
KL Divergence: μ=1.2648
Round [40/200]	 Train Loss [0.2060]	 Train Acc [94.17]	 Test Loss [1.7409]	 Test Acc [80.05(10.88)]	 Train Time [13.63]
Round [41/200]	 Train Loss [0.2228]	 Train Acc [93.69]	 Train Time [13.47]
Round [42/200]	 Train Loss [0.2466]	 Train Acc [93.25]	 Train Time [11.87]
Round [43/200]	 Train Loss [0.1957]	 Train Acc [94.23]	 Train Time [13.04]
Round [44/200]	 Train Loss [0.2870]	 Train Acc [92.37]	 Train Time [15.32]
Round [45/200]	 Train Loss [0.1842]	 Train Acc [94.72]	 Train Time [13.13]
Round [46/200]	 Train Loss [0.2566]	 Train Acc [93.60]	 Train Time [13.42]
Round [47/200]	 Train Loss [0.2502]	 Train Acc [93.04]	 Train Time [11.77]
Round [48/200]	 Train Loss [0.2089]	 Train Acc [94.02]	 Train Time [18.72]
Round [49/200]	 Train Loss [0.2363]	 Train Acc [93.60]	 Train Time [16.86]
Round [50/200]	 Train Loss [0.2152]	 Train Acc [93.98]	 Train Time [13.68]
Round [51/200]	 Train Loss [0.2549]	 Train Acc [93.46]	 Train Time [12.77]
Round [52/200]	 Train Loss [0.2064]	 Train Acc [94.07]	 Train Time [11.19]
Round [53/200]	 Train Loss [0.2120]	 Train Acc [93.95]	 Train Time [9.69]
Round [54/200]	 Train Loss [0.2969]	 Train Acc [92.47]	 Train Time [10.33]
Round [55/200]	 Train Loss [0.2363]	 Train Acc [93.32]	 Train Time [12.27]
Round [56/200]	 Train Loss [0.1731]	 Train Acc [94.87]	 Train Time [15.75]
Round [57/200]	 Train Loss [0.2165]	 Train Acc [94.10]	 Train Time [11.60]
Round [58/200]	 Train Loss [0.2337]	 Train Acc [93.82]	 Train Time [18.69]
Round [59/200]	 Train Loss [0.1741]	 Train Acc [95.37]	 Train Time [12.31]
KL Divergence: μ=1.5778
Round [60/200]	 Train Loss [0.2306]	 Train Acc [93.72]	 Test Loss [1.6822]	 Test Acc [81.72(9.74)]	 Train Time [15.68]
Round [61/200]	 Train Loss [0.2270]	 Train Acc [94.02]	 Train Time [17.05]
Round [62/200]	 Train Loss [0.1758]	 Train Acc [94.95]	 Train Time [10.06]
Round [63/200]	 Train Loss [0.2661]	 Train Acc [92.91]	 Train Time [13.68]
Round [64/200]	 Train Loss [0.2073]	 Train Acc [94.26]	 Train Time [15.04]
Round [65/200]	 Train Loss [0.2478]	 Train Acc [93.65]	 Train Time [16.53]
Round [66/200]	 Train Loss [0.1694]	 Train Acc [95.01]	 Train Time [17.68]
Round [67/200]	 Train Loss [0.2673]	 Train Acc [93.08]	 Train Time [12.57]
Round [68/200]	 Train Loss [0.1831]	 Train Acc [94.84]	 Train Time [13.28]
Round [69/200]	 Train Loss [0.2100]	 Train Acc [94.30]	 Train Time [12.72]
Round [70/200]	 Train Loss [0.2495]	 Train Acc [93.29]	 Train Time [14.24]
Round [71/200]	 Train Loss [0.1734]	 Train Acc [94.91]	 Train Time [14.01]
Round [72/200]	 Train Loss [0.2131]	 Train Acc [94.38]	 Train Time [15.13]
Round [73/200]	 Train Loss [0.1639]	 Train Acc [95.24]	 Train Time [13.58]
Round [74/200]	 Train Loss [0.3766]	 Train Acc [91.61]	 Train Time [12.71]
Round [75/200]	 Train Loss [0.2017]	 Train Acc [94.65]	 Train Time [13.16]
Round [76/200]	 Train Loss [0.1784]	 Train Acc [95.11]	 Train Time [9.98]
Round [77/200]	 Train Loss [0.2104]	 Train Acc [94.31]	 Train Time [14.62]
Round [78/200]	 Train Loss [0.1501]	 Train Acc [95.69]	 Train Time [12.52]
Round [79/200]	 Train Loss [0.3037]	 Train Acc [93.08]	 Train Time [18.46]
KL Divergence: μ=1.7992
Round [80/200]	 Train Loss [0.1913]	 Train Acc [94.68]	 Test Loss [1.6636]	 Test Acc [82.53(8.73)]	 Train Time [14.12]
Round [81/200]	 Train Loss [0.2533]	 Train Acc [93.46]	 Train Time [12.10]
Round [82/200]	 Train Loss [0.1699]	 Train Acc [95.19]	 Train Time [16.78]
Round [83/200]	 Train Loss [0.2017]	 Train Acc [94.60]	 Train Time [14.56]
Round [84/200]	 Train Loss [0.1721]	 Train Acc [95.26]	 Train Time [14.82]
Round [85/200]	 Train Loss [0.1836]	 Train Acc [94.97]	 Train Time [14.55]
Round [86/200]	 Train Loss [0.2054]	 Train Acc [94.95]	 Train Time [16.18]
Round [87/200]	 Train Loss [0.2460]	 Train Acc [94.01]	 Train Time [12.28]
Round [88/200]	 Train Loss [0.1984]	 Train Acc [94.73]	 Train Time [13.47]
Round [89/200]	 Train Loss [0.2289]	 Train Acc [94.08]	 Train Time [10.37]
Round [90/200]	 Train Loss [0.2031]	 Train Acc [94.65]	 Train Time [16.98]
Round [91/200]	 Train Loss [0.2560]	 Train Acc [93.69]	 Train Time [12.50]
Round [92/200]	 Train Loss [0.2172]	 Train Acc [94.42]	 Train Time [13.84]
Round [93/200]	 Train Loss [0.2719]	 Train Acc [93.64]	 Train Time [10.39]
Round [94/200]	 Train Loss [0.2341]	 Train Acc [93.97]	 Train Time [14.72]
Round [95/200]	 Train Loss [0.1988]	 Train Acc [94.51]	 Train Time [14.14]
Round [96/200]	 Train Loss [0.1674]	 Train Acc [95.42]	 Train Time [14.47]
Round [97/200]	 Train Loss [0.2437]	 Train Acc [94.21]	 Train Time [16.77]
Round [98/200]	 Train Loss [0.2116]	 Train Acc [94.73]	 Train Time [17.62]
Round [99/200]	 Train Loss [0.1867]	 Train Acc [95.13]	 Train Time [9.44]
KL Divergence: μ=2.1648
Round [100/200]	 Train Loss [0.2155]	 Train Acc [94.36]	 Test Loss [1.6738]	 Test Acc [82.64(8.37)]	 Train Time [20.25]
Round [101/200]	 Train Loss [0.2034]	 Train Acc [94.71]	 Train Time [11.83]
Round [102/200]	 Train Loss [0.1713]	 Train Acc [95.52]	 Train Time [17.15]
Round [103/200]	 Train Loss [0.1873]	 Train Acc [95.28]	 Train Time [14.76]
Round [104/200]	 Train Loss [0.1787]	 Train Acc [95.18]	 Train Time [12.22]
Round [105/200]	 Train Loss [0.1971]	 Train Acc [94.96]	 Train Time [10.77]
Round [106/200]	 Train Loss [0.2048]	 Train Acc [94.69]	 Train Time [14.09]
Round [107/200]	 Train Loss [0.1834]	 Train Acc [95.33]	 Train Time [13.05]
Round [108/200]	 Train Loss [0.2903]	 Train Acc [93.51]	 Train Time [15.70]
Round [109/200]	 Train Loss [0.1923]	 Train Acc [94.88]	 Train Time [13.48]
Round [110/200]	 Train Loss [0.1956]	 Train Acc [94.95]	 Train Time [16.24]
Round [111/200]	 Train Loss [0.2112]	 Train Acc [94.82]	 Train Time [13.65]
Round [112/200]	 Train Loss [0.2168]	 Train Acc [94.49]	 Train Time [12.78]
Round [113/200]	 Train Loss [0.1541]	 Train Acc [95.88]	 Train Time [18.16]
Round [114/200]	 Train Loss [0.1950]	 Train Acc [95.22]	 Train Time [18.20]
Round [115/200]	 Train Loss [0.2286]	 Train Acc [94.64]	 Train Time [18.70]
Round [116/200]	 Train Loss [0.1683]	 Train Acc [95.45]	 Train Time [14.41]
Round [117/200]	 Train Loss [0.2508]	 Train Acc [94.04]	 Train Time [13.50]
Round [118/200]	 Train Loss [0.1934]	 Train Acc [95.20]	 Train Time [15.61]
Round [119/200]	 Train Loss [0.2250]	 Train Acc [94.74]	 Train Time [13.81]
KL Divergence: μ=2.4773
Round [120/200]	 Train Loss [0.1855]	 Train Acc [95.18]	 Test Loss [1.6405]	 Test Acc [83.85(8.80)]	 Train Time [16.05]
Round [121/200]	 Train Loss [0.2048]	 Train Acc [94.85]	 Train Time [14.01]
Round [122/200]	 Train Loss [0.2214]	 Train Acc [94.62]	 Train Time [16.69]
Round [123/200]	 Train Loss [0.1560]	 Train Acc [95.68]	 Train Time [14.80]
Round [124/200]	 Train Loss [0.2535]	 Train Acc [94.31]	 Train Time [20.53]
Round [125/200]	 Train Loss [0.1790]	 Train Acc [95.52]	 Train Time [12.83]
Round [126/200]	 Train Loss [0.1965]	 Train Acc [95.11]	 Train Time [15.83]
Round [127/200]	 Train Loss [0.1962]	 Train Acc [95.16]	 Train Time [13.07]
Round [128/200]	 Train Loss [0.2166]	 Train Acc [94.70]	 Train Time [13.83]
Round [129/200]	 Train Loss [0.2071]	 Train Acc [95.00]	 Train Time [16.77]
Round [130/200]	 Train Loss [0.1503]	 Train Acc [96.25]	 Train Time [16.36]
Round [131/200]	 Train Loss [0.2173]	 Train Acc [95.01]	 Train Time [11.15]
Round [132/200]	 Train Loss [0.2084]	 Train Acc [94.83]	 Train Time [13.34]
Round [133/200]	 Train Loss [0.1856]	 Train Acc [95.54]	 Train Time [13.39]
Round [134/200]	 Train Loss [0.1665]	 Train Acc [95.62]	 Train Time [15.97]
Round [135/200]	 Train Loss [0.2389]	 Train Acc [94.59]	 Train Time [14.90]
Round [136/200]	 Train Loss [0.1836]	 Train Acc [95.57]	 Train Time [12.12]
Round [137/200]	 Train Loss [0.2040]	 Train Acc [95.11]	 Train Time [16.20]
Round [138/200]	 Train Loss [0.1816]	 Train Acc [95.22]	 Train Time [15.12]
Round [139/200]	 Train Loss [0.2168]	 Train Acc [94.95]	 Train Time [11.16]
KL Divergence: μ=2.8097
Round [140/200]	 Train Loss [0.2045]	 Train Acc [95.11]	 Test Loss [1.7340]	 Test Acc [84.03(8.27)]	 Train Time [17.19]
Round [141/200]	 Train Loss [0.1784]	 Train Acc [95.86]	 Train Time [14.19]
Round [142/200]	 Train Loss [0.2022]	 Train Acc [95.24]	 Train Time [16.27]
Round [143/200]	 Train Loss [0.2399]	 Train Acc [94.57]	 Train Time [18.15]
Round [144/200]	 Train Loss [0.2076]	 Train Acc [95.02]	 Train Time [17.23]
Round [145/200]	 Train Loss [0.2169]	 Train Acc [95.08]	 Train Time [11.36]
Round [146/200]	 Train Loss [0.2427]	 Train Acc [94.42]	 Train Time [15.41]
Round [147/200]	 Train Loss [0.2194]	 Train Acc [94.63]	 Train Time [16.32]
Round [148/200]	 Train Loss [0.1818]	 Train Acc [95.81]	 Train Time [14.45]
Round [149/200]	 Train Loss [0.2006]	 Train Acc [95.54]	 Train Time [15.94]
Round [150/200]	 Train Loss [0.2349]	 Train Acc [94.57]	 Train Time [15.52]
Round [151/200]	 Train Loss [0.1948]	 Train Acc [95.44]	 Train Time [14.79]
Round [152/200]	 Train Loss [0.2377]	 Train Acc [94.71]	 Train Time [14.24]
Round [153/200]	 Train Loss [0.1595]	 Train Acc [96.03]	 Train Time [14.38]
Round [154/200]	 Train Loss [0.1973]	 Train Acc [95.19]	 Train Time [11.98]
Round [155/200]	 Train Loss [0.2164]	 Train Acc [94.91]	 Train Time [14.68]
Round [156/200]	 Train Loss [0.1812]	 Train Acc [95.69]	 Train Time [13.76]
Round [157/200]	 Train Loss [0.2556]	 Train Acc [94.53]	 Train Time [11.75]
Round [158/200]	 Train Loss [0.2121]	 Train Acc [94.73]	 Train Time [14.08]
Round [159/200]	 Train Loss [0.2014]	 Train Acc [95.17]	 Train Time [15.56]
KL Divergence: μ=3.2365
Round [160/200]	 Train Loss [0.1700]	 Train Acc [95.70]	 Test Loss [1.8357]	 Test Acc [84.60(7.91)]	 Train Time [14.85]
Round [161/200]	 Train Loss [0.2499]	 Train Acc [94.87]	 Train Time [10.54]
Round [162/200]	 Train Loss [0.1864]	 Train Acc [95.63]	 Train Time [13.53]
Round [163/200]	 Train Loss [0.2171]	 Train Acc [95.23]	 Train Time [16.56]
Round [164/200]	 Train Loss [0.1911]	 Train Acc [95.50]	 Train Time [18.55]
Round [165/200]	 Train Loss [0.2370]	 Train Acc [94.74]	 Train Time [10.85]
Round [166/200]	 Train Loss [0.2512]	 Train Acc [94.55]	 Train Time [14.81]
Round [167/200]	 Train Loss [0.1530]	 Train Acc [96.13]	 Train Time [12.40]
Round [168/200]	 Train Loss [0.3036]	 Train Acc [94.01]	 Train Time [18.54]
Round [169/200]	 Train Loss [0.1774]	 Train Acc [95.51]	 Train Time [8.78]
Round [170/200]	 Train Loss [0.2162]	 Train Acc [95.18]	 Train Time [17.38]
Round [171/200]	 Train Loss [0.2229]	 Train Acc [95.05]	 Train Time [12.34]
Round [172/200]	 Train Loss [0.1739]	 Train Acc [95.63]	 Train Time [11.29]
Round [173/200]	 Train Loss [0.2227]	 Train Acc [95.12]	 Train Time [9.96]
Round [174/200]	 Train Loss [0.2419]	 Train Acc [94.95]	 Train Time [15.07]
Round [175/200]	 Train Loss [0.2188]	 Train Acc [95.44]	 Train Time [16.49]
Round [176/200]	 Train Loss [0.1879]	 Train Acc [95.52]	 Train Time [16.03]
Round [177/200]	 Train Loss [0.1897]	 Train Acc [95.73]	 Train Time [12.14]
Round [178/200]	 Train Loss [0.2343]	 Train Acc [95.14]	 Train Time [19.14]
Round [179/200]	 Train Loss [0.1978]	 Train Acc [95.54]	 Train Time [15.44]
KL Divergence: μ=3.9545
Round [180/200]	 Train Loss [0.2520]	 Train Acc [94.98]	 Test Loss [1.9318]	 Test Acc [84.03(7.83)]	 Train Time [11.18]
Round [181/200]	 Train Loss [0.1904]	 Train Acc [95.81]	 Train Time [15.79]
Round [182/200]	 Train Loss [0.1994]	 Train Acc [95.86]	 Train Time [10.34]
Round [183/200]	 Train Loss [0.1682]	 Train Acc [95.83]	 Train Time [11.72]
Round [184/200]	 Train Loss [0.2151]	 Train Acc [95.32]	 Train Time [17.50]
Round [185/200]	 Train Loss [0.2441]	 Train Acc [94.62]	 Train Time [15.84]
Round [186/200]	 Train Loss [0.1465]	 Train Acc [96.40]	 Train Time [12.31]
Round [187/200]	 Train Loss [0.2248]	 Train Acc [95.45]	 Train Time [19.72]
Round [188/200]	 Train Loss [0.2432]	 Train Acc [95.53]	 Train Time [16.95]
Round [189/200]	 Train Loss [0.2185]	 Train Acc [95.54]	 Train Time [25.85]
Round [190/200]	 Train Loss [0.2559]	 Train Acc [94.98]	 Train Time [14.82]
Round [191/200]	 Train Loss [0.1710]	 Train Acc [96.19]	 Train Time [22.32]
Round [192/200]	 Train Loss [0.1966]	 Train Acc [95.84]	 Train Time [15.51]
Round [193/200]	 Train Loss [0.2293]	 Train Acc [95.15]	 Train Time [15.79]
Round [194/200]	 Train Loss [0.2019]	 Train Acc [95.65]	 Train Time [17.11]
Round [195/200]	 Train Loss [0.2408]	 Train Acc [95.01]	 Train Time [17.69]
Round [196/200]	 Train Loss [0.1487]	 Train Acc [96.27]	 Train Time [17.96]
Round [197/200]	 Train Loss [0.2315]	 Train Acc [95.65]	 Train Time [14.78]
Round [198/200]	 Train Loss [0.2608]	 Train Acc [94.77]	 Train Time [18.05]
Round [199/200]	 Train Loss [0.2372]	 Train Acc [95.17]	 Train Time [15.44]
KL Divergence: μ=4.0072
Round [200/200]	 Train Loss [0.1936]	 Train Acc [95.84]	 Test Loss [1.9361]	 Test Acc [84.95(8.37)]	 Train Time [67.83]
Method took (15.07, 4.63) seconds per training iteration
Method took (3026.47) total seconds
