Files already downloaded and verified
Files already downloaded and verified
Training pFedFDA...
Round [1/200]	 Train Loss [10.1404]	 Train Acc [14.68]	 Train Time [76.22]
Round [2/200]	 Train Loss [3.7174]	 Train Acc [18.85]	 Train Time [114.48]
Round [3/200]	 Train Loss [3.5667]	 Train Acc [18.16]	 Train Time [128.07]
Round [4/200]	 Train Loss [3.1586]	 Train Acc [23.36]	 Train Time [80.48]
Round [5/200]	 Train Loss [3.1230]	 Train Acc [20.33]	 Train Time [129.60]
Round [6/200]	 Train Loss [2.8963]	 Train Acc [21.88]	 Train Time [102.90]
Round [7/200]	 Train Loss [2.7362]	 Train Acc [24.57]	 Train Time [120.81]
Round [8/200]	 Train Loss [2.6160]	 Train Acc [25.78]	 Train Time [132.53]
Round [9/200]	 Train Loss [2.4336]	 Train Acc [29.99]	 Train Time [119.44]
Round [10/200]	 Train Loss [2.2524]	 Train Acc [35.84]	 Train Time [150.38]
Round [11/200]	 Train Loss [2.1030]	 Train Acc [39.45]	 Train Time [117.08]
Round [12/200]	 Train Loss [1.9510]	 Train Acc [44.10]	 Train Time [88.92]
Round [13/200]	 Train Loss [1.9156]	 Train Acc [45.24]	 Train Time [112.88]
Round [14/200]	 Train Loss [1.7249]	 Train Acc [49.92]	 Train Time [117.20]
Round [15/200]	 Train Loss [1.6932]	 Train Acc [51.42]	 Train Time [97.90]
Round [16/200]	 Train Loss [1.5868]	 Train Acc [54.06]	 Train Time [143.50]
Round [17/200]	 Train Loss [1.5816]	 Train Acc [54.50]	 Train Time [148.82]
Round [18/200]	 Train Loss [1.4134]	 Train Acc [59.63]	 Train Time [94.30]
Round [19/200]	 Train Loss [1.4381]	 Train Acc [59.51]	 Train Time [102.25]
Round [20/200]	 Train Loss [1.3828]	 Train Acc [60.85]	 Test Loss [2.1497]	 Test Acc [40.81(11.36)]	 Train Time [129.16]
Round [21/200]	 Train Loss [1.2971]	 Train Acc [63.97]	 Train Time [78.07]
Round [22/200]	 Train Loss [1.3083]	 Train Acc [63.92]	 Train Time [104.85]
Round [23/200]	 Train Loss [1.2384]	 Train Acc [66.17]	 Train Time [124.02]
Round [24/200]	 Train Loss [1.1498]	 Train Acc [68.20]	 Train Time [120.88]
Round [25/200]	 Train Loss [1.1278]	 Train Acc [69.22]	 Train Time [115.12]
Round [26/200]	 Train Loss [1.0938]	 Train Acc [70.34]	 Train Time [92.67]
Round [27/200]	 Train Loss [0.9983]	 Train Acc [72.88]	 Train Time [114.18]
Round [28/200]	 Train Loss [0.9992]	 Train Acc [73.34]	 Train Time [131.67]
Round [29/200]	 Train Loss [0.9491]	 Train Acc [74.58]	 Train Time [127.33]
Round [30/200]	 Train Loss [0.9575]	 Train Acc [74.43]	 Train Time [123.69]
Round [31/200]	 Train Loss [0.9136]	 Train Acc [75.71]	 Train Time [136.49]
Round [32/200]	 Train Loss [0.8709]	 Train Acc [76.96]	 Train Time [133.90]
Round [33/200]	 Train Loss [0.8385]	 Train Acc [77.80]	 Train Time [123.12]
Round [34/200]	 Train Loss [0.7983]	 Train Acc [78.50]	 Train Time [98.57]
Round [35/200]	 Train Loss [0.7547]	 Train Acc [79.67]	 Train Time [110.50]
Round [36/200]	 Train Loss [0.7779]	 Train Acc [79.07]	 Train Time [103.70]
Round [37/200]	 Train Loss [0.7285]	 Train Acc [80.73]	 Train Time [118.59]
Round [38/200]	 Train Loss [0.7394]	 Train Acc [80.36]	 Train Time [125.83]
Round [39/200]	 Train Loss [0.7005]	 Train Acc [81.56]	 Train Time [96.82]
Round [40/200]	 Train Loss [0.7019]	 Train Acc [81.28]	 Test Loss [2.1377]	 Test Acc [45.63(11.19)]	 Train Time [108.69]
Round [41/200]	 Train Loss [0.7057]	 Train Acc [81.40]	 Train Time [93.10]
Round [42/200]	 Train Loss [0.6703]	 Train Acc [82.39]	 Train Time [108.73]
Round [43/200]	 Train Loss [0.6452]	 Train Acc [82.80]	 Train Time [105.46]
Round [44/200]	 Train Loss [0.6645]	 Train Acc [82.33]	 Train Time [95.06]
Round [45/200]	 Train Loss [0.6087]	 Train Acc [83.79]	 Train Time [114.06]
Round [46/200]	 Train Loss [0.6184]	 Train Acc [83.52]	 Train Time [136.05]
Round [47/200]	 Train Loss [0.6231]	 Train Acc [83.49]	 Train Time [106.63]
Round [48/200]	 Train Loss [0.5984]	 Train Acc [83.83]	 Train Time [131.97]
Round [49/200]	 Train Loss [0.5528]	 Train Acc [85.10]	 Train Time [123.69]
Round [50/200]	 Train Loss [0.5824]	 Train Acc [84.52]	 Train Time [117.17]
Round [51/200]	 Train Loss [0.5537]	 Train Acc [85.12]	 Train Time [150.28]
Round [52/200]	 Train Loss [0.5349]	 Train Acc [85.67]	 Train Time [109.50]
Round [53/200]	 Train Loss [0.5071]	 Train Acc [86.19]	 Train Time [114.42]
Round [54/200]	 Train Loss [0.5138]	 Train Acc [86.18]	 Train Time [117.89]
Round [55/200]	 Train Loss [0.5044]	 Train Acc [86.35]	 Train Time [94.60]
Round [56/200]	 Train Loss [0.5361]	 Train Acc [85.69]	 Train Time [110.80]
Round [57/200]	 Train Loss [0.4999]	 Train Acc [86.52]	 Train Time [124.11]
Round [58/200]	 Train Loss [0.4684]	 Train Acc [87.29]	 Train Time [119.74]
Round [59/200]	 Train Loss [0.4896]	 Train Acc [86.76]	 Train Time [143.45]
Round [60/200]	 Train Loss [0.4903]	 Train Acc [86.94]	 Test Loss [2.0631]	 Test Acc [48.13(11.92)]	 Train Time [131.44]
Round [61/200]	 Train Loss [0.4578]	 Train Acc [87.55]	 Train Time [122.68]
Round [62/200]	 Train Loss [0.4584]	 Train Acc [87.49]	 Train Time [122.56]
Round [63/200]	 Train Loss [0.4477]	 Train Acc [87.72]	 Train Time [133.38]
Round [64/200]	 Train Loss [0.4401]	 Train Acc [87.94]	 Train Time [80.96]
Round [65/200]	 Train Loss [0.4232]	 Train Acc [88.51]	 Train Time [139.96]
Round [66/200]	 Train Loss [0.4226]	 Train Acc [88.45]	 Train Time [120.04]
Round [67/200]	 Train Loss [0.4236]	 Train Acc [88.29]	 Train Time [149.68]
Round [68/200]	 Train Loss [0.3996]	 Train Acc [88.98]	 Train Time [138.74]
Round [69/200]	 Train Loss [0.4152]	 Train Acc [88.69]	 Train Time [102.68]
Round [70/200]	 Train Loss [0.4206]	 Train Acc [88.46]	 Train Time [108.54]
Round [71/200]	 Train Loss [0.3966]	 Train Acc [89.17]	 Train Time [115.96]
Round [72/200]	 Train Loss [0.4132]	 Train Acc [88.59]	 Train Time [115.28]
Round [73/200]	 Train Loss [0.3809]	 Train Acc [89.42]	 Train Time [107.21]
Round [74/200]	 Train Loss [0.3925]	 Train Acc [89.16]	 Train Time [116.28]
Round [75/200]	 Train Loss [0.3840]	 Train Acc [89.40]	 Train Time [157.40]
Round [76/200]	 Train Loss [0.3746]	 Train Acc [89.57]	 Train Time [116.90]
Round [77/200]	 Train Loss [0.3486]	 Train Acc [90.47]	 Train Time [76.06]
Round [78/200]	 Train Loss [0.3919]	 Train Acc [89.31]	 Train Time [128.99]
Round [79/200]	 Train Loss [0.3433]	 Train Acc [90.37]	 Train Time [122.80]
Round [80/200]	 Train Loss [0.3714]	 Train Acc [89.57]	 Test Loss [2.0548]	 Test Acc [48.88(11.99)]	 Train Time [130.31]
Round [81/200]	 Train Loss [0.3093]	 Train Acc [91.19]	 Train Time [94.41]
Round [82/200]	 Train Loss [0.3438]	 Train Acc [90.37]	 Train Time [136.57]
Round [83/200]	 Train Loss [0.3077]	 Train Acc [91.20]	 Train Time [103.70]
Round [84/200]	 Train Loss [0.3620]	 Train Acc [89.85]	 Train Time [108.62]
Round [85/200]	 Train Loss [0.3340]	 Train Acc [90.52]	 Train Time [140.20]
Round [86/200]	 Train Loss [0.3468]	 Train Acc [90.17]	 Train Time [121.10]
Round [87/200]	 Train Loss [0.3153]	 Train Acc [91.03]	 Train Time [130.36]
Round [88/200]	 Train Loss [0.3497]	 Train Acc [90.25]	 Train Time [146.28]
Round [89/200]	 Train Loss [0.3063]	 Train Acc [91.30]	 Train Time [134.68]
Round [90/200]	 Train Loss [0.3271]	 Train Acc [90.71]	 Train Time [109.22]
Round [91/200]	 Train Loss [0.3085]	 Train Acc [91.25]	 Train Time [111.82]
Round [92/200]	 Train Loss [0.3172]	 Train Acc [91.03]	 Train Time [96.96]
Round [93/200]	 Train Loss [0.2852]	 Train Acc [91.76]	 Train Time [113.59]
Round [94/200]	 Train Loss [0.3048]	 Train Acc [91.34]	 Train Time [154.76]
Round [95/200]	 Train Loss [0.3233]	 Train Acc [90.84]	 Train Time [96.33]
Round [96/200]	 Train Loss [0.2967]	 Train Acc [91.45]	 Train Time [128.08]
Round [97/200]	 Train Loss [0.2567]	 Train Acc [92.47]	 Train Time [116.39]
Round [98/200]	 Train Loss [0.2668]	 Train Acc [92.29]	 Train Time [93.76]
Round [99/200]	 Train Loss [0.2621]	 Train Acc [92.43]	 Train Time [113.86]
Round [100/200]	 Train Loss [0.2959]	 Train Acc [91.60]	 Test Loss [2.1490]	 Test Acc [49.02(11.15)]	 Train Time [122.55]
Round [101/200]	 Train Loss [0.2339]	 Train Acc [93.31]	 Train Time [119.57]
Round [102/200]	 Train Loss [0.2481]	 Train Acc [92.91]	 Train Time [131.31]
Round [103/200]	 Train Loss [0.2692]	 Train Acc [92.26]	 Train Time [115.82]
Round [104/200]	 Train Loss [0.2577]	 Train Acc [92.53]	 Train Time [143.78]
Round [105/200]	 Train Loss [0.2766]	 Train Acc [92.08]	 Train Time [103.76]
Round [106/200]	 Train Loss [0.2700]	 Train Acc [92.22]	 Train Time [143.45]
Round [107/200]	 Train Loss [0.2729]	 Train Acc [92.01]	 Train Time [107.31]
Round [108/200]	 Train Loss [0.2392]	 Train Acc [93.05]	 Train Time [117.59]
Round [109/200]	 Train Loss [0.2504]	 Train Acc [92.74]	 Train Time [127.80]
Round [110/200]	 Train Loss [0.2215]	 Train Acc [93.45]	 Train Time [118.61]
Round [111/200]	 Train Loss [0.2203]	 Train Acc [93.57]	 Train Time [130.80]
Round [112/200]	 Train Loss [0.2537]	 Train Acc [92.59]	 Train Time [125.27]
Round [113/200]	 Train Loss [0.2207]	 Train Acc [93.53]	 Train Time [113.03]
Round [114/200]	 Train Loss [0.2077]	 Train Acc [93.86]	 Train Time [92.09]
Round [115/200]	 Train Loss [0.2425]	 Train Acc [92.96]	 Train Time [111.62]
Round [116/200]	 Train Loss [0.2318]	 Train Acc [93.21]	 Train Time [92.06]
Round [117/200]	 Train Loss [0.1989]	 Train Acc [94.23]	 Train Time [154.00]
Round [118/200]	 Train Loss [0.2191]	 Train Acc [93.70]	 Train Time [101.60]
Round [119/200]	 Train Loss [0.2040]	 Train Acc [94.13]	 Train Time [132.01]
Round [120/200]	 Train Loss [0.1988]	 Train Acc [94.13]	 Test Loss [2.2236]	 Test Acc [48.82(11.65)]	 Train Time [112.03]
Round [121/200]	 Train Loss [0.1895]	 Train Acc [94.65]	 Train Time [81.10]
Round [122/200]	 Train Loss [0.1965]	 Train Acc [94.24]	 Train Time [120.20]
Round [123/200]	 Train Loss [0.1982]	 Train Acc [94.29]	 Train Time [108.27]
Round [124/200]	 Train Loss [0.2183]	 Train Acc [93.61]	 Train Time [124.41]
Round [125/200]	 Train Loss [0.1803]	 Train Acc [94.70]	 Train Time [139.33]
Round [126/200]	 Train Loss [0.1871]	 Train Acc [94.59]	 Train Time [108.50]
Round [127/200]	 Train Loss [0.1933]	 Train Acc [94.41]	 Train Time [114.67]
Round [128/200]	 Train Loss [0.1946]	 Train Acc [94.30]	 Train Time [139.78]
Round [129/200]	 Train Loss [0.1869]	 Train Acc [94.54]	 Train Time [121.65]
Round [130/200]	 Train Loss [0.1747]	 Train Acc [94.83]	 Train Time [120.27]
Round [131/200]	 Train Loss [0.1830]	 Train Acc [94.66]	 Train Time [160.73]
Round [132/200]	 Train Loss [0.1661]	 Train Acc [95.15]	 Train Time [115.70]
Round [133/200]	 Train Loss [0.1639]	 Train Acc [95.40]	 Train Time [107.39]
Round [134/200]	 Train Loss [0.1808]	 Train Acc [94.60]	 Train Time [116.89]
Round [135/200]	 Train Loss [0.1468]	 Train Acc [95.76]	 Train Time [148.20]
Round [136/200]	 Train Loss [0.1627]	 Train Acc [95.34]	 Train Time [119.29]
Round [137/200]	 Train Loss [0.1655]	 Train Acc [95.30]	 Train Time [120.81]
Round [138/200]	 Train Loss [0.1692]	 Train Acc [95.19]	 Train Time [96.77]
Round [139/200]	 Train Loss [0.1541]	 Train Acc [95.48]	 Train Time [112.99]
Round [140/200]	 Train Loss [0.1827]	 Train Acc [94.62]	 Test Loss [2.3697]	 Test Acc [48.26(11.72)]	 Train Time [109.70]
Round [141/200]	 Train Loss [0.1684]	 Train Acc [95.04]	 Train Time [133.06]
Round [142/200]	 Train Loss [0.1375]	 Train Acc [96.05]	 Train Time [105.80]
Round [143/200]	 Train Loss [0.1410]	 Train Acc [95.92]	 Train Time [97.68]
Round [144/200]	 Train Loss [0.1432]	 Train Acc [95.85]	 Train Time [82.99]
Round [145/200]	 Train Loss [0.1322]	 Train Acc [96.33]	 Train Time [114.20]
Round [146/200]	 Train Loss [0.1227]	 Train Acc [96.49]	 Train Time [99.33]
Round [147/200]	 Train Loss [0.1272]	 Train Acc [96.34]	 Train Time [97.48]
Round [148/200]	 Train Loss [0.1500]	 Train Acc [95.60]	 Train Time [108.96]
Round [149/200]	 Train Loss [0.1149]	 Train Acc [96.74]	 Train Time [96.63]
Round [150/200]	 Train Loss [0.1374]	 Train Acc [95.90]	 Train Time [116.20]
Round [151/200]	 Train Loss [0.1030]	 Train Acc [97.21]	 Train Time [119.72]
Round [152/200]	 Train Loss [0.1275]	 Train Acc [96.41]	 Train Time [106.96]
Round [153/200]	 Train Loss [0.1320]	 Train Acc [96.21]	 Train Time [111.17]
Round [154/200]	 Train Loss [0.1037]	 Train Acc [97.11]	 Train Time [90.32]
Round [155/200]	 Train Loss [0.1219]	 Train Acc [96.47]	 Train Time [136.48]
Round [156/200]	 Train Loss [0.1204]	 Train Acc [96.54]	 Train Time [119.18]
Round [157/200]	 Train Loss [0.1086]	 Train Acc [96.97]	 Train Time [73.44]
Round [158/200]	 Train Loss [0.0867]	 Train Acc [97.62]	 Train Time [113.92]
Round [159/200]	 Train Loss [0.0754]	 Train Acc [98.05]	 Train Time [94.82]
Round [160/200]	 Train Loss [0.1140]	 Train Acc [96.79]	 Test Loss [2.5322]	 Test Acc [47.70(12.28)]	 Train Time [98.25]
Round [161/200]	 Train Loss [0.0965]	 Train Acc [97.29]	 Train Time [91.72]
Round [162/200]	 Train Loss [0.0706]	 Train Acc [98.12]	 Train Time [88.78]
Round [163/200]	 Train Loss [0.0894]	 Train Acc [97.53]	 Train Time [114.76]
Round [164/200]	 Train Loss [0.0855]	 Train Acc [97.67]	 Train Time [86.34]
Round [165/200]	 Train Loss [0.0900]	 Train Acc [97.60]	 Train Time [101.04]
Round [166/200]	 Train Loss [0.0861]	 Train Acc [97.62]	 Train Time [99.40]
Round [167/200]	 Train Loss [0.0943]	 Train Acc [97.35]	 Train Time [97.54]
Round [168/200]	 Train Loss [0.0728]	 Train Acc [98.09]	 Train Time [79.56]
Round [169/200]	 Train Loss [0.0750]	 Train Acc [97.93]	 Train Time [107.27]
Round [170/200]	 Train Loss [0.0686]	 Train Acc [98.24]	 Train Time [81.65]
Round [171/200]	 Train Loss [0.0778]	 Train Acc [97.89]	 Train Time [111.66]
Round [172/200]	 Train Loss [0.0793]	 Train Acc [97.86]	 Train Time [118.25]
Round [173/200]	 Train Loss [0.0530]	 Train Acc [98.75]	 Train Time [105.29]
Round [174/200]	 Train Loss [0.0541]	 Train Acc [98.62]	 Train Time [95.00]
Round [175/200]	 Train Loss [0.0550]	 Train Acc [98.58]	 Train Time [86.63]
Round [176/200]	 Train Loss [0.0629]	 Train Acc [98.38]	 Train Time [119.42]
Round [177/200]	 Train Loss [0.0494]	 Train Acc [98.83]	 Train Time [64.78]
Round [178/200]	 Train Loss [0.0460]	 Train Acc [98.94]	 Train Time [81.53]
Round [179/200]	 Train Loss [0.0776]	 Train Acc [98.03]	 Train Time [106.70]
Round [180/200]	 Train Loss [0.0436]	 Train Acc [98.93]	 Test Loss [2.6929]	 Test Acc [47.64(11.96)]	 Train Time [79.87]
Round [181/200]	 Train Loss [0.0502]	 Train Acc [98.76]	 Train Time [80.09]
Round [182/200]	 Train Loss [0.0505]	 Train Acc [98.73]	 Train Time [91.02]
Round [183/200]	 Train Loss [0.0594]	 Train Acc [98.51]	 Train Time [87.60]
Round [184/200]	 Train Loss [0.0548]	 Train Acc [98.61]	 Train Time [97.72]
Round [185/200]	 Train Loss [0.0457]	 Train Acc [98.86]	 Train Time [68.80]
Round [186/200]	 Train Loss [0.0609]	 Train Acc [98.53]	 Train Time [87.69]
Round [187/200]	 Train Loss [0.0524]	 Train Acc [98.69]	 Train Time [85.29]
Round [188/200]	 Train Loss [0.0515]	 Train Acc [98.75]	 Train Time [64.84]
Round [189/200]	 Train Loss [0.0534]	 Train Acc [98.58]	 Train Time [108.79]
Round [190/200]	 Train Loss [0.0272]	 Train Acc [99.44]	 Train Time [77.52]
Round [191/200]	 Train Loss [0.0505]	 Train Acc [98.71]	 Train Time [95.45]
Round [192/200]	 Train Loss [0.0575]	 Train Acc [98.57]	 Train Time [91.62]
Round [193/200]	 Train Loss [0.0282]	 Train Acc [99.39]	 Train Time [83.18]
Round [194/200]	 Train Loss [0.0212]	 Train Acc [99.66]	 Train Time [72.62]
Round [195/200]	 Train Loss [0.0349]	 Train Acc [99.23]	 Train Time [86.07]
Round [196/200]	 Train Loss [0.0390]	 Train Acc [99.10]	 Train Time [102.88]
Round [197/200]	 Train Loss [0.0367]	 Train Acc [99.16]	 Train Time [70.34]
Round [198/200]	 Train Loss [0.0323]	 Train Acc [99.28]	 Train Time [96.87]
Round [199/200]	 Train Loss [0.0186]	 Train Acc [99.71]	 Train Time [71.89]
Round [200/200]	 Train Loss [0.0344]	 Train Acc [99.24]	 Test Loss [2.8565]	 Test Acc [46.52(11.76)]	 Train Time [278.46]
Method took (112.18, 23.08) seconds per training iteration
Method took (22539.76) total seconds
