Training pFedFDA...
Round [1/200]	 Train Loss [7.9160]	 Train Acc [9.46]	 Train Time [167.77]
Round [2/200]	 Train Loss [7.7120]	 Train Acc [4.32]	 Train Time [165.15]
Round [3/200]	 Train Loss [6.3174]	 Train Acc [4.78]	 Train Time [159.17]
Round [4/200]	 Train Loss [4.8509]	 Train Acc [9.37]	 Train Time [227.78]
Round [5/200]	 Train Loss [4.0803]	 Train Acc [11.72]	 Train Time [258.52]
Round [6/200]	 Train Loss [4.9835]	 Train Acc [9.39]	 Train Time [245.97]
Round [7/200]	 Train Loss [4.1867]	 Train Acc [8.19]	 Train Time [213.96]
Round [8/200]	 Train Loss [3.9711]	 Train Acc [10.07]	 Train Time [299.61]
Round [9/200]	 Train Loss [3.5430]	 Train Acc [12.95]	 Train Time [231.99]
Round [10/200]	 Train Loss [3.4648]	 Train Acc [13.50]	 Train Time [244.96]
Round [11/200]	 Train Loss [3.4114]	 Train Acc [13.16]	 Train Time [158.89]
Round [12/200]	 Train Loss [3.3913]	 Train Acc [13.83]	 Train Time [138.21]
Round [13/200]	 Train Loss [3.3292]	 Train Acc [14.47]	 Train Time [182.15]
Round [14/200]	 Train Loss [3.3374]	 Train Acc [14.32]	 Train Time [149.01]
Round [15/200]	 Train Loss [3.2845]	 Train Acc [16.59]	 Train Time [183.79]
Round [16/200]	 Train Loss [3.2347]	 Train Acc [17.19]	 Train Time [285.91]
Round [17/200]	 Train Loss [3.2496]	 Train Acc [17.30]	 Train Time [184.86]
Round [18/200]	 Train Loss [3.1895]	 Train Acc [18.55]	 Train Time [152.08]
Round [19/200]	 Train Loss [3.1968]	 Train Acc [19.12]	 Train Time [164.66]
KL Divergence: μ=0.9085
Round [20/200]	 Train Loss [3.1609]	 Train Acc [19.03]	 Test Loss [3.2929]	 Test Acc [16.43(6.15)]	 Train Time [180.14]
Round [21/200]	 Train Loss [3.1532]	 Train Acc [19.38]	 Train Time [213.77]
Round [22/200]	 Train Loss [3.1095]	 Train Acc [19.98]	 Train Time [164.28]
Round [23/200]	 Train Loss [3.0584]	 Train Acc [21.12]	 Train Time [186.98]
Round [24/200]	 Train Loss [3.0191]	 Train Acc [22.23]	 Train Time [176.85]
Round [25/200]	 Train Loss [2.9663]	 Train Acc [22.94]	 Train Time [172.96]
Round [26/200]	 Train Loss [2.9355]	 Train Acc [24.34]	 Train Time [137.58]
Round [27/200]	 Train Loss [2.9058]	 Train Acc [24.51]	 Train Time [165.20]
Round [28/200]	 Train Loss [2.8698]	 Train Acc [25.64]	 Train Time [130.38]
Round [29/200]	 Train Loss [2.8329]	 Train Acc [26.63]	 Train Time [183.04]
Round [30/200]	 Train Loss [2.8020]	 Train Acc [27.68]	 Train Time [199.60]
Round [31/200]	 Train Loss [2.7894]	 Train Acc [28.14]	 Train Time [151.91]
Round [32/200]	 Train Loss [2.6739]	 Train Acc [30.63]	 Train Time [163.53]
Round [33/200]	 Train Loss [2.5724]	 Train Acc [32.56]	 Train Time [155.22]
Round [34/200]	 Train Loss [2.4983]	 Train Acc [34.99]	 Train Time [204.28]
Round [35/200]	 Train Loss [2.4201]	 Train Acc [36.07]	 Train Time [235.00]
Round [36/200]	 Train Loss [2.3360]	 Train Acc [39.12]	 Train Time [142.41]
Round [37/200]	 Train Loss [2.2678]	 Train Acc [39.93]	 Train Time [153.50]
Round [38/200]	 Train Loss [2.2417]	 Train Acc [41.08]	 Train Time [161.46]
Round [39/200]	 Train Loss [2.1033]	 Train Acc [44.14]	 Train Time [148.35]
KL Divergence: μ=2.0614
Round [40/200]	 Train Loss [1.9919]	 Train Acc [46.87]	 Test Loss [2.9425]	 Test Acc [26.15(6.85)]	 Train Time [112.44]
Round [41/200]	 Train Loss [2.0414]	 Train Acc [45.84]	 Train Time [114.55]
Round [42/200]	 Train Loss [1.9606]	 Train Acc [47.89]	 Train Time [163.54]
Round [43/200]	 Train Loss [1.7824]	 Train Acc [52.17]	 Train Time [130.39]
Round [44/200]	 Train Loss [1.8504]	 Train Acc [50.71]	 Train Time [100.52]
Round [45/200]	 Train Loss [1.7470]	 Train Acc [53.15]	 Train Time [169.57]
Round [46/200]	 Train Loss [1.6473]	 Train Acc [55.97]	 Train Time [141.26]
Round [47/200]	 Train Loss [1.5895]	 Train Acc [57.41]	 Train Time [124.30]
Round [48/200]	 Train Loss [1.6442]	 Train Acc [56.56]	 Train Time [143.57]
Round [49/200]	 Train Loss [1.5249]	 Train Acc [58.94]	 Train Time [155.24]
Round [50/200]	 Train Loss [1.4569]	 Train Acc [60.97]	 Train Time [206.02]
Round [51/200]	 Train Loss [1.3931]	 Train Acc [62.34]	 Train Time [216.00]
Round [52/200]	 Train Loss [1.3474]	 Train Acc [63.66]	 Train Time [194.11]
Round [53/200]	 Train Loss [1.3219]	 Train Acc [64.68]	 Train Time [171.87]
Round [54/200]	 Train Loss [1.3266]	 Train Acc [64.50]	 Train Time [201.31]
Round [55/200]	 Train Loss [1.2078]	 Train Acc [67.55]	 Train Time [148.54]
Round [56/200]	 Train Loss [1.2092]	 Train Acc [67.51]	 Train Time [158.08]
Round [57/200]	 Train Loss [1.1482]	 Train Acc [69.27]	 Train Time [163.51]
Round [58/200]	 Train Loss [1.1869]	 Train Acc [68.33]	 Train Time [162.65]
Round [59/200]	 Train Loss [1.1281]	 Train Acc [69.96]	 Train Time [135.35]
KL Divergence: μ=3.1022
Round [60/200]	 Train Loss [1.1215]	 Train Acc [69.85]	 Test Loss [2.9995]	 Test Acc [30.04(7.04)]	 Train Time [155.06]
Round [61/200]	 Train Loss [1.0743]	 Train Acc [71.35]	 Train Time [135.85]
Round [62/200]	 Train Loss [1.0430]	 Train Acc [72.14]	 Train Time [197.60]
Round [63/200]	 Train Loss [0.9756]	 Train Acc [74.06]	 Train Time [143.26]
Round [64/200]	 Train Loss [1.0162]	 Train Acc [73.01]	 Train Time [126.93]
Round [65/200]	 Train Loss [0.9810]	 Train Acc [73.76]	 Train Time [138.15]
Round [66/200]	 Train Loss [0.9252]	 Train Acc [75.38]	 Train Time [131.61]
Round [67/200]	 Train Loss [0.9513]	 Train Acc [74.43]	 Train Time [103.17]
Round [68/200]	 Train Loss [0.9024]	 Train Acc [75.93]	 Train Time [129.59]
Round [69/200]	 Train Loss [0.8778]	 Train Acc [76.44]	 Train Time [150.67]
Round [70/200]	 Train Loss [0.8518]	 Train Acc [77.17]	 Train Time [164.98]
Round [71/200]	 Train Loss [0.8428]	 Train Acc [77.43]	 Train Time [148.75]
Round [72/200]	 Train Loss [0.8555]	 Train Acc [77.16]	 Train Time [175.06]
Round [73/200]	 Train Loss [0.8415]	 Train Acc [77.44]	 Train Time [161.91]
Round [74/200]	 Train Loss [0.8059]	 Train Acc [78.48]	 Train Time [128.10]
Round [75/200]	 Train Loss [0.8174]	 Train Acc [78.07]	 Train Time [157.83]
Round [76/200]	 Train Loss [0.7710]	 Train Acc [79.27]	 Train Time [123.94]
Round [77/200]	 Train Loss [0.7589]	 Train Acc [79.70]	 Train Time [112.25]
Round [78/200]	 Train Loss [0.7452]	 Train Acc [80.03]	 Train Time [157.27]
Round [79/200]	 Train Loss [0.7148]	 Train Acc [80.59]	 Train Time [155.58]
KL Divergence: μ=5.2987
Round [80/200]	 Train Loss [0.7292]	 Train Acc [80.25]	 Test Loss [3.0163]	 Test Acc [31.84(7.01)]	 Train Time [153.66]
Round [81/200]	 Train Loss [0.6766]	 Train Acc [81.50]	 Train Time [171.73]
Round [82/200]	 Train Loss [0.7259]	 Train Acc [80.37]	 Train Time [106.93]
Round [83/200]	 Train Loss [0.7064]	 Train Acc [81.03]	 Train Time [168.38]
Round [84/200]	 Train Loss [0.6811]	 Train Acc [81.50]	 Train Time [128.70]
Round [85/200]	 Train Loss [0.6807]	 Train Acc [81.64]	 Train Time [176.06]
Round [86/200]	 Train Loss [0.6507]	 Train Acc [82.22]	 Train Time [159.71]
Round [87/200]	 Train Loss [0.6903]	 Train Acc [81.38]	 Train Time [149.60]
Round [88/200]	 Train Loss [0.6667]	 Train Acc [81.89]	 Train Time [237.89]
Round [89/200]	 Train Loss [0.6529]	 Train Acc [82.30]	 Train Time [183.92]
Round [90/200]	 Train Loss [0.6401]	 Train Acc [82.52]	 Train Time [152.20]
Round [91/200]	 Train Loss [0.6316]	 Train Acc [82.68]	 Train Time [141.34]
Round [92/200]	 Train Loss [0.6024]	 Train Acc [83.52]	 Train Time [140.89]
Round [93/200]	 Train Loss [0.6122]	 Train Acc [83.11]	 Train Time [121.85]
Round [94/200]	 Train Loss [0.6115]	 Train Acc [83.25]	 Train Time [148.66]
Round [95/200]	 Train Loss [0.5875]	 Train Acc [83.76]	 Train Time [93.56]
Round [96/200]	 Train Loss [0.5984]	 Train Acc [83.66]	 Train Time [151.32]
Round [97/200]	 Train Loss [0.5853]	 Train Acc [84.01]	 Train Time [145.50]
Round [98/200]	 Train Loss [0.5929]	 Train Acc [84.00]	 Train Time [141.57]
Round [99/200]	 Train Loss [0.5690]	 Train Acc [84.36]	 Train Time [164.25]
KL Divergence: μ=7.6793
Round [100/200]	 Train Loss [0.5415]	 Train Acc [84.98]	 Test Loss [3.1866]	 Test Acc [31.20(7.08)]	 Train Time [165.57]
Round [101/200]	 Train Loss [0.5631]	 Train Acc [84.58]	 Train Time [127.42]
Round [102/200]	 Train Loss [0.5708]	 Train Acc [84.36]	 Train Time [158.90]
Round [103/200]	 Train Loss [0.5463]	 Train Acc [85.02]	 Train Time [154.38]
Round [104/200]	 Train Loss [0.5478]	 Train Acc [85.10]	 Train Time [161.25]
Round [105/200]	 Train Loss [0.5684]	 Train Acc [84.52]	 Train Time [133.40]
Round [106/200]	 Train Loss [0.5262]	 Train Acc [85.50]	 Train Time [119.41]
Round [107/200]	 Train Loss [0.5180]	 Train Acc [85.78]	 Train Time [172.67]
Round [108/200]	 Train Loss [0.5049]	 Train Acc [86.28]	 Train Time [142.88]
Round [109/200]	 Train Loss [0.5197]	 Train Acc [85.68]	 Train Time [131.37]
Round [110/200]	 Train Loss [0.5026]	 Train Acc [86.13]	 Train Time [150.64]
Round [111/200]	 Train Loss [0.5111]	 Train Acc [86.02]	 Train Time [119.25]
Round [112/200]	 Train Loss [0.5117]	 Train Acc [85.88]	 Train Time [167.57]
Round [113/200]	 Train Loss [0.5072]	 Train Acc [85.99]	 Train Time [157.43]
Round [114/200]	 Train Loss [0.4789]	 Train Acc [86.76]	 Train Time [132.67]
Round [115/200]	 Train Loss [0.4801]	 Train Acc [86.66]	 Train Time [152.30]
Round [116/200]	 Train Loss [0.4910]	 Train Acc [86.60]	 Train Time [128.79]
Round [117/200]	 Train Loss [0.4926]	 Train Acc [86.37]	 Train Time [203.12]
Round [118/200]	 Train Loss [0.4677]	 Train Acc [87.07]	 Train Time [133.09]
Round [119/200]	 Train Loss [0.4872]	 Train Acc [86.58]	 Train Time [182.12]
KL Divergence: μ=10.3890
Round [120/200]	 Train Loss [0.4414]	 Train Acc [87.86]	 Test Loss [3.4459]	 Test Acc [30.67(7.13)]	 Train Time [103.62]
Round [121/200]	 Train Loss [0.4642]	 Train Acc [87.18]	 Train Time [152.82]
Round [122/200]	 Train Loss [0.4545]	 Train Acc [87.35]	 Train Time [186.30]
Round [123/200]	 Train Loss [0.4368]	 Train Acc [87.92]	 Train Time [172.43]
Round [124/200]	 Train Loss [0.4534]	 Train Acc [87.43]	 Train Time [135.26]
Round [125/200]	 Train Loss [0.4220]	 Train Acc [88.36]	 Train Time [128.87]
Round [126/200]	 Train Loss [0.4400]	 Train Acc [87.84]	 Train Time [185.84]
Round [127/200]	 Train Loss [0.4562]	 Train Acc [87.28]	 Train Time [144.85]
Round [128/200]	 Train Loss [0.4156]	 Train Acc [88.45]	 Train Time [179.50]
Round [129/200]	 Train Loss [0.4128]	 Train Acc [88.63]	 Train Time [185.37]
Round [130/200]	 Train Loss [0.3881]	 Train Acc [89.29]	 Train Time [143.89]
Round [131/200]	 Train Loss [0.4187]	 Train Acc [88.24]	 Train Time [127.36]
Round [132/200]	 Train Loss [0.4125]	 Train Acc [88.59]	 Train Time [117.87]
Round [133/200]	 Train Loss [0.4181]	 Train Acc [88.32]	 Train Time [170.25]
Round [134/200]	 Train Loss [0.3878]	 Train Acc [89.32]	 Train Time [98.79]
Round [135/200]	 Train Loss [0.3942]	 Train Acc [89.05]	 Train Time [153.51]
Round [136/200]	 Train Loss [0.3685]	 Train Acc [89.85]	 Train Time [160.05]
Round [137/200]	 Train Loss [0.3868]	 Train Acc [89.25]	 Train Time [147.20]
Round [138/200]	 Train Loss [0.4083]	 Train Acc [88.57]	 Train Time [151.05]
Round [139/200]	 Train Loss [0.3620]	 Train Acc [90.03]	 Train Time [177.09]
KL Divergence: μ=9.9043
Round [140/200]	 Train Loss [0.3477]	 Train Acc [90.37]	 Test Loss [3.6431]	 Test Acc [29.99(7.31)]	 Train Time [116.14]
Round [141/200]	 Train Loss [0.3837]	 Train Acc [89.44]	 Train Time [89.15]
Round [142/200]	 Train Loss [0.4018]	 Train Acc [88.87]	 Train Time [158.62]
Round [143/200]	 Train Loss [0.3630]	 Train Acc [89.86]	 Train Time [123.68]
Round [144/200]	 Train Loss [0.3238]	 Train Acc [90.94]	 Train Time [172.58]
Round [145/200]	 Train Loss [0.3728]	 Train Acc [89.70]	 Train Time [126.99]
Round [146/200]	 Train Loss [0.3655]	 Train Acc [89.91]	 Train Time [172.28]
Round [147/200]	 Train Loss [0.3161]	 Train Acc [91.27]	 Train Time [148.35]
Round [148/200]	 Train Loss [0.3508]	 Train Acc [90.27]	 Train Time [161.72]
Round [149/200]	 Train Loss [0.3140]	 Train Acc [91.30]	 Train Time [197.86]
Round [150/200]	 Train Loss [0.3488]	 Train Acc [90.36]	 Train Time [157.13]
Round [151/200]	 Train Loss [0.3457]	 Train Acc [90.45]	 Train Time [121.52]
Round [152/200]	 Train Loss [0.3622]	 Train Acc [89.93]	 Train Time [163.58]
Round [153/200]	 Train Loss [0.3205]	 Train Acc [91.07]	 Train Time [166.49]
Round [154/200]	 Train Loss [0.3134]	 Train Acc [91.37]	 Train Time [156.50]
Round [155/200]	 Train Loss [0.2775]	 Train Acc [92.30]	 Train Time [97.94]
Round [156/200]	 Train Loss [0.3098]	 Train Acc [91.42]	 Train Time [166.69]
Round [157/200]	 Train Loss [0.3033]	 Train Acc [91.67]	 Train Time [135.31]
Round [158/200]	 Train Loss [0.3211]	 Train Acc [91.02]	 Train Time [125.84]
Round [159/200]	 Train Loss [0.3722]	 Train Acc [89.65]	 Train Time [137.76]
KL Divergence: μ=6.1829
Round [160/200]	 Train Loss [0.2935]	 Train Acc [91.88]	 Test Loss [3.8686]	 Test Acc [29.97(7.19)]	 Train Time [186.99]
Round [161/200]	 Train Loss [0.2814]	 Train Acc [92.25]	 Train Time [175.88]
Round [162/200]	 Train Loss [0.2687]	 Train Acc [92.64]	 Train Time [140.25]
Round [163/200]	 Train Loss [0.2754]	 Train Acc [92.34]	 Train Time [191.62]
Round [164/200]	 Train Loss [0.2516]	 Train Acc [93.11]	 Train Time [183.02]
Round [165/200]	 Train Loss [0.2735]	 Train Acc [92.48]	 Train Time [159.46]
Round [166/200]	 Train Loss [0.2490]	 Train Acc [93.26]	 Train Time [181.29]
Round [167/200]	 Train Loss [0.1949]	 Train Acc [94.82]	 Train Time [142.33]
Round [168/200]	 Train Loss [0.2988]	 Train Acc [91.78]	 Train Time [162.68]
Round [169/200]	 Train Loss [0.2271]	 Train Acc [93.87]	 Train Time [126.29]
Round [170/200]	 Train Loss [0.3036]	 Train Acc [91.56]	 Train Time [143.41]
Round [171/200]	 Train Loss [0.2254]	 Train Acc [93.93]	 Train Time [138.57]
Round [172/200]	 Train Loss [0.2473]	 Train Acc [93.16]	 Train Time [131.92]
Round [173/200]	 Train Loss [0.2439]	 Train Acc [93.37]	 Train Time [157.03]
Round [174/200]	 Train Loss [0.2901]	 Train Acc [91.97]	 Train Time [131.69]
Round [175/200]	 Train Loss [0.2521]	 Train Acc [93.10]	 Train Time [156.24]
Round [176/200]	 Train Loss [0.2396]	 Train Acc [93.42]	 Train Time [128.00]
Round [177/200]	 Train Loss [0.3115]	 Train Acc [91.30]	 Train Time [144.41]
Round [178/200]	 Train Loss [0.2244]	 Train Acc [93.91]	 Train Time [165.63]
Round [179/200]	 Train Loss [0.2896]	 Train Acc [92.06]	 Train Time [144.29]
KL Divergence: μ=2.5159
Round [180/200]	 Train Loss [0.3082]	 Train Acc [91.44]	 Test Loss [4.4808]	 Test Acc [30.98(7.23)]	 Train Time [195.83]
Round [181/200]	 Train Loss [0.2209]	 Train Acc [93.98]	 Train Time [131.32]
Round [182/200]	 Train Loss [0.2564]	 Train Acc [92.85]	 Train Time [116.10]
Round [183/200]	 Train Loss [0.2718]	 Train Acc [92.54]	 Train Time [162.05]
Round [184/200]	 Train Loss [0.2443]	 Train Acc [93.22]	 Train Time [150.25]
Round [185/200]	 Train Loss [0.2394]	 Train Acc [93.32]	 Train Time [144.50]
Round [186/200]	 Train Loss [0.2950]	 Train Acc [91.77]	 Train Time [160.96]
Round [187/200]	 Train Loss [0.2435]	 Train Acc [93.33]	 Train Time [127.14]
Round [188/200]	 Train Loss [0.2911]	 Train Acc [91.93]	 Train Time [136.55]
Round [189/200]	 Train Loss [0.1985]	 Train Acc [94.53]	 Train Time [159.25]
Round [190/200]	 Train Loss [0.3091]	 Train Acc [91.35]	 Train Time [201.74]
Round [191/200]	 Train Loss [0.2513]	 Train Acc [92.98]	 Train Time [163.07]
Round [192/200]	 Train Loss [0.2394]	 Train Acc [93.26]	 Train Time [159.91]
Round [193/200]	 Train Loss [0.2752]	 Train Acc [92.24]	 Train Time [109.15]
Round [194/200]	 Train Loss [0.2775]	 Train Acc [92.04]	 Train Time [134.25]
Round [195/200]	 Train Loss [0.2220]	 Train Acc [93.70]	 Train Time [152.00]
Round [196/200]	 Train Loss [0.2861]	 Train Acc [91.84]	 Train Time [179.87]
Round [197/200]	 Train Loss [0.1657]	 Train Acc [95.38]	 Train Time [145.65]
Round [198/200]	 Train Loss [0.2609]	 Train Acc [92.69]	 Train Time [250.42]
Round [199/200]	 Train Loss [0.1675]	 Train Acc [95.32]	 Train Time [251.67]
KL Divergence: μ=1.2536
Round [200/200]	 Train Loss [0.2380]	 Train Acc [93.27]	 Test Loss [4.7438]	 Test Acc [32.13(7.01)]	 Train Time [583.11]
Method took (160.54, 44.98) seconds per training iteration
Method took (32200.32) total seconds
