2025-05-08 12:43:15,758 - FedFDA_Flow - INFO - Initialized global covariance with shape: torch.Size([128, 128])
2025-05-08 12:43:15,758 - FedFDA_Flow - INFO - Using server momentum (FedAvgM): 0.9
2025-05-08 12:43:15,758 - FedFDA_Flow - INFO - Using corruption-type specific weighting: noise=0.4, blur=0.6, other=0.5
2025-05-08 12:43:15,759 - FedFDA_Flow - INFO - Starting FedFDA training...
2025-05-08 12:43:15,759 - FedFDA_Flow - INFO - Round [1/200]	 Selected 37 clients.
2025-05-08 12:43:43,173 - FedFDA_Flow - INFO - Round [1/200]	 Client training completed. Avg Acc: 43.75, Avg Loss: 1.4618
2025-05-08 12:43:43,196 - FedFDA_Flow - INFO - Round [1/200]	 Train Loss [1.4618]	 Train Acc [43.75]	 Round Time [27.44s]
2025-05-08 12:43:43,197 - FedFDA_Flow - INFO - Round [2/200]	 Selected 21 clients.
2025-05-08 12:43:57,592 - FedFDA_Flow - INFO - Round [2/200]	 Client training completed. Avg Acc: 43.96, Avg Loss: 1.4953
2025-05-08 12:43:57,684 - FedFDA_Flow - INFO - Round [2/200]	 Train Loss [1.4953]	 Train Acc [43.96]	 Round Time [14.49s]
2025-05-08 12:43:57,684 - FedFDA_Flow - INFO - Round [3/200]	 Selected 31 clients.
2025-05-08 12:44:21,966 - FedFDA_Flow - INFO - Round [3/200]	 Client training completed. Avg Acc: 46.63, Avg Loss: 1.4171
2025-05-08 12:44:22,112 - FedFDA_Flow - INFO - Round [3/200]	 Train Loss [1.4171]	 Train Acc [46.63]	 Round Time [24.43s]
2025-05-08 12:44:22,112 - FedFDA_Flow - INFO - Round [4/200]	 Selected 34 clients.
2025-05-08 12:44:48,932 - FedFDA_Flow - INFO - Round [4/200]	 Client training completed. Avg Acc: 52.65, Avg Loss: 1.2914
2025-05-08 12:44:49,022 - FedFDA_Flow - INFO - Round [4/200]	 Train Loss [1.2914]	 Train Acc [52.65]	 Round Time [26.91s]
2025-05-08 12:44:49,022 - FedFDA_Flow - INFO - Round [5/200]	 Selected 29 clients.
2025-05-08 12:45:12,697 - FedFDA_Flow - INFO - Round [5/200]	 Client training completed. Avg Acc: 52.37, Avg Loss: 1.2827
2025-05-08 12:45:12,807 - FedFDA_Flow - INFO - Round [5/200]	 Train Loss [1.2827]	 Train Acc [52.37]	 Round Time [23.78s]
2025-05-08 12:45:12,807 - FedFDA_Flow - INFO - Round [6/200]	 Selected 35 clients.
2025-05-08 12:45:40,909 - FedFDA_Flow - INFO - Round [6/200]	 Client training completed. Avg Acc: 55.05, Avg Loss: 1.2048
2025-05-08 12:45:41,060 - FedFDA_Flow - INFO - Round [6/200]	 Train Loss [1.2048]	 Train Acc [55.05]	 Round Time [28.25s]
2025-05-08 12:45:41,060 - FedFDA_Flow - INFO - Round [7/200]	 Selected 34 clients.
2025-05-08 12:46:07,286 - FedFDA_Flow - INFO - Round [7/200]	 Client training completed. Avg Acc: 55.79, Avg Loss: 1.2062
2025-05-08 12:46:07,456 - FedFDA_Flow - INFO - Round [7/200]	 Train Loss [1.2062]	 Train Acc [55.79]	 Round Time [26.40s]
2025-05-08 12:46:07,456 - FedFDA_Flow - INFO - Round [8/200]	 Selected 31 clients.
2025-05-08 12:46:32,532 - FedFDA_Flow - INFO - Round [8/200]	 Client training completed. Avg Acc: 61.71, Avg Loss: 1.0446
2025-05-08 12:46:32,884 - FedFDA_Flow - INFO - Round [8/200]	 Train Loss [1.0446]	 Train Acc [61.71]	 Round Time [25.43s]
2025-05-08 12:46:32,885 - FedFDA_Flow - INFO - Round [9/200]	 Selected 32 clients.
2025-05-08 12:46:59,420 - FedFDA_Flow - INFO - Round [9/200]	 Client training completed. Avg Acc: 61.96, Avg Loss: 1.0630
2025-05-08 12:46:59,455 - FedFDA_Flow - INFO - Round [9/200]	 Train Loss [1.0630]	 Train Acc [61.96]	 Round Time [26.57s]
2025-05-08 12:46:59,455 - FedFDA_Flow - INFO - Round [10/200]	 Selected 32 clients.
2025-05-08 12:47:25,219 - FedFDA_Flow - INFO - Round [10/200]	 Client training completed. Avg Acc: 63.89, Avg Loss: 1.0218
2025-05-08 12:47:25,307 - FedFDA_Flow - INFO - Round [10/200]	 Train Loss [1.0218]	 Train Acc [63.89]	 Round Time [25.85s]
2025-05-08 12:47:25,308 - FedFDA_Flow - INFO - Round [11/200]	 Selected 31 clients.
2025-05-08 12:47:52,427 - FedFDA_Flow - INFO - Round [11/200]	 Client training completed. Avg Acc: 69.05, Avg Loss: 0.8680
2025-05-08 12:47:52,598 - FedFDA_Flow - INFO - Round [11/200]	 Train Loss [0.8680]	 Train Acc [69.05]	 Round Time [27.29s]
2025-05-08 12:47:52,599 - FedFDA_Flow - INFO - Round [12/200]	 Selected 34 clients.
2025-05-08 12:48:21,743 - FedFDA_Flow - INFO - Round [12/200]	 Client training completed. Avg Acc: 69.78, Avg Loss: 0.8626
2025-05-08 12:48:21,844 - FedFDA_Flow - INFO - Round [12/200]	 Train Loss [0.8626]	 Train Acc [69.78]	 Round Time [29.25s]
2025-05-08 12:48:21,845 - FedFDA_Flow - INFO - Round [13/200]	 Selected 27 clients.
2025-05-08 12:48:43,141 - FedFDA_Flow - INFO - Round [13/200]	 Client training completed. Avg Acc: 73.60, Avg Loss: 0.7429
2025-05-08 12:48:43,281 - FedFDA_Flow - INFO - Round [13/200]	 Train Loss [0.7429]	 Train Acc [73.60]	 Round Time [21.44s]
2025-05-08 12:48:43,282 - FedFDA_Flow - INFO - Round [14/200]	 Selected 26 clients.
2025-05-08 12:49:02,070 - FedFDA_Flow - INFO - Round [14/200]	 Client training completed. Avg Acc: 73.12, Avg Loss: 0.7728
2025-05-08 12:49:02,088 - FedFDA_Flow - INFO - Round [14/200]	 Train Loss [0.7728]	 Train Acc [73.12]	 Round Time [18.81s]
2025-05-08 12:49:02,088 - FedFDA_Flow - INFO - Round [15/200]	 Selected 34 clients.
2025-05-08 12:49:30,403 - FedFDA_Flow - INFO - Round [15/200]	 Client training completed. Avg Acc: 74.58, Avg Loss: 0.7306
2025-05-08 12:49:30,551 - FedFDA_Flow - INFO - Round [15/200]	 Train Loss [0.7306]	 Train Acc [74.58]	 Round Time [28.46s]
2025-05-08 12:49:30,551 - FedFDA_Flow - INFO - Round [16/200]	 Selected 31 clients.
2025-05-08 12:49:51,713 - FedFDA_Flow - INFO - Round [16/200]	 Client training completed. Avg Acc: 77.53, Avg Loss: 0.6410
2025-05-08 12:49:51,802 - FedFDA_Flow - INFO - Round [16/200]	 Train Loss [0.6410]	 Train Acc [77.53]	 Round Time [21.25s]
2025-05-08 12:49:51,802 - FedFDA_Flow - INFO - Round [17/200]	 Selected 29 clients.
2025-05-08 12:50:16,528 - FedFDA_Flow - INFO - Round [17/200]	 Client training completed. Avg Acc: 75.51, Avg Loss: 0.7300
2025-05-08 12:50:16,744 - FedFDA_Flow - INFO - Round [17/200]	 Train Loss [0.7300]	 Train Acc [75.51]	 Round Time [24.94s]
2025-05-08 12:50:16,745 - FedFDA_Flow - INFO - Round [18/200]	 Selected 28 clients.
2025-05-08 12:50:41,288 - FedFDA_Flow - INFO - Round [18/200]	 Client training completed. Avg Acc: 79.17, Avg Loss: 0.6062
2025-05-08 12:50:41,491 - FedFDA_Flow - INFO - Round [18/200]	 Train Loss [0.6062]	 Train Acc [79.17]	 Round Time [24.75s]
2025-05-08 12:50:41,491 - FedFDA_Flow - INFO - Round [19/200]	 Selected 28 clients.
2025-05-08 12:51:01,876 - FedFDA_Flow - INFO - Round [19/200]	 Client training completed. Avg Acc: 80.39, Avg Loss: 0.5707
2025-05-08 12:51:02,048 - FedFDA_Flow - INFO - Round [19/200]	 Train Loss [0.5707]	 Train Acc [80.39]	 Round Time [20.56s]
2025-05-08 12:51:02,048 - FedFDA_Flow - INFO - Round [20/200]	 Selected 26 clients.
2025-05-08 12:51:22,026 - FedFDA_Flow - INFO - Round [20/200]	 Client training completed. Avg Acc: 80.16, Avg Loss: 0.5877
2025-05-08 12:51:22,291 - FedFDA_Flow - INFO - Starting personalized evaluation...
2025-05-08 12:51:44,045 - FedFDA_Flow - INFO - Personalized Eval Completed. KL Div: 194.3468
2025-05-08 12:51:44,045 - FedFDA_Flow - INFO - Corruption Category Results: Noise: 68.65, Blur: 71.81, Other: 60.71, Clean: 68.35
2025-05-08 12:51:44,045 - FedFDA_Flow - INFO - Clients with potentially suboptimal beta values: 37
2025-05-08 12:51:44,046 - FedFDA_Flow - INFO - Round [20/200]	 Train Loss [0.5877]	 Train Acc [80.16]	 Round Time [20.24s]	 P-Test Loss [0.9426]	 P-Test Acc [67.65 +/- 13.04]
2025-05-08 12:51:44,046 - FedFDA_Flow - INFO - Round [21/200]	 Selected 28 clients.
2025-05-08 12:52:05,664 - FedFDA_Flow - INFO - Round [21/200]	 Client training completed. Avg Acc: 81.07, Avg Loss: 0.5533
2025-05-08 12:52:05,764 - FedFDA_Flow - INFO - Round [21/200]	 Train Loss [0.5533]	 Train Acc [81.07]	 Round Time [21.72s]
2025-05-08 12:52:05,765 - FedFDA_Flow - INFO - Round [22/200]	 Selected 25 clients.
2025-05-08 12:52:25,296 - FedFDA_Flow - INFO - Round [22/200]	 Client training completed. Avg Acc: 80.52, Avg Loss: 0.5781
2025-05-08 12:52:25,611 - FedFDA_Flow - INFO - Round [22/200]	 Train Loss [0.5781]	 Train Acc [80.52]	 Round Time [19.85s]
2025-05-08 12:52:25,612 - FedFDA_Flow - INFO - Round [23/200]	 Selected 36 clients.
2025-05-08 12:52:54,594 - FedFDA_Flow - INFO - Round [23/200]	 Client training completed. Avg Acc: 79.91, Avg Loss: 0.5913
2025-05-08 12:52:54,842 - FedFDA_Flow - INFO - Round [23/200]	 Train Loss [0.5913]	 Train Acc [79.91]	 Round Time [29.23s]
2025-05-08 12:52:54,843 - FedFDA_Flow - INFO - Round [24/200]	 Selected 27 clients.
2025-05-08 12:53:16,693 - FedFDA_Flow - INFO - Round [24/200]	 Client training completed. Avg Acc: 83.09, Avg Loss: 0.5055
2025-05-08 12:53:16,779 - FedFDA_Flow - INFO - Round [24/200]	 Train Loss [0.5055]	 Train Acc [83.09]	 Round Time [21.94s]
2025-05-08 12:53:16,779 - FedFDA_Flow - INFO - Round [25/200]	 Selected 27 clients.
2025-05-08 12:53:40,544 - FedFDA_Flow - INFO - Round [25/200]	 Client training completed. Avg Acc: 82.86, Avg Loss: 0.5212
2025-05-08 12:53:40,623 - FedFDA_Flow - INFO - Round [25/200]	 Train Loss [0.5212]	 Train Acc [82.86]	 Round Time [23.84s]
2025-05-08 12:53:40,624 - FedFDA_Flow - INFO - Round [26/200]	 Selected 36 clients.
2025-05-08 12:54:07,979 - FedFDA_Flow - INFO - Round [26/200]	 Client training completed. Avg Acc: 80.49, Avg Loss: 0.5848
2025-05-08 12:54:07,996 - FedFDA_Flow - INFO - Round [26/200]	 Train Loss [0.5848]	 Train Acc [80.49]	 Round Time [27.37s]
2025-05-08 12:54:07,996 - FedFDA_Flow - INFO - Round [27/200]	 Selected 25 clients.
2025-05-08 12:54:27,541 - FedFDA_Flow - INFO - Round [27/200]	 Client training completed. Avg Acc: 82.75, Avg Loss: 0.5120
2025-05-08 12:54:27,879 - FedFDA_Flow - INFO - Round [27/200]	 Train Loss [0.5120]	 Train Acc [82.75]	 Round Time [19.88s]
2025-05-08 12:54:27,879 - FedFDA_Flow - INFO - Round [28/200]	 Selected 26 clients.
2025-05-08 12:54:51,242 - FedFDA_Flow - INFO - Round [28/200]	 Client training completed. Avg Acc: 82.49, Avg Loss: 0.5191
2025-05-08 12:54:51,282 - FedFDA_Flow - INFO - Round [28/200]	 Train Loss [0.5191]	 Train Acc [82.49]	 Round Time [23.40s]
2025-05-08 12:54:51,282 - FedFDA_Flow - INFO - Round [29/200]	 Selected 33 clients.
2025-05-08 12:55:19,431 - FedFDA_Flow - INFO - Round [29/200]	 Client training completed. Avg Acc: 83.52, Avg Loss: 0.4874
2025-05-08 12:55:19,571 - FedFDA_Flow - INFO - Round [29/200]	 Train Loss [0.4874]	 Train Acc [83.52]	 Round Time [28.29s]
2025-05-08 12:55:19,571 - FedFDA_Flow - INFO - Round [30/200]	 Selected 38 clients.
2025-05-08 12:55:48,891 - FedFDA_Flow - INFO - Round [30/200]	 Client training completed. Avg Acc: 81.67, Avg Loss: 0.5367
2025-05-08 12:55:48,982 - FedFDA_Flow - INFO - Round [30/200]	 Train Loss [0.5367]	 Train Acc [81.67]	 Round Time [29.41s]
2025-05-08 12:55:48,982 - FedFDA_Flow - INFO - Round [31/200]	 Selected 29 clients.
2025-05-08 12:56:11,927 - FedFDA_Flow - INFO - Round [31/200]	 Client training completed. Avg Acc: 83.22, Avg Loss: 0.5085
2025-05-08 12:56:11,945 - FedFDA_Flow - INFO - Round [31/200]	 Train Loss [0.5085]	 Train Acc [83.22]	 Round Time [22.96s]
2025-05-08 12:56:11,945 - FedFDA_Flow - INFO - Round [32/200]	 Selected 28 clients.
2025-05-08 12:56:36,369 - FedFDA_Flow - INFO - Round [32/200]	 Client training completed. Avg Acc: 80.46, Avg Loss: 0.5773
2025-05-08 12:56:36,473 - FedFDA_Flow - INFO - Round [32/200]	 Train Loss [0.5773]	 Train Acc [80.46]	 Round Time [24.53s]
2025-05-08 12:56:36,474 - FedFDA_Flow - INFO - Round [33/200]	 Selected 34 clients.
2025-05-08 12:57:06,006 - FedFDA_Flow - INFO - Round [33/200]	 Client training completed. Avg Acc: 84.54, Avg Loss: 0.4630
2025-05-08 12:57:06,096 - FedFDA_Flow - INFO - Round [33/200]	 Train Loss [0.4630]	 Train Acc [84.54]	 Round Time [29.62s]
2025-05-08 12:57:06,097 - FedFDA_Flow - INFO - Round [34/200]	 Selected 28 clients.
2025-05-08 12:57:28,018 - FedFDA_Flow - INFO - Round [34/200]	 Client training completed. Avg Acc: 82.05, Avg Loss: 0.5330
2025-05-08 12:57:28,126 - FedFDA_Flow - INFO - Round [34/200]	 Train Loss [0.5330]	 Train Acc [82.05]	 Round Time [22.03s]
2025-05-08 12:57:28,127 - FedFDA_Flow - INFO - Round [35/200]	 Selected 27 clients.
2025-05-08 12:57:49,162 - FedFDA_Flow - INFO - Round [35/200]	 Client training completed. Avg Acc: 84.31, Avg Loss: 0.4622
2025-05-08 12:57:49,177 - FedFDA_Flow - INFO - Round [35/200]	 Train Loss [0.4622]	 Train Acc [84.31]	 Round Time [21.05s]
2025-05-08 12:57:49,177 - FedFDA_Flow - INFO - Round [36/200]	 Selected 27 clients.
2025-05-08 12:58:10,884 - FedFDA_Flow - INFO - Round [36/200]	 Client training completed. Avg Acc: 85.91, Avg Loss: 0.4234
2025-05-08 12:58:10,900 - FedFDA_Flow - INFO - Round [36/200]	 Train Loss [0.4234]	 Train Acc [85.91]	 Round Time [21.72s]
2025-05-08 12:58:10,901 - FedFDA_Flow - INFO - Round [37/200]	 Selected 37 clients.
2025-05-08 12:58:43,806 - FedFDA_Flow - INFO - Round [37/200]	 Client training completed. Avg Acc: 84.78, Avg Loss: 0.4535
2025-05-08 12:58:43,896 - FedFDA_Flow - INFO - Round [37/200]	 Train Loss [0.4535]	 Train Acc [84.78]	 Round Time [33.00s]
2025-05-08 12:58:43,897 - FedFDA_Flow - INFO - Round [38/200]	 Selected 31 clients.
2025-05-08 12:59:07,733 - FedFDA_Flow - INFO - Round [38/200]	 Client training completed. Avg Acc: 85.70, Avg Loss: 0.4263
2025-05-08 12:59:07,817 - FedFDA_Flow - INFO - Round [38/200]	 Train Loss [0.4263]	 Train Acc [85.70]	 Round Time [23.92s]
2025-05-08 12:59:07,817 - FedFDA_Flow - INFO - Round [39/200]	 Selected 28 clients.
2025-05-08 12:59:30,713 - FedFDA_Flow - INFO - Round [39/200]	 Client training completed. Avg Acc: 83.58, Avg Loss: 0.4882
2025-05-08 12:59:30,792 - FedFDA_Flow - INFO - Round [39/200]	 Train Loss [0.4882]	 Train Acc [83.58]	 Round Time [22.97s]
2025-05-08 12:59:30,792 - FedFDA_Flow - INFO - Round [40/200]	 Selected 31 clients.
2025-05-08 12:59:58,906 - FedFDA_Flow - INFO - Round [40/200]	 Client training completed. Avg Acc: 85.29, Avg Loss: 0.4333
2025-05-08 12:59:58,954 - FedFDA_Flow - INFO - Starting personalized evaluation...
2025-05-08 13:00:20,339 - FedFDA_Flow - INFO - Personalized Eval Completed. KL Div: 203.6787
2025-05-08 13:00:20,339 - FedFDA_Flow - INFO - Corruption Category Results: Noise: 74.96, Blur: 75.03, Other: 67.41, Clean: 73.54
2025-05-08 13:00:20,339 - FedFDA_Flow - INFO - Clients with potentially suboptimal beta values: 48
2025-05-08 13:00:20,339 - FedFDA_Flow - INFO - Round [40/200]	 Train Loss [0.4333]	 Train Acc [85.29]	 Round Time [28.16s]	 P-Test Loss [0.8154]	 P-Test Acc [72.99 +/- 12.28]
2025-05-08 13:00:20,340 - FedFDA_Flow - INFO - Round [41/200]	 Selected 32 clients.
2025-05-08 13:00:46,057 - FedFDA_Flow - INFO - Round [41/200]	 Client training completed. Avg Acc: 87.56, Avg Loss: 0.3690
2025-05-08 13:00:46,132 - FedFDA_Flow - INFO - Round [41/200]	 Train Loss [0.3690]	 Train Acc [87.56]	 Round Time [25.79s]
2025-05-08 13:00:46,133 - FedFDA_Flow - INFO - Round [42/200]	 Selected 29 clients.
2025-05-08 13:01:09,227 - FedFDA_Flow - INFO - Round [42/200]	 Client training completed. Avg Acc: 86.17, Avg Loss: 0.4080
2025-05-08 13:01:09,418 - FedFDA_Flow - INFO - Round [42/200]	 Train Loss [0.4080]	 Train Acc [86.17]	 Round Time [23.29s]
2025-05-08 13:01:09,418 - FedFDA_Flow - INFO - Round [43/200]	 Selected 33 clients.
2025-05-08 13:01:36,587 - FedFDA_Flow - INFO - Round [43/200]	 Client training completed. Avg Acc: 86.27, Avg Loss: 0.4090
2025-05-08 13:01:36,606 - FedFDA_Flow - INFO - Round [43/200]	 Train Loss [0.4090]	 Train Acc [86.27]	 Round Time [27.19s]
2025-05-08 13:01:36,606 - FedFDA_Flow - INFO - Round [44/200]	 Selected 26 clients.
2025-05-08 13:01:57,336 - FedFDA_Flow - INFO - Round [44/200]	 Client training completed. Avg Acc: 87.51, Avg Loss: 0.3795
2025-05-08 13:01:57,672 - FedFDA_Flow - INFO - Round [44/200]	 Train Loss [0.3795]	 Train Acc [87.51]	 Round Time [21.07s]
2025-05-08 13:01:57,673 - FedFDA_Flow - INFO - Round [45/200]	 Selected 34 clients.
2025-05-08 13:02:25,046 - FedFDA_Flow - INFO - Round [45/200]	 Client training completed. Avg Acc: 85.80, Avg Loss: 0.4260
2025-05-08 13:02:25,264 - FedFDA_Flow - INFO - Round [45/200]	 Train Loss [0.4260]	 Train Acc [85.80]	 Round Time [27.59s]
2025-05-08 13:02:25,264 - FedFDA_Flow - INFO - Round [46/200]	 Selected 35 clients.
2025-05-08 13:02:52,335 - FedFDA_Flow - INFO - Round [46/200]	 Client training completed. Avg Acc: 85.21, Avg Loss: 0.4449
2025-05-08 13:02:52,414 - FedFDA_Flow - INFO - Round [46/200]	 Train Loss [0.4449]	 Train Acc [85.21]	 Round Time [27.15s]
2025-05-08 13:02:52,415 - FedFDA_Flow - INFO - Round [47/200]	 Selected 29 clients.
2025-05-08 13:03:13,178 - FedFDA_Flow - INFO - Round [47/200]	 Client training completed. Avg Acc: 87.78, Avg Loss: 0.3753
2025-05-08 13:03:13,270 - FedFDA_Flow - INFO - Round [47/200]	 Train Loss [0.3753]	 Train Acc [87.78]	 Round Time [20.86s]
2025-05-08 13:03:13,270 - FedFDA_Flow - INFO - Round [48/200]	 Selected 28 clients.
2025-05-08 13:03:38,241 - FedFDA_Flow - INFO - Round [48/200]	 Client training completed. Avg Acc: 87.52, Avg Loss: 0.3790
2025-05-08 13:03:38,355 - FedFDA_Flow - INFO - Round [48/200]	 Train Loss [0.3790]	 Train Acc [87.52]	 Round Time [25.09s]
2025-05-08 13:03:38,356 - FedFDA_Flow - INFO - Round [49/200]	 Selected 25 clients.
2025-05-08 13:03:57,879 - FedFDA_Flow - INFO - Round [49/200]	 Client training completed. Avg Acc: 87.16, Avg Loss: 0.3849
2025-05-08 13:03:57,979 - FedFDA_Flow - INFO - Round [49/200]	 Train Loss [0.3849]	 Train Acc [87.16]	 Round Time [19.62s]
2025-05-08 13:03:57,979 - FedFDA_Flow - INFO - Round [50/200]	 Selected 25 clients.
2025-05-08 13:04:17,913 - FedFDA_Flow - INFO - Round [50/200]	 Client training completed. Avg Acc: 87.75, Avg Loss: 0.3668
2025-05-08 13:04:18,000 - FedFDA_Flow - INFO - Round [50/200]	 Train Loss [0.3668]	 Train Acc [87.75]	 Round Time [20.02s]
2025-05-08 13:04:18,001 - FedFDA_Flow - INFO - Round [51/200]	 Selected 35 clients.
2025-05-08 13:04:47,731 - FedFDA_Flow - INFO - Round [51/200]	 Client training completed. Avg Acc: 87.00, Avg Loss: 0.3838
2025-05-08 13:04:47,798 - FedFDA_Flow - INFO - Round [51/200]	 Train Loss [0.3838]	 Train Acc [87.00]	 Round Time [29.80s]
2025-05-08 13:04:47,798 - FedFDA_Flow - INFO - Round [52/200]	 Selected 34 clients.
2025-05-08 13:05:14,828 - FedFDA_Flow - INFO - Round [52/200]	 Client training completed. Avg Acc: 86.29, Avg Loss: 0.4032
2025-05-08 13:05:15,132 - FedFDA_Flow - INFO - Round [52/200]	 Train Loss [0.4032]	 Train Acc [86.29]	 Round Time [27.33s]
2025-05-08 13:05:15,133 - FedFDA_Flow - INFO - Round [53/200]	 Selected 36 clients.
2025-05-08 13:05:44,414 - FedFDA_Flow - INFO - Round [53/200]	 Client training completed. Avg Acc: 88.56, Avg Loss: 0.3472
2025-05-08 13:05:44,546 - FedFDA_Flow - INFO - Round [53/200]	 Train Loss [0.3472]	 Train Acc [88.56]	 Round Time [29.41s]
2025-05-08 13:05:44,546 - FedFDA_Flow - INFO - Round [54/200]	 Selected 31 clients.
2025-05-08 13:06:09,648 - FedFDA_Flow - INFO - Round [54/200]	 Client training completed. Avg Acc: 88.31, Avg Loss: 0.3549
2025-05-08 13:06:09,796 - FedFDA_Flow - INFO - Round [54/200]	 Train Loss [0.3549]	 Train Acc [88.31]	 Round Time [25.25s]
2025-05-08 13:06:09,796 - FedFDA_Flow - INFO - Round [55/200]	 Selected 27 clients.
2025-05-08 13:06:33,451 - FedFDA_Flow - INFO - Round [55/200]	 Client training completed. Avg Acc: 84.65, Avg Loss: 0.4570
2025-05-08 13:06:33,588 - FedFDA_Flow - INFO - Round [55/200]	 Train Loss [0.4570]	 Train Acc [84.65]	 Round Time [23.79s]
2025-05-08 13:06:33,588 - FedFDA_Flow - INFO - Round [56/200]	 Selected 20 clients.
2025-05-08 13:06:50,410 - FedFDA_Flow - INFO - Round [56/200]	 Client training completed. Avg Acc: 86.43, Avg Loss: 0.4049
2025-05-08 13:06:50,426 - FedFDA_Flow - INFO - Round [56/200]	 Train Loss [0.4049]	 Train Acc [86.43]	 Round Time [16.84s]
2025-05-08 13:06:50,426 - FedFDA_Flow - INFO - Round [57/200]	 Selected 30 clients.
2025-05-08 13:07:15,089 - FedFDA_Flow - INFO - Round [57/200]	 Client training completed. Avg Acc: 84.82, Avg Loss: 0.4421
2025-05-08 13:07:15,185 - FedFDA_Flow - INFO - Round [57/200]	 Train Loss [0.4421]	 Train Acc [84.82]	 Round Time [24.76s]
2025-05-08 13:07:15,186 - FedFDA_Flow - INFO - Round [58/200]	 Selected 27 clients.
2025-05-08 13:07:36,309 - FedFDA_Flow - INFO - Round [58/200]	 Client training completed. Avg Acc: 88.97, Avg Loss: 0.3309
2025-05-08 13:07:36,394 - FedFDA_Flow - INFO - Round [58/200]	 Train Loss [0.3309]	 Train Acc [88.97]	 Round Time [21.21s]
2025-05-08 13:07:36,394 - FedFDA_Flow - INFO - Round [59/200]	 Selected 35 clients.
2025-05-08 13:08:04,322 - FedFDA_Flow - INFO - Round [59/200]	 Client training completed. Avg Acc: 89.06, Avg Loss: 0.3332
2025-05-08 13:08:04,656 - FedFDA_Flow - INFO - Round [59/200]	 Train Loss [0.3332]	 Train Acc [89.06]	 Round Time [28.26s]
2025-05-08 13:08:04,657 - FedFDA_Flow - INFO - Round [60/200]	 Selected 40 clients.
2025-05-08 13:08:39,127 - FedFDA_Flow - INFO - Round [60/200]	 Client training completed. Avg Acc: 87.90, Avg Loss: 0.3639
2025-05-08 13:08:39,236 - FedFDA_Flow - INFO - Starting personalized evaluation...
2025-05-08 13:09:00,964 - FedFDA_Flow - INFO - Personalized Eval Completed. KL Div: 192.8781
2025-05-08 13:09:00,964 - FedFDA_Flow - INFO - Corruption Category Results: Noise: 76.14, Blur: 74.58, Other: 68.10, Clean: 76.90
2025-05-08 13:09:00,965 - FedFDA_Flow - INFO - Clients with potentially suboptimal beta values: 48
2025-05-08 13:09:00,965 - FedFDA_Flow - INFO - Round [60/200]	 Train Loss [0.3639]	 Train Acc [87.90]	 Round Time [34.58s]	 P-Test Loss [0.7958]	 P-Test Acc [74.73 +/- 11.45]
2025-05-08 13:09:00,966 - FedFDA_Flow - INFO - Round [61/200]	 Selected 22 clients.
2025-05-08 13:09:19,555 - FedFDA_Flow - INFO - Round [61/200]	 Client training completed. Avg Acc: 87.67, Avg Loss: 0.3685
2025-05-08 13:09:19,569 - FedFDA_Flow - INFO - Round [61/200]	 Train Loss [0.3685]	 Train Acc [87.67]	 Round Time [18.60s]
2025-05-08 13:09:19,570 - FedFDA_Flow - INFO - Round [62/200]	 Selected 33 clients.
2025-05-08 13:09:47,202 - FedFDA_Flow - INFO - Round [62/200]	 Client training completed. Avg Acc: 89.03, Avg Loss: 0.3308
2025-05-08 13:09:47,394 - FedFDA_Flow - INFO - Round [62/200]	 Train Loss [0.3308]	 Train Acc [89.03]	 Round Time [27.82s]
2025-05-08 13:09:47,395 - FedFDA_Flow - INFO - Round [63/200]	 Selected 34 clients.
2025-05-08 13:10:15,560 - FedFDA_Flow - INFO - Round [63/200]	 Client training completed. Avg Acc: 87.92, Avg Loss: 0.3628
2025-05-08 13:10:15,914 - FedFDA_Flow - INFO - Round [63/200]	 Train Loss [0.3628]	 Train Acc [87.92]	 Round Time [28.52s]
2025-05-08 13:10:15,915 - FedFDA_Flow - INFO - Round [64/200]	 Selected 33 clients.
2025-05-08 13:10:45,831 - FedFDA_Flow - INFO - Round [64/200]	 Client training completed. Avg Acc: 87.97, Avg Loss: 0.3621
2025-05-08 13:10:46,037 - FedFDA_Flow - INFO - Round [64/200]	 Train Loss [0.3621]	 Train Acc [87.97]	 Round Time [30.12s]
2025-05-08 13:10:46,037 - FedFDA_Flow - INFO - Round [65/200]	 Selected 32 clients.
2025-05-08 13:11:14,107 - FedFDA_Flow - INFO - Round [65/200]	 Client training completed. Avg Acc: 87.58, Avg Loss: 0.3688
2025-05-08 13:11:14,232 - FedFDA_Flow - INFO - Round [65/200]	 Train Loss [0.3688]	 Train Acc [87.58]	 Round Time [28.19s]
2025-05-08 13:11:14,232 - FedFDA_Flow - INFO - Round [66/200]	 Selected 31 clients.
2025-05-08 13:11:39,841 - FedFDA_Flow - INFO - Round [66/200]	 Client training completed. Avg Acc: 89.18, Avg Loss: 0.3235
2025-05-08 13:11:40,146 - FedFDA_Flow - INFO - Round [66/200]	 Train Loss [0.3235]	 Train Acc [89.18]	 Round Time [25.91s]
2025-05-08 13:11:40,146 - FedFDA_Flow - INFO - Round [67/200]	 Selected 30 clients.
2025-05-08 13:12:05,720 - FedFDA_Flow - INFO - Round [67/200]	 Client training completed. Avg Acc: 90.44, Avg Loss: 0.2939
2025-05-08 13:12:05,798 - FedFDA_Flow - INFO - Round [67/200]	 Train Loss [0.2939]	 Train Acc [90.44]	 Round Time [25.65s]
2025-05-08 13:12:05,799 - FedFDA_Flow - INFO - Round [68/200]	 Selected 29 clients.
2025-05-08 13:12:30,372 - FedFDA_Flow - INFO - Round [68/200]	 Client training completed. Avg Acc: 88.06, Avg Loss: 0.3534
2025-05-08 13:12:30,672 - FedFDA_Flow - INFO - Round [68/200]	 Train Loss [0.3534]	 Train Acc [88.06]	 Round Time [24.87s]
2025-05-08 13:12:30,673 - FedFDA_Flow - INFO - Round [69/200]	 Selected 31 clients.
2025-05-08 13:12:56,801 - FedFDA_Flow - INFO - Round [69/200]	 Client training completed. Avg Acc: 91.05, Avg Loss: 0.2763
2025-05-08 13:12:56,886 - FedFDA_Flow - INFO - Round [69/200]	 Train Loss [0.2763]	 Train Acc [91.05]	 Round Time [26.21s]
2025-05-08 13:12:56,887 - FedFDA_Flow - INFO - Round [70/200]	 Selected 37 clients.
2025-05-08 13:13:27,102 - FedFDA_Flow - INFO - Round [70/200]	 Client training completed. Avg Acc: 88.62, Avg Loss: 0.3463
2025-05-08 13:13:27,125 - FedFDA_Flow - INFO - Round [70/200]	 Train Loss [0.3463]	 Train Acc [88.62]	 Round Time [30.24s]
2025-05-08 13:13:27,125 - FedFDA_Flow - INFO - Round [71/200]	 Selected 32 clients.
2025-05-08 13:13:50,655 - FedFDA_Flow - INFO - Round [71/200]	 Client training completed. Avg Acc: 89.98, Avg Loss: 0.3056
2025-05-08 13:13:50,690 - FedFDA_Flow - INFO - Round [71/200]	 Train Loss [0.3056]	 Train Acc [89.98]	 Round Time [23.56s]
2025-05-08 13:13:50,691 - FedFDA_Flow - INFO - Round [72/200]	 Selected 35 clients.
2025-05-08 13:14:19,975 - FedFDA_Flow - INFO - Round [72/200]	 Client training completed. Avg Acc: 89.98, Avg Loss: 0.2974
2025-05-08 13:14:20,091 - FedFDA_Flow - INFO - Round [72/200]	 Train Loss [0.2974]	 Train Acc [89.98]	 Round Time [29.40s]
2025-05-08 13:14:20,091 - FedFDA_Flow - INFO - Round [73/200]	 Selected 31 clients.
2025-05-08 13:14:43,686 - FedFDA_Flow - INFO - Round [73/200]	 Client training completed. Avg Acc: 89.88, Avg Loss: 0.3061
2025-05-08 13:14:43,746 - FedFDA_Flow - INFO - Round [73/200]	 Train Loss [0.3061]	 Train Acc [89.88]	 Round Time [23.66s]
2025-05-08 13:14:43,747 - FedFDA_Flow - INFO - Round [74/200]	 Selected 31 clients.
2025-05-08 13:15:05,839 - FedFDA_Flow - INFO - Round [74/200]	 Client training completed. Avg Acc: 88.86, Avg Loss: 0.3379
2025-05-08 13:15:05,928 - FedFDA_Flow - INFO - Round [74/200]	 Train Loss [0.3379]	 Train Acc [88.86]	 Round Time [22.18s]
2025-05-08 13:15:05,928 - FedFDA_Flow - INFO - Round [75/200]	 Selected 25 clients.
2025-05-08 13:15:23,631 - FedFDA_Flow - INFO - Round [75/200]	 Client training completed. Avg Acc: 87.27, Avg Loss: 0.3844
2025-05-08 13:15:23,654 - FedFDA_Flow - INFO - Round [75/200]	 Train Loss [0.3844]	 Train Acc [87.27]	 Round Time [17.73s]
2025-05-08 13:15:23,655 - FedFDA_Flow - INFO - Round [76/200]	 Selected 31 clients.
2025-05-08 13:15:46,285 - FedFDA_Flow - INFO - Round [76/200]	 Client training completed. Avg Acc: 89.75, Avg Loss: 0.3083
2025-05-08 13:15:46,311 - FedFDA_Flow - INFO - Round [76/200]	 Train Loss [0.3083]	 Train Acc [89.75]	 Round Time [22.66s]
2025-05-08 13:15:46,311 - FedFDA_Flow - INFO - Round [77/200]	 Selected 29 clients.
2025-05-08 13:16:06,168 - FedFDA_Flow - INFO - Round [77/200]	 Client training completed. Avg Acc: 88.20, Avg Loss: 0.3523
2025-05-08 13:16:06,253 - FedFDA_Flow - INFO - Round [77/200]	 Train Loss [0.3523]	 Train Acc [88.20]	 Round Time [19.94s]
2025-05-08 13:16:06,253 - FedFDA_Flow - INFO - Round [78/200]	 Selected 35 clients.
2025-05-08 13:16:29,453 - FedFDA_Flow - INFO - Round [78/200]	 Client training completed. Avg Acc: 89.61, Avg Loss: 0.3222
2025-05-08 13:16:29,540 - FedFDA_Flow - INFO - Round [78/200]	 Train Loss [0.3222]	 Train Acc [89.61]	 Round Time [23.29s]
2025-05-08 13:16:29,540 - FedFDA_Flow - INFO - Round [79/200]	 Selected 28 clients.
2025-05-08 13:16:50,395 - FedFDA_Flow - INFO - Round [79/200]	 Client training completed. Avg Acc: 90.14, Avg Loss: 0.2976
2025-05-08 13:16:50,484 - FedFDA_Flow - INFO - Round [79/200]	 Train Loss [0.2976]	 Train Acc [90.14]	 Round Time [20.94s]
2025-05-08 13:16:50,484 - FedFDA_Flow - INFO - Round [80/200]	 Selected 34 clients.
2025-05-08 13:17:14,197 - FedFDA_Flow - INFO - Round [80/200]	 Client training completed. Avg Acc: 90.55, Avg Loss: 0.2862
2025-05-08 13:17:14,369 - FedFDA_Flow - INFO - Starting personalized evaluation...
2025-05-08 13:17:31,791 - FedFDA_Flow - INFO - Personalized Eval Completed. KL Div: 188.2922
2025-05-08 13:17:31,791 - FedFDA_Flow - INFO - Corruption Category Results: Noise: 74.07, Blur: 80.87, Other: 72.45, Clean: 79.07
2025-05-08 13:17:31,792 - FedFDA_Flow - INFO - Clients with potentially suboptimal beta values: 50
2025-05-08 13:17:31,792 - FedFDA_Flow - INFO - Round [80/200]	 Train Loss [0.2862]	 Train Acc [90.55]	 Round Time [23.89s]	 P-Test Loss [0.7437]	 P-Test Acc [77.42 +/- 10.67]
2025-05-08 13:17:31,792 - FedFDA_Flow - INFO - Round [81/200]	 Selected 27 clients.
2025-05-08 13:17:54,056 - FedFDA_Flow - INFO - Round [81/200]	 Client training completed. Avg Acc: 88.75, Avg Loss: 0.3347
2025-05-08 13:17:54,124 - FedFDA_Flow - INFO - Round [81/200]	 Train Loss [0.3347]	 Train Acc [88.75]	 Round Time [22.33s]
2025-05-08 13:17:54,124 - FedFDA_Flow - INFO - Round [82/200]	 Selected 22 clients.
2025-05-08 13:18:08,935 - FedFDA_Flow - INFO - Round [82/200]	 Client training completed. Avg Acc: 90.31, Avg Loss: 0.2914
2025-05-08 13:18:08,948 - FedFDA_Flow - INFO - Round [82/200]	 Train Loss [0.2914]	 Train Acc [90.31]	 Round Time [14.82s]
2025-05-08 13:18:08,949 - FedFDA_Flow - INFO - Round [83/200]	 Selected 26 clients.
2025-05-08 13:18:27,178 - FedFDA_Flow - INFO - Round [83/200]	 Client training completed. Avg Acc: 89.30, Avg Loss: 0.3227
2025-05-08 13:18:27,264 - FedFDA_Flow - INFO - Round [83/200]	 Train Loss [0.3227]	 Train Acc [89.30]	 Round Time [18.32s]
2025-05-08 13:18:27,264 - FedFDA_Flow - INFO - Round [84/200]	 Selected 27 clients.
2025-05-08 13:18:46,841 - FedFDA_Flow - INFO - Round [84/200]	 Client training completed. Avg Acc: 91.71, Avg Loss: 0.2483
2025-05-08 13:18:47,120 - FedFDA_Flow - INFO - Round [84/200]	 Train Loss [0.2483]	 Train Acc [91.71]	 Round Time [19.86s]
2025-05-08 13:18:47,121 - FedFDA_Flow - INFO - Round [85/200]	 Selected 26 clients.
2025-05-08 13:19:05,404 - FedFDA_Flow - INFO - Round [85/200]	 Client training completed. Avg Acc: 88.44, Avg Loss: 0.3510
2025-05-08 13:19:05,489 - FedFDA_Flow - INFO - Round [85/200]	 Train Loss [0.3510]	 Train Acc [88.44]	 Round Time [18.37s]
2025-05-08 13:19:05,490 - FedFDA_Flow - INFO - Round [86/200]	 Selected 21 clients.
2025-05-08 13:19:19,395 - FedFDA_Flow - INFO - Round [86/200]	 Client training completed. Avg Acc: 89.18, Avg Loss: 0.3183
2025-05-08 13:19:19,485 - FedFDA_Flow - INFO - Round [86/200]	 Train Loss [0.3183]	 Train Acc [89.18]	 Round Time [14.00s]
2025-05-08 13:19:19,485 - FedFDA_Flow - INFO - Round [87/200]	 Selected 28 clients.
2025-05-08 13:19:38,997 - FedFDA_Flow - INFO - Round [87/200]	 Client training completed. Avg Acc: 88.26, Avg Loss: 0.3502
2025-05-08 13:19:39,087 - FedFDA_Flow - INFO - Round [87/200]	 Train Loss [0.3502]	 Train Acc [88.26]	 Round Time [19.60s]
2025-05-08 13:19:39,088 - FedFDA_Flow - INFO - Round [88/200]	 Selected 29 clients.
2025-05-08 13:19:58,504 - FedFDA_Flow - INFO - Round [88/200]	 Client training completed. Avg Acc: 90.45, Avg Loss: 0.2859
2025-05-08 13:19:58,551 - FedFDA_Flow - INFO - Round [88/200]	 Train Loss [0.2859]	 Train Acc [90.45]	 Round Time [19.46s]
2025-05-08 13:19:58,551 - FedFDA_Flow - INFO - Round [89/200]	 Selected 29 clients.
2025-05-08 13:20:18,534 - FedFDA_Flow - INFO - Round [89/200]	 Client training completed. Avg Acc: 90.16, Avg Loss: 0.2961
2025-05-08 13:20:18,617 - FedFDA_Flow - INFO - Round [89/200]	 Train Loss [0.2961]	 Train Acc [90.16]	 Round Time [20.07s]
2025-05-08 13:20:18,618 - FedFDA_Flow - INFO - Round [90/200]	 Selected 33 clients.
2025-05-08 13:20:41,054 - FedFDA_Flow - INFO - Round [90/200]	 Client training completed. Avg Acc: 89.50, Avg Loss: 0.3218
2025-05-08 13:20:41,144 - FedFDA_Flow - INFO - Round [90/200]	 Train Loss [0.3218]	 Train Acc [89.50]	 Round Time [22.53s]
2025-05-08 13:20:41,145 - FedFDA_Flow - INFO - Round [91/200]	 Selected 37 clients.
2025-05-08 13:21:07,199 - FedFDA_Flow - INFO - Round [91/200]	 Client training completed. Avg Acc: 90.38, Avg Loss: 0.2917
2025-05-08 13:21:07,297 - FedFDA_Flow - INFO - Round [91/200]	 Train Loss [0.2917]	 Train Acc [90.38]	 Round Time [26.15s]
2025-05-08 13:21:07,297 - FedFDA_Flow - INFO - Round [92/200]	 Selected 27 clients.
2025-05-08 13:21:26,637 - FedFDA_Flow - INFO - Round [92/200]	 Client training completed. Avg Acc: 88.31, Avg Loss: 0.3466
2025-05-08 13:21:26,652 - FedFDA_Flow - INFO - Round [92/200]	 Train Loss [0.3466]	 Train Acc [88.31]	 Round Time [19.35s]
2025-05-08 13:21:26,652 - FedFDA_Flow - INFO - Round [93/200]	 Selected 36 clients.
2025-05-08 13:21:52,333 - FedFDA_Flow - INFO - Round [93/200]	 Client training completed. Avg Acc: 88.48, Avg Loss: 0.3458
2025-05-08 13:21:52,420 - FedFDA_Flow - INFO - Round [93/200]	 Train Loss [0.3458]	 Train Acc [88.48]	 Round Time [25.77s]
2025-05-08 13:21:52,420 - FedFDA_Flow - INFO - Round [94/200]	 Selected 29 clients.
2025-05-08 13:22:11,763 - FedFDA_Flow - INFO - Round [94/200]	 Client training completed. Avg Acc: 88.42, Avg Loss: 0.3423
2025-05-08 13:22:11,854 - FedFDA_Flow - INFO - Round [94/200]	 Train Loss [0.3423]	 Train Acc [88.42]	 Round Time [19.43s]
2025-05-08 13:22:11,855 - FedFDA_Flow - INFO - Round [95/200]	 Selected 26 clients.
2025-05-08 13:22:29,768 - FedFDA_Flow - INFO - Round [95/200]	 Client training completed. Avg Acc: 88.57, Avg Loss: 0.3417
2025-05-08 13:22:29,784 - FedFDA_Flow - INFO - Round [95/200]	 Train Loss [0.3417]	 Train Acc [88.57]	 Round Time [17.93s]
2025-05-08 13:22:29,784 - FedFDA_Flow - INFO - Round [96/200]	 Selected 31 clients.
2025-05-08 13:22:51,283 - FedFDA_Flow - INFO - Round [96/200]	 Client training completed. Avg Acc: 90.62, Avg Loss: 0.2818
2025-05-08 13:22:51,370 - FedFDA_Flow - INFO - Round [96/200]	 Train Loss [0.2818]	 Train Acc [90.62]	 Round Time [21.59s]
2025-05-08 13:22:51,371 - FedFDA_Flow - INFO - Round [97/200]	 Selected 40 clients.
2025-05-08 13:23:19,763 - FedFDA_Flow - INFO - Round [97/200]	 Client training completed. Avg Acc: 91.45, Avg Loss: 0.2619
2025-05-08 13:23:19,781 - FedFDA_Flow - INFO - Round [97/200]	 Train Loss [0.2619]	 Train Acc [91.45]	 Round Time [28.41s]
2025-05-08 13:23:19,782 - FedFDA_Flow - INFO - Round [98/200]	 Selected 33 clients.
2025-05-08 13:23:42,673 - FedFDA_Flow - INFO - Round [98/200]	 Client training completed. Avg Acc: 89.12, Avg Loss: 0.3253
2025-05-08 13:23:42,691 - FedFDA_Flow - INFO - Round [98/200]	 Train Loss [0.3253]	 Train Acc [89.12]	 Round Time [22.91s]
2025-05-08 13:23:42,691 - FedFDA_Flow - INFO - Round [99/200]	 Selected 27 clients.
2025-05-08 13:24:01,316 - FedFDA_Flow - INFO - Round [99/200]	 Client training completed. Avg Acc: 89.27, Avg Loss: 0.3212
2025-05-08 13:24:01,403 - FedFDA_Flow - INFO - Round [99/200]	 Train Loss [0.3212]	 Train Acc [89.27]	 Round Time [18.71s]
2025-05-08 13:24:01,404 - FedFDA_Flow - INFO - Round [100/200]	 Selected 31 clients.
2025-05-08 13:24:22,526 - FedFDA_Flow - INFO - Round [100/200]	 Client training completed. Avg Acc: 90.53, Avg Loss: 0.2847
2025-05-08 13:24:22,693 - FedFDA_Flow - INFO - Starting personalized evaluation...
2025-05-08 13:24:39,730 - FedFDA_Flow - INFO - Personalized Eval Completed. KL Div: 185.3753
2025-05-08 13:24:39,730 - FedFDA_Flow - INFO - Corruption Category Results: Noise: 78.66, Blur: 80.05, Other: 72.71, Clean: 78.97
2025-05-08 13:24:39,730 - FedFDA_Flow - INFO - Clients with potentially suboptimal beta values: 52
2025-05-08 13:24:39,731 - FedFDA_Flow - INFO - Round [100/200]	 Train Loss [0.2847]	 Train Acc [90.53]	 Round Time [21.29s]	 P-Test Loss [0.7149]	 P-Test Acc [78.11 +/- 10.79]
2025-05-08 13:24:39,731 - FedFDA_Flow - INFO - Round [101/200]	 Selected 33 clients.
2025-05-08 13:25:03,329 - FedFDA_Flow - INFO - Round [101/200]	 Client training completed. Avg Acc: 89.72, Avg Loss: 0.3114
2025-05-08 13:25:03,407 - FedFDA_Flow - INFO - Round [101/200]	 Train Loss [0.3114]	 Train Acc [89.72]	 Round Time [23.68s]
2025-05-08 13:25:03,408 - FedFDA_Flow - INFO - Round [102/200]	 Selected 38 clients.
2025-05-08 13:25:29,606 - FedFDA_Flow - INFO - Round [102/200]	 Client training completed. Avg Acc: 89.33, Avg Loss: 0.3204
2025-05-08 13:25:29,741 - FedFDA_Flow - INFO - Round [102/200]	 Train Loss [0.3204]	 Train Acc [89.33]	 Round Time [26.33s]
2025-05-08 13:25:29,741 - FedFDA_Flow - INFO - Round [103/200]	 Selected 37 clients.
2025-05-08 13:25:56,057 - FedFDA_Flow - INFO - Round [103/200]	 Client training completed. Avg Acc: 89.33, Avg Loss: 0.3156
2025-05-08 13:25:56,138 - FedFDA_Flow - INFO - Round [103/200]	 Train Loss [0.3156]	 Train Acc [89.33]	 Round Time [26.40s]
2025-05-08 13:25:56,139 - FedFDA_Flow - INFO - Round [104/200]	 Selected 33 clients.
2025-05-08 13:26:20,292 - FedFDA_Flow - INFO - Round [104/200]	 Client training completed. Avg Acc: 90.04, Avg Loss: 0.3007
2025-05-08 13:26:20,387 - FedFDA_Flow - INFO - Round [104/200]	 Train Loss [0.3007]	 Train Acc [90.04]	 Round Time [24.25s]
2025-05-08 13:26:20,387 - FedFDA_Flow - INFO - Round [105/200]	 Selected 28 clients.
2025-05-08 13:26:38,165 - FedFDA_Flow - INFO - Round [105/200]	 Client training completed. Avg Acc: 90.82, Avg Loss: 0.2764
2025-05-08 13:26:38,256 - FedFDA_Flow - INFO - Round [105/200]	 Train Loss [0.2764]	 Train Acc [90.82]	 Round Time [17.87s]
2025-05-08 13:26:38,256 - FedFDA_Flow - INFO - Round [106/200]	 Selected 32 clients.
2025-05-08 13:27:01,343 - FedFDA_Flow - INFO - Round [106/200]	 Client training completed. Avg Acc: 89.73, Avg Loss: 0.3100
2025-05-08 13:27:01,431 - FedFDA_Flow - INFO - Round [106/200]	 Train Loss [0.3100]	 Train Acc [89.73]	 Round Time [23.18s]
2025-05-08 13:27:01,431 - FedFDA_Flow - INFO - Round [107/200]	 Selected 28 clients.
2025-05-08 13:27:19,281 - FedFDA_Flow - INFO - Round [107/200]	 Client training completed. Avg Acc: 92.16, Avg Loss: 0.2464
2025-05-08 13:27:19,311 - FedFDA_Flow - INFO - Round [107/200]	 Train Loss [0.2464]	 Train Acc [92.16]	 Round Time [17.88s]
2025-05-08 13:27:19,312 - FedFDA_Flow - INFO - Round [108/200]	 Selected 26 clients.
2025-05-08 13:27:37,293 - FedFDA_Flow - INFO - Round [108/200]	 Client training completed. Avg Acc: 90.71, Avg Loss: 0.2827
2025-05-08 13:27:37,406 - FedFDA_Flow - INFO - Round [108/200]	 Train Loss [0.2827]	 Train Acc [90.71]	 Round Time [18.09s]
2025-05-08 13:27:37,406 - FedFDA_Flow - INFO - Round [109/200]	 Selected 21 clients.
2025-05-08 13:27:51,128 - FedFDA_Flow - INFO - Round [109/200]	 Client training completed. Avg Acc: 89.05, Avg Loss: 0.3348
2025-05-08 13:27:51,219 - FedFDA_Flow - INFO - Round [109/200]	 Train Loss [0.3348]	 Train Acc [89.05]	 Round Time [13.81s]
2025-05-08 13:27:51,220 - FedFDA_Flow - INFO - Round [110/200]	 Selected 28 clients.
2025-05-08 13:28:09,708 - FedFDA_Flow - INFO - Round [110/200]	 Client training completed. Avg Acc: 88.91, Avg Loss: 0.3296
2025-05-08 13:28:09,723 - FedFDA_Flow - INFO - Round [110/200]	 Train Loss [0.3296]	 Train Acc [88.91]	 Round Time [18.50s]
2025-05-08 13:28:09,724 - FedFDA_Flow - INFO - Round [111/200]	 Selected 23 clients.
2025-05-08 13:28:25,638 - FedFDA_Flow - INFO - Round [111/200]	 Client training completed. Avg Acc: 92.64, Avg Loss: 0.2315
2025-05-08 13:28:25,901 - FedFDA_Flow - INFO - Round [111/200]	 Train Loss [0.2315]	 Train Acc [92.64]	 Round Time [16.18s]
2025-05-08 13:28:25,901 - FedFDA_Flow - INFO - Round [112/200]	 Selected 26 clients.
2025-05-08 13:28:43,240 - FedFDA_Flow - INFO - Round [112/200]	 Client training completed. Avg Acc: 90.83, Avg Loss: 0.2785
2025-05-08 13:28:43,266 - FedFDA_Flow - INFO - Round [112/200]	 Train Loss [0.2785]	 Train Acc [90.83]	 Round Time [17.37s]
2025-05-08 13:28:43,267 - FedFDA_Flow - INFO - Round [113/200]	 Selected 29 clients.
2025-05-08 13:29:02,529 - FedFDA_Flow - INFO - Round [113/200]	 Client training completed. Avg Acc: 89.10, Avg Loss: 0.3255
2025-05-08 13:29:02,622 - FedFDA_Flow - INFO - Round [113/200]	 Train Loss [0.3255]	 Train Acc [89.10]	 Round Time [19.36s]
2025-05-08 13:29:02,622 - FedFDA_Flow - INFO - Round [114/200]	 Selected 31 clients.
2025-05-08 13:29:23,850 - FedFDA_Flow - INFO - Round [114/200]	 Client training completed. Avg Acc: 89.65, Avg Loss: 0.3115
2025-05-08 13:29:23,870 - FedFDA_Flow - INFO - Round [114/200]	 Train Loss [0.3115]	 Train Acc [89.65]	 Round Time [21.25s]
2025-05-08 13:29:23,871 - FedFDA_Flow - INFO - Round [115/200]	 Selected 31 clients.
2025-05-08 13:29:46,233 - FedFDA_Flow - INFO - Round [115/200]	 Client training completed. Avg Acc: 89.68, Avg Loss: 0.3086
2025-05-08 13:29:46,393 - FedFDA_Flow - INFO - Round [115/200]	 Train Loss [0.3086]	 Train Acc [89.68]	 Round Time [22.52s]
2025-05-08 13:29:46,394 - FedFDA_Flow - INFO - Round [116/200]	 Selected 32 clients.
2025-05-08 13:30:09,136 - FedFDA_Flow - INFO - Round [116/200]	 Client training completed. Avg Acc: 89.90, Avg Loss: 0.3007
2025-05-08 13:30:09,168 - FedFDA_Flow - INFO - Round [116/200]	 Train Loss [0.3007]	 Train Acc [89.90]	 Round Time [22.77s]
2025-05-08 13:30:09,169 - FedFDA_Flow - INFO - Round [117/200]	 Selected 29 clients.
2025-05-08 13:30:30,823 - FedFDA_Flow - INFO - Round [117/200]	 Client training completed. Avg Acc: 90.58, Avg Loss: 0.2888
2025-05-08 13:30:30,913 - FedFDA_Flow - INFO - Round [117/200]	 Train Loss [0.2888]	 Train Acc [90.58]	 Round Time [21.74s]
2025-05-08 13:30:30,913 - FedFDA_Flow - INFO - Round [118/200]	 Selected 34 clients.
2025-05-08 13:30:58,557 - FedFDA_Flow - INFO - Round [118/200]	 Client training completed. Avg Acc: 89.04, Avg Loss: 0.3243
2025-05-08 13:30:58,643 - FedFDA_Flow - INFO - Round [118/200]	 Train Loss [0.3243]	 Train Acc [89.04]	 Round Time [27.73s]
2025-05-08 13:30:58,643 - FedFDA_Flow - INFO - Round [119/200]	 Selected 24 clients.
2025-05-08 13:31:15,710 - FedFDA_Flow - INFO - Round [119/200]	 Client training completed. Avg Acc: 87.80, Avg Loss: 0.3604
2025-05-08 13:31:15,736 - FedFDA_Flow - INFO - Round [119/200]	 Train Loss [0.3604]	 Train Acc [87.80]	 Round Time [17.09s]
2025-05-08 13:31:15,736 - FedFDA_Flow - INFO - Round [120/200]	 Selected 31 clients.
2025-05-08 13:31:36,160 - FedFDA_Flow - INFO - Round [120/200]	 Client training completed. Avg Acc: 90.76, Avg Loss: 0.2805
2025-05-08 13:31:36,249 - FedFDA_Flow - INFO - Starting personalized evaluation...
2025-05-08 13:31:51,485 - FedFDA_Flow - INFO - Personalized Eval Completed. KL Div: 177.6272
2025-05-08 13:31:51,485 - FedFDA_Flow - INFO - Corruption Category Results: Noise: 77.41, Blur: 81.35, Other: 74.81, Clean: 78.69
2025-05-08 13:31:51,485 - FedFDA_Flow - INFO - Clients with potentially suboptimal beta values: 46
2025-05-08 13:31:51,486 - FedFDA_Flow - INFO - Round [120/200]	 Train Loss [0.2805]	 Train Acc [90.76]	 Round Time [20.51s]	 P-Test Loss [0.7190]	 P-Test Acc [78.33 +/- 10.17]
2025-05-08 13:31:51,486 - FedFDA_Flow - INFO - Round [121/200]	 Selected 34 clients.
2025-05-08 13:32:14,399 - FedFDA_Flow - INFO - Round [121/200]	 Client training completed. Avg Acc: 89.67, Avg Loss: 0.3099
2025-05-08 13:32:14,476 - FedFDA_Flow - INFO - Round [121/200]	 Train Loss [0.3099]	 Train Acc [89.67]	 Round Time [22.99s]
2025-05-08 13:32:14,477 - FedFDA_Flow - INFO - Round [122/200]	 Selected 19 clients.
2025-05-08 13:32:26,874 - FedFDA_Flow - INFO - Round [122/200]	 Client training completed. Avg Acc: 90.79, Avg Loss: 0.2753
2025-05-08 13:32:26,959 - FedFDA_Flow - INFO - Round [122/200]	 Train Loss [0.2753]	 Train Acc [90.79]	 Round Time [12.48s]
2025-05-08 13:32:26,960 - FedFDA_Flow - INFO - Round [123/200]	 Selected 19 clients.
2025-05-08 13:32:40,973 - FedFDA_Flow - INFO - Round [123/200]	 Client training completed. Avg Acc: 90.40, Avg Loss: 0.2888
2025-05-08 13:32:41,061 - FedFDA_Flow - INFO - Round [123/200]	 Train Loss [0.2888]	 Train Acc [90.40]	 Round Time [14.10s]
2025-05-08 13:32:41,062 - FedFDA_Flow - INFO - Round [124/200]	 Selected 39 clients.
2025-05-08 13:33:07,647 - FedFDA_Flow - INFO - Round [124/200]	 Client training completed. Avg Acc: 89.20, Avg Loss: 0.3250
2025-05-08 13:33:07,733 - FedFDA_Flow - INFO - Round [124/200]	 Train Loss [0.3250]	 Train Acc [89.20]	 Round Time [26.67s]
2025-05-08 13:33:07,733 - FedFDA_Flow - INFO - Round [125/200]	 Selected 29 clients.
2025-05-08 13:33:29,055 - FedFDA_Flow - INFO - Round [125/200]	 Client training completed. Avg Acc: 90.95, Avg Loss: 0.2762
2025-05-08 13:33:29,210 - FedFDA_Flow - INFO - Round [125/200]	 Train Loss [0.2762]	 Train Acc [90.95]	 Round Time [21.48s]
2025-05-08 13:33:29,211 - FedFDA_Flow - INFO - Round [126/200]	 Selected 36 clients.
2025-05-08 13:33:51,457 - FedFDA_Flow - INFO - Round [126/200]	 Client training completed. Avg Acc: 88.51, Avg Loss: 0.3470
2025-05-08 13:33:51,545 - FedFDA_Flow - INFO - Round [126/200]	 Train Loss [0.3470]	 Train Acc [88.51]	 Round Time [22.33s]
2025-05-08 13:33:51,546 - FedFDA_Flow - INFO - Round [127/200]	 Selected 33 clients.
2025-05-08 13:34:16,163 - FedFDA_Flow - INFO - Round [127/200]	 Client training completed. Avg Acc: 89.55, Avg Loss: 0.3074
2025-05-08 13:34:16,253 - FedFDA_Flow - INFO - Round [127/200]	 Train Loss [0.3074]	 Train Acc [89.55]	 Round Time [24.71s]
2025-05-08 13:34:16,253 - FedFDA_Flow - INFO - Round [128/200]	 Selected 30 clients.
2025-05-08 13:34:37,806 - FedFDA_Flow - INFO - Round [128/200]	 Client training completed. Avg Acc: 91.93, Avg Loss: 0.2455
2025-05-08 13:34:37,894 - FedFDA_Flow - INFO - Round [128/200]	 Train Loss [0.2455]	 Train Acc [91.93]	 Round Time [21.64s]
2025-05-08 13:34:37,894 - FedFDA_Flow - INFO - Round [129/200]	 Selected 33 clients.
2025-05-08 13:34:59,904 - FedFDA_Flow - INFO - Round [129/200]	 Client training completed. Avg Acc: 89.18, Avg Loss: 0.3243
2025-05-08 13:34:59,992 - FedFDA_Flow - INFO - Round [129/200]	 Train Loss [0.3243]	 Train Acc [89.18]	 Round Time [22.10s]
2025-05-08 13:34:59,992 - FedFDA_Flow - INFO - Round [130/200]	 Selected 27 clients.
2025-05-08 13:35:19,348 - FedFDA_Flow - INFO - Round [130/200]	 Client training completed. Avg Acc: 90.48, Avg Loss: 0.2847
2025-05-08 13:35:19,363 - FedFDA_Flow - INFO - Round [130/200]	 Train Loss [0.2847]	 Train Acc [90.48]	 Round Time [19.37s]
2025-05-08 13:35:19,363 - FedFDA_Flow - INFO - Round [131/200]	 Selected 25 clients.
2025-05-08 13:35:37,249 - FedFDA_Flow - INFO - Round [131/200]	 Client training completed. Avg Acc: 89.54, Avg Loss: 0.3145
2025-05-08 13:35:37,287 - FedFDA_Flow - INFO - Round [131/200]	 Train Loss [0.3145]	 Train Acc [89.54]	 Round Time [17.92s]
2025-05-08 13:35:37,287 - FedFDA_Flow - INFO - Round [132/200]	 Selected 32 clients.
2025-05-08 13:35:59,582 - FedFDA_Flow - INFO - Round [132/200]	 Client training completed. Avg Acc: 90.64, Avg Loss: 0.2794
2025-05-08 13:35:59,669 - FedFDA_Flow - INFO - Round [132/200]	 Train Loss [0.2794]	 Train Acc [90.64]	 Round Time [22.38s]
2025-05-08 13:35:59,670 - FedFDA_Flow - INFO - Round [133/200]	 Selected 39 clients.
2025-05-08 13:36:25,339 - FedFDA_Flow - INFO - Round [133/200]	 Client training completed. Avg Acc: 91.79, Avg Loss: 0.2539
2025-05-08 13:36:25,427 - FedFDA_Flow - INFO - Round [133/200]	 Train Loss [0.2539]	 Train Acc [91.79]	 Round Time [25.76s]
2025-05-08 13:36:25,428 - FedFDA_Flow - INFO - Round [134/200]	 Selected 22 clients.
2025-05-08 13:36:41,160 - FedFDA_Flow - INFO - Round [134/200]	 Client training completed. Avg Acc: 90.29, Avg Loss: 0.2895
2025-05-08 13:36:41,244 - FedFDA_Flow - INFO - Round [134/200]	 Train Loss [0.2895]	 Train Acc [90.29]	 Round Time [15.82s]
2025-05-08 13:36:41,244 - FedFDA_Flow - INFO - Round [135/200]	 Selected 36 clients.
2025-05-08 13:37:07,262 - FedFDA_Flow - INFO - Round [135/200]	 Client training completed. Avg Acc: 90.10, Avg Loss: 0.2943
2025-05-08 13:37:07,463 - FedFDA_Flow - INFO - Round [135/200]	 Train Loss [0.2943]	 Train Acc [90.10]	 Round Time [26.22s]
2025-05-08 13:37:07,463 - FedFDA_Flow - INFO - Round [136/200]	 Selected 18 clients.
2025-05-08 13:37:19,183 - FedFDA_Flow - INFO - Round [136/200]	 Client training completed. Avg Acc: 92.30, Avg Loss: 0.2333
2025-05-08 13:37:19,266 - FedFDA_Flow - INFO - Round [136/200]	 Train Loss [0.2333]	 Train Acc [92.30]	 Round Time [11.80s]
2025-05-08 13:37:19,266 - FedFDA_Flow - INFO - Round [137/200]	 Selected 34 clients.
2025-05-08 13:37:40,076 - FedFDA_Flow - INFO - Round [137/200]	 Client training completed. Avg Acc: 89.58, Avg Loss: 0.3205
2025-05-08 13:37:40,158 - FedFDA_Flow - INFO - Round [137/200]	 Train Loss [0.3205]	 Train Acc [89.58]	 Round Time [20.89s]
2025-05-08 13:37:40,159 - FedFDA_Flow - INFO - Round [138/200]	 Selected 36 clients.
2025-05-08 13:38:05,769 - FedFDA_Flow - INFO - Round [138/200]	 Client training completed. Avg Acc: 90.29, Avg Loss: 0.2940
2025-05-08 13:38:05,857 - FedFDA_Flow - INFO - Round [138/200]	 Train Loss [0.2940]	 Train Acc [90.29]	 Round Time [25.70s]
2025-05-08 13:38:05,858 - FedFDA_Flow - INFO - Round [139/200]	 Selected 28 clients.
2025-05-08 13:38:23,333 - FedFDA_Flow - INFO - Round [139/200]	 Client training completed. Avg Acc: 89.10, Avg Loss: 0.3269
2025-05-08 13:38:23,464 - FedFDA_Flow - INFO - Round [139/200]	 Train Loss [0.3269]	 Train Acc [89.10]	 Round Time [17.61s]
2025-05-08 13:38:23,464 - FedFDA_Flow - INFO - Round [140/200]	 Selected 36 clients.
2025-05-08 13:38:47,306 - FedFDA_Flow - INFO - Round [140/200]	 Client training completed. Avg Acc: 91.59, Avg Loss: 0.2574
2025-05-08 13:38:47,394 - FedFDA_Flow - INFO - Starting personalized evaluation...
2025-05-08 13:39:02,876 - FedFDA_Flow - INFO - Personalized Eval Completed. KL Div: 177.5081
2025-05-08 13:39:02,876 - FedFDA_Flow - INFO - Corruption Category Results: Noise: 79.76, Blur: 82.69, Other: 73.82, Clean: 78.82
2025-05-08 13:39:02,877 - FedFDA_Flow - INFO - Clients with potentially suboptimal beta values: 44
2025-05-08 13:39:02,877 - FedFDA_Flow - INFO - Round [140/200]	 Train Loss [0.2574]	 Train Acc [91.59]	 Round Time [23.93s]	 P-Test Loss [0.6867]	 P-Test Acc [78.79 +/- 10.61]
2025-05-08 13:39:02,877 - FedFDA_Flow - INFO - Round [141/200]	 Selected 30 clients.
2025-05-08 13:39:22,573 - FedFDA_Flow - INFO - Round [141/200]	 Client training completed. Avg Acc: 92.10, Avg Loss: 0.2405
2025-05-08 13:39:22,657 - FedFDA_Flow - INFO - Round [141/200]	 Train Loss [0.2405]	 Train Acc [92.10]	 Round Time [19.78s]
2025-05-08 13:39:22,657 - FedFDA_Flow - INFO - Round [142/200]	 Selected 27 clients.
2025-05-08 13:39:41,773 - FedFDA_Flow - INFO - Round [142/200]	 Client training completed. Avg Acc: 90.24, Avg Loss: 0.2960
2025-05-08 13:39:41,868 - FedFDA_Flow - INFO - Round [142/200]	 Train Loss [0.2960]	 Train Acc [90.24]	 Round Time [19.21s]
2025-05-08 13:39:41,868 - FedFDA_Flow - INFO - Round [143/200]	 Selected 35 clients.
2025-05-08 13:40:07,983 - FedFDA_Flow - INFO - Round [143/200]	 Client training completed. Avg Acc: 91.05, Avg Loss: 0.2733
2025-05-08 13:40:08,071 - FedFDA_Flow - INFO - Round [143/200]	 Train Loss [0.2733]	 Train Acc [91.05]	 Round Time [26.20s]
2025-05-08 13:40:08,072 - FedFDA_Flow - INFO - Round [144/200]	 Selected 33 clients.
2025-05-08 13:40:30,235 - FedFDA_Flow - INFO - Round [144/200]	 Client training completed. Avg Acc: 89.80, Avg Loss: 0.3095
2025-05-08 13:40:30,324 - FedFDA_Flow - INFO - Round [144/200]	 Train Loss [0.3095]	 Train Acc [89.80]	 Round Time [22.25s]
2025-05-08 13:40:30,324 - FedFDA_Flow - INFO - Round [145/200]	 Selected 25 clients.
2025-05-08 13:40:48,944 - FedFDA_Flow - INFO - Round [145/200]	 Client training completed. Avg Acc: 90.68, Avg Loss: 0.2713
2025-05-08 13:40:49,100 - FedFDA_Flow - INFO - Round [145/200]	 Train Loss [0.2713]	 Train Acc [90.68]	 Round Time [18.78s]
2025-05-08 13:40:49,100 - FedFDA_Flow - INFO - Round [146/200]	 Selected 23 clients.
2025-05-08 13:41:06,646 - FedFDA_Flow - INFO - Round [146/200]	 Client training completed. Avg Acc: 92.72, Avg Loss: 0.2226
2025-05-08 13:41:06,761 - FedFDA_Flow - INFO - Round [146/200]	 Train Loss [0.2226]	 Train Acc [92.72]	 Round Time [17.66s]
2025-05-08 13:41:06,761 - FedFDA_Flow - INFO - Round [147/200]	 Selected 27 clients.
2025-05-08 13:41:24,470 - FedFDA_Flow - INFO - Round [147/200]	 Client training completed. Avg Acc: 91.63, Avg Loss: 0.2588
2025-05-08 13:41:24,563 - FedFDA_Flow - INFO - Round [147/200]	 Train Loss [0.2588]	 Train Acc [91.63]	 Round Time [17.80s]
2025-05-08 13:41:24,564 - FedFDA_Flow - INFO - Round [148/200]	 Selected 34 clients.
2025-05-08 13:41:47,132 - FedFDA_Flow - INFO - Round [148/200]	 Client training completed. Avg Acc: 90.65, Avg Loss: 0.2837
2025-05-08 13:41:47,210 - FedFDA_Flow - INFO - Round [148/200]	 Train Loss [0.2837]	 Train Acc [90.65]	 Round Time [22.65s]
2025-05-08 13:41:47,210 - FedFDA_Flow - INFO - Round [149/200]	 Selected 28 clients.
2025-05-08 13:42:05,213 - FedFDA_Flow - INFO - Round [149/200]	 Client training completed. Avg Acc: 87.62, Avg Loss: 0.3717
2025-05-08 13:42:05,302 - FedFDA_Flow - INFO - Round [149/200]	 Train Loss [0.3717]	 Train Acc [87.62]	 Round Time [18.09s]
2025-05-08 13:42:05,303 - FedFDA_Flow - INFO - Round [150/200]	 Selected 26 clients.
2025-05-08 13:42:23,884 - FedFDA_Flow - INFO - Round [150/200]	 Client training completed. Avg Acc: 91.54, Avg Loss: 0.2580
2025-05-08 13:42:23,965 - FedFDA_Flow - INFO - Round [150/200]	 Train Loss [0.2580]	 Train Acc [91.54]	 Round Time [18.66s]
2025-05-08 13:42:23,965 - FedFDA_Flow - INFO - Round [151/200]	 Selected 23 clients.
2025-05-08 13:42:38,229 - FedFDA_Flow - INFO - Round [151/200]	 Client training completed. Avg Acc: 90.39, Avg Loss: 0.2931
2025-05-08 13:42:38,313 - FedFDA_Flow - INFO - Round [151/200]	 Train Loss [0.2931]	 Train Acc [90.39]	 Round Time [14.35s]
2025-05-08 13:42:38,314 - FedFDA_Flow - INFO - Round [152/200]	 Selected 36 clients.
2025-05-08 13:43:01,355 - FedFDA_Flow - INFO - Round [152/200]	 Client training completed. Avg Acc: 90.21, Avg Loss: 0.2911
2025-05-08 13:43:01,439 - FedFDA_Flow - INFO - Round [152/200]	 Train Loss [0.2911]	 Train Acc [90.21]	 Round Time [23.13s]
2025-05-08 13:43:01,440 - FedFDA_Flow - INFO - Round [153/200]	 Selected 33 clients.
2025-05-08 13:43:23,689 - FedFDA_Flow - INFO - Round [153/200]	 Client training completed. Avg Acc: 91.09, Avg Loss: 0.2722
2025-05-08 13:43:23,804 - FedFDA_Flow - INFO - Round [153/200]	 Train Loss [0.2722]	 Train Acc [91.09]	 Round Time [22.36s]
2025-05-08 13:43:23,805 - FedFDA_Flow - INFO - Round [154/200]	 Selected 33 clients.
2025-05-08 13:43:45,803 - FedFDA_Flow - INFO - Round [154/200]	 Client training completed. Avg Acc: 92.07, Avg Loss: 0.2391
2025-05-08 13:43:45,910 - FedFDA_Flow - INFO - Round [154/200]	 Train Loss [0.2391]	 Train Acc [92.07]	 Round Time [22.11s]
2025-05-08 13:43:45,911 - FedFDA_Flow - INFO - Round [155/200]	 Selected 39 clients.
2025-05-08 13:44:14,677 - FedFDA_Flow - INFO - Round [155/200]	 Client training completed. Avg Acc: 90.53, Avg Loss: 0.2850
2025-05-08 13:44:14,756 - FedFDA_Flow - INFO - Round [155/200]	 Train Loss [0.2850]	 Train Acc [90.53]	 Round Time [28.85s]
2025-05-08 13:44:14,756 - FedFDA_Flow - INFO - Round [156/200]	 Selected 31 clients.
2025-05-08 13:44:35,670 - FedFDA_Flow - INFO - Round [156/200]	 Client training completed. Avg Acc: 91.85, Avg Loss: 0.2477
2025-05-08 13:44:35,757 - FedFDA_Flow - INFO - Round [156/200]	 Train Loss [0.2477]	 Train Acc [91.85]	 Round Time [21.00s]
2025-05-08 13:44:35,758 - FedFDA_Flow - INFO - Round [157/200]	 Selected 31 clients.
2025-05-08 13:44:57,813 - FedFDA_Flow - INFO - Round [157/200]	 Client training completed. Avg Acc: 91.50, Avg Loss: 0.2551
2025-05-08 13:44:57,880 - FedFDA_Flow - INFO - Round [157/200]	 Train Loss [0.2551]	 Train Acc [91.50]	 Round Time [22.12s]
2025-05-08 13:44:57,880 - FedFDA_Flow - INFO - Round [158/200]	 Selected 34 clients.
2025-05-08 13:45:18,876 - FedFDA_Flow - INFO - Round [158/200]	 Client training completed. Avg Acc: 91.51, Avg Loss: 0.2561
2025-05-08 13:45:19,042 - FedFDA_Flow - INFO - Round [158/200]	 Train Loss [0.2561]	 Train Acc [91.51]	 Round Time [21.16s]
2025-05-08 13:45:19,043 - FedFDA_Flow - INFO - Round [159/200]	 Selected 27 clients.
2025-05-08 13:45:34,315 - FedFDA_Flow - INFO - Round [159/200]	 Client training completed. Avg Acc: 91.61, Avg Loss: 0.2574
2025-05-08 13:45:34,406 - FedFDA_Flow - INFO - Round [159/200]	 Train Loss [0.2574]	 Train Acc [91.61]	 Round Time [15.36s]
2025-05-08 13:45:34,406 - FedFDA_Flow - INFO - Round [160/200]	 Selected 28 clients.
2025-05-08 13:45:52,276 - FedFDA_Flow - INFO - Round [160/200]	 Client training completed. Avg Acc: 90.87, Avg Loss: 0.2764
2025-05-08 13:45:52,358 - FedFDA_Flow - INFO - Starting personalized evaluation...
2025-05-08 13:46:08,033 - FedFDA_Flow - INFO - Personalized Eval Completed. KL Div: 177.2811
2025-05-08 13:46:08,033 - FedFDA_Flow - INFO - Corruption Category Results: Noise: 80.00, Blur: 78.31, Other: 70.99, Clean: 80.51
2025-05-08 13:46:08,034 - FedFDA_Flow - INFO - Clients with potentially suboptimal beta values: 50
2025-05-08 13:46:08,034 - FedFDA_Flow - INFO - Round [160/200]	 Train Loss [0.2764]	 Train Acc [90.87]	 Round Time [17.95s]	 P-Test Loss [0.6940]	 P-Test Acc [78.56 +/- 11.83]
2025-05-08 13:46:08,034 - FedFDA_Flow - INFO - Round [161/200]	 Selected 34 clients.
2025-05-08 13:46:32,331 - FedFDA_Flow - INFO - Round [161/200]	 Client training completed. Avg Acc: 91.34, Avg Loss: 0.2651
2025-05-08 13:46:32,419 - FedFDA_Flow - INFO - Round [161/200]	 Train Loss [0.2651]	 Train Acc [91.34]	 Round Time [24.39s]
2025-05-08 13:46:32,420 - FedFDA_Flow - INFO - Round [162/200]	 Selected 31 clients.
2025-05-08 13:46:55,083 - FedFDA_Flow - INFO - Round [162/200]	 Client training completed. Avg Acc: 90.08, Avg Loss: 0.2966
2025-05-08 13:46:55,167 - FedFDA_Flow - INFO - Round [162/200]	 Train Loss [0.2966]	 Train Acc [90.08]	 Round Time [22.75s]
2025-05-08 13:46:55,167 - FedFDA_Flow - INFO - Round [163/200]	 Selected 29 clients.
2025-05-08 13:47:15,211 - FedFDA_Flow - INFO - Round [163/200]	 Client training completed. Avg Acc: 92.08, Avg Loss: 0.2383
2025-05-08 13:47:15,300 - FedFDA_Flow - INFO - Round [163/200]	 Train Loss [0.2383]	 Train Acc [92.08]	 Round Time [20.13s]
2025-05-08 13:47:15,300 - FedFDA_Flow - INFO - Round [164/200]	 Selected 20 clients.
2025-05-08 13:47:30,291 - FedFDA_Flow - INFO - Round [164/200]	 Client training completed. Avg Acc: 92.01, Avg Loss: 0.2428
2025-05-08 13:47:30,388 - FedFDA_Flow - INFO - Round [164/200]	 Train Loss [0.2428]	 Train Acc [92.01]	 Round Time [15.09s]
2025-05-08 13:47:30,389 - FedFDA_Flow - INFO - Round [165/200]	 Selected 33 clients.
2025-05-08 13:47:49,955 - FedFDA_Flow - INFO - Round [165/200]	 Client training completed. Avg Acc: 93.14, Avg Loss: 0.2105
2025-05-08 13:47:49,976 - FedFDA_Flow - INFO - Round [165/200]	 Train Loss [0.2105]	 Train Acc [93.14]	 Round Time [19.59s]
2025-05-08 13:47:49,976 - FedFDA_Flow - INFO - Round [166/200]	 Selected 27 clients.
2025-05-08 13:48:04,287 - FedFDA_Flow - INFO - Round [166/200]	 Client training completed. Avg Acc: 91.78, Avg Loss: 0.2516
2025-05-08 13:48:04,373 - FedFDA_Flow - INFO - Round [166/200]	 Train Loss [0.2516]	 Train Acc [91.78]	 Round Time [14.40s]
2025-05-08 13:48:04,374 - FedFDA_Flow - INFO - Round [167/200]	 Selected 32 clients.
2025-05-08 13:48:20,713 - FedFDA_Flow - INFO - Round [167/200]	 Client training completed. Avg Acc: 91.58, Avg Loss: 0.2599
2025-05-08 13:48:20,799 - FedFDA_Flow - INFO - Round [167/200]	 Train Loss [0.2599]	 Train Acc [91.58]	 Round Time [16.43s]
2025-05-08 13:48:20,799 - FedFDA_Flow - INFO - Round [168/200]	 Selected 29 clients.
2025-05-08 13:48:36,357 - FedFDA_Flow - INFO - Round [168/200]	 Client training completed. Avg Acc: 90.19, Avg Loss: 0.2946
2025-05-08 13:48:36,444 - FedFDA_Flow - INFO - Round [168/200]	 Train Loss [0.2946]	 Train Acc [90.19]	 Round Time [15.64s]
2025-05-08 13:48:36,444 - FedFDA_Flow - INFO - Round [169/200]	 Selected 35 clients.
2025-05-08 13:48:55,753 - FedFDA_Flow - INFO - Round [169/200]	 Client training completed. Avg Acc: 89.00, Avg Loss: 0.3302
2025-05-08 13:48:55,841 - FedFDA_Flow - INFO - Round [169/200]	 Train Loss [0.3302]	 Train Acc [89.00]	 Round Time [19.40s]
2025-05-08 13:48:55,841 - FedFDA_Flow - INFO - Round [170/200]	 Selected 33 clients.
2025-05-08 13:49:12,751 - FedFDA_Flow - INFO - Round [170/200]	 Client training completed. Avg Acc: 93.57, Avg Loss: 0.1982
2025-05-08 13:49:12,839 - FedFDA_Flow - INFO - Round [170/200]	 Train Loss [0.1982]	 Train Acc [93.57]	 Round Time [17.00s]
2025-05-08 13:49:12,839 - FedFDA_Flow - INFO - Round [171/200]	 Selected 31 clients.
2025-05-08 13:49:30,205 - FedFDA_Flow - INFO - Round [171/200]	 Client training completed. Avg Acc: 90.89, Avg Loss: 0.2732
2025-05-08 13:49:30,297 - FedFDA_Flow - INFO - Round [171/200]	 Train Loss [0.2732]	 Train Acc [90.89]	 Round Time [17.46s]
2025-05-08 13:49:30,298 - FedFDA_Flow - INFO - Round [172/200]	 Selected 34 clients.
2025-05-08 13:49:48,413 - FedFDA_Flow - INFO - Round [172/200]	 Client training completed. Avg Acc: 92.23, Avg Loss: 0.2341
2025-05-08 13:49:48,500 - FedFDA_Flow - INFO - Round [172/200]	 Train Loss [0.2341]	 Train Acc [92.23]	 Round Time [18.20s]
2025-05-08 13:49:48,501 - FedFDA_Flow - INFO - Round [173/200]	 Selected 27 clients.
2025-05-08 13:50:03,825 - FedFDA_Flow - INFO - Round [173/200]	 Client training completed. Avg Acc: 92.61, Avg Loss: 0.2222
2025-05-08 13:50:03,912 - FedFDA_Flow - INFO - Round [173/200]	 Train Loss [0.2222]	 Train Acc [92.61]	 Round Time [15.41s]
2025-05-08 13:50:03,913 - FedFDA_Flow - INFO - Round [174/200]	 Selected 28 clients.
2025-05-08 13:50:20,054 - FedFDA_Flow - INFO - Round [174/200]	 Client training completed. Avg Acc: 90.95, Avg Loss: 0.2742
2025-05-08 13:50:20,139 - FedFDA_Flow - INFO - Round [174/200]	 Train Loss [0.2742]	 Train Acc [90.95]	 Round Time [16.23s]
2025-05-08 13:50:20,139 - FedFDA_Flow - INFO - Round [175/200]	 Selected 31 clients.
2025-05-08 13:50:38,400 - FedFDA_Flow - INFO - Round [175/200]	 Client training completed. Avg Acc: 91.55, Avg Loss: 0.2560
2025-05-08 13:50:38,484 - FedFDA_Flow - INFO - Round [175/200]	 Train Loss [0.2560]	 Train Acc [91.55]	 Round Time [18.34s]
2025-05-08 13:50:38,484 - FedFDA_Flow - INFO - Round [176/200]	 Selected 28 clients.
2025-05-08 13:50:54,548 - FedFDA_Flow - INFO - Round [176/200]	 Client training completed. Avg Acc: 91.73, Avg Loss: 0.2475
2025-05-08 13:50:54,632 - FedFDA_Flow - INFO - Round [176/200]	 Train Loss [0.2475]	 Train Acc [91.73]	 Round Time [16.15s]
2025-05-08 13:50:54,632 - FedFDA_Flow - INFO - Round [177/200]	 Selected 33 clients.
2025-05-08 13:51:12,825 - FedFDA_Flow - INFO - Round [177/200]	 Client training completed. Avg Acc: 90.52, Avg Loss: 0.2846
2025-05-08 13:51:12,909 - FedFDA_Flow - INFO - Round [177/200]	 Train Loss [0.2846]	 Train Acc [90.52]	 Round Time [18.28s]
2025-05-08 13:51:12,909 - FedFDA_Flow - INFO - Round [178/200]	 Selected 26 clients.
2025-05-08 13:51:26,472 - FedFDA_Flow - INFO - Round [178/200]	 Client training completed. Avg Acc: 92.12, Avg Loss: 0.2430
2025-05-08 13:51:26,557 - FedFDA_Flow - INFO - Round [178/200]	 Train Loss [0.2430]	 Train Acc [92.12]	 Round Time [13.65s]
2025-05-08 13:51:26,558 - FedFDA_Flow - INFO - Round [179/200]	 Selected 38 clients.
2025-05-08 13:51:47,176 - FedFDA_Flow - INFO - Round [179/200]	 Client training completed. Avg Acc: 90.77, Avg Loss: 0.2744
2025-05-08 13:51:47,263 - FedFDA_Flow - INFO - Round [179/200]	 Train Loss [0.2744]	 Train Acc [90.77]	 Round Time [20.71s]
2025-05-08 13:51:47,263 - FedFDA_Flow - INFO - Round [180/200]	 Selected 28 clients.
2025-05-08 13:52:02,148 - FedFDA_Flow - INFO - Round [180/200]	 Client training completed. Avg Acc: 93.10, Avg Loss: 0.2121
2025-05-08 13:52:02,232 - FedFDA_Flow - INFO - Starting personalized evaluation...
2025-05-08 13:52:16,857 - FedFDA_Flow - INFO - Personalized Eval Completed. KL Div: 173.3053
2025-05-08 13:52:16,857 - FedFDA_Flow - INFO - Corruption Category Results: Noise: 76.54, Blur: 81.89, Other: 73.09, Clean: 79.71
2025-05-08 13:52:16,858 - FedFDA_Flow - INFO - Clients with potentially suboptimal beta values: 47
2025-05-08 13:52:16,858 - FedFDA_Flow - INFO - Round [180/200]	 Train Loss [0.2121]	 Train Acc [93.10]	 Round Time [14.97s]	 P-Test Loss [0.6931]	 P-Test Acc [78.43 +/- 10.76]
2025-05-08 13:52:16,858 - FedFDA_Flow - INFO - Round [181/200]	 Selected 32 clients.
2025-05-08 13:52:33,472 - FedFDA_Flow - INFO - Round [181/200]	 Client training completed. Avg Acc: 89.67, Avg Loss: 0.3110
2025-05-08 13:52:33,559 - FedFDA_Flow - INFO - Round [181/200]	 Train Loss [0.3110]	 Train Acc [89.67]	 Round Time [16.70s]
2025-05-08 13:52:33,559 - FedFDA_Flow - INFO - Round [182/200]	 Selected 34 clients.
2025-05-08 13:52:50,980 - FedFDA_Flow - INFO - Round [182/200]	 Client training completed. Avg Acc: 91.06, Avg Loss: 0.2660
2025-05-08 13:52:51,068 - FedFDA_Flow - INFO - Round [182/200]	 Train Loss [0.2660]	 Train Acc [91.06]	 Round Time [17.51s]
2025-05-08 13:52:51,068 - FedFDA_Flow - INFO - Round [183/200]	 Selected 30 clients.
2025-05-08 13:53:05,996 - FedFDA_Flow - INFO - Round [183/200]	 Client training completed. Avg Acc: 92.82, Avg Loss: 0.2189
2025-05-08 13:53:06,084 - FedFDA_Flow - INFO - Round [183/200]	 Train Loss [0.2189]	 Train Acc [92.82]	 Round Time [15.02s]
2025-05-08 13:53:06,085 - FedFDA_Flow - INFO - Round [184/200]	 Selected 35 clients.
2025-05-08 13:53:24,064 - FedFDA_Flow - INFO - Round [184/200]	 Client training completed. Avg Acc: 91.24, Avg Loss: 0.2667
2025-05-08 13:53:24,088 - FedFDA_Flow - INFO - Round [184/200]	 Train Loss [0.2667]	 Train Acc [91.24]	 Round Time [18.00s]
2025-05-08 13:53:24,088 - FedFDA_Flow - INFO - Round [185/200]	 Selected 29 clients.
2025-05-08 13:53:37,411 - FedFDA_Flow - INFO - Round [185/200]	 Client training completed. Avg Acc: 93.29, Avg Loss: 0.2065
2025-05-08 13:53:37,430 - FedFDA_Flow - INFO - Round [185/200]	 Train Loss [0.2065]	 Train Acc [93.29]	 Round Time [13.34s]
2025-05-08 13:53:37,431 - FedFDA_Flow - INFO - Round [186/200]	 Selected 32 clients.
2025-05-08 13:53:55,076 - FedFDA_Flow - INFO - Round [186/200]	 Client training completed. Avg Acc: 91.92, Avg Loss: 0.2450
2025-05-08 13:53:55,164 - FedFDA_Flow - INFO - Round [186/200]	 Train Loss [0.2450]	 Train Acc [91.92]	 Round Time [17.73s]
2025-05-08 13:53:55,164 - FedFDA_Flow - INFO - Round [187/200]	 Selected 29 clients.
2025-05-08 13:54:14,061 - FedFDA_Flow - INFO - Round [187/200]	 Client training completed. Avg Acc: 90.77, Avg Loss: 0.2723
2025-05-08 13:54:14,147 - FedFDA_Flow - INFO - Round [187/200]	 Train Loss [0.2723]	 Train Acc [90.77]	 Round Time [18.98s]
2025-05-08 13:54:14,147 - FedFDA_Flow - INFO - Round [188/200]	 Selected 30 clients.
2025-05-08 13:54:30,914 - FedFDA_Flow - INFO - Round [188/200]	 Client training completed. Avg Acc: 92.02, Avg Loss: 0.2438
2025-05-08 13:54:30,997 - FedFDA_Flow - INFO - Round [188/200]	 Train Loss [0.2438]	 Train Acc [92.02]	 Round Time [16.85s]
2025-05-08 13:54:30,997 - FedFDA_Flow - INFO - Round [189/200]	 Selected 36 clients.
2025-05-08 13:54:49,032 - FedFDA_Flow - INFO - Round [189/200]	 Client training completed. Avg Acc: 90.94, Avg Loss: 0.2736
2025-05-08 13:54:49,119 - FedFDA_Flow - INFO - Round [189/200]	 Train Loss [0.2736]	 Train Acc [90.94]	 Round Time [18.12s]
2025-05-08 13:54:49,119 - FedFDA_Flow - INFO - Round [190/200]	 Selected 30 clients.
2025-05-08 13:55:06,221 - FedFDA_Flow - INFO - Round [190/200]	 Client training completed. Avg Acc: 90.67, Avg Loss: 0.2764
2025-05-08 13:55:06,309 - FedFDA_Flow - INFO - Round [190/200]	 Train Loss [0.2764]	 Train Acc [90.67]	 Round Time [17.19s]
2025-05-08 13:55:06,309 - FedFDA_Flow - INFO - Round [191/200]	 Selected 29 clients.
2025-05-08 13:55:21,615 - FedFDA_Flow - INFO - Round [191/200]	 Client training completed. Avg Acc: 93.71, Avg Loss: 0.1962
2025-05-08 13:55:21,698 - FedFDA_Flow - INFO - Round [191/200]	 Train Loss [0.1962]	 Train Acc [93.71]	 Round Time [15.39s]
2025-05-08 13:55:21,698 - FedFDA_Flow - INFO - Round [192/200]	 Selected 38 clients.
2025-05-08 13:55:42,244 - FedFDA_Flow - INFO - Round [192/200]	 Client training completed. Avg Acc: 91.71, Avg Loss: 0.2536
2025-05-08 13:55:42,332 - FedFDA_Flow - INFO - Round [192/200]	 Train Loss [0.2536]	 Train Acc [91.71]	 Round Time [20.63s]
2025-05-08 13:55:42,333 - FedFDA_Flow - INFO - Round [193/200]	 Selected 22 clients.
2025-05-08 13:55:54,423 - FedFDA_Flow - INFO - Round [193/200]	 Client training completed. Avg Acc: 92.44, Avg Loss: 0.2274
2025-05-08 13:55:54,504 - FedFDA_Flow - INFO - Round [193/200]	 Train Loss [0.2274]	 Train Acc [92.44]	 Round Time [12.17s]
2025-05-08 13:55:54,504 - FedFDA_Flow - INFO - Round [194/200]	 Selected 32 clients.
2025-05-08 13:56:12,920 - FedFDA_Flow - INFO - Round [194/200]	 Client training completed. Avg Acc: 91.60, Avg Loss: 0.2535
2025-05-08 13:56:13,003 - FedFDA_Flow - INFO - Round [194/200]	 Train Loss [0.2535]	 Train Acc [91.60]	 Round Time [18.50s]
2025-05-08 13:56:13,003 - FedFDA_Flow - INFO - Round [195/200]	 Selected 31 clients.
2025-05-08 13:56:31,400 - FedFDA_Flow - INFO - Round [195/200]	 Client training completed. Avg Acc: 92.84, Avg Loss: 0.2172
2025-05-08 13:56:31,489 - FedFDA_Flow - INFO - Round [195/200]	 Train Loss [0.2172]	 Train Acc [92.84]	 Round Time [18.49s]
2025-05-08 13:56:31,489 - FedFDA_Flow - INFO - Round [196/200]	 Selected 36 clients.
2025-05-08 13:56:50,985 - FedFDA_Flow - INFO - Round [196/200]	 Client training completed. Avg Acc: 91.61, Avg Loss: 0.2541
2025-05-08 13:56:51,072 - FedFDA_Flow - INFO - Round [196/200]	 Train Loss [0.2541]	 Train Acc [91.61]	 Round Time [19.58s]
2025-05-08 13:56:51,072 - FedFDA_Flow - INFO - Round [197/200]	 Selected 25 clients.
2025-05-08 13:57:03,018 - FedFDA_Flow - INFO - Round [197/200]	 Client training completed. Avg Acc: 91.84, Avg Loss: 0.2482
2025-05-08 13:57:03,102 - FedFDA_Flow - INFO - Round [197/200]	 Train Loss [0.2482]	 Train Acc [91.84]	 Round Time [12.03s]
2025-05-08 13:57:03,102 - FedFDA_Flow - INFO - Round [198/200]	 Selected 25 clients.
2025-05-08 13:57:17,931 - FedFDA_Flow - INFO - Round [198/200]	 Client training completed. Avg Acc: 93.41, Avg Loss: 0.2026
2025-05-08 13:57:17,951 - FedFDA_Flow - INFO - Round [198/200]	 Train Loss [0.2026]	 Train Acc [93.41]	 Round Time [14.85s]
2025-05-08 13:57:17,951 - FedFDA_Flow - INFO - Round [199/200]	 Selected 40 clients.
2025-05-08 13:57:38,165 - FedFDA_Flow - INFO - Round [199/200]	 Client training completed. Avg Acc: 92.40, Avg Loss: 0.2360
2025-05-08 13:57:38,255 - FedFDA_Flow - INFO - Round [199/200]	 Train Loss [0.2360]	 Train Acc [92.40]	 Round Time [20.30s]
2025-05-08 13:57:38,255 - FedFDA_Flow - INFO - Round [200/200]	 Selected 29 clients.
2025-05-08 13:57:53,924 - FedFDA_Flow - INFO - Round [200/200]	 Client training completed. Avg Acc: 90.50, Avg Loss: 0.2907
2025-05-08 13:57:53,947 - FedFDA_Flow - INFO - Starting personalized evaluation...
2025-05-08 13:58:08,546 - FedFDA_Flow - INFO - Personalized Eval Completed. KL Div: 170.0005
2025-05-08 13:58:08,546 - FedFDA_Flow - INFO - Corruption Category Results: Noise: 75.19, Blur: 81.37, Other: 75.95, Clean: 80.66
2025-05-08 13:58:08,546 - FedFDA_Flow - INFO - Clients with potentially suboptimal beta values: 47
2025-05-08 13:58:08,546 - FedFDA_Flow - INFO - Round [200/200]	 Train Loss [0.2907]	 Train Acc [90.50]	 Round Time [15.69s]	 P-Test Loss [0.6862]	 P-Test Acc [78.83 +/- 9.56]
Training pFedFDA...
Method took (21.49, 4.52) seconds per training iteration
Method took (4317.80) total seconds
