Initializing FlowMatchingModel with param_dim=107690
Training pFedFDA...
Global model updated via Flow-Assisted Aggregation.
Round [1/200]    Train Loss [0.5645]     Train Acc [79.12]       Train Time [30.03]
Training Flow Model...
Round 2 Flow Model Training Avg Loss: 0.6433
Global model updated via Flow-Assisted Aggregation.
Round [2/200]    Train Loss [0.6121]     Train Acc [78.64]       Train Time [28.45]
Training Flow Model...
Round 3 Flow Model Training Avg Loss: 0.6565
Global model updated via Flow-Assisted Aggregation.
Round [3/200]    Train Loss [0.6939]     Train Acc [73.05]       Train Time [26.41]
Training Flow Model...
Round 4 Flow Model Training Avg Loss: 0.6443
Global model updated via Flow-Assisted Aggregation.
Round [4/200]    Train Loss [0.4684]     Train Acc [82.96]       Train Time [16.74]
Training Flow Model...
Round 5 Flow Model Training Avg Loss: 0.5820
Global model updated via Flow-Assisted Aggregation.
Round [5/200]    Train Loss [0.4803]     Train Acc [80.72]       Train Time [21.61]
Training Flow Model...
Round 6 Flow Model Training Avg Loss: 0.5846
Global model updated via Flow-Assisted Aggregation.
Round [6/200]    Train Loss [0.3631]     Train Acc [86.79]       Train Time [33.08]
Training Flow Model...
Round 7 Flow Model Training Avg Loss: 0.6166
Global model updated via Flow-Assisted Aggregation.
Round [7/200]    Train Loss [0.4497]     Train Acc [82.66]       Train Time [26.38]
Training Flow Model...
Round 8 Flow Model Training Avg Loss: 0.5622
Global model updated via Flow-Assisted Aggregation.
Round [8/200]    Train Loss [0.3581]     Train Acc [86.70]       Train Time [29.35]
Training Flow Model...
Round 9 Flow Model Training Avg Loss: 0.5765
Global model updated via Flow-Assisted Aggregation.
Round [9/200]    Train Loss [0.4144]     Train Acc [84.71]       Train Time [31.74]
Training Flow Model...
Round 10 Flow Model Training Avg Loss: 0.5284
Global model updated via Flow-Assisted Aggregation.
Round [10/200]   Train Loss [0.4142]     Train Acc [84.18]       Train Time [24.99]
Training Flow Model...
Round 11 Flow Model Training Avg Loss: 0.5524
Global model updated via Flow-Assisted Aggregation.
Round [11/200]   Train Loss [0.3354]     Train Acc [87.57]       Train Time [31.52]
Training Flow Model...
Round 12 Flow Model Training Avg Loss: 0.5557
Global model updated via Flow-Assisted Aggregation.
Round [12/200]   Train Loss [0.4177]     Train Acc [83.94]       Train Time [17.43]
Training Flow Model...
Round 13 Flow Model Training Avg Loss: 0.5339
Global model updated via Flow-Assisted Aggregation.
Round [13/200]   Train Loss [0.4259]     Train Acc [83.53]       Train Time [27.26]
Training Flow Model...
Round 14 Flow Model Training Avg Loss: 0.5197
Global model updated via Flow-Assisted Aggregation.
Round [14/200]   Train Loss [0.3590]     Train Acc [86.13]       Train Time [23.37]
Training Flow Model...
Round 15 Flow Model Training Avg Loss: 0.5031
Global model updated via Flow-Assisted Aggregation.
Round [15/200]   Train Loss [0.3395]     Train Acc [87.22]       Train Time [32.68]
Training Flow Model...
Round 16 Flow Model Training Avg Loss: 0.5189
Global model updated via Flow-Assisted Aggregation.
Round [16/200]   Train Loss [0.3760]     Train Acc [85.46]       Train Time [26.28]
Training Flow Model...
Round 17 Flow Model Training Avg Loss: 0.5021
Global model updated via Flow-Assisted Aggregation.
Round [17/200]   Train Loss [0.2407]     Train Acc [90.84]       Train Time [19.10]
Training Flow Model...
Round 18 Flow Model Training Avg Loss: 0.4887
Global model updated via Flow-Assisted Aggregation.
Round [18/200]   Train Loss [0.3570]     Train Acc [86.26]       Train Time [30.17]
Training Flow Model...
Round 19 Flow Model Training Avg Loss: 0.4805
Global model updated via Flow-Assisted Aggregation.
Round [19/200]   Train Loss [0.3035]     Train Acc [88.55]       Train Time [25.85]
Training Flow Model...
Round 20 Flow Model Training Avg Loss: 0.4735
Global model updated via Flow-Assisted Aggregation.
KL Divergence: μ=0.8392
Round [20/200]   Train Loss [0.3261]     Train Acc [88.14]       Test Loss [0.3977|0.3521]       Test Acc [86.05(13.06)|87.50(13.87)]    Train Time [26.42]
Training Flow Model...
Round 21 Flow Model Training Avg Loss: 0.4737
Global model updated via Flow-Assisted Aggregation.
Round [21/200]   Train Loss [0.3203]     Train Acc [88.17]       Train Time [40.47]
Training Flow Model...
Round 22 Flow Model Training Avg Loss: 0.4473
Global model updated via Flow-Assisted Aggregation.
Round [22/200]   Train Loss [0.3808]     Train Acc [85.76]       Train Time [23.97]
Training Flow Model...
Round 23 Flow Model Training Avg Loss: 0.4649
Global model updated via Flow-Assisted Aggregation.
Round [23/200]   Train Loss [0.2339]     Train Acc [91.04]       Train Time [32.74]
Training Flow Model...
Round 24 Flow Model Training Avg Loss: 0.4564
Global model updated via Flow-Assisted Aggregation.
Round [24/200]   Train Loss [0.2907]     Train Acc [89.44]       Train Time [27.83]
Training Flow Model...
Round 25 Flow Model Training Avg Loss: 0.4502
Global model updated via Flow-Assisted Aggregation.
Round [25/200]   Train Loss [0.2296]     Train Acc [91.44]       Train Time [22.49]
Training Flow Model...
Round 26 Flow Model Training Avg Loss: 0.4611
Global model updated via Flow-Assisted Aggregation.
Round [26/200]   Train Loss [0.2609]     Train Acc [90.44]       Train Time [32.86]
Training Flow Model...
Round 27 Flow Model Training Avg Loss: 0.4457
Global model updated via Flow-Assisted Aggregation.
Round [27/200]   Train Loss [0.2462]     Train Acc [90.67]       Train Time [18.63]
Training Flow Model...
Round 28 Flow Model Training Avg Loss: 0.4607
Global model updated via Flow-Assisted Aggregation.
Round [28/200]   Train Loss [0.2237]     Train Acc [91.82]       Train Time [37.74]
Training Flow Model...
Round 29 Flow Model Training Avg Loss: 0.4469
Global model updated via Flow-Assisted Aggregation.
Round [29/200]   Train Loss [0.2106]     Train Acc [92.34]       Train Time [28.64]
Training Flow Model...
Round 30 Flow Model Training Avg Loss: 0.4299
Global model updated via Flow-Assisted Aggregation.
Round [30/200]   Train Loss [0.1938]     Train Acc [92.84]       Train Time [25.21]
Training Flow Model...
Round 31 Flow Model Training Avg Loss: 0.4379
Global model updated via Flow-Assisted Aggregation.
Round [31/200]   Train Loss [0.2137]     Train Acc [92.31]       Train Time [32.47]
Training Flow Model...
Round 32 Flow Model Training Avg Loss: 0.4274
Global model updated via Flow-Assisted Aggregation.
Round [32/200]   Train Loss [0.2425]     Train Acc [91.08]       Train Time [17.15]
Training Flow Model...
Round 33 Flow Model Training Avg Loss: 0.4286
Global model updated via Flow-Assisted Aggregation.
Round [33/200]   Train Loss [0.2342]     Train Acc [91.66]       Train Time [26.85]
Training Flow Model...
Round 34 Flow Model Training Avg Loss: 0.4424
Global model updated via Flow-Assisted Aggregation.
Round [34/200]   Train Loss [0.2418]     Train Acc [91.33]       Train Time [34.88]
Training Flow Model...
Round 35 Flow Model Training Avg Loss: 0.4295
Global model updated via Flow-Assisted Aggregation.
Round [35/200]   Train Loss [0.2168]     Train Acc [92.20]       Train Time [31.26]
Training Flow Model...
Round 36 Flow Model Training Avg Loss: 0.4365
Global model updated via Flow-Assisted Aggregation.
Round [36/200]   Train Loss [0.1878]     Train Acc [93.13]       Train Time [35.82]
Training Flow Model...
Round 37 Flow Model Training Avg Loss: 0.4266
Global model updated via Flow-Assisted Aggregation.
Round [37/200]   Train Loss [0.2274]     Train Acc [91.63]       Train Time [32.61]
Training Flow Model...
Round 38 Flow Model Training Avg Loss: 0.4329
Global model updated via Flow-Assisted Aggregation.
Round [38/200]   Train Loss [0.2036]     Train Acc [92.71]       Train Time [22.37]
Training Flow Model...
Round 39 Flow Model Training Avg Loss: 0.4272
Global model updated via Flow-Assisted Aggregation.
Round [39/200]   Train Loss [0.2150]     Train Acc [92.35]       Train Time [29.78]
Training Flow Model...
Round 40 Flow Model Training Avg Loss: 0.4377
Global model updated via Flow-Assisted Aggregation.
KL Divergence: μ=1.5140
Round [40/200]   Train Loss [0.2401]     Train Acc [91.70]       Test Loss [0.5185|0.3231]       Test Acc [83.42(7.80)|88.81(12.82)]     Train Time [17.55]
Training Flow Model...
Round 41 Flow Model Training Avg Loss: 0.4332
Global model updated via Flow-Assisted Aggregation.
Round [41/200]   Train Loss [0.1158]     Train Acc [95.90]       Train Time [32.74]
Training Flow Model...
Round 42 Flow Model Training Avg Loss: 0.4365
Global model updated via Flow-Assisted Aggregation.
Round [42/200]   Train Loss [0.1811]     Train Acc [93.57]       Train Time [27.70]
Training Flow Model...
Round 43 Flow Model Training Avg Loss: 0.4450
Global model updated via Flow-Assisted Aggregation.
Round [43/200]   Train Loss [0.1618]     Train Acc [94.30]       Train Time [25.89]
Training Flow Model...
Round 44 Flow Model Training Avg Loss: 0.4529
Global model updated via Flow-Assisted Aggregation.
Round [44/200]   Train Loss [0.1785]     Train Acc [93.71]       Train Time [23.20]
Training Flow Model...
Round 45 Flow Model Training Avg Loss: 0.4417
Global model updated via Flow-Assisted Aggregation.
Round [45/200]   Train Loss [0.1702]     Train Acc [93.95]       Train Time [21.76]
Training Flow Model...
Round 46 Flow Model Training Avg Loss: 0.4458
Global model updated via Flow-Assisted Aggregation.
Round [46/200]   Train Loss [0.1659]     Train Acc [94.08]       Train Time [25.16]
Training Flow Model...
Round 47 Flow Model Training Avg Loss: 0.4413
Global model updated via Flow-Assisted Aggregation.
Round [47/200]   Train Loss [0.1776]     Train Acc [93.69]       Train Time [24.76]
Training Flow Model...
Round 48 Flow Model Training Avg Loss: 0.4414
Global model updated via Flow-Assisted Aggregation.
Round [48/200]   Train Loss [0.1918]     Train Acc [93.20]       Train Time [17.61]
Training Flow Model...
Round 49 Flow Model Training Avg Loss: 0.4483
Global model updated via Flow-Assisted Aggregation.
Round [49/200]   Train Loss [0.1200]     Train Acc [95.85]       Train Time [37.18]
Training Flow Model...
Round 50 Flow Model Training Avg Loss: 0.4507
Global model updated via Flow-Assisted Aggregation.
Round [50/200]   Train Loss [0.1658]     Train Acc [94.23]       Train Time [28.95]
Training Flow Model...
Round 51 Flow Model Training Avg Loss: 0.4535
Global model updated via Flow-Assisted Aggregation.
Round [51/200]   Train Loss [0.1535]     Train Acc [94.66]       Train Time [33.23]
Training Flow Model...
Round 52 Flow Model Training Avg Loss: 0.4467
Global model updated via Flow-Assisted Aggregation.
Round [52/200]   Train Loss [0.1770]     Train Acc [93.77]       Train Time [26.71]
Training Flow Model...
Round 53 Flow Model Training Avg Loss: 0.4517
Global model updated via Flow-Assisted Aggregation.
Round [53/200]   Train Loss [0.1304]     Train Acc [95.59]       Train Time [36.92]
Training Flow Model...
Round 54 Flow Model Training Avg Loss: 0.4587
Global model updated via Flow-Assisted Aggregation.
Round [54/200]   Train Loss [0.1863]     Train Acc [93.48]       Train Time [28.36]
Training Flow Model...
Round 55 Flow Model Training Avg Loss: 0.4574
Global model updated via Flow-Assisted Aggregation.
Round [55/200]   Train Loss [0.1394]     Train Acc [95.17]       Train Time [29.37]
Training Flow Model...
Round 56 Flow Model Training Avg Loss: 0.4627
Global model updated via Flow-Assisted Aggregation.
Round [56/200]   Train Loss [0.1458]     Train Acc [95.00]       Train Time [34.11]
Training Flow Model...
Round 57 Flow Model Training Avg Loss: 0.4511
Global model updated via Flow-Assisted Aggregation.
Round [57/200]   Train Loss [0.0926]     Train Acc [96.91]       Train Time [40.45]
Training Flow Model...
Round 58 Flow Model Training Avg Loss: 0.4578
Global model updated via Flow-Assisted Aggregation.
Round [58/200]   Train Loss [0.1061]     Train Acc [96.26]       Train Time [20.99]
Training Flow Model...
Round 59 Flow Model Training Avg Loss: 0.4622
Global model updated via Flow-Assisted Aggregation.
Round [59/200]   Train Loss [0.0848]     Train Acc [97.08]       Train Time [24.70]
Training Flow Model...
Round 60 Flow Model Training Avg Loss: 0.4631
Global model updated via Flow-Assisted Aggregation.
KL Divergence: μ=1.7055
Round [60/200]   Train Loss [0.1365]     Train Acc [95.31]       Test Loss [0.4577|0.3342]       Test Acc [87.86(15.28)|89.07(12.87)]    Train Time [29.46]
Training Flow Model...
Round 61 Flow Model Training Avg Loss: 0.4636
Global model updated via Flow-Assisted Aggregation.
Round [61/200]   Train Loss [0.1192]     Train Acc [96.10]       Train Time [32.55]
Training Flow Model...
Round 62 Flow Model Training Avg Loss: 0.4686
Global model updated via Flow-Assisted Aggregation.
Round [62/200]   Train Loss [0.1106]     Train Acc [96.19]       Train Time [38.96]
Training Flow Model...
Round 63 Flow Model Training Avg Loss: 0.4803
Global model updated via Flow-Assisted Aggregation.
Round [63/200]   Train Loss [0.1413]     Train Acc [95.34]       Train Time [25.52]
Training Flow Model...
Round 64 Flow Model Training Avg Loss: 0.4735
Global model updated via Flow-Assisted Aggregation.
Round [64/200]   Train Loss [0.1217]     Train Acc [95.84]       Train Time [28.41]
Training Flow Model...
Round 65 Flow Model Training Avg Loss: 0.4764
Global model updated via Flow-Assisted Aggregation.
Round [65/200]   Train Loss [0.1672]     Train Acc [94.27]       Train Time [18.53]
Training Flow Model...
Round 66 Flow Model Training Avg Loss: 0.4784
Global model updated via Flow-Assisted Aggregation.
Round [66/200]   Train Loss [0.1181]     Train Acc [95.98]       Train Time [28.46]
Training Flow Model...
Round 67 Flow Model Training Avg Loss: 0.4741
Global model updated via Flow-Assisted Aggregation.
Round [67/200]   Train Loss [0.1015]     Train Acc [96.55]       Train Time [35.66]
Training Flow Model...
Round 68 Flow Model Training Avg Loss: 0.4810
Global model updated via Flow-Assisted Aggregation.
Round [68/200]   Train Loss [0.1090]     Train Acc [96.37]       Train Time [21.62]
Training Flow Model...
Round 69 Flow Model Training Avg Loss: 0.4862
Global model updated via Flow-Assisted Aggregation.
Round [69/200]   Train Loss [0.0938]     Train Acc [96.83]       Train Time [39.68]
Training Flow Model...
Round 70 Flow Model Training Avg Loss: 0.4856
Global model updated via Flow-Assisted Aggregation.
Round [70/200]   Train Loss [0.1288]     Train Acc [95.56]       Train Time [17.43]
Training Flow Model...
Round 71 Flow Model Training Avg Loss: 0.4650
Global model updated via Flow-Assisted Aggregation.
Round [71/200]   Train Loss [0.0813]     Train Acc [97.28]       Train Time [29.24]
Training Flow Model...
Round 72 Flow Model Training Avg Loss: 0.4809
Global model updated via Flow-Assisted Aggregation.
Round [72/200]   Train Loss [0.1079]     Train Acc [96.31]       Train Time [21.82]
Training Flow Model...
Round 73 Flow Model Training Avg Loss: 0.4775
Global model updated via Flow-Assisted Aggregation.
Round [73/200]   Train Loss [0.1171]     Train Acc [96.11]       Train Time [29.99]
Training Flow Model...
Round 74 Flow Model Training Avg Loss: 0.4866
Global model updated via Flow-Assisted Aggregation.
Round [74/200]   Train Loss [0.1336]     Train Acc [95.62]       Train Time [26.72]
Training Flow Model...
Round 75 Flow Model Training Avg Loss: 0.4829
Global model updated via Flow-Assisted Aggregation.
Round [75/200]   Train Loss [0.1147]     Train Acc [96.16]       Train Time [20.59]
Training Flow Model...
Round 76 Flow Model Training Avg Loss: 0.4827
Global model updated via Flow-Assisted Aggregation.
Round [76/200]   Train Loss [0.1104]     Train Acc [96.35]       Train Time [25.53]
Training Flow Model...
Round 77 Flow Model Training Avg Loss: 0.4838
Global model updated via Flow-Assisted Aggregation.
Round [77/200]   Train Loss [0.1746]     Train Acc [94.00]       Train Time [19.86]
Training Flow Model...
Round 78 Flow Model Training Avg Loss: 0.4841
Global model updated via Flow-Assisted Aggregation.
Round [78/200]   Train Loss [0.1182]     Train Acc [96.04]       Train Time [25.94]
Training Flow Model...
Round 79 Flow Model Training Avg Loss: 0.4931
Global model updated via Flow-Assisted Aggregation.
Round [79/200]   Train Loss [0.1358]     Train Acc [95.45]       Train Time [18.94]
Training Flow Model...
Round 80 Flow Model Training Avg Loss: 0.4852
Global model updated via Flow-Assisted Aggregation.
KL Divergence: μ=1.8008
Round [80/200]   Train Loss [0.0742]     Train Acc [97.51]       Test Loss [0.3784|0.3263]       Test Acc [91.08(19.08)|89.69(12.63)]    Train Time [28.23]
Training Flow Model...
Round 81 Flow Model Training Avg Loss: 0.4877
Global model updated via Flow-Assisted Aggregation.
Round [81/200]   Train Loss [0.0978]     Train Acc [96.81]       Train Time [29.41]
Training Flow Model...
Round 82 Flow Model Training Avg Loss: 0.4825
Global model updated via Flow-Assisted Aggregation.
Round [82/200]   Train Loss [0.1043]     Train Acc [96.57]       Train Time [20.88]
Training Flow Model...
Round 83 Flow Model Training Avg Loss: 0.4897
Global model updated via Flow-Assisted Aggregation.
Round [83/200]   Train Loss [0.1003]     Train Acc [96.73]       Train Time [29.59]
Training Flow Model...
Round 84 Flow Model Training Avg Loss: 0.4941
Global model updated via Flow-Assisted Aggregation.
Round [84/200]   Train Loss [0.1255]     Train Acc [95.80]       Train Time [28.65]
Training Flow Model...
Round 85 Flow Model Training Avg Loss: 0.4917
Global model updated via Flow-Assisted Aggregation.
Round [85/200]   Train Loss [0.1059]     Train Acc [96.47]       Train Time [31.14]
Training Flow Model...
Round 86 Flow Model Training Avg Loss: 0.4956
Global model updated via Flow-Assisted Aggregation.
Round [86/200]   Train Loss [0.1189]     Train Acc [96.06]       Train Time [20.63]
Training Flow Model...
Round 87 Flow Model Training Avg Loss: 0.4855
Global model updated via Flow-Assisted Aggregation.
Round [87/200]   Train Loss [0.0825]     Train Acc [97.22]       Train Time [27.89]
Training Flow Model...
Round 88 Flow Model Training Avg Loss: 0.4976
Global model updated via Flow-Assisted Aggregation.
Round [88/200]   Train Loss [0.0982]     Train Acc [96.66]       Train Time [16.72]
Training Flow Model...
Round 89 Flow Model Training Avg Loss: 0.4857
Global model updated via Flow-Assisted Aggregation.
Round [89/200]   Train Loss [0.1010]     Train Acc [96.71]       Train Time [25.77]
Training Flow Model...
Round 90 Flow Model Training Avg Loss: 0.4979
Global model updated via Flow-Assisted Aggregation.
Round [90/200]   Train Loss [0.0824]     Train Acc [97.26]       Train Time [25.81]
Training Flow Model...
Round 91 Flow Model Training Avg Loss: 0.4963
Global model updated via Flow-Assisted Aggregation.
Round [91/200]   Train Loss [0.1011]     Train Acc [96.68]       Train Time [17.05]
Training Flow Model...
Round 92 Flow Model Training Avg Loss: 0.5023
Global model updated via Flow-Assisted Aggregation.
Round [92/200]   Train Loss [0.0983]     Train Acc [96.77]       Train Time [36.04]
Training Flow Model...
Round 93 Flow Model Training Avg Loss: 0.4920
Global model updated via Flow-Assisted Aggregation.
Round [93/200]   Train Loss [0.0933]     Train Acc [97.01]       Train Time [23.04]
Training Flow Model...
Round 94 Flow Model Training Avg Loss: 0.4883
Global model updated via Flow-Assisted Aggregation.
Round [94/200]   Train Loss [0.1087]     Train Acc [96.32]       Train Time [18.93]
Training Flow Model...
Round 95 Flow Model Training Avg Loss: 0.4934
Global model updated via Flow-Assisted Aggregation.
Round [95/200]   Train Loss [0.0622]     Train Acc [98.00]       Train Time [32.21]
Training Flow Model...
Round 96 Flow Model Training Avg Loss: 0.4841
Global model updated via Flow-Assisted Aggregation.
Round [96/200]   Train Loss [0.0788]     Train Acc [97.42]       Train Time [29.74]
Training Flow Model...
Round 97 Flow Model Training Avg Loss: 0.4940
Global model updated via Flow-Assisted Aggregation.
Round [97/200]   Train Loss [0.0717]     Train Acc [97.64]       Train Time [32.25]
Training Flow Model...
Round 98 Flow Model Training Avg Loss: 0.4784
Global model updated via Flow-Assisted Aggregation.
Round [98/200]   Train Loss [0.1003]     Train Acc [96.71]       Train Time [18.90]
Training Flow Model...
Round 99 Flow Model Training Avg Loss: 0.4833
Global model updated via Flow-Assisted Aggregation.
Round [99/200]   Train Loss [0.0799]     Train Acc [97.44]       Train Time [30.70]
Training Flow Model...
Round 100 Flow Model Training Avg Loss: 0.4945
Global model updated via Flow-Assisted Aggregation.
KL Divergence: μ=2.0707
Round [100/200]  Train Loss [0.0923]     Train Acc [96.94]       Test Loss [0.5264|0.3349]       Test Acc [87.73(17.97)|88.81(13.34)]    Train Time [23.70]
Training Flow Model...
Round 101 Flow Model Training Avg Loss: 0.4967
Global model updated via Flow-Assisted Aggregation.
Round [101/200]  Train Loss [0.0827]     Train Acc [97.30]       Train Time [31.48]
Training Flow Model...
Round 102 Flow Model Training Avg Loss: 0.4944
Global model updated via Flow-Assisted Aggregation.
Round [102/200]  Train Loss [0.0891]     Train Acc [97.02]       Train Time [18.17]
Training Flow Model...
Round 103 Flow Model Training Avg Loss: 0.4851
Global model updated via Flow-Assisted Aggregation.
Round [103/200]  Train Loss [0.0809]     Train Acc [97.36]       Train Time [27.75]
Training Flow Model...
Round 104 Flow Model Training Avg Loss: 0.4896
Global model updated via Flow-Assisted Aggregation.
Round [104/200]  Train Loss [0.0788]     Train Acc [97.39]       Train Time [26.96]
Training Flow Model...
Round 105 Flow Model Training Avg Loss: 0.4815
Global model updated via Flow-Assisted Aggregation.
Round [105/200]  Train Loss [0.0662]     Train Acc [97.87]       Train Time [28.57]
Training Flow Model...
Round 106 Flow Model Training Avg Loss: 0.4802
Global model updated via Flow-Assisted Aggregation.
Round [106/200]  Train Loss [0.0733]     Train Acc [97.59]       Train Time [29.01]
Training Flow Model...
Round 107 Flow Model Training Avg Loss: 0.4996
Global model updated via Flow-Assisted Aggregation.
Round [107/200]  Train Loss [0.0932]     Train Acc [96.97]       Train Time [24.08]
Training Flow Model...
Round 108 Flow Model Training Avg Loss: 0.4864
Global model updated via Flow-Assisted Aggregation.
Round [108/200]  Train Loss [0.0667]     Train Acc [97.91]       Train Time [30.25]
Training Flow Model...
Round 109 Flow Model Training Avg Loss: 0.5027
Global model updated via Flow-Assisted Aggregation.
Round [109/200]  Train Loss [0.0624]     Train Acc [98.01]       Train Time [33.13]
Training Flow Model...
Round 110 Flow Model Training Avg Loss: 0.4896
Global model updated via Flow-Assisted Aggregation.
Round [110/200]  Train Loss [0.1111]     Train Acc [96.28]       Train Time [26.95]
Training Flow Model...
Round 111 Flow Model Training Avg Loss: 0.5023
Global model updated via Flow-Assisted Aggregation.
Round [111/200]  Train Loss [0.0663]     Train Acc [97.91]       Train Time [19.72]
Training Flow Model...
Round 112 Flow Model Training Avg Loss: 0.4844
Global model updated via Flow-Assisted Aggregation.
Round [112/200]  Train Loss [0.0804]     Train Acc [97.32]       Train Time [28.73]
Training Flow Model...
Round 113 Flow Model Training Avg Loss: 0.4991
Global model updated via Flow-Assisted Aggregation.
Round [113/200]  Train Loss [0.0928]     Train Acc [97.00]       Train Time [25.17]
Training Flow Model...
Round 114 Flow Model Training Avg Loss: 0.5045
Global model updated via Flow-Assisted Aggregation.
Round [114/200]  Train Loss [0.0695]     Train Acc [97.85]       Train Time [30.62]
Training Flow Model...
Round 115 Flow Model Training Avg Loss: 0.4888
Global model updated via Flow-Assisted Aggregation.
Round [115/200]  Train Loss [0.0548]     Train Acc [98.28]       Train Time [43.36]
Training Flow Model...
Round 116 Flow Model Training Avg Loss: 0.5054
Global model updated via Flow-Assisted Aggregation.
Round [116/200]  Train Loss [0.0765]     Train Acc [97.53]       Train Time [32.90]
Training Flow Model...
Round 117 Flow Model Training Avg Loss: 0.4976
Global model updated via Flow-Assisted Aggregation.
Round [117/200]  Train Loss [0.0586]     Train Acc [98.11]       Train Time [33.03]
Training Flow Model...
Round 118 Flow Model Training Avg Loss: 0.5109
Global model updated via Flow-Assisted Aggregation.
Round [118/200]  Train Loss [0.0834]     Train Acc [97.27]       Train Time [17.15]
Training Flow Model...
Round 119 Flow Model Training Avg Loss: 0.4961
Global model updated via Flow-Assisted Aggregation.
Round [119/200]  Train Loss [0.0445]     Train Acc [98.66]       Train Time [28.99]
Training Flow Model...
Round 120 Flow Model Training Avg Loss: 0.4913
Global model updated via Flow-Assisted Aggregation.
KL Divergence: μ=2.1686
Round [120/200]  Train Loss [0.0885]     Train Acc [97.21]       Test Loss [0.7220|0.3401]       Test Acc [84.22(13.16)|89.37(13.60)]    Train Time [18.46]
Training Flow Model...
Round 121 Flow Model Training Avg Loss: 0.5004
Global model updated via Flow-Assisted Aggregation.
Round [121/200]  Train Loss [0.0626]     Train Acc [98.01]       Train Time [24.12]
Training Flow Model...
Round 122 Flow Model Training Avg Loss: 0.5046
Global model updated via Flow-Assisted Aggregation.
Round [122/200]  Train Loss [0.0668]     Train Acc [97.91]       Train Time [20.70]
Training Flow Model...
Round 123 Flow Model Training Avg Loss: 0.5074
Global model updated via Flow-Assisted Aggregation.
Round [123/200]  Train Loss [0.0619]     Train Acc [97.99]       Train Time [28.40]
Training Flow Model...
Round 124 Flow Model Training Avg Loss: 0.5023
Global model updated via Flow-Assisted Aggregation.
Round [124/200]  Train Loss [0.0504]     Train Acc [98.42]       Train Time [22.87]
Training Flow Model...
Round 125 Flow Model Training Avg Loss: 0.4974
Global model updated via Flow-Assisted Aggregation.
Round [125/200]  Train Loss [0.0693]     Train Acc [97.83]       Train Time [19.78]
Training Flow Model...
Round 126 Flow Model Training Avg Loss: 0.4920
Global model updated via Flow-Assisted Aggregation.
Round [126/200]  Train Loss [0.0814]     Train Acc [97.35]       Train Time [27.05]
Training Flow Model...
Round 127 Flow Model Training Avg Loss: 0.5038
Global model updated via Flow-Assisted Aggregation.
Round [127/200]  Train Loss [0.0671]     Train Acc [97.83]       Train Time [33.13]
Training Flow Model...
Round 128 Flow Model Training Avg Loss: 0.4989
Global model updated via Flow-Assisted Aggregation.
Round [128/200]  Train Loss [0.0666]     Train Acc [97.83]       Train Time [26.69]
Training Flow Model...
Round 129 Flow Model Training Avg Loss: 0.5000
Global model updated via Flow-Assisted Aggregation.
Round [129/200]  Train Loss [0.0636]     Train Acc [98.03]       Train Time [23.10]
Training Flow Model...
Round 130 Flow Model Training Avg Loss: 0.5023
Global model updated via Flow-Assisted Aggregation.
Round [130/200]  Train Loss [0.0543]     Train Acc [98.22]       Train Time [28.57]
Training Flow Model...
Round 131 Flow Model Training Avg Loss: 0.5003
Global model updated via Flow-Assisted Aggregation.
Round [131/200]  Train Loss [0.0676]     Train Acc [97.85]       Train Time [32.35]
Training Flow Model...
Round 132 Flow Model Training Avg Loss: 0.4995
Global model updated via Flow-Assisted Aggregation.
Round [132/200]  Train Loss [0.0749]     Train Acc [97.55]       Train Time [27.79]
Training Flow Model...
Round 133 Flow Model Training Avg Loss: 0.4838
Global model updated via Flow-Assisted Aggregation.
Round [133/200]  Train Loss [0.0555]     Train Acc [98.24]       Train Time [24.62]
Training Flow Model...
Round 134 Flow Model Training Avg Loss: 0.4961
Global model updated via Flow-Assisted Aggregation.
Round [134/200]  Train Loss [0.0553]     Train Acc [98.29]       Train Time [30.36]
Training Flow Model...
Round 135 Flow Model Training Avg Loss: 0.5002
Global model updated via Flow-Assisted Aggregation.
Round [135/200]  Train Loss [0.0684]     Train Acc [97.75]       Train Time [23.59]
Training Flow Model...
Round 136 Flow Model Training Avg Loss: 0.4949
Global model updated via Flow-Assisted Aggregation.
Round [136/200]  Train Loss [0.0557]     Train Acc [98.26]       Train Time [26.55]
Training Flow Model...
Round 137 Flow Model Training Avg Loss: 0.4987
Global model updated via Flow-Assisted Aggregation.
Round [137/200]  Train Loss [0.0724]     Train Acc [97.63]       Train Time [22.83]
Training Flow Model...
Round 138 Flow Model Training Avg Loss: 0.4955
Global model updated via Flow-Assisted Aggregation.
Round [138/200]  Train Loss [0.0529]     Train Acc [98.36]       Train Time [32.06]
Training Flow Model...
Round 139 Flow Model Training Avg Loss: 0.4969
Global model updated via Flow-Assisted Aggregation.
Round [139/200]  Train Loss [0.0556]     Train Acc [98.21]       Train Time [33.00]
Training Flow Model...
Round 140 Flow Model Training Avg Loss: 0.4914
Global model updated via Flow-Assisted Aggregation.
KL Divergence: μ=2.3011
Round [140/200]  Train Loss [0.0601]     Train Acc [98.13]       Test Loss [0.5991|0.3476]       Test Acc [86.48(16.02)|89.40(12.94)]    Train Time [28.87]
Training Flow Model...
Round 141 Flow Model Training Avg Loss: 0.4990
Global model updated via Flow-Assisted Aggregation.
Round [141/200]  Train Loss [0.0450]     Train Acc [98.56]       Train Time [34.96]
Training Flow Model...
Round 142 Flow Model Training Avg Loss: 0.4939
Global model updated via Flow-Assisted Aggregation.
Round [142/200]  Train Loss [0.0499]     Train Acc [98.42]       Train Time [31.34]
Training Flow Model...
Round 143 Flow Model Training Avg Loss: 0.4929
Global model updated via Flow-Assisted Aggregation.
Round [143/200]  Train Loss [0.0666]     Train Acc [97.86]       Train Time [27.59]
Training Flow Model...
Round 144 Flow Model Training Avg Loss: 0.5014
Global model updated via Flow-Assisted Aggregation.
Round [144/200]  Train Loss [0.0408]     Train Acc [98.70]       Train Time [24.53]
Training Flow Model...
Round 145 Flow Model Training Avg Loss: 0.5015
Global model updated via Flow-Assisted Aggregation.
Round [145/200]  Train Loss [0.0498]     Train Acc [98.44]       Train Time [30.96]
Training Flow Model...
Round 146 Flow Model Training Avg Loss: 0.5024
Global model updated via Flow-Assisted Aggregation.
Round [146/200]  Train Loss [0.0551]     Train Acc [98.19]       Train Time [31.28]
Training Flow Model...
Round 147 Flow Model Training Avg Loss: 0.4826
Global model updated via Flow-Assisted Aggregation.
Round [147/200]  Train Loss [0.0502]     Train Acc [98.41]       Train Time [25.90]
Training Flow Model...
Round 148 Flow Model Training Avg Loss: 0.4954
Global model updated via Flow-Assisted Aggregation.
Round [148/200]  Train Loss [0.0566]     Train Acc [98.27]       Train Time [28.06]
Training Flow Model...
Round 149 Flow Model Training Avg Loss: 0.4985
Global model updated via Flow-Assisted Aggregation.
Round [149/200]  Train Loss [0.0579]     Train Acc [98.19]       Train Time [25.40]
Training Flow Model...
Round 150 Flow Model Training Avg Loss: 0.4890
Global model updated via Flow-Assisted Aggregation.
Round [150/200]  Train Loss [0.0616]     Train Acc [98.13]       Train Time [16.50]
Training Flow Model...
Round 151 Flow Model Training Avg Loss: 0.4920
Global model updated via Flow-Assisted Aggregation.
Round [151/200]  Train Loss [0.0638]     Train Acc [97.89]       Train Time [27.20]
Training Flow Model...
Round 152 Flow Model Training Avg Loss: 0.4919
Global model updated via Flow-Assisted Aggregation.
Round [152/200]  Train Loss [0.0420]     Train Acc [98.68]       Train Time [26.98]
Training Flow Model...
Round 153 Flow Model Training Avg Loss: 0.4808
Global model updated via Flow-Assisted Aggregation.
Round [153/200]  Train Loss [0.0560]     Train Acc [98.27]       Train Time [25.12]
Training Flow Model...
Round 154 Flow Model Training Avg Loss: 0.4863
Global model updated via Flow-Assisted Aggregation.
Round [154/200]  Train Loss [0.0769]     Train Acc [97.51]       Train Time [24.77]
Training Flow Model...
Round 155 Flow Model Training Avg Loss: 0.5011
Global model updated via Flow-Assisted Aggregation.
Round [155/200]  Train Loss [0.0556]     Train Acc [98.31]       Train Time [32.16]
Training Flow Model...
Round 156 Flow Model Training Avg Loss: 0.4897
Global model updated via Flow-Assisted Aggregation.
Round [156/200]  Train Loss [0.0430]     Train Acc [98.72]       Train Time [28.05]
Training Flow Model...
Round 157 Flow Model Training Avg Loss: 0.4882
Global model updated via Flow-Assisted Aggregation.
Round [157/200]  Train Loss [0.0495]     Train Acc [98.43]       Train Time [28.19]
Training Flow Model...
Round 158 Flow Model Training Avg Loss: 0.4910
Global model updated via Flow-Assisted Aggregation.
Round [158/200]  Train Loss [0.0537]     Train Acc [98.37]       Train Time [27.57]
Training Flow Model...
Round 159 Flow Model Training Avg Loss: 0.4720
Global model updated via Flow-Assisted Aggregation.
Round [159/200]  Train Loss [0.0516]     Train Acc [98.35]       Train Time [29.39]
Training Flow Model...
Round 160 Flow Model Training Avg Loss: 0.4858
Global model updated via Flow-Assisted Aggregation.
KL Divergence: μ=2.2678
Round [160/200]  Train Loss [0.0424]     Train Acc [98.69]       Test Loss [0.4656|0.3538]       Test Acc [89.21(13.27)|89.99(13.17)]    Train Time [24.14]
Training Flow Model...
Round 161 Flow Model Training Avg Loss: 0.4778
Global model updated via Flow-Assisted Aggregation.
Round [161/200]  Train Loss [0.0530]     Train Acc [98.28]       Train Time [28.64]
Training Flow Model...
Round 162 Flow Model Training Avg Loss: 0.4792
Global model updated via Flow-Assisted Aggregation.
Round [162/200]  Train Loss [0.0412]     Train Acc [98.72]       Train Time [30.34]
Training Flow Model...
Round 163 Flow Model Training Avg Loss: 0.4835
Global model updated via Flow-Assisted Aggregation.
Round [163/200]  Train Loss [0.0555]     Train Acc [98.22]       Train Time [25.07]
Training Flow Model...
Round 164 Flow Model Training Avg Loss: 0.4815
Global model updated via Flow-Assisted Aggregation.
Round [164/200]  Train Loss [0.0371]     Train Acc [98.87]       Train Time [34.78]
Training Flow Model...
Round 165 Flow Model Training Avg Loss: 0.4809
Global model updated via Flow-Assisted Aggregation.
Round [165/200]  Train Loss [0.0636]     Train Acc [98.02]       Train Time [20.75]
Training Flow Model...
Round 166 Flow Model Training Avg Loss: 0.4833
Global model updated via Flow-Assisted Aggregation.
Round [166/200]  Train Loss [0.0576]     Train Acc [98.13]       Train Time [24.37]
Training Flow Model...
Round 167 Flow Model Training Avg Loss: 0.4771
Global model updated via Flow-Assisted Aggregation.
Round [167/200]  Train Loss [0.0483]     Train Acc [98.48]       Train Time [36.42]
Training Flow Model...
Round 168 Flow Model Training Avg Loss: 0.4687
Global model updated via Flow-Assisted Aggregation.
Round [168/200]  Train Loss [0.0474]     Train Acc [98.55]       Train Time [28.98]
Training Flow Model...
Round 169 Flow Model Training Avg Loss: 0.4771
Global model updated via Flow-Assisted Aggregation.
Round [169/200]  Train Loss [0.0479]     Train Acc [98.48]       Train Time [37.03]
Training Flow Model...
Round 170 Flow Model Training Avg Loss: 0.4875
Global model updated via Flow-Assisted Aggregation.
Round [170/200]  Train Loss [0.0444]     Train Acc [98.56]       Train Time [37.74]
Training Flow Model...
Round 171 Flow Model Training Avg Loss: 0.4693
Global model updated via Flow-Assisted Aggregation.
Round [171/200]  Train Loss [0.0530]     Train Acc [98.33]       Train Time [33.92]
Training Flow Model...
Round 172 Flow Model Training Avg Loss: 0.4674
Global model updated via Flow-Assisted Aggregation.
Round [172/200]  Train Loss [0.0486]     Train Acc [98.52]       Train Time [29.94]
Training Flow Model...
Round 173 Flow Model Training Avg Loss: 0.4849
Global model updated via Flow-Assisted Aggregation.
Round [173/200]  Train Loss [0.0462]     Train Acc [98.52]       Train Time [27.69]
Training Flow Model...
Round 174 Flow Model Training Avg Loss: 0.4723
Global model updated via Flow-Assisted Aggregation.
Round [174/200]  Train Loss [0.0461]     Train Acc [98.56]       Train Time [25.14]
Training Flow Model...
Round 175 Flow Model Training Avg Loss: 0.4770
Global model updated via Flow-Assisted Aggregation.
Round [175/200]  Train Loss [0.0336]     Train Acc [99.00]       Train Time [32.05]
Training Flow Model...
Round 176 Flow Model Training Avg Loss: 0.4696
Global model updated via Flow-Assisted Aggregation.
Round [176/200]  Train Loss [0.0429]     Train Acc [98.60]       Train Time [28.13]
Training Flow Model...
Round 177 Flow Model Training Avg Loss: 0.4644
Global model updated via Flow-Assisted Aggregation.
Round [177/200]  Train Loss [0.0630]     Train Acc [97.98]       Train Time [25.59]
Training Flow Model...
Round 178 Flow Model Training Avg Loss: 0.4698
Global model updated via Flow-Assisted Aggregation.
Round [178/200]  Train Loss [0.0349]     Train Acc [98.93]       Train Time [39.32]
Training Flow Model...
Round 179 Flow Model Training Avg Loss: 0.4854
Global model updated via Flow-Assisted Aggregation.
Round [179/200]  Train Loss [0.0376]     Train Acc [98.85]       Train Time [34.16]
Training Flow Model...
Round 180 Flow Model Training Avg Loss: 0.4796
Global model updated via Flow-Assisted Aggregation.
KL Divergence: μ=2.3234
Round [180/200]  Train Loss [0.0400]     Train Acc [98.77]       Test Loss [0.5092|0.3511]       Test Acc [89.21(15.15)|89.53(13.22)]    Train Time [36.23]
Training Flow Model...
Round 181 Flow Model Training Avg Loss: 0.4695
Global model updated via Flow-Assisted Aggregation.
Round [181/200]  Train Loss [0.0372]     Train Acc [98.81]       Train Time [19.56]
Training Flow Model...
Round 182 Flow Model Training Avg Loss: 0.4732
Global model updated via Flow-Assisted Aggregation.
Round [182/200]  Train Loss [0.0534]     Train Acc [98.20]       Train Time [20.54]
Training Flow Model...
Round 183 Flow Model Training Avg Loss: 0.4735
Global model updated via Flow-Assisted Aggregation.
Round [183/200]  Train Loss [0.0282]     Train Acc [99.12]       Train Time [41.41]
Training Flow Model...
Round 184 Flow Model Training Avg Loss: 0.4839
Global model updated via Flow-Assisted Aggregation.
Round [184/200]  Train Loss [0.0346]     Train Acc [98.91]       Train Time [27.35]
Training Flow Model...
Round 185 Flow Model Training Avg Loss: 0.4766
Global model updated via Flow-Assisted Aggregation.
Round [185/200]  Train Loss [0.0524]     Train Acc [98.33]       Train Time [22.26]
Training Flow Model...
Round 186 Flow Model Training Avg Loss: 0.4702
Global model updated via Flow-Assisted Aggregation.
Round [186/200]  Train Loss [0.0429]     Train Acc [98.68]       Train Time [27.01]
Training Flow Model...
Round 187 Flow Model Training Avg Loss: 0.4648
Global model updated via Flow-Assisted Aggregation.
Round [187/200]  Train Loss [0.0608]     Train Acc [98.13]       Train Time [21.67]
Training Flow Model...
Round 188 Flow Model Training Avg Loss: 0.4778
Global model updated via Flow-Assisted Aggregation.
Round [188/200]  Train Loss [0.0462]     Train Acc [98.55]       Train Time [37.31]
Training Flow Model...
Round 189 Flow Model Training Avg Loss: 0.4575
Global model updated via Flow-Assisted Aggregation.
Round [189/200]  Train Loss [0.0448]     Train Acc [98.66]       Train Time [29.22]
Training Flow Model...
Round 190 Flow Model Training Avg Loss: 0.4651
Global model updated via Flow-Assisted Aggregation.
Round [190/200]  Train Loss [0.0313]     Train Acc [99.03]       Train Time [28.84]
Training Flow Model...
Round 191 Flow Model Training Avg Loss: 0.4748
Global model updated via Flow-Assisted Aggregation.
Round [191/200]  Train Loss [0.0386]     Train Acc [98.78]       Train Time [29.21]
Training Flow Model...
Round 192 Flow Model Training Avg Loss: 0.4684
Global model updated via Flow-Assisted Aggregation.
Round [192/200]  Train Loss [0.0348]     Train Acc [98.94]       Train Time [30.00]
Training Flow Model...
Round 193 Flow Model Training Avg Loss: 0.4735
Global model updated via Flow-Assisted Aggregation.
Round [193/200]  Train Loss [0.0419]     Train Acc [98.68]       Train Time [32.13]
Training Flow Model...
Round 194 Flow Model Training Avg Loss: 0.4567
Global model updated via Flow-Assisted Aggregation.
Round [194/200]  Train Loss [0.0300]     Train Acc [99.06]       Train Time [28.43]
Training Flow Model...
Round 195 Flow Model Training Avg Loss: 0.4692
Global model updated via Flow-Assisted Aggregation.
Round [195/200]  Train Loss [0.0534]     Train Acc [98.32]       Train Time [24.26]
Training Flow Model...
Round 196 Flow Model Training Avg Loss: 0.4644
Global model updated via Flow-Assisted Aggregation.
Round [196/200]  Train Loss [0.0332]     Train Acc [99.04]       Train Time [33.29]
Training Flow Model...
Round 197 Flow Model Training Avg Loss: 0.4582
Global model updated via Flow-Assisted Aggregation.
Round [197/200]  Train Loss [0.0635]     Train Acc [97.92]       Train Time [17.00]
Training Flow Model...
Round 198 Flow Model Training Avg Loss: 0.4475
Global model updated via Flow-Assisted Aggregation.
Round [198/200]  Train Loss [0.0463]     Train Acc [98.58]       Train Time [30.52]
Training Flow Model...
Round 199 Flow Model Training Avg Loss: 0.4552
Global model updated via Flow-Assisted Aggregation.
Round [199/200]  Train Loss [0.0371]     Train Acc [98.90]       Train Time [25.36]
Training Flow Model...
Round 200 Flow Model Training Avg Loss: 0.4632
Global model updated via Flow-Assisted Aggregation.
KL Divergence: μ=2.2759
Round [200/200]  Train Loss [0.0435]     Train Acc [98.67]       Test Loss [0.4850|0.3391]       Test Acc [89.40(13.75)|89.66(12.97)]    Train Time [71.23]
Method took (27.88, 6.38) seconds per training iteration
Method took (6201.94) total seconds