Training pFedFDA...
Round [1/200]	 Train Loss [1.8295]	 Train Acc [36.64]	 Train Time [12.87]
Round [2/200]	 Train Loss [2.0807]	 Train Acc [38.26]	 Train Time [10.55]
Round [3/200]	 Train Loss [1.5370]	 Train Acc [39.65]	 Train Time [9.03]
Round [4/200]	 Train Loss [1.4166]	 Train Acc [46.83]	 Train Time [13.22]
Round [5/200]	 Train Loss [1.3797]	 Train Acc [48.59]	 Train Time [12.35]
Round [6/200]	 Train Loss [1.3233]	 Train Acc [51.53]	 Train Time [13.12]
Round [7/200]	 Train Loss [1.3064]	 Train Acc [50.67]	 Train Time [13.42]
Round [8/200]	 Train Loss [1.2379]	 Train Acc [55.15]	 Train Time [9.88]
Round [9/200]	 Train Loss [1.2071]	 Train Acc [54.69]	 Train Time [13.47]
Round [10/200]	 Train Loss [1.2675]	 Train Acc [53.09]	 Train Time [10.48]
Round [11/200]	 Train Loss [1.2905]	 Train Acc [51.38]	 Train Time [10.69]
Round [12/200]	 Train Loss [1.1930]	 Train Acc [54.86]	 Train Time [11.39]
Round [13/200]	 Train Loss [1.1647]	 Train Acc [56.27]	 Train Time [12.87]
Round [14/200]	 Train Loss [1.2582]	 Train Acc [52.32]	 Train Time [11.21]
Round [15/200]	 Train Loss [1.2865]	 Train Acc [51.33]	 Train Time [9.48]
Round [16/200]	 Train Loss [1.2160]	 Train Acc [54.91]	 Train Time [8.90]
Round [17/200]	 Train Loss [1.1905]	 Train Acc [55.08]	 Train Time [10.14]
Round [18/200]	 Train Loss [1.1523]	 Train Acc [55.06]	 Train Time [9.52]
Round [19/200]	 Train Loss [1.1387]	 Train Acc [56.65]	 Train Time [11.54]
KL Divergence: μ=0.0798
Round [20/200]	 Train Loss [1.2318]	 Train Acc [53.37]	 Test Loss [1.2089]	 Test Acc [54.76(12.22)]	 Train Time [9.28]
Round [21/200]	 Train Loss [1.2413]	 Train Acc [52.08]	 Train Time [12.25]
Round [22/200]	 Train Loss [1.1275]	 Train Acc [59.20]	 Train Time [8.33]
Round [23/200]	 Train Loss [1.1699]	 Train Acc [56.59]	 Train Time [8.35]
Round [24/200]	 Train Loss [1.1219]	 Train Acc [56.37]	 Train Time [13.79]
Round [25/200]	 Train Loss [1.1268]	 Train Acc [56.61]	 Train Time [11.99]
Round [26/200]	 Train Loss [1.1320]	 Train Acc [57.32]	 Train Time [6.57]
Round [27/200]	 Train Loss [1.1394]	 Train Acc [56.47]	 Train Time [12.06]
Round [28/200]	 Train Loss [1.1227]	 Train Acc [56.22]	 Train Time [11.23]
Round [29/200]	 Train Loss [1.0858]	 Train Acc [58.64]	 Train Time [12.22]
Round [30/200]	 Train Loss [1.0513]	 Train Acc [60.71]	 Train Time [13.14]
Round [31/200]	 Train Loss [1.1305]	 Train Acc [56.76]	 Train Time [13.56]
Round [32/200]	 Train Loss [1.0511]	 Train Acc [59.50]	 Train Time [12.45]
Round [33/200]	 Train Loss [1.0536]	 Train Acc [60.68]	 Train Time [11.66]
Round [34/200]	 Train Loss [1.0962]	 Train Acc [58.78]	 Train Time [10.60]
Round [35/200]	 Train Loss [0.9889]	 Train Acc [63.39]	 Train Time [10.85]
Round [36/200]	 Train Loss [1.0549]	 Train Acc [59.82]	 Train Time [10.82]
Round [37/200]	 Train Loss [1.0680]	 Train Acc [60.09]	 Train Time [11.97]
Round [38/200]	 Train Loss [1.1051]	 Train Acc [58.78]	 Train Time [13.75]
Round [39/200]	 Train Loss [1.0199]	 Train Acc [61.07]	 Train Time [10.52]
KL Divergence: μ=0.1654
Round [40/200]	 Train Loss [1.0868]	 Train Acc [58.16]	 Test Loss [1.1029]	 Test Acc [59.46(10.99)]	 Train Time [10.96]
Round [41/200]	 Train Loss [0.9735]	 Train Acc [64.03]	 Train Time [13.12]
Round [42/200]	 Train Loss [1.0035]	 Train Acc [61.42]	 Train Time [11.76]
Round [43/200]	 Train Loss [1.0635]	 Train Acc [59.05]	 Train Time [14.30]
Round [44/200]	 Train Loss [1.0466]	 Train Acc [60.53]	 Train Time [11.13]
Round [45/200]	 Train Loss [1.0704]	 Train Acc [60.81]	 Train Time [9.57]
Round [46/200]	 Train Loss [1.0936]	 Train Acc [58.07]	 Train Time [5.44]
Round [47/200]	 Train Loss [0.9954]	 Train Acc [61.96]	 Train Time [11.69]
Round [48/200]	 Train Loss [0.9729]	 Train Acc [62.94]	 Train Time [12.74]
Round [49/200]	 Train Loss [0.9818]	 Train Acc [62.80]	 Train Time [12.24]
Round [50/200]	 Train Loss [0.9388]	 Train Acc [64.51]	 Train Time [11.51]
Round [51/200]	 Train Loss [0.9180]	 Train Acc [65.58]	 Train Time [10.32]
Round [52/200]	 Train Loss [0.9984]	 Train Acc [62.99]	 Train Time [13.48]
Round [53/200]	 Train Loss [0.9558]	 Train Acc [64.56]	 Train Time [9.67]
Round [54/200]	 Train Loss [0.9771]	 Train Acc [63.57]	 Train Time [15.69]
Round [55/200]	 Train Loss [0.9278]	 Train Acc [65.53]	 Train Time [11.36]
Round [56/200]	 Train Loss [0.9462]	 Train Acc [66.08]	 Train Time [8.71]
Round [57/200]	 Train Loss [0.9908]	 Train Acc [62.87]	 Train Time [8.38]
Round [58/200]	 Train Loss [0.9874]	 Train Acc [62.42]	 Train Time [9.10]
Round [59/200]	 Train Loss [0.9409]	 Train Acc [66.01]	 Train Time [13.25]
KL Divergence: μ=0.2109
Round [60/200]	 Train Loss [0.9236]	 Train Acc [65.76]	 Test Loss [1.0167]	 Test Acc [63.44(9.93)]	 Train Time [10.85]
Round [61/200]	 Train Loss [0.9372]	 Train Acc [64.61]	 Train Time [10.98]
Round [62/200]	 Train Loss [0.9071]	 Train Acc [66.82]	 Train Time [11.72]
Round [63/200]	 Train Loss [0.8856]	 Train Acc [66.96]	 Train Time [12.68]
Round [64/200]	 Train Loss [0.8775]	 Train Acc [68.52]	 Train Time [12.76]
Round [65/200]	 Train Loss [0.8997]	 Train Acc [67.17]	 Train Time [12.15]
Round [66/200]	 Train Loss [0.8751]	 Train Acc [67.60]	 Train Time [14.59]
Round [67/200]	 Train Loss [0.9375]	 Train Acc [65.86]	 Train Time [10.65]
Round [68/200]	 Train Loss [0.9559]	 Train Acc [64.84]	 Train Time [13.52]
Round [69/200]	 Train Loss [0.8466]	 Train Acc [68.91]	 Train Time [9.51]
Round [70/200]	 Train Loss [0.8567]	 Train Acc [69.26]	 Train Time [7.64]
Round [71/200]	 Train Loss [0.9243]	 Train Acc [65.74]	 Train Time [13.71]
Round [72/200]	 Train Loss [0.8573]	 Train Acc [68.09]	 Train Time [14.61]
Round [73/200]	 Train Loss [0.8647]	 Train Acc [68.13]	 Train Time [13.22]
Round [74/200]	 Train Loss [0.8806]	 Train Acc [67.61]	 Train Time [12.50]
Round [75/200]	 Train Loss [0.8439]	 Train Acc [68.47]	 Train Time [13.75]
Round [76/200]	 Train Loss [0.9076]	 Train Acc [66.84]	 Train Time [11.50]
Round [77/200]	 Train Loss [0.8830]	 Train Acc [68.06]	 Train Time [10.54]
Round [78/200]	 Train Loss [0.9555]	 Train Acc [64.80]	 Train Time [9.37]
Round [79/200]	 Train Loss [0.8800]	 Train Acc [68.05]	 Train Time [13.77]
KL Divergence: μ=0.3523
Round [80/200]	 Train Loss [0.8338]	 Train Acc [68.98]	 Test Loss [0.9579]	 Test Acc [65.84(9.36)]	 Train Time [15.55]
Round [81/200]	 Train Loss [0.8785]	 Train Acc [68.36]	 Train Time [11.00]
Round [82/200]	 Train Loss [0.8471]	 Train Acc [68.13]	 Train Time [11.32]
Round [83/200]	 Train Loss [0.8616]	 Train Acc [69.01]	 Train Time [12.18]
Round [84/200]	 Train Loss [0.8060]	 Train Acc [70.33]	 Train Time [13.36]
Round [85/200]	 Train Loss [0.8981]	 Train Acc [67.40]	 Train Time [12.47]
Round [86/200]	 Train Loss [0.9349]	 Train Acc [65.08]	 Train Time [8.98]
Round [87/200]	 Train Loss [0.8683]	 Train Acc [68.99]	 Train Time [11.12]
Round [88/200]	 Train Loss [0.7963]	 Train Acc [71.31]	 Train Time [12.18]
Round [89/200]	 Train Loss [0.8820]	 Train Acc [67.53]	 Train Time [15.82]
Round [90/200]	 Train Loss [0.7551]	 Train Acc [72.90]	 Train Time [13.55]
Round [91/200]	 Train Loss [0.8548]	 Train Acc [68.88]	 Train Time [10.59]
Round [92/200]	 Train Loss [0.8252]	 Train Acc [69.86]	 Train Time [10.08]
Round [93/200]	 Train Loss [0.8952]	 Train Acc [66.49]	 Train Time [7.41]
Round [94/200]	 Train Loss [0.8332]	 Train Acc [69.73]	 Train Time [10.36]
Round [95/200]	 Train Loss [0.8184]	 Train Acc [70.49]	 Train Time [11.90]
Round [96/200]	 Train Loss [0.8239]	 Train Acc [70.18]	 Train Time [13.37]
Round [97/200]	 Train Loss [0.8498]	 Train Acc [68.20]	 Train Time [11.42]
Round [98/200]	 Train Loss [0.7690]	 Train Acc [71.84]	 Train Time [10.96]
Round [99/200]	 Train Loss [0.6894]	 Train Acc [74.46]	 Train Time [7.91]
KL Divergence: μ=0.4921
Round [100/200]	 Train Loss [0.7279]	 Train Acc [72.97]	 Test Loss [0.9131]	 Test Acc [67.90(8.68)]	 Train Time [12.50]
Round [101/200]	 Train Loss [0.7360]	 Train Acc [73.66]	 Train Time [12.03]
Round [102/200]	 Train Loss [0.7943]	 Train Acc [71.15]	 Train Time [11.38]
Round [103/200]	 Train Loss [0.7536]	 Train Acc [71.96]	 Train Time [11.78]
Round [104/200]	 Train Loss [0.8050]	 Train Acc [69.80]	 Train Time [12.38]
Round [105/200]	 Train Loss [0.7890]	 Train Acc [71.12]	 Train Time [9.59]
Round [106/200]	 Train Loss [0.7314]	 Train Acc [73.46]	 Train Time [13.51]
Round [107/200]	 Train Loss [0.8005]	 Train Acc [70.44]	 Train Time [13.53]
Round [108/200]	 Train Loss [0.8089]	 Train Acc [69.67]	 Train Time [8.91]
Round [109/200]	 Train Loss [0.7254]	 Train Acc [73.09]	 Train Time [14.10]
Round [110/200]	 Train Loss [0.7390]	 Train Acc [72.82]	 Train Time [12.07]
Round [111/200]	 Train Loss [0.7565]	 Train Acc [72.49]	 Train Time [10.30]
Round [112/200]	 Train Loss [0.7723]	 Train Acc [71.85]	 Train Time [12.70]
Round [113/200]	 Train Loss [0.7486]	 Train Acc [73.66]	 Train Time [10.62]
Round [114/200]	 Train Loss [0.7980]	 Train Acc [70.39]	 Train Time [11.81]
Round [115/200]	 Train Loss [0.7494]	 Train Acc [72.59]	 Train Time [8.34]
Round [116/200]	 Train Loss [0.7711]	 Train Acc [72.00]	 Train Time [10.89]
Round [117/200]	 Train Loss [0.8045]	 Train Acc [69.76]	 Train Time [11.45]
Round [118/200]	 Train Loss [0.7739]	 Train Acc [72.00]	 Train Time [13.03]
Round [119/200]	 Train Loss [0.8228]	 Train Acc [70.54]	 Train Time [10.26]
KL Divergence: μ=0.6136
Round [120/200]	 Train Loss [0.6790]	 Train Acc [74.95]	 Test Loss [0.8763]	 Test Acc [68.96(8.45)]	 Train Time [12.40]
Round [121/200]	 Train Loss [0.7494]	 Train Acc [72.64]	 Train Time [10.09]
Round [122/200]	 Train Loss [0.6989]	 Train Acc [73.57]	 Train Time [11.38]
Round [123/200]	 Train Loss [0.6957]	 Train Acc [74.29]	 Train Time [9.12]
Round [124/200]	 Train Loss [0.7082]	 Train Acc [73.91]	 Train Time [12.66]
Round [125/200]	 Train Loss [0.7093]	 Train Acc [75.21]	 Train Time [8.51]
Round [126/200]	 Train Loss [0.7091]	 Train Acc [73.71]	 Train Time [13.16]
Round [127/200]	 Train Loss [0.6725]	 Train Acc [75.39]	 Train Time [15.70]
Round [128/200]	 Train Loss [0.7497]	 Train Acc [73.39]	 Train Time [10.26]
Round [129/200]	 Train Loss [0.6995]	 Train Acc [74.52]	 Train Time [13.66]
Round [130/200]	 Train Loss [0.6546]	 Train Acc [76.27]	 Train Time [12.94]
Round [131/200]	 Train Loss [0.7088]	 Train Acc [74.27]	 Train Time [10.52]
Round [132/200]	 Train Loss [0.6501]	 Train Acc [76.72]	 Train Time [10.65]
Round [133/200]	 Train Loss [0.6487]	 Train Acc [75.79]	 Train Time [10.32]
Round [134/200]	 Train Loss [0.6135]	 Train Acc [77.64]	 Train Time [11.11]
Round [135/200]	 Train Loss [0.6702]	 Train Acc [75.43]	 Train Time [9.96]
Round [136/200]	 Train Loss [0.7246]	 Train Acc [73.21]	 Train Time [8.25]
Round [137/200]	 Train Loss [0.7043]	 Train Acc [74.64]	 Train Time [12.82]
Round [138/200]	 Train Loss [0.7400]	 Train Acc [73.61]	 Train Time [8.86]
Round [139/200]	 Train Loss [0.6319]	 Train Acc [76.66]	 Train Time [9.44]
KL Divergence: μ=0.7587
Round [140/200]	 Train Loss [0.6259]	 Train Acc [77.30]	 Test Loss [0.8565]	 Test Acc [70.05(8.04)]	 Train Time [10.93]
Round [141/200]	 Train Loss [0.6597]	 Train Acc [75.61]	 Train Time [11.42]
Round [142/200]	 Train Loss [0.6289]	 Train Acc [77.15]	 Train Time [10.06]
Round [143/200]	 Train Loss [0.6408]	 Train Acc [76.72]	 Train Time [10.11]
Round [144/200]	 Train Loss [0.6412]	 Train Acc [77.28]	 Train Time [11.23]
Round [145/200]	 Train Loss [0.6537]	 Train Acc [75.19]	 Train Time [9.59]
Round [146/200]	 Train Loss [0.6388]	 Train Acc [76.67]	 Train Time [9.32]
Round [147/200]	 Train Loss [0.6750]	 Train Acc [76.21]	 Train Time [8.37]
Round [148/200]	 Train Loss [0.6106]	 Train Acc [77.92]	 Train Time [15.44]
Round [149/200]	 Train Loss [0.6809]	 Train Acc [75.25]	 Train Time [9.91]
Round [150/200]	 Train Loss [0.6260]	 Train Acc [77.75]	 Train Time [12.76]
Round [151/200]	 Train Loss [0.5849]	 Train Acc [78.90]	 Train Time [7.02]
Round [152/200]	 Train Loss [0.5885]	 Train Acc [78.86]	 Train Time [11.32]
Round [153/200]	 Train Loss [0.5934]	 Train Acc [78.18]	 Train Time [11.84]
Round [154/200]	 Train Loss [0.5628]	 Train Acc [79.26]	 Train Time [12.45]
Round [155/200]	 Train Loss [0.6881]	 Train Acc [74.92]	 Train Time [9.27]
Round [156/200]	 Train Loss [0.6327]	 Train Acc [77.47]	 Train Time [8.35]
Round [157/200]	 Train Loss [0.5901]	 Train Acc [78.81]	 Train Time [10.90]
Round [158/200]	 Train Loss [0.6447]	 Train Acc [76.57]	 Train Time [11.97]
Round [159/200]	 Train Loss [0.6075]	 Train Acc [77.36]	 Train Time [10.04]
KL Divergence: μ=0.9391
Round [160/200]	 Train Loss [0.5805]	 Train Acc [78.88]	 Test Loss [0.8338]	 Test Acc [71.26(7.94)]	 Train Time [13.07]
Round [161/200]	 Train Loss [0.5781]	 Train Acc [78.80]	 Train Time [10.61]
Round [162/200]	 Train Loss [0.6120]	 Train Acc [77.92]	 Train Time [10.35]
Round [163/200]	 Train Loss [0.5852]	 Train Acc [79.15]	 Train Time [12.35]
Round [164/200]	 Train Loss [0.6471]	 Train Acc [76.40]	 Train Time [10.71]
Round [165/200]	 Train Loss [0.5223]	 Train Acc [81.26]	 Train Time [11.13]
Round [166/200]	 Train Loss [0.5691]	 Train Acc [79.82]	 Train Time [12.80]
Round [167/200]	 Train Loss [0.5603]	 Train Acc [80.72]	 Train Time [8.59]
Round [168/200]	 Train Loss [0.6121]	 Train Acc [77.43]	 Train Time [12.25]
Round [169/200]	 Train Loss [0.5210]	 Train Acc [81.37]	 Train Time [12.43]
Round [170/200]	 Train Loss [0.5174]	 Train Acc [81.96]	 Train Time [9.89]
Round [171/200]	 Train Loss [0.5360]	 Train Acc [81.11]	 Train Time [9.72]
Round [172/200]	 Train Loss [0.5350]	 Train Acc [80.77]	 Train Time [11.86]
Round [173/200]	 Train Loss [0.5303]	 Train Acc [80.96]	 Train Time [8.61]
Round [174/200]	 Train Loss [0.5756]	 Train Acc [79.84]	 Train Time [9.86]
Round [175/200]	 Train Loss [0.5037]	 Train Acc [82.33]	 Train Time [8.49]
Round [176/200]	 Train Loss [0.5699]	 Train Acc [79.82]	 Train Time [10.33]
Round [177/200]	 Train Loss [0.5304]	 Train Acc [81.02]	 Train Time [8.70]
Round [178/200]	 Train Loss [0.6238]	 Train Acc [77.55]	 Train Time [8.68]
Round [179/200]	 Train Loss [0.5457]	 Train Acc [80.51]	 Train Time [10.44]
KL Divergence: μ=1.2247
Round [180/200]	 Train Loss [0.5002]	 Train Acc [82.62]	 Test Loss [0.8327]	 Test Acc [71.74(7.72)]	 Train Time [8.15]
Round [181/200]	 Train Loss [0.5184]	 Train Acc [81.69]	 Train Time [9.56]
Round [182/200]	 Train Loss [0.5022]	 Train Acc [82.16]	 Train Time [10.01]
Round [183/200]	 Train Loss [0.5386]	 Train Acc [80.79]	 Train Time [11.31]
Round [184/200]	 Train Loss [0.5226]	 Train Acc [81.25]	 Train Time [9.78]
Round [185/200]	 Train Loss [0.5305]	 Train Acc [80.93]	 Train Time [8.85]
Round [186/200]	 Train Loss [0.5180]	 Train Acc [81.44]	 Train Time [8.90]
Round [187/200]	 Train Loss [0.5255]	 Train Acc [81.47]	 Train Time [9.01]
Round [188/200]	 Train Loss [0.5185]	 Train Acc [81.53]	 Train Time [10.15]
Round [189/200]	 Train Loss [0.5106]	 Train Acc [81.79]	 Train Time [7.41]
Round [190/200]	 Train Loss [0.5081]	 Train Acc [81.51]	 Train Time [9.69]
Round [191/200]	 Train Loss [0.4865]	 Train Acc [82.93]	 Train Time [12.17]
Round [192/200]	 Train Loss [0.5335]	 Train Acc [81.62]	 Train Time [9.29]
Round [193/200]	 Train Loss [0.5051]	 Train Acc [81.89]	 Train Time [9.30]
Round [194/200]	 Train Loss [0.4838]	 Train Acc [82.59]	 Train Time [8.86]
Round [195/200]	 Train Loss [0.4481]	 Train Acc [84.50]	 Train Time [7.13]
Round [196/200]	 Train Loss [0.5076]	 Train Acc [82.31]	 Train Time [12.03]
Round [197/200]	 Train Loss [0.4720]	 Train Acc [83.53]	 Train Time [9.84]
Round [198/200]	 Train Loss [0.4029]	 Train Acc [85.72]	 Train Time [9.43]
Round [199/200]	 Train Loss [0.4285]	 Train Acc [84.98]	 Train Time [10.64]
KL Divergence: μ=1.5245
Round [200/200]	 Train Loss [0.4554]	 Train Acc [83.85]	 Test Loss [0.8249]	 Test Acc [72.52(7.52)]	 Train Time [32.28]
Method took (11.18, 2.42) seconds per training iteration
Method took (2258.10) total seconds
