Training pFedFDA...
Round [1/200]	 Train Loss [1.4649]	 Train Acc [48.94]	 Train Time [31.69]
Round [2/200]	 Train Loss [1.3623]	 Train Acc [53.55]	 Train Time [27.27]
Round [3/200]	 Train Loss [1.2717]	 Train Acc [53.77]	 Train Time [25.45]
Round [4/200]	 Train Loss [1.0554]	 Train Acc [61.50]	 Train Time [25.19]
Round [5/200]	 Train Loss [1.1111]	 Train Acc [58.03]	 Train Time [24.42]
Round [6/200]	 Train Loss [1.0804]	 Train Acc [60.73]	 Train Time [28.89]
Round [7/200]	 Train Loss [1.0229]	 Train Acc [62.61]	 Train Time [30.27]
Round [8/200]	 Train Loss [0.9883]	 Train Acc [64.50]	 Train Time [24.84]
Round [9/200]	 Train Loss [0.8689]	 Train Acc [68.43]	 Train Time [20.71]
Round [10/200]	 Train Loss [0.9238]	 Train Acc [66.16]	 Train Time [21.38]
Round [11/200]	 Train Loss [0.8143]	 Train Acc [70.58]	 Train Time [28.50]
Round [12/200]	 Train Loss [0.8576]	 Train Acc [69.63]	 Train Time [24.11]
Round [13/200]	 Train Loss [0.8344]	 Train Acc [69.69]	 Train Time [30.59]
Round [14/200]	 Train Loss [0.6576]	 Train Acc [75.97]	 Train Time [24.35]
Round [15/200]	 Train Loss [0.8235]	 Train Acc [70.52]	 Train Time [27.00]
Round [16/200]	 Train Loss [0.7990]	 Train Acc [70.75]	 Train Time [26.10]
Round [17/200]	 Train Loss [0.7233]	 Train Acc [73.96]	 Train Time [23.45]
Round [18/200]	 Train Loss [0.6918]	 Train Acc [75.00]	 Train Time [23.81]
Round [19/200]	 Train Loss [0.7243]	 Train Acc [73.35]	 Train Time [31.29]
KL Divergence: μ=0.6903
Round [20/200]	 Train Loss [0.6417]	 Train Acc [77.22]	 Test Loss [0.8092]	 Test Acc [70.34(12.06)]	 Train Time [27.21]
Round [21/200]	 Train Loss [0.6397]	 Train Acc [76.78]	 Train Time [28.04]
Round [22/200]	 Train Loss [0.6928]	 Train Acc [74.93]	 Train Time [35.46]
Round [23/200]	 Train Loss [0.5768]	 Train Acc [79.54]	 Train Time [32.66]
Round [24/200]	 Train Loss [0.5679]	 Train Acc [79.88]	 Train Time [25.84]
Round [25/200]	 Train Loss [0.5808]	 Train Acc [79.29]	 Train Time [21.63]
Round [26/200]	 Train Loss [0.5244]	 Train Acc [81.44]	 Train Time [35.45]
Round [27/200]	 Train Loss [0.5232]	 Train Acc [81.52]	 Train Time [29.90]
Round [28/200]	 Train Loss [0.5366]	 Train Acc [81.31]	 Train Time [27.43]
Round [29/200]	 Train Loss [0.4828]	 Train Acc [83.06]	 Train Time [26.41]
Round [30/200]	 Train Loss [0.4917]	 Train Acc [83.04]	 Train Time [26.89]
Round [31/200]	 Train Loss [0.4964]	 Train Acc [82.71]	 Train Time [29.35]
Round [32/200]	 Train Loss [0.4972]	 Train Acc [82.82]	 Train Time [23.63]
Round [33/200]	 Train Loss [0.4485]	 Train Acc [84.30]	 Train Time [23.45]
Round [34/200]	 Train Loss [0.4329]	 Train Acc [84.96]	 Train Time [26.77]
Round [35/200]	 Train Loss [0.4261]	 Train Acc [85.44]	 Train Time [30.82]
Round [36/200]	 Train Loss [0.3957]	 Train Acc [86.51]	 Train Time [27.83]
Round [37/200]	 Train Loss [0.3903]	 Train Acc [86.67]	 Train Time [31.41]
Round [38/200]	 Train Loss [0.4092]	 Train Acc [86.40]	 Train Time [32.36]
Round [39/200]	 Train Loss [0.3619]	 Train Acc [87.79]	 Train Time [22.52]
KL Divergence: μ=1.4886
Round [40/200]	 Train Loss [0.3830]	 Train Acc [87.15]	 Test Loss [0.7371]	 Test Acc [74.73(9.31)]	 Train Time [25.26]
Round [41/200]	 Train Loss [0.3641]	 Train Acc [87.66]	 Train Time [25.47]
Round [42/200]	 Train Loss [0.3575]	 Train Acc [88.26]	 Train Time [24.88]
Round [43/200]	 Train Loss [0.3567]	 Train Acc [88.22]	 Train Time [18.30]
Round [44/200]	 Train Loss [0.3903]	 Train Acc [86.96]	 Train Time [21.71]
Round [45/200]	 Train Loss [0.3464]	 Train Acc [88.67]	 Train Time [20.38]
Round [46/200]	 Train Loss [0.3014]	 Train Acc [90.02]	 Train Time [26.36]
Round [47/200]	 Train Loss [0.3378]	 Train Acc [88.80]	 Train Time [31.22]
Round [48/200]	 Train Loss [0.3316]	 Train Acc [89.30]	 Train Time [20.56]
Round [49/200]	 Train Loss [0.3232]	 Train Acc [89.48]	 Train Time [27.76]
Round [50/200]	 Train Loss [0.2947]	 Train Acc [90.45]	 Train Time [25.02]
Round [51/200]	 Train Loss [0.3221]	 Train Acc [89.56]	 Train Time [19.32]
Round [52/200]	 Train Loss [0.2791]	 Train Acc [90.87]	 Train Time [20.66]
Round [53/200]	 Train Loss [0.3120]	 Train Acc [89.93]	 Train Time [27.73]
Round [54/200]	 Train Loss [0.3040]	 Train Acc [90.40]	 Train Time [25.20]
Round [55/200]	 Train Loss [0.3005]	 Train Acc [90.36]	 Train Time [22.53]
Round [56/200]	 Train Loss [0.2829]	 Train Acc [90.97]	 Train Time [23.40]
Round [57/200]	 Train Loss [0.2550]	 Train Acc [91.85]	 Train Time [22.74]
Round [58/200]	 Train Loss [0.2759]	 Train Acc [90.99]	 Train Time [27.60]
Round [59/200]	 Train Loss [0.2496]	 Train Acc [92.01]	 Train Time [30.30]
KL Divergence: μ=1.8085
Round [60/200]	 Train Loss [0.2514]	 Train Acc [91.88]	 Test Loss [0.7200]	 Test Acc [76.11(8.71)]	 Train Time [31.02]
Round [61/200]	 Train Loss [0.2945]	 Train Acc [90.56]	 Train Time [16.57]
Round [62/200]	 Train Loss [0.2552]	 Train Acc [91.86]	 Train Time [24.73]
Round [63/200]	 Train Loss [0.2508]	 Train Acc [91.84]	 Train Time [30.46]
Round [64/200]	 Train Loss [0.2476]	 Train Acc [92.08]	 Train Time [24.89]
Round [65/200]	 Train Loss [0.2740]	 Train Acc [91.15]	 Train Time [24.98]
Round [66/200]	 Train Loss [0.2172]	 Train Acc [92.95]	 Train Time [20.16]
Round [67/200]	 Train Loss [0.2444]	 Train Acc [92.23]	 Train Time [25.92]
Round [68/200]	 Train Loss [0.2461]	 Train Acc [92.24]	 Train Time [32.16]
Round [69/200]	 Train Loss [0.2253]	 Train Acc [92.78]	 Train Time [25.80]
Round [70/200]	 Train Loss [0.2566]	 Train Acc [91.87]	 Train Time [23.71]
Round [71/200]	 Train Loss [0.2420]	 Train Acc [92.42]	 Train Time [23.78]
Round [72/200]	 Train Loss [0.2175]	 Train Acc [93.09]	 Train Time [23.38]
Round [73/200]	 Train Loss [0.2391]	 Train Acc [92.45]	 Train Time [25.12]
Round [74/200]	 Train Loss [0.2526]	 Train Acc [92.06]	 Train Time [23.73]
Round [75/200]	 Train Loss [0.2189]	 Train Acc [93.07]	 Train Time [35.04]
Round [76/200]	 Train Loss [0.2270]	 Train Acc [92.64]	 Train Time [26.91]
Round [77/200]	 Train Loss [0.2235]	 Train Acc [92.93]	 Train Time [21.32]
Round [78/200]	 Train Loss [0.2112]	 Train Acc [93.30]	 Train Time [28.99]
Round [79/200]	 Train Loss [0.2039]	 Train Acc [93.51]	 Train Time [23.52]
KL Divergence: μ=1.9096
Round [80/200]	 Train Loss [0.2284]	 Train Acc [92.76]	 Test Loss [0.7252]	 Test Acc [76.47(9.20)]	 Train Time [22.74]
Round [81/200]	 Train Loss [0.1808]	 Train Acc [94.27]	 Train Time [23.96]
Round [82/200]	 Train Loss [0.2106]	 Train Acc [93.34]	 Train Time [26.01]
Round [83/200]	 Train Loss [0.2016]	 Train Acc [93.55]	 Train Time [28.10]
Round [84/200]	 Train Loss [0.2096]	 Train Acc [93.44]	 Train Time [36.04]
Round [85/200]	 Train Loss [0.2053]	 Train Acc [93.45]	 Train Time [21.70]
Round [86/200]	 Train Loss [0.2167]	 Train Acc [93.10]	 Train Time [24.68]
Round [87/200]	 Train Loss [0.1866]	 Train Acc [94.08]	 Train Time [23.50]
Round [88/200]	 Train Loss [0.1983]	 Train Acc [93.80]	 Train Time [24.60]
Round [89/200]	 Train Loss [0.1981]	 Train Acc [93.77]	 Train Time [22.09]
Round [90/200]	 Train Loss [0.1810]	 Train Acc [94.30]	 Train Time [27.73]
Round [91/200]	 Train Loss [0.2269]	 Train Acc [92.79]	 Train Time [24.04]
Round [92/200]	 Train Loss [0.2188]	 Train Acc [93.19]	 Train Time [26.50]
Round [93/200]	 Train Loss [0.1969]	 Train Acc [93.67]	 Train Time [24.26]
Round [94/200]	 Train Loss [0.1893]	 Train Acc [93.99]	 Train Time [28.40]
Round [95/200]	 Train Loss [0.1991]	 Train Acc [93.72]	 Train Time [28.93]
Round [96/200]	 Train Loss [0.1954]	 Train Acc [93.83]	 Train Time [29.85]
Round [97/200]	 Train Loss [0.1974]	 Train Acc [93.64]	 Train Time [27.45]
Round [98/200]	 Train Loss [0.1922]	 Train Acc [93.91]	 Train Time [26.74]
Round [99/200]	 Train Loss [0.2033]	 Train Acc [93.66]	 Train Time [16.02]
KL Divergence: μ=2.1371
Round [100/200]	 Train Loss [0.1770]	 Train Acc [94.40]	 Test Loss [0.7452]	 Test Acc [77.29(9.58)]	 Train Time [19.22]
Round [101/200]	 Train Loss [0.1799]	 Train Acc [94.34]	 Train Time [24.71]
Round [102/200]	 Train Loss [0.1811]	 Train Acc [94.26]	 Train Time [30.28]
Round [103/200]	 Train Loss [0.1704]	 Train Acc [94.71]	 Train Time [25.77]
Round [104/200]	 Train Loss [0.1873]	 Train Acc [94.00]	 Train Time [23.12]
Round [105/200]	 Train Loss [0.1954]	 Train Acc [93.75]	 Train Time [25.73]
Round [106/200]	 Train Loss [0.1664]	 Train Acc [94.77]	 Train Time [30.68]
Round [107/200]	 Train Loss [0.1726]	 Train Acc [94.54]	 Train Time [32.61]
Round [108/200]	 Train Loss [0.1834]	 Train Acc [94.30]	 Train Time [26.25]
Round [109/200]	 Train Loss [0.1506]	 Train Acc [95.28]	 Train Time [25.93]
Round [110/200]	 Train Loss [0.1739]	 Train Acc [94.50]	 Train Time [28.35]
Round [111/200]	 Train Loss [0.1702]	 Train Acc [94.56]	 Train Time [27.57]
Round [112/200]	 Train Loss [0.1676]	 Train Acc [94.71]	 Train Time [29.28]
Round [113/200]	 Train Loss [0.1613]	 Train Acc [94.89]	 Train Time [23.36]
Round [114/200]	 Train Loss [0.1673]	 Train Acc [94.73]	 Train Time [25.66]
Round [115/200]	 Train Loss [0.1795]	 Train Acc [94.30]	 Train Time [27.10]
Round [116/200]	 Train Loss [0.1697]	 Train Acc [94.54]	 Train Time [22.21]
Round [117/200]	 Train Loss [0.1474]	 Train Acc [95.33]	 Train Time [26.70]
Round [118/200]	 Train Loss [0.1529]	 Train Acc [95.13]	 Train Time [33.28]
Round [119/200]	 Train Loss [0.1574]	 Train Acc [94.97]	 Train Time [21.38]
KL Divergence: μ=2.5437
Round [120/200]	 Train Loss [0.1515]	 Train Acc [95.18]	 Test Loss [0.7640]	 Test Acc [76.89(8.74)]	 Train Time [21.80]
Round [121/200]	 Train Loss [0.1983]	 Train Acc [93.65]	 Train Time [17.20]
Round [122/200]	 Train Loss [0.1740]	 Train Acc [94.35]	 Train Time [17.91]
Round [123/200]	 Train Loss [0.1619]	 Train Acc [94.82]	 Train Time [24.16]
Round [124/200]	 Train Loss [0.1563]	 Train Acc [95.05]	 Train Time [33.95]
Round [125/200]	 Train Loss [0.1530]	 Train Acc [95.10]	 Train Time [26.53]
Round [126/200]	 Train Loss [0.1558]	 Train Acc [95.01]	 Train Time [25.29]
Round [127/200]	 Train Loss [0.1621]	 Train Acc [94.94]	 Train Time [29.81]
Round [128/200]	 Train Loss [0.1486]	 Train Acc [95.34]	 Train Time [27.72]
Round [129/200]	 Train Loss [0.1701]	 Train Acc [94.59]	 Train Time [26.78]
Round [130/200]	 Train Loss [0.1440]	 Train Acc [95.43]	 Train Time [25.13]
Round [131/200]	 Train Loss [0.1730]	 Train Acc [94.56]	 Train Time [22.20]
Round [132/200]	 Train Loss [0.1535]	 Train Acc [95.10]	 Train Time [28.37]
Round [133/200]	 Train Loss [0.1558]	 Train Acc [95.16]	 Train Time [28.43]
Round [134/200]	 Train Loss [0.1447]	 Train Acc [95.40]	 Train Time [29.86]
Round [135/200]	 Train Loss [0.1386]	 Train Acc [95.65]	 Train Time [24.39]
Round [136/200]	 Train Loss [0.1516]	 Train Acc [95.16]	 Train Time [26.51]
Round [137/200]	 Train Loss [0.1508]	 Train Acc [95.28]	 Train Time [30.95]
Round [138/200]	 Train Loss [0.1456]	 Train Acc [95.39]	 Train Time [24.33]
Round [139/200]	 Train Loss [0.1585]	 Train Acc [94.85]	 Train Time [28.43]
KL Divergence: μ=2.8730
Round [140/200]	 Train Loss [0.1679]	 Train Acc [94.52]	 Test Loss [0.7915]	 Test Acc [76.99(9.54)]	 Train Time [24.27]
Round [141/200]	 Train Loss [0.1476]	 Train Acc [95.18]	 Train Time [26.26]
Round [142/200]	 Train Loss [0.1513]	 Train Acc [95.23]	 Train Time [22.51]
Round [143/200]	 Train Loss [0.1534]	 Train Acc [95.15]	 Train Time [25.42]
Round [144/200]	 Train Loss [0.1397]	 Train Acc [95.58]	 Train Time [23.75]
Round [145/200]	 Train Loss [0.1359]	 Train Acc [95.68]	 Train Time [24.60]
Round [146/200]	 Train Loss [0.1461]	 Train Acc [95.33]	 Train Time [26.89]
Round [147/200]	 Train Loss [0.1297]	 Train Acc [95.90]	 Train Time [20.37]
Round [148/200]	 Train Loss [0.1332]	 Train Acc [95.68]	 Train Time [29.87]
Round [149/200]	 Train Loss [0.1440]	 Train Acc [95.39]	 Train Time [30.79]
Round [150/200]	 Train Loss [0.1332]	 Train Acc [95.88]	 Train Time [27.23]
Round [151/200]	 Train Loss [0.1433]	 Train Acc [95.46]	 Train Time [28.81]
Round [152/200]	 Train Loss [0.1279]	 Train Acc [95.92]	 Train Time [25.56]
Round [153/200]	 Train Loss [0.1189]	 Train Acc [96.22]	 Train Time [25.45]
Round [154/200]	 Train Loss [0.1401]	 Train Acc [95.50]	 Train Time [21.53]
Round [155/200]	 Train Loss [0.1491]	 Train Acc [95.34]	 Train Time [19.73]
Round [156/200]	 Train Loss [0.1227]	 Train Acc [96.10]	 Train Time [29.99]
Round [157/200]	 Train Loss [0.1185]	 Train Acc [96.25]	 Train Time [30.79]
Round [158/200]	 Train Loss [0.1480]	 Train Acc [95.21]	 Train Time [26.11]
Round [159/200]	 Train Loss [0.1351]	 Train Acc [95.73]	 Train Time [27.90]
KL Divergence: μ=3.1765
Round [160/200]	 Train Loss [0.1488]	 Train Acc [95.22]	 Test Loss [0.7910]	 Test Acc [77.19(8.87)]	 Train Time [20.88]
Round [161/200]	 Train Loss [0.1281]	 Train Acc [96.01]	 Train Time [29.11]
Round [162/200]	 Train Loss [0.1354]	 Train Acc [95.63]	 Train Time [24.41]
Round [163/200]	 Train Loss [0.1520]	 Train Acc [95.16]	 Train Time [17.70]
Round [164/200]	 Train Loss [0.1361]	 Train Acc [95.71]	 Train Time [32.24]
Round [165/200]	 Train Loss [0.1294]	 Train Acc [95.80]	 Train Time [30.54]
Round [166/200]	 Train Loss [0.1268]	 Train Acc [95.94]	 Train Time [33.28]
Round [167/200]	 Train Loss [0.1254]	 Train Acc [95.89]	 Train Time [30.11]
Round [168/200]	 Train Loss [0.1435]	 Train Acc [95.37]	 Train Time [32.45]
Round [169/200]	 Train Loss [0.1271]	 Train Acc [96.05]	 Train Time [22.48]
Round [170/200]	 Train Loss [0.1538]	 Train Acc [95.19]	 Train Time [27.49]
Round [171/200]	 Train Loss [0.1320]	 Train Acc [95.73]	 Train Time [29.10]
Round [172/200]	 Train Loss [0.1406]	 Train Acc [95.49]	 Train Time [23.78]
Round [173/200]	 Train Loss [0.1455]	 Train Acc [95.42]	 Train Time [26.83]
Round [174/200]	 Train Loss [0.1302]	 Train Acc [95.91]	 Train Time [26.02]
Round [175/200]	 Train Loss [0.1392]	 Train Acc [95.54]	 Train Time [25.33]
Round [176/200]	 Train Loss [0.1309]	 Train Acc [95.80]	 Train Time [25.91]
Round [177/200]	 Train Loss [0.1312]	 Train Acc [95.91]	 Train Time [26.56]
Round [178/200]	 Train Loss [0.1203]	 Train Acc [96.16]	 Train Time [24.43]
Round [179/200]	 Train Loss [0.1324]	 Train Acc [95.76]	 Train Time [24.01]
KL Divergence: μ=3.6582
Round [180/200]	 Train Loss [0.1318]	 Train Acc [95.79]	 Test Loss [0.8032]	 Test Acc [77.29(8.81)]	 Train Time [30.24]
Round [181/200]	 Train Loss [0.1207]	 Train Acc [96.20]	 Train Time [27.49]
Round [182/200]	 Train Loss [0.1089]	 Train Acc [96.56]	 Train Time [29.64]
Round [183/200]	 Train Loss [0.1305]	 Train Acc [95.72]	 Train Time [23.12]
Round [184/200]	 Train Loss [0.1207]	 Train Acc [96.14]	 Train Time [24.37]
Round [185/200]	 Train Loss [0.1291]	 Train Acc [95.96]	 Train Time [29.81]
Round [186/200]	 Train Loss [0.1125]	 Train Acc [96.49]	 Train Time [27.08]
Round [187/200]	 Train Loss [0.1289]	 Train Acc [95.91]	 Train Time [29.27]
Round [188/200]	 Train Loss [0.1309]	 Train Acc [95.87]	 Train Time [24.16]
Round [189/200]	 Train Loss [0.1315]	 Train Acc [95.84]	 Train Time [32.70]
Round [190/200]	 Train Loss [0.1071]	 Train Acc [96.52]	 Train Time [33.11]
Round [191/200]	 Train Loss [0.1366]	 Train Acc [95.52]	 Train Time [29.22]
Round [192/200]	 Train Loss [0.1206]	 Train Acc [96.21]	 Train Time [27.87]
Round [193/200]	 Train Loss [0.1217]	 Train Acc [96.11]	 Train Time [30.05]
Round [194/200]	 Train Loss [0.1167]	 Train Acc [96.36]	 Train Time [18.63]
Round [195/200]	 Train Loss [0.1170]	 Train Acc [96.18]	 Train Time [21.77]
Round [196/200]	 Train Loss [0.1073]	 Train Acc [96.60]	 Train Time [29.90]
Round [197/200]	 Train Loss [0.1195]	 Train Acc [96.22]	 Train Time [32.14]
Round [198/200]	 Train Loss [0.1191]	 Train Acc [96.16]	 Train Time [27.10]
Round [199/200]	 Train Loss [0.1313]	 Train Acc [95.84]	 Train Time [21.63]
KL Divergence: μ=3.7772
Round [200/200]	 Train Loss [0.1149]	 Train Acc [96.34]	 Test Loss [0.8102]	 Test Acc [76.99(9.65)]	 Train Time [88.29]
Method took (26.57, 5.83) seconds per training iteration
Method took (5329.91) total seconds
