Training pFedFDA...
Round [1/200]	 Train Loss [4.5064]	 Train Acc [69.82]	 Train Time [61.27]
Round [2/200]	 Train Loss [1.3989]	 Train Acc [68.26]	 Train Time [58.87]
Round [3/200]	 Train Loss [1.5939]	 Train Acc [67.07]	 Train Time [58.90]
Round [4/200]	 Train Loss [1.4515]	 Train Acc [64.99]	 Train Time [52.54]
Round [5/200]	 Train Loss [0.7630]	 Train Acc [74.99]	 Train Time [81.20]
Round [6/200]	 Train Loss [0.7754]	 Train Acc [74.82]	 Train Time [63.12]
Round [7/200]	 Train Loss [0.6628]	 Train Acc [74.14]	 Train Time [81.63]
Round [8/200]	 Train Loss [0.6159]	 Train Acc [77.52]	 Train Time [62.48]
Round [9/200]	 Train Loss [0.6684]	 Train Acc [71.71]	 Train Time [69.12]
Round [10/200]	 Train Loss [0.4787]	 Train Acc [80.98]	 Train Time [78.82]
Round [11/200]	 Train Loss [0.5533]	 Train Acc [77.79]	 Train Time [86.71]
Round [12/200]	 Train Loss [0.5785]	 Train Acc [75.89]	 Train Time [131.47]
Round [13/200]	 Train Loss [0.5712]	 Train Acc [77.35]	 Train Time [132.50]
Round [14/200]	 Train Loss [0.4733]	 Train Acc [82.36]	 Train Time [82.66]
Round [15/200]	 Train Loss [0.7106]	 Train Acc [71.29]	 Train Time [106.32]
Round [16/200]	 Train Loss [0.5436]	 Train Acc [77.82]	 Train Time [47.99]
Round [17/200]	 Train Loss [0.5248]	 Train Acc [78.10]	 Train Time [61.17]
Round [18/200]	 Train Loss [0.5837]	 Train Acc [76.92]	 Train Time [58.29]
Round [19/200]	 Train Loss [0.5299]	 Train Acc [79.73]	 Train Time [89.80]
KL Divergence: μ=0.0064
Round [20/200]	 Train Loss [0.4973]	 Train Acc [77.79]	 Test Loss [0.5878]	 Test Acc [76.61(19.54)]	 Train Time [98.98]
Round [21/200]	 Train Loss [0.5065]	 Train Acc [78.95]	 Train Time [67.33]
Round [22/200]	 Train Loss [0.6092]	 Train Acc [76.77]	 Train Time [93.09]
Round [23/200]	 Train Loss [0.6704]	 Train Acc [73.37]	 Train Time [90.98]
Round [24/200]	 Train Loss [0.6495]	 Train Acc [73.56]	 Train Time [60.31]
Round [25/200]	 Train Loss [0.5211]	 Train Acc [78.29]	 Train Time [70.81]
Round [26/200]	 Train Loss [0.6236]	 Train Acc [73.39]	 Train Time [52.96]
Round [27/200]	 Train Loss [0.4710]	 Train Acc [83.17]	 Train Time [81.62]
Round [28/200]	 Train Loss [0.6627]	 Train Acc [73.81]	 Train Time [83.70]
Round [29/200]	 Train Loss [0.5260]	 Train Acc [80.86]	 Train Time [73.21]
Round [30/200]	 Train Loss [0.5539]	 Train Acc [78.45]	 Train Time [94.69]
Round [31/200]	 Train Loss [0.5945]	 Train Acc [75.97]	 Train Time [66.45]
Round [32/200]	 Train Loss [0.6821]	 Train Acc [71.86]	 Train Time [69.48]
Round [33/200]	 Train Loss [0.4769]	 Train Acc [81.31]	 Train Time [86.49]
Round [34/200]	 Train Loss [0.6045]	 Train Acc [77.65]	 Train Time [116.48]
Round [35/200]	 Train Loss [0.5091]	 Train Acc [80.44]	 Train Time [79.77]
Round [36/200]	 Train Loss [0.7080]	 Train Acc [71.88]	 Train Time [99.10]
Round [37/200]	 Train Loss [0.5426]	 Train Acc [76.61]	 Train Time [78.93]
Round [38/200]	 Train Loss [0.7511]	 Train Acc [69.21]	 Train Time [76.74]
Round [39/200]	 Train Loss [0.6226]	 Train Acc [76.51]	 Train Time [68.00]
KL Divergence: μ=0.0008
Round [40/200]	 Train Loss [0.5971]	 Train Acc [78.29]	 Test Loss [0.5875]	 Test Acc [76.94(19.37)]	 Train Time [87.61]
Round [41/200]	 Train Loss [0.4998]	 Train Acc [79.98]	 Train Time [74.37]
Round [42/200]	 Train Loss [0.5102]	 Train Acc [78.45]	 Train Time [95.49]
Round [43/200]	 Train Loss [0.5347]	 Train Acc [79.58]	 Train Time [122.70]
Round [44/200]	 Train Loss [0.4771]	 Train Acc [83.59]	 Train Time [113.35]
Round [45/200]	 Train Loss [0.5189]	 Train Acc [81.38]	 Train Time [83.48]
Round [46/200]	 Train Loss [0.4125]	 Train Acc [85.34]	 Train Time [120.99]
Round [47/200]	 Train Loss [0.6378]	 Train Acc [74.77]	 Train Time [91.33]
Round [48/200]	 Train Loss [0.5716]	 Train Acc [75.87]	 Train Time [88.50]
Round [49/200]	 Train Loss [0.5609]	 Train Acc [78.27]	 Train Time [80.39]
Round [50/200]	 Train Loss [0.5571]	 Train Acc [77.75]	 Train Time [88.95]
Round [51/200]	 Train Loss [0.6154]	 Train Acc [75.10]	 Train Time [80.45]
Round [52/200]	 Train Loss [0.5135]	 Train Acc [79.13]	 Train Time [66.45]
Round [53/200]	 Train Loss [0.6452]	 Train Acc [76.79]	 Train Time [46.19]
Round [54/200]	 Train Loss [0.4041]	 Train Acc [85.17]	 Train Time [50.68]
Round [55/200]	 Train Loss [0.6202]	 Train Acc [74.63]	 Train Time [78.44]
Round [56/200]	 Train Loss [0.4818]	 Train Acc [82.81]	 Train Time [90.18]
Round [57/200]	 Train Loss [0.5970]	 Train Acc [75.62]	 Train Time [60.15]
Round [58/200]	 Train Loss [0.5621]	 Train Acc [76.13]	 Train Time [57.76]
Round [59/200]	 Train Loss [0.5416]	 Train Acc [79.86]	 Train Time [89.20]
KL Divergence: μ=0.0861
Round [60/200]	 Train Loss [0.5259]	 Train Acc [80.53]	 Test Loss [0.5633]	 Test Acc [77.79(18.45)]	 Train Time [38.00]
Round [61/200]	 Train Loss [0.4604]	 Train Acc [81.95]	 Train Time [83.78]
Round [62/200]	 Train Loss [0.5239]	 Train Acc [78.54]	 Train Time [74.11]
Round [63/200]	 Train Loss [0.5532]	 Train Acc [77.99]	 Train Time [85.32]
Round [64/200]	 Train Loss [0.4461]	 Train Acc [83.21]	 Train Time [77.66]
Round [65/200]	 Train Loss [0.4890]	 Train Acc [81.65]	 Train Time [60.69]
Round [66/200]	 Train Loss [0.6083]	 Train Acc [76.34]	 Train Time [54.34]
Round [67/200]	 Train Loss [0.5241]	 Train Acc [79.84]	 Train Time [71.16]
Round [68/200]	 Train Loss [0.5278]	 Train Acc [79.44]	 Train Time [104.12]
Round [69/200]	 Train Loss [0.4009]	 Train Acc [85.32]	 Train Time [61.81]
Round [70/200]	 Train Loss [0.4423]	 Train Acc [83.02]	 Train Time [111.04]
Round [71/200]	 Train Loss [0.4044]	 Train Acc [85.20]	 Train Time [57.86]
Round [72/200]	 Train Loss [0.4092]	 Train Acc [84.42]	 Train Time [69.79]
Round [73/200]	 Train Loss [0.4608]	 Train Acc [83.06]	 Train Time [47.34]
Round [74/200]	 Train Loss [0.3468]	 Train Acc [87.29]	 Train Time [83.16]
Round [75/200]	 Train Loss [0.4647]	 Train Acc [81.86]	 Train Time [86.46]
Round [76/200]	 Train Loss [0.3829]	 Train Acc [86.70]	 Train Time [62.80]
Round [77/200]	 Train Loss [0.3998]	 Train Acc [84.40]	 Train Time [65.53]
Round [78/200]	 Train Loss [0.3415]	 Train Acc [86.89]	 Train Time [51.19]
Round [79/200]	 Train Loss [0.3474]	 Train Acc [86.09]	 Train Time [49.92]
KL Divergence: μ=0.3381
Round [80/200]	 Train Loss [0.4111]	 Train Acc [85.27]	 Test Loss [0.4514]	 Test Acc [83.00(15.01)]	 Train Time [43.54]
Round [81/200]	 Train Loss [0.3435]	 Train Acc [87.67]	 Train Time [83.41]
Round [82/200]	 Train Loss [0.3539]	 Train Acc [86.27]	 Train Time [52.58]
Round [83/200]	 Train Loss [0.2884]	 Train Acc [89.23]	 Train Time [122.85]
Round [84/200]	 Train Loss [0.2779]	 Train Acc [89.78]	 Train Time [42.92]
Round [85/200]	 Train Loss [0.3869]	 Train Acc [85.45]	 Train Time [87.65]
Round [86/200]	 Train Loss [0.3777]	 Train Acc [85.46]	 Train Time [81.05]
Round [87/200]	 Train Loss [0.2513]	 Train Acc [90.39]	 Train Time [97.47]
Round [88/200]	 Train Loss [0.2964]	 Train Acc [89.39]	 Train Time [49.65]
Round [89/200]	 Train Loss [0.3386]	 Train Acc [87.72]	 Train Time [61.73]
Round [90/200]	 Train Loss [0.2615]	 Train Acc [90.86]	 Train Time [104.29]
Round [91/200]	 Train Loss [0.3357]	 Train Acc [87.85]	 Train Time [52.17]
Round [92/200]	 Train Loss [0.2140]	 Train Acc [92.24]	 Train Time [75.05]
Round [93/200]	 Train Loss [0.3028]	 Train Acc [89.21]	 Train Time [75.02]
Round [94/200]	 Train Loss [0.3214]	 Train Acc [88.41]	 Train Time [149.11]
Round [95/200]	 Train Loss [0.3106]	 Train Acc [88.69]	 Train Time [60.06]
Round [96/200]	 Train Loss [0.3208]	 Train Acc [88.12]	 Train Time [75.27]
Round [97/200]	 Train Loss [0.2594]	 Train Acc [90.31]	 Train Time [43.82]
Round [98/200]	 Train Loss [0.2454]	 Train Acc [91.52]	 Train Time [64.62]
Round [99/200]	 Train Loss [0.2423]	 Train Acc [91.11]	 Train Time [79.39]
KL Divergence: μ=0.7592
Round [100/200]	 Train Loss [0.2155]	 Train Acc [92.27]	 Test Loss [0.3998]	 Test Acc [85.56(12.50)]	 Train Time [93.11]
Round [101/200]	 Train Loss [0.2477]	 Train Acc [91.48]	 Train Time [50.57]
Round [102/200]	 Train Loss [0.2368]	 Train Acc [91.36]	 Train Time [80.54]
Round [103/200]	 Train Loss [0.2155]	 Train Acc [92.47]	 Train Time [99.33]
Round [104/200]	 Train Loss [0.2679]	 Train Acc [90.40]	 Train Time [43.45]
Round [105/200]	 Train Loss [0.2374]	 Train Acc [91.46]	 Train Time [64.57]
Round [106/200]	 Train Loss [0.1925]	 Train Acc [93.22]	 Train Time [86.16]
Round [107/200]	 Train Loss [0.2049]	 Train Acc [92.79]	 Train Time [94.59]
Round [108/200]	 Train Loss [0.2089]	 Train Acc [92.70]	 Train Time [73.07]
Round [109/200]	 Train Loss [0.1987]	 Train Acc [93.20]	 Train Time [75.02]
Round [110/200]	 Train Loss [0.2292]	 Train Acc [92.07]	 Train Time [68.37]
Round [111/200]	 Train Loss [0.1676]	 Train Acc [94.29]	 Train Time [68.39]
Round [112/200]	 Train Loss [0.2597]	 Train Acc [90.89]	 Train Time [53.09]
Round [113/200]	 Train Loss [0.1950]	 Train Acc [93.30]	 Train Time [50.72]
Round [114/200]	 Train Loss [0.1401]	 Train Acc [94.93]	 Train Time [60.40]
Round [115/200]	 Train Loss [0.1830]	 Train Acc [93.61]	 Train Time [66.45]
Round [116/200]	 Train Loss [0.1687]	 Train Acc [94.13]	 Train Time [73.95]
Round [117/200]	 Train Loss [0.1777]	 Train Acc [93.64]	 Train Time [92.10]
Round [118/200]	 Train Loss [0.1417]	 Train Acc [95.23]	 Train Time [98.67]
Round [119/200]	 Train Loss [0.1427]	 Train Acc [95.16]	 Train Time [62.14]
KL Divergence: μ=0.5171
Round [120/200]	 Train Loss [0.1442]	 Train Acc [95.10]	 Test Loss [0.4030]	 Test Acc [86.77(11.52)]	 Train Time [66.60]
Round [121/200]	 Train Loss [0.1810]	 Train Acc [93.74]	 Train Time [48.93]
Round [122/200]	 Train Loss [0.1839]	 Train Acc [93.65]	 Train Time [85.63]
Round [123/200]	 Train Loss [0.1551]	 Train Acc [94.97]	 Train Time [45.84]
Round [124/200]	 Train Loss [0.1417]	 Train Acc [95.20]	 Train Time [66.86]
Round [125/200]	 Train Loss [0.1116]	 Train Acc [96.19]	 Train Time [140.37]
Round [126/200]	 Train Loss [0.1203]	 Train Acc [95.91]	 Train Time [97.54]
Round [127/200]	 Train Loss [0.1488]	 Train Acc [94.61]	 Train Time [49.90]
Round [128/200]	 Train Loss [0.1338]	 Train Acc [95.50]	 Train Time [68.70]
Round [129/200]	 Train Loss [0.1446]	 Train Acc [95.11]	 Train Time [65.86]
Round [130/200]	 Train Loss [0.1234]	 Train Acc [95.82]	 Train Time [64.79]
Round [131/200]	 Train Loss [0.1280]	 Train Acc [95.80]	 Train Time [55.80]
Round [132/200]	 Train Loss [0.1114]	 Train Acc [96.32]	 Train Time [58.50]
Round [133/200]	 Train Loss [0.1068]	 Train Acc [96.46]	 Train Time [74.04]
Round [134/200]	 Train Loss [0.1232]	 Train Acc [95.86]	 Train Time [60.69]
Round [135/200]	 Train Loss [0.1284]	 Train Acc [95.58]	 Train Time [59.87]
Round [136/200]	 Train Loss [0.1246]	 Train Acc [95.75]	 Train Time [64.91]
Round [137/200]	 Train Loss [0.1154]	 Train Acc [96.22]	 Train Time [64.94]
Round [138/200]	 Train Loss [0.0669]	 Train Acc [97.90]	 Train Time [34.14]
Round [139/200]	 Train Loss [0.0886]	 Train Acc [96.93]	 Train Time [66.26]
KL Divergence: μ=0.4396
Round [140/200]	 Train Loss [0.1083]	 Train Acc [96.32]	 Test Loss [0.4091]	 Test Acc [87.24(11.45)]	 Train Time [87.65]
Round [141/200]	 Train Loss [0.0896]	 Train Acc [96.96]	 Train Time [78.57]
Round [142/200]	 Train Loss [0.1442]	 Train Acc [95.20]	 Train Time [77.45]
Round [143/200]	 Train Loss [0.0906]	 Train Acc [96.97]	 Train Time [70.90]
Round [144/200]	 Train Loss [0.1196]	 Train Acc [95.95]	 Train Time [56.87]
Round [145/200]	 Train Loss [0.1178]	 Train Acc [95.97]	 Train Time [57.46]
Round [146/200]	 Train Loss [0.0883]	 Train Acc [97.13]	 Train Time [41.94]
Round [147/200]	 Train Loss [0.0838]	 Train Acc [97.14]	 Train Time [72.14]
Round [148/200]	 Train Loss [0.1020]	 Train Acc [96.48]	 Train Time [43.43]
Round [149/200]	 Train Loss [0.0977]	 Train Acc [96.70]	 Train Time [88.78]
Round [150/200]	 Train Loss [0.1038]	 Train Acc [96.44]	 Train Time [81.39]
Round [151/200]	 Train Loss [0.0894]	 Train Acc [97.03]	 Train Time [103.18]
Round [152/200]	 Train Loss [0.0742]	 Train Acc [97.55]	 Train Time [77.52]
Round [153/200]	 Train Loss [0.1050]	 Train Acc [96.44]	 Train Time [44.17]
Round [154/200]	 Train Loss [0.0931]	 Train Acc [96.88]	 Train Time [86.74]
Round [155/200]	 Train Loss [0.0998]	 Train Acc [96.73]	 Train Time [107.92]
Round [156/200]	 Train Loss [0.0964]	 Train Acc [96.73]	 Train Time [48.64]
Round [157/200]	 Train Loss [0.0740]	 Train Acc [97.57]	 Train Time [80.55]
Round [158/200]	 Train Loss [0.1058]	 Train Acc [96.43]	 Train Time [56.04]
Round [159/200]	 Train Loss [0.0676]	 Train Acc [97.83]	 Train Time [163.56]
KL Divergence: μ=0.3747
Round [160/200]	 Train Loss [0.0807]	 Train Acc [97.24]	 Test Loss [0.4342]	 Test Acc [87.65(10.91)]	 Train Time [76.38]
Round [161/200]	 Train Loss [0.0835]	 Train Acc [97.35]	 Train Time [63.75]
Round [162/200]	 Train Loss [0.0728]	 Train Acc [97.74]	 Train Time [88.88]
Round [163/200]	 Train Loss [0.0679]	 Train Acc [97.89]	 Train Time [43.93]
Round [164/200]	 Train Loss [0.0537]	 Train Acc [98.19]	 Train Time [59.47]
Round [165/200]	 Train Loss [0.1009]	 Train Acc [96.72]	 Train Time [56.55]
Round [166/200]	 Train Loss [0.0747]	 Train Acc [97.54]	 Train Time [73.02]
Round [167/200]	 Train Loss [0.0840]	 Train Acc [97.26]	 Train Time [95.92]
Round [168/200]	 Train Loss [0.0798]	 Train Acc [97.40]	 Train Time [70.82]
Round [169/200]	 Train Loss [0.0793]	 Train Acc [97.26]	 Train Time [80.20]
Round [170/200]	 Train Loss [0.0626]	 Train Acc [98.07]	 Train Time [55.96]
Round [171/200]	 Train Loss [0.0595]	 Train Acc [98.06]	 Train Time [68.63]
Round [172/200]	 Train Loss [0.0957]	 Train Acc [96.87]	 Train Time [89.65]
Round [173/200]	 Train Loss [0.0586]	 Train Acc [98.08]	 Train Time [85.57]
Round [174/200]	 Train Loss [0.0640]	 Train Acc [97.85]	 Train Time [58.44]
Round [175/200]	 Train Loss [0.0584]	 Train Acc [98.07]	 Train Time [113.68]
Round [176/200]	 Train Loss [0.0569]	 Train Acc [98.12]	 Train Time [85.07]
Round [177/200]	 Train Loss [0.0594]	 Train Acc [98.12]	 Train Time [86.60]
Round [178/200]	 Train Loss [0.0777]	 Train Acc [97.47]	 Train Time [86.97]
Round [179/200]	 Train Loss [0.0709]	 Train Acc [97.64]	 Train Time [54.69]
KL Divergence: μ=0.4363
Round [180/200]	 Train Loss [0.0344]	 Train Acc [98.91]	 Test Loss [0.4654]	 Test Acc [87.66(11.11)]	 Train Time [93.87]
Round [181/200]	 Train Loss [0.0855]	 Train Acc [97.13]	 Train Time [70.87]
Round [182/200]	 Train Loss [0.0562]	 Train Acc [98.14]	 Train Time [78.64]
Round [183/200]	 Train Loss [0.0684]	 Train Acc [97.86]	 Train Time [93.40]
Round [184/200]	 Train Loss [0.0719]	 Train Acc [97.63]	 Train Time [63.40]
Round [185/200]	 Train Loss [0.0670]	 Train Acc [97.82]	 Train Time [49.96]
Round [186/200]	 Train Loss [0.0838]	 Train Acc [97.26]	 Train Time [50.64]
Round [187/200]	 Train Loss [0.0415]	 Train Acc [98.66]	 Train Time [90.43]
Round [188/200]	 Train Loss [0.0689]	 Train Acc [97.76]	 Train Time [199.81]
Round [189/200]	 Train Loss [0.0639]	 Train Acc [97.92]	 Train Time [60.12]
Round [190/200]	 Train Loss [0.0765]	 Train Acc [97.40]	 Train Time [53.69]
Round [191/200]	 Train Loss [0.0690]	 Train Acc [97.62]	 Train Time [74.77]
Round [192/200]	 Train Loss [0.0534]	 Train Acc [98.35]	 Train Time [59.64]
Round [193/200]	 Train Loss [0.0480]	 Train Acc [98.39]	 Train Time [49.34]
Round [194/200]	 Train Loss [0.0620]	 Train Acc [98.01]	 Train Time [80.82]
Round [195/200]	 Train Loss [0.0507]	 Train Acc [98.42]	 Train Time [81.03]
Round [196/200]	 Train Loss [0.0645]	 Train Acc [97.91]	 Train Time [94.68]
Round [197/200]	 Train Loss [0.0441]	 Train Acc [98.62]	 Train Time [53.69]
Round [198/200]	 Train Loss [0.0440]	 Train Acc [98.60]	 Train Time [87.13]
Round [199/200]	 Train Loss [0.0556]	 Train Acc [98.25]	 Train Time [70.78]
KL Divergence: μ=0.3747
Round [200/200]	 Train Loss [0.0599]	 Train Acc [98.04]	 Test Loss [0.4314]	 Test Acc [87.93(11.53)]	 Train Time [267.49]
Method took (76.38, 26.58) seconds per training iteration
Method took (15353.05) total seconds

Training pFedFDA...
Round [1/200]	 Train Loss [4.8460]	 Train Acc [70.00]	 Train Time [116.64]
Round [2/200]	 Train Loss [1.0992]	 Train Acc [70.90]	 Train Time [96.47]
Round [3/200]	 Train Loss [1.2171]	 Train Acc [62.98]	 Train Time [76.23]
Round [4/200]	 Train Loss [1.4039]	 Train Acc [65.39]	 Train Time [85.23]
Round [5/200]	 Train Loss [0.8978]	 Train Acc [70.12]	 Train Time [67.73]
Round [6/200]	 Train Loss [0.9379]	 Train Acc [70.46]	 Train Time [78.85]
Round [7/200]	 Train Loss [0.7382]	 Train Acc [74.74]	 Train Time [63.31]
Round [8/200]	 Train Loss [0.7559]	 Train Acc [70.35]	 Train Time [79.11]
Round [9/200]	 Train Loss [0.6885]	 Train Acc [72.10]	 Train Time [64.79]
Round [10/200]	 Train Loss [0.6653]	 Train Acc [73.40]	 Train Time [107.67]
Round [11/200]	 Train Loss [0.6453]	 Train Acc [72.40]	 Train Time [91.27]
Round [12/200]	 Train Loss [0.6108]	 Train Acc [75.63]	 Train Time [95.47]
Round [13/200]	 Train Loss [0.6125]	 Train Acc [74.87]	 Train Time [107.61]
Round [14/200]	 Train Loss [0.5839]	 Train Acc [77.47]	 Train Time [79.61]
Round [15/200]	 Train Loss [0.7015]	 Train Acc [72.39]	 Train Time [80.90]
Round [16/200]	 Train Loss [0.6084]	 Train Acc [75.91]	 Train Time [87.85]
Round [17/200]	 Train Loss [0.6214]	 Train Acc [75.46]	 Train Time [76.59]
Round [18/200]	 Train Loss [0.7289]	 Train Acc [71.07]	 Train Time [98.02]
Round [19/200]	 Train Loss [0.7023]	 Train Acc [68.42]	 Train Time [76.33]
KL Divergence: μ=0.0028
Round [20/200]	 Train Loss [0.6229]	 Train Acc [76.37]	 Test Loss [0.6703]	 Test Acc [73.65(22.52)]	 Train Time [87.22]
Round [21/200]	 Train Loss [0.6220]	 Train Acc [75.40]	 Train Time [88.24]
Round [22/200]	 Train Loss [0.6253]	 Train Acc [75.93]	 Train Time [71.21]
Round [23/200]	 Train Loss [0.6509]	 Train Acc [73.69]	 Train Time [90.41]
Round [24/200]	 Train Loss [0.5502]	 Train Acc [77.37]	 Train Time [98.55]
Round [25/200]	 Train Loss [0.7246]	 Train Acc [70.81]	 Train Time [88.91]
Round [26/200]	 Train Loss [0.7826]	 Train Acc [68.11]	 Train Time [85.72]
Round [27/200]	 Train Loss [0.4937]	 Train Acc [80.91]	 Train Time [66.27]
Round [28/200]	 Train Loss [0.5059]	 Train Acc [80.22]	 Train Time [65.70]
Round [29/200]	 Train Loss [0.6941]	 Train Acc [71.52]	 Train Time [84.95]
Round [30/200]	 Train Loss [0.6671]	 Train Acc [71.37]	 Train Time [75.35]
Round [31/200]	 Train Loss [0.5553]	 Train Acc [79.22]	 Train Time [97.58]
Round [32/200]	 Train Loss [0.6941]	 Train Acc [73.92]	 Train Time [78.75]
Round [33/200]	 Train Loss [0.6090]	 Train Acc [76.49]	 Train Time [89.38]
Round [34/200]	 Train Loss [0.6469]	 Train Acc [75.19]	 Train Time [109.69]
Round [35/200]	 Train Loss [0.7166]	 Train Acc [71.23]	 Train Time [57.52]
Round [36/200]	 Train Loss [0.6300]	 Train Acc [72.67]	 Train Time [65.65]
Round [37/200]	 Train Loss [0.6270]	 Train Acc [74.06]	 Train Time [74.73]
Round [38/200]	 Train Loss [0.6133]	 Train Acc [74.52]	 Train Time [87.11]
Round [39/200]	 Train Loss [0.6472]	 Train Acc [74.66]	 Train Time [100.82]
KL Divergence: μ=0.0010
Round [40/200]	 Train Loss [0.6256]	 Train Acc [74.57]	 Test Loss [0.6703]	 Test Acc [73.65(22.52)]	 Train Time [101.39]
Round [41/200]	 Train Loss [0.5892]	 Train Acc [75.83]	 Train Time [79.50]
Round [42/200]	 Train Loss [0.7165]	 Train Acc [71.74]	 Train Time [88.36]
Round [43/200]	 Train Loss [0.6384]	 Train Acc [74.02]	 Train Time [96.19]
Round [44/200]	 Train Loss [0.6324]	 Train Acc [75.75]	 Train Time [119.84]
Round [45/200]	 Train Loss [0.5347]	 Train Acc [79.56]	 Train Time [99.20]
Round [46/200]	 Train Loss [0.6472]	 Train Acc [76.43]	 Train Time [90.24]
Round [47/200]	 Train Loss [0.6876]	 Train Acc [71.11]	 Train Time [39.22]
Round [48/200]	 Train Loss [0.5400]	 Train Acc [80.24]	 Train Time [106.13]
Round [49/200]	 Train Loss [0.6382]	 Train Acc [75.33]	 Train Time [101.43]
Round [50/200]	 Train Loss [0.5689]	 Train Acc [77.28]	 Train Time [98.72]
Round [51/200]	 Train Loss [0.9274]	 Train Acc [62.08]	 Train Time [70.37]
Round [52/200]	 Train Loss [0.7249]	 Train Acc [70.33]	 Train Time [82.38]
Round [53/200]	 Train Loss [0.7150]	 Train Acc [71.20]	 Train Time [84.82]
Round [54/200]	 Train Loss [0.6650]	 Train Acc [71.68]	 Train Time [87.65]
Round [55/200]	 Train Loss [0.5290]	 Train Acc [80.28]	 Train Time [82.38]
Round [56/200]	 Train Loss [0.5788]	 Train Acc [77.03]	 Train Time [93.54]
Round [57/200]	 Train Loss [0.6563]	 Train Acc [75.18]	 Train Time [91.59]
Round [58/200]	 Train Loss [0.5120]	 Train Acc [78.57]	 Train Time [86.06]
Round [59/200]	 Train Loss [0.7055]	 Train Acc [71.36]	 Train Time [78.19]
KL Divergence: μ=0.0012
Round [60/200]	 Train Loss [0.5174]	 Train Acc [78.28]	 Test Loss [0.6702]	 Test Acc [73.65(22.52)]	 Train Time [92.22]
Round [61/200]	 Train Loss [0.6792]	 Train Acc [74.54]	 Train Time [93.99]
Round [62/200]	 Train Loss [0.7372]	 Train Acc [71.73]	 Train Time [80.26]
Round [63/200]	 Train Loss [0.6072]	 Train Acc [76.22]	 Train Time [115.86]
Round [64/200]	 Train Loss [0.7896]	 Train Acc [67.96]	 Train Time [63.07]
Round [65/200]	 Train Loss [0.6442]	 Train Acc [73.89]	 Train Time [88.99]
Round [66/200]	 Train Loss [0.8117]	 Train Acc [64.76]	 Train Time [63.54]
Round [67/200]	 Train Loss [0.6586]	 Train Acc [71.61]	 Train Time [74.69]
Round [68/200]	 Train Loss [0.5669]	 Train Acc [76.55]	 Train Time [76.61]
Round [69/200]	 Train Loss [0.6441]	 Train Acc [73.46]	 Train Time [99.01]
Round [70/200]	 Train Loss [0.6402]	 Train Acc [71.76]	 Train Time [85.60]
Round [71/200]	 Train Loss [0.5897]	 Train Acc [77.14]	 Train Time [98.73]
Round [72/200]	 Train Loss [0.5630]	 Train Acc [78.52]	 Train Time [73.13]
Round [73/200]	 Train Loss [0.7265]	 Train Acc [69.85]	 Train Time [79.69]
Round [74/200]	 Train Loss [0.6296]	 Train Acc [76.56]	 Train Time [100.39]
Round [75/200]	 Train Loss [0.5211]	 Train Acc [78.44]	 Train Time [90.56]
Round [76/200]	 Train Loss [0.6486]	 Train Acc [74.68]	 Train Time [89.92]
Round [77/200]	 Train Loss [0.6478]	 Train Acc [74.42]	 Train Time [87.39]
Round [78/200]	 Train Loss [0.5714]	 Train Acc [77.68]	 Train Time [95.16]
Round [79/200]	 Train Loss [0.7436]	 Train Acc [70.48]	 Train Time [90.70]
KL Divergence: μ=0.0009
Round [80/200]	 Train Loss [0.6103]	 Train Acc [75.54]	 Test Loss [0.6699]	 Test Acc [73.65(22.52)]	 Train Time [92.84]
Round [81/200]	 Train Loss [0.7515]	 Train Acc [69.03]	 Train Time [80.86]
Round [82/200]	 Train Loss [0.5633]	 Train Acc [79.21]	 Train Time [108.09]
Round [83/200]	 Train Loss [0.6197]	 Train Acc [73.65]	 Train Time [91.43]
Round [84/200]	 Train Loss [0.5392]	 Train Acc [79.03]	 Train Time [94.15]
Round [85/200]	 Train Loss [0.5871]	 Train Acc [74.80]	 Train Time [116.74]
Round [86/200]	 Train Loss [0.6387]	 Train Acc [73.79]	 Train Time [93.94]
Round [87/200]	 Train Loss [0.5466]	 Train Acc [79.23]	 Train Time [99.50]
Round [88/200]	 Train Loss [0.7558]	 Train Acc [67.21]	 Train Time [72.15]
Round [89/200]	 Train Loss [0.6853]	 Train Acc [72.40]	 Train Time [104.54]
Round [90/200]	 Train Loss [0.6017]	 Train Acc [75.24]	 Train Time [83.56]
Round [91/200]	 Train Loss [0.6720]	 Train Acc [72.79]	 Train Time [76.99]
Round [92/200]	 Train Loss [0.6758]	 Train Acc [72.49]	 Train Time [62.43]
Round [93/200]	 Train Loss [0.7134]	 Train Acc [73.10]	 Train Time [76.85]
Round [94/200]	 Train Loss [0.6084]	 Train Acc [75.80]	 Train Time [96.90]
Round [95/200]	 Train Loss [0.5306]	 Train Acc [78.91]	 Train Time [87.73]
Round [96/200]	 Train Loss [0.6632]	 Train Acc [73.34]	 Train Time [85.56]
Round [97/200]	 Train Loss [0.8020]	 Train Acc [68.37]	 Train Time [53.29]
Round [98/200]	 Train Loss [0.5025]	 Train Acc [81.03]	 Train Time [79.09]
Round [99/200]	 Train Loss [0.5527]	 Train Acc [78.72]	 Train Time [92.06]
KL Divergence: μ=0.3039
Round [100/200]	 Train Loss [0.5158]	 Train Acc [80.73]	 Test Loss [0.6066]	 Test Acc [75.65(19.79)]	 Train Time [62.78]
Round [101/200]	 Train Loss [0.6003]	 Train Acc [76.89]	 Train Time [78.32]
Round [102/200]	 Train Loss [0.5766]	 Train Acc [78.44]	 Train Time [75.07]
Round [103/200]	 Train Loss [0.4721]	 Train Acc [82.65]	 Train Time [70.64]
Round [104/200]	 Train Loss [0.5151]	 Train Acc [78.63]	 Train Time [38.20]
Round [105/200]	 Train Loss [0.4717]	 Train Acc [82.43]	 Train Time [89.30]
Round [106/200]	 Train Loss [0.3622]	 Train Acc [86.03]	 Train Time [94.02]
Round [107/200]	 Train Loss [0.3927]	 Train Acc [85.08]	 Train Time [90.75]
Round [108/200]	 Train Loss [0.5074]	 Train Acc [80.63]	 Train Time [84.07]
Round [109/200]	 Train Loss [0.4749]	 Train Acc [81.37]	 Train Time [97.29]
Round [110/200]	 Train Loss [0.3462]	 Train Acc [88.18]	 Train Time [75.33]
Round [111/200]	 Train Loss [0.3595]	 Train Acc [86.96]	 Train Time [110.29]
Round [112/200]	 Train Loss [0.3581]	 Train Acc [87.08]	 Train Time [101.59]
Round [113/200]	 Train Loss [0.2510]	 Train Acc [90.77]	 Train Time [92.39]
Round [114/200]	 Train Loss [0.2934]	 Train Acc [89.36]	 Train Time [64.16]
Round [115/200]	 Train Loss [0.3334]	 Train Acc [87.79]	 Train Time [92.40]
Round [116/200]	 Train Loss [0.3066]	 Train Acc [88.53]	 Train Time [84.15]
Round [117/200]	 Train Loss [0.2299]	 Train Acc [91.94]	 Train Time [65.55]
Round [118/200]	 Train Loss [0.3909]	 Train Acc [85.84]	 Train Time [79.80]
Round [119/200]	 Train Loss [0.3789]	 Train Acc [86.12]	 Train Time [53.61]
KL Divergence: μ=1.0860
Round [120/200]	 Train Loss [0.3930]	 Train Acc [86.18]	 Test Loss [0.4187]	 Test Acc [85.85(13.88)]	 Train Time [67.19]
Round [121/200]	 Train Loss [0.2518]	 Train Acc [91.35]	 Train Time [98.62]
Round [122/200]	 Train Loss [0.2421]	 Train Acc [91.30]	 Train Time [70.65]
Round [123/200]	 Train Loss [0.3184]	 Train Acc [88.46]	 Train Time [78.78]
Round [124/200]	 Train Loss [0.2982]	 Train Acc [89.53]	 Train Time [88.19]
Round [125/200]	 Train Loss [0.2312]	 Train Acc [91.75]	 Train Time [99.57]
Round [126/200]	 Train Loss [0.2528]	 Train Acc [91.01]	 Train Time [62.18]
Round [127/200]	 Train Loss [0.1857]	 Train Acc [93.72]	 Train Time [74.17]
Round [128/200]	 Train Loss [0.1594]	 Train Acc [94.60]	 Train Time [65.48]
Round [129/200]	 Train Loss [0.2555]	 Train Acc [90.96]	 Train Time [86.93]
Round [130/200]	 Train Loss [0.2119]	 Train Acc [92.84]	 Train Time [91.87]
Round [131/200]	 Train Loss [0.2457]	 Train Acc [91.28]	 Train Time [65.93]
Round [132/200]	 Train Loss [0.1910]	 Train Acc [93.57]	 Train Time [110.78]
Round [133/200]	 Train Loss [0.1816]	 Train Acc [93.63]	 Train Time [64.55]
Round [134/200]	 Train Loss [0.1867]	 Train Acc [93.65]	 Train Time [60.43]
Round [135/200]	 Train Loss [0.1659]	 Train Acc [94.37]	 Train Time [71.88]
Round [136/200]	 Train Loss [0.1575]	 Train Acc [94.66]	 Train Time [68.36]
Round [137/200]	 Train Loss [0.1705]	 Train Acc [94.18]	 Train Time [85.68]
Round [138/200]	 Train Loss [0.1530]	 Train Acc [94.75]	 Train Time [78.40]
Round [139/200]	 Train Loss [0.1595]	 Train Acc [94.77]	 Train Time [89.17]
KL Divergence: μ=0.9591
Round [140/200]	 Train Loss [0.1555]	 Train Acc [94.81]	 Test Loss [0.4205]	 Test Acc [86.81(14.10)]	 Train Time [61.76]
Round [141/200]	 Train Loss [0.1767]	 Train Acc [93.85]	 Train Time [76.57]
Round [142/200]	 Train Loss [0.1606]	 Train Acc [94.63]	 Train Time [90.35]
Round [143/200]	 Train Loss [0.1110]	 Train Acc [96.19]	 Train Time [69.36]
Round [144/200]	 Train Loss [0.1135]	 Train Acc [96.25]	 Train Time [92.53]
Round [145/200]	 Train Loss [0.1217]	 Train Acc [95.85]	 Train Time [54.70]
Round [146/200]	 Train Loss [0.1598]	 Train Acc [94.51]	 Train Time [56.48]
Round [147/200]	 Train Loss [0.1360]	 Train Acc [95.38]	 Train Time [88.74]
Round [148/200]	 Train Loss [0.1401]	 Train Acc [95.23]	 Train Time [88.68]
Round [149/200]	 Train Loss [0.1202]	 Train Acc [95.97]	 Train Time [85.99]
Round [150/200]	 Train Loss [0.1253]	 Train Acc [95.68]	 Train Time [59.31]
Round [151/200]	 Train Loss [0.1003]	 Train Acc [96.55]	 Train Time [64.55]
Round [152/200]	 Train Loss [0.1038]	 Train Acc [96.57]	 Train Time [85.08]
Round [153/200]	 Train Loss [0.0988]	 Train Acc [96.74]	 Train Time [79.22]
Round [154/200]	 Train Loss [0.1077]	 Train Acc [96.33]	 Train Time [72.82]
Round [155/200]	 Train Loss [0.1330]	 Train Acc [95.63]	 Train Time [58.33]
Round [156/200]	 Train Loss [0.1425]	 Train Acc [95.33]	 Train Time [66.04]
Round [157/200]	 Train Loss [0.1385]	 Train Acc [95.20]	 Train Time [52.27]
Round [158/200]	 Train Loss [0.0923]	 Train Acc [96.97]	 Train Time [58.93]
Round [159/200]	 Train Loss [0.0984]	 Train Acc [96.72]	 Train Time [80.40]
KL Divergence: μ=0.4326
Round [160/200]	 Train Loss [0.1052]	 Train Acc [96.52]	 Test Loss [0.4255]	 Test Acc [86.84(14.17)]	 Train Time [84.52]
Round [161/200]	 Train Loss [0.1045]	 Train Acc [96.49]	 Train Time [87.57]
Round [162/200]	 Train Loss [0.0883]	 Train Acc [97.05]	 Train Time [90.45]
Round [163/200]	 Train Loss [0.1108]	 Train Acc [96.38]	 Train Time [58.38]
Round [164/200]	 Train Loss [0.1141]	 Train Acc [96.06]	 Train Time [88.46]
Round [165/200]	 Train Loss [0.1163]	 Train Acc [96.10]	 Train Time [69.20]
Round [166/200]	 Train Loss [0.1249]	 Train Acc [95.90]	 Train Time [64.82]
Round [167/200]	 Train Loss [0.0747]	 Train Acc [97.48]	 Train Time [66.96]
Round [168/200]	 Train Loss [0.0866]	 Train Acc [97.14]	 Train Time [95.83]
Round [169/200]	 Train Loss [0.0842]	 Train Acc [97.23]	 Train Time [81.11]
Round [170/200]	 Train Loss [0.1070]	 Train Acc [96.44]	 Train Time [80.40]
Round [171/200]	 Train Loss [0.0880]	 Train Acc [97.10]	 Train Time [90.11]
Round [172/200]	 Train Loss [0.1294]	 Train Acc [95.78]	 Train Time [53.90]
Round [173/200]	 Train Loss [0.0784]	 Train Acc [97.49]	 Train Time [78.03]
Round [174/200]	 Train Loss [0.0909]	 Train Acc [97.00]	 Train Time [76.33]
Round [175/200]	 Train Loss [0.0799]	 Train Acc [97.41]	 Train Time [85.44]
Round [176/200]	 Train Loss [0.0819]	 Train Acc [97.31]	 Train Time [71.12]
Round [177/200]	 Train Loss [0.0935]	 Train Acc [96.85]	 Train Time [65.79]
Round [178/200]	 Train Loss [0.0777]	 Train Acc [97.42]	 Train Time [81.76]
Round [179/200]	 Train Loss [0.0743]	 Train Acc [97.50]	 Train Time [77.11]
KL Divergence: μ=0.3099
Round [180/200]	 Train Loss [0.0792]	 Train Acc [97.44]	 Test Loss [0.4246]	 Test Acc [87.63(13.89)]	 Train Time [67.37]
Round [181/200]	 Train Loss [0.0712]	 Train Acc [97.65]	 Train Time [75.91]
Round [182/200]	 Train Loss [0.0754]	 Train Acc [97.44]	 Train Time [53.58]
Round [183/200]	 Train Loss [0.0735]	 Train Acc [97.59]	 Train Time [60.88]
Round [184/200]	 Train Loss [0.0788]	 Train Acc [97.35]	 Train Time [59.49]
Round [185/200]	 Train Loss [0.0760]	 Train Acc [97.63]	 Train Time [69.76]
Round [186/200]	 Train Loss [0.0689]	 Train Acc [97.73]	 Train Time [62.31]
Round [187/200]	 Train Loss [0.0860]	 Train Acc [97.19]	 Train Time [63.06]
Round [188/200]	 Train Loss [0.0874]	 Train Acc [97.15]	 Train Time [50.21]
Round [189/200]	 Train Loss [0.0591]	 Train Acc [98.10]	 Train Time [64.94]
Round [190/200]	 Train Loss [0.0656]	 Train Acc [97.77]	 Train Time [64.06]
Round [191/200]	 Train Loss [0.0622]	 Train Acc [97.97]	 Train Time [55.09]
Round [192/200]	 Train Loss [0.0749]	 Train Acc [97.54]	 Train Time [59.62]
Round [193/200]	 Train Loss [0.0717]	 Train Acc [97.62]	 Train Time [73.18]
Round [194/200]	 Train Loss [0.0705]	 Train Acc [97.65]	 Train Time [86.56]
Round [195/200]	 Train Loss [0.0866]	 Train Acc [97.12]	 Train Time [66.58]
Round [196/200]	 Train Loss [0.0760]	 Train Acc [97.59]	 Train Time [65.86]
Round [197/200]	 Train Loss [0.0523]	 Train Acc [98.37]	 Train Time [108.74]
Round [198/200]	 Train Loss [0.0628]	 Train Acc [98.01]	 Train Time [69.67]
Round [199/200]	 Train Loss [0.0768]	 Train Acc [97.54]	 Train Time [62.55]
KL Divergence: μ=0.3178
Round [200/200]	 Train Loss [0.0551]	 Train Acc [98.22]	 Test Loss [0.4399]	 Test Acc [87.13(13.68)]	 Train Time [219.03]
Method took (81.43, 18.28) seconds per training iteration
Method took (16374.21) total seconds
