Training pFedMDG...
Round [1/200]	 Train Loss [3.6128]	 Train Acc [21.57]	 Train Time [225.53]
Round [2/200]	 Train Loss [14.6029]	 Train Acc [4.44]	 Train Time [169.41]
Round [3/200]	 Train Loss [9.1005]	 Train Acc [7.05]	 Train Time [138.98]
Round [4/200]	 Train Loss [5.5919]	 Train Acc [14.74]	 Train Time [155.38]
Round [5/200]	 Train Loss [4.2047]	 Train Acc [20.17]	 Train Time [142.46]
Round [6/200]	 Train Loss [3.9877]	 Train Acc [20.69]	 Train Time [177.26]
Round [7/200]	 Train Loss [3.4523]	 Train Acc [22.97]	 Train Time [124.47]
Round [8/200]	 Train Loss [2.7997]	 Train Acc [26.64]	 Train Time [114.53]
Round [9/200]	 Train Loss [3.1786]	 Train Acc [24.10]	 Train Time [94.23]
Round [10/200]	 Train Loss [2.8455]	 Train Acc [24.93]	 Train Time [140.13]
Round [11/200]	 Train Loss [2.7143]	 Train Acc [25.59]	 Train Time [183.53]
Round [12/200]	 Train Loss [2.5813]	 Train Acc [28.30]	 Train Time [160.49]
Round [13/200]	 Train Loss [2.5375]	 Train Acc [30.24]	 Train Time [163.30]
Round [14/200]	 Train Loss [2.4840]	 Train Acc [29.70]	 Train Time [127.76]
Round [15/200]	 Train Loss [2.4308]	 Train Acc [30.73]	 Train Time [120.76]
Round [16/200]	 Train Loss [2.5031]	 Train Acc [29.82]	 Train Time [133.33]
Round [17/200]	 Train Loss [2.4313]	 Train Acc [30.68]	 Train Time [153.21]
Round [18/200]	 Train Loss [2.2902]	 Train Acc [34.79]	 Train Time [139.65]
Round [19/200]	 Train Loss [2.3113]	 Train Acc [34.30]	 Train Time [137.28]
KL Divergence: μ=0.0722
Round [20/200]	 Train Loss [2.2273]	 Train Acc [37.50]	 Test Loss [2.4111]	 Test Acc [31.56(11.04)]	 Train Time [123.64]
Round [21/200]	 Train Loss [2.2677]	 Train Acc [36.91]	 Train Time [133.28]
Round [22/200]	 Train Loss [2.2743]	 Train Acc [35.42]	 Train Time [141.42]
Round [23/200]	 Train Loss [2.2050]	 Train Acc [37.98]	 Train Time [133.50]
Round [24/200]	 Train Loss [2.1943]	 Train Acc [38.47]	 Train Time [133.18]
Round [25/200]	 Train Loss [2.1990]	 Train Acc [38.34]	 Train Time [95.57]
Round [26/200]	 Train Loss [2.1014]	 Train Acc [40.61]	 Train Time [110.75]
Round [27/200]	 Train Loss [2.0639]	 Train Acc [42.49]	 Train Time [130.50]
Round [28/200]	 Train Loss [2.0621]	 Train Acc [42.80]	 Train Time [138.50]
Round [29/200]	 Train Loss [2.1078]	 Train Acc [39.62]	 Train Time [139.71]
Round [30/200]	 Train Loss [2.0167]	 Train Acc [42.12]	 Train Time [151.06]
Round [31/200]	 Train Loss [2.0164]	 Train Acc [42.80]	 Train Time [101.82]
Round [32/200]	 Train Loss [2.0511]	 Train Acc [41.27]	 Train Time [130.09]
Round [33/200]	 Train Loss [1.9012]	 Train Acc [45.26]	 Train Time [111.35]
Round [34/200]	 Train Loss [1.9906]	 Train Acc [43.69]	 Train Time [137.25]
Round [35/200]	 Train Loss [1.9811]	 Train Acc [43.46]	 Train Time [133.94]
Round [36/200]	 Train Loss [1.9365]	 Train Acc [44.88]	 Train Time [153.27]
Round [37/200]	 Train Loss [1.9098]	 Train Acc [46.27]	 Train Time [123.56]
Round [38/200]	 Train Loss [1.9272]	 Train Acc [45.14]	 Train Time [149.05]
Round [39/200]	 Train Loss [1.9137]	 Train Acc [45.75]	 Train Time [164.51]
KL Divergence: μ=0.1513
Round [40/200]	 Train Loss [1.8588]	 Train Acc [47.05]	 Test Loss [2.1920]	 Test Acc [36.61(11.28)]	 Train Time [159.96]
Round [41/200]	 Train Loss [1.8560]	 Train Acc [47.35]	 Train Time [146.02]
Round [42/200]	 Train Loss [1.8127]	 Train Acc [48.85]	 Train Time [179.47]
Round [43/200]	 Train Loss [1.8570]	 Train Acc [47.33]	 Train Time [138.51]
Round [44/200]	 Train Loss [1.8177]	 Train Acc [48.18]	 Train Time [128.73]
Round [45/200]	 Train Loss [1.8347]	 Train Acc [47.29]	 Train Time [127.69]
Round [46/200]	 Train Loss [1.7560]	 Train Acc [50.97]	 Train Time [112.65]
Round [47/200]	 Train Loss [1.8586]	 Train Acc [47.37]	 Train Time [167.74]
Round [48/200]	 Train Loss [1.7652]	 Train Acc [49.66]	 Train Time [153.61]
Round [49/200]	 Train Loss [1.7954]	 Train Acc [48.55]	 Train Time [149.67]
Round [50/200]	 Train Loss [1.7473]	 Train Acc [50.58]	 Train Time [152.22]
Round [51/200]	 Train Loss [1.7212]	 Train Acc [50.50]	 Train Time [146.95]
Round [52/200]	 Train Loss [1.7799]	 Train Acc [49.64]	 Train Time [124.84]
Round [53/200]	 Train Loss [1.7088]	 Train Acc [50.72]	 Train Time [144.22]
Round [54/200]	 Train Loss [1.7652]	 Train Acc [49.81]	 Train Time [135.60]
Round [55/200]	 Train Loss [1.7577]	 Train Acc [50.16]	 Train Time [122.70]
Round [56/200]	 Train Loss [1.6562]	 Train Acc [52.92]	 Train Time [167.33]
Round [57/200]	 Train Loss [1.7213]	 Train Acc [50.82]	 Train Time [166.07]
Round [58/200]	 Train Loss [1.6684]	 Train Acc [52.14]	 Train Time [133.82]
Round [59/200]	 Train Loss [1.6382]	 Train Acc [53.27]	 Train Time [175.11]
KL Divergence: μ=0.1494
Round [60/200]	 Train Loss [1.6520]	 Train Acc [53.18]	 Test Loss [2.1158]	 Test Acc [39.24(11.43)]	 Train Time [118.95]
Round [61/200]	 Train Loss [1.6954]	 Train Acc [51.31]	 Train Time [122.13]
Round [62/200]	 Train Loss [1.7213]	 Train Acc [51.51]	 Train Time [117.78]
Round [63/200]	 Train Loss [1.6632]	 Train Acc [51.78]	 Train Time [200.41]
Round [64/200]	 Train Loss [1.7071]	 Train Acc [51.03]	 Train Time [147.60]
Round [65/200]	 Train Loss [1.6256]	 Train Acc [53.06]	 Train Time [101.41]
Round [66/200]	 Train Loss [1.6011]	 Train Acc [55.15]	 Train Time [141.03]
Round [67/200]	 Train Loss [1.6553]	 Train Acc [52.86]	 Train Time [166.75]
Round [68/200]	 Train Loss [1.6321]	 Train Acc [53.48]	 Train Time [158.23]
Round [69/200]	 Train Loss [1.6002]	 Train Acc [55.32]	 Train Time [160.75]
Round [70/200]	 Train Loss [1.5913]	 Train Acc [54.88]	 Train Time [143.86]
Round [71/200]	 Train Loss [1.6505]	 Train Acc [53.04]	 Train Time [100.44]
Round [72/200]	 Train Loss [1.5885]	 Train Acc [54.64]	 Train Time [179.45]
Round [73/200]	 Train Loss [1.6751]	 Train Acc [52.71]	 Train Time [169.50]
Round [74/200]	 Train Loss [1.6122]	 Train Acc [54.10]	 Train Time [105.91]
Round [75/200]	 Train Loss [1.5860]	 Train Acc [54.84]	 Train Time [130.12]
Round [76/200]	 Train Loss [1.5381]	 Train Acc [56.29]	 Train Time [125.81]
Round [77/200]	 Train Loss [1.5374]	 Train Acc [56.37]	 Train Time [102.79]
Round [78/200]	 Train Loss [1.6149]	 Train Acc [54.18]	 Train Time [116.68]
Round [79/200]	 Train Loss [1.6725]	 Train Acc [52.48]	 Train Time [113.61]
KL Divergence: μ=0.1299
Round [80/200]	 Train Loss [1.5663]	 Train Acc [55.67]	 Test Loss [2.0852]	 Test Acc [41.70(10.97)]	 Train Time [152.75]
Round [81/200]	 Train Loss [1.5250]	 Train Acc [56.50]	 Train Time [104.53]
Round [82/200]	 Train Loss [1.5413]	 Train Acc [55.49]	 Train Time [107.38]
Round [83/200]	 Train Loss [1.5466]	 Train Acc [55.43]	 Train Time [110.96]
Round [84/200]	 Train Loss [1.6033]	 Train Acc [53.73]	 Train Time [123.76]
Round [85/200]	 Train Loss [1.4983]	 Train Acc [57.16]	 Train Time [133.90]
Round [86/200]	 Train Loss [1.5505]	 Train Acc [55.74]	 Train Time [129.97]
Round [87/200]	 Train Loss [1.5246]	 Train Acc [56.63]	 Train Time [118.61]
Round [88/200]	 Train Loss [1.5674]	 Train Acc [55.66]	 Train Time [122.03]
Round [89/200]	 Train Loss [1.5809]	 Train Acc [54.98]	 Train Time [105.24]
Round [90/200]	 Train Loss [1.5456]	 Train Acc [56.12]	 Train Time [99.91]
Round [91/200]	 Train Loss [1.4919]	 Train Acc [57.84]	 Train Time [112.56]
Round [92/200]	 Train Loss [1.5481]	 Train Acc [56.55]	 Train Time [108.62]
Round [93/200]	 Train Loss [1.4435]	 Train Acc [59.40]	 Train Time [105.98]
Round [94/200]	 Train Loss [1.5150]	 Train Acc [56.73]	 Train Time [119.11]
Round [95/200]	 Train Loss [1.5732]	 Train Acc [55.66]	 Train Time [89.20]
Round [96/200]	 Train Loss [1.4699]	 Train Acc [58.51]	 Train Time [133.39]
Round [97/200]	 Train Loss [1.5153]	 Train Acc [56.35]	 Train Time [108.47]
Round [98/200]	 Train Loss [1.5050]	 Train Acc [57.03]	 Train Time [109.46]
Round [99/200]	 Train Loss [1.4969]	 Train Acc [57.59]	 Train Time [135.16]
KL Divergence: μ=0.1105
Round [100/200]	 Train Loss [1.4963]	 Train Acc [57.72]	 Test Loss [2.0572]	 Test Acc [42.91(10.93)]	 Train Time [128.74]
Round [101/200]	 Train Loss [1.4653]	 Train Acc [57.98]	 Train Time [117.35]
Round [102/200]	 Train Loss [1.4739]	 Train Acc [58.71]	 Train Time [138.12]
Round [103/200]	 Train Loss [1.4650]	 Train Acc [58.46]	 Train Time [142.63]
Round [104/200]	 Train Loss [1.4704]	 Train Acc [58.47]	 Train Time [144.35]
Round [105/200]	 Train Loss [1.5215]	 Train Acc [56.24]	 Train Time [146.19]
Round [106/200]	 Train Loss [1.4417]	 Train Acc [58.70]	 Train Time [107.68]
Round [107/200]	 Train Loss [1.4908]	 Train Acc [57.90]	 Train Time [124.49]
Round [108/200]	 Train Loss [1.5016]	 Train Acc [57.75]	 Train Time [139.20]
Round [109/200]	 Train Loss [1.4316]	 Train Acc [59.70]	 Train Time [114.26]
Round [110/200]	 Train Loss [1.4688]	 Train Acc [59.02]	 Train Time [103.40]
Round [111/200]	 Train Loss [1.4640]	 Train Acc [58.39]	 Train Time [131.91]
Round [112/200]	 Train Loss [1.4700]	 Train Acc [58.65]	 Train Time [111.82]
Round [113/200]	 Train Loss [1.4991]	 Train Acc [57.89]	 Train Time [95.06]
Round [114/200]	 Train Loss [1.4668]	 Train Acc [58.66]	 Train Time [148.38]
Round [115/200]	 Train Loss [1.4741]	 Train Acc [57.89]	 Train Time [109.42]
Round [116/200]	 Train Loss [1.4362]	 Train Acc [59.65]	 Train Time [115.93]
Round [117/200]	 Train Loss [1.4979]	 Train Acc [56.61]	 Train Time [76.97]
Round [118/200]	 Train Loss [1.4385]	 Train Acc [59.89]	 Train Time [139.62]
Round [119/200]	 Train Loss [1.3825]	 Train Acc [60.94]	 Train Time [123.09]
KL Divergence: μ=0.0905
Round [120/200]	 Train Loss [1.4044]	 Train Acc [60.31]	 Test Loss [2.0709]	 Test Acc [42.81(11.83)]	 Train Time [193.42]
Round [121/200]	 Train Loss [1.4321]	 Train Acc [58.59]	 Train Time [145.01]
Round [122/200]	 Train Loss [1.4001]	 Train Acc [60.21]	 Train Time [151.19]
Round [123/200]	 Train Loss [1.3917]	 Train Acc [60.29]	 Train Time [111.24]
Round [124/200]	 Train Loss [1.4613]	 Train Acc [58.10]	 Train Time [105.27]
Round [125/200]	 Train Loss [1.4089]	 Train Acc [59.74]	 Train Time [103.46]
Round [126/200]	 Train Loss [1.3758]	 Train Acc [60.83]	 Train Time [100.49]
Round [127/200]	 Train Loss [1.4718]	 Train Acc [58.48]	 Train Time [140.20]
Round [128/200]	 Train Loss [1.3871]	 Train Acc [60.40]	 Train Time [120.01]
Round [129/200]	 Train Loss [1.3600]	 Train Acc [61.59]	 Train Time [155.33]
Round [130/200]	 Train Loss [1.3520]	 Train Acc [60.64]	 Train Time [102.94]
Round [131/200]	 Train Loss [1.4112]	 Train Acc [60.16]	 Train Time [103.74]
Round [132/200]	 Train Loss [1.4437]	 Train Acc [58.58]	 Train Time [98.95]
Round [133/200]	 Train Loss [1.3741]	 Train Acc [60.29]	 Train Time [132.23]
Round [134/200]	 Train Loss [1.3427]	 Train Acc [62.10]	 Train Time [138.25]
Round [135/200]	 Train Loss [1.4021]	 Train Acc [60.06]	 Train Time [147.33]
Round [136/200]	 Train Loss [1.3563]	 Train Acc [60.95]	 Train Time [117.33]
Round [137/200]	 Train Loss [1.3740]	 Train Acc [60.78]	 Train Time [110.72]
Round [138/200]	 Train Loss [1.3665]	 Train Acc [61.28]	 Train Time [126.66]
Round [139/200]	 Train Loss [1.3781]	 Train Acc [60.93]	 Train Time [141.46]
KL Divergence: μ=0.0796
Round [140/200]	 Train Loss [1.3454]	 Train Acc [61.73]	 Test Loss [2.0463]	 Test Acc [43.37(10.41)]	 Train Time [108.12]
Round [141/200]	 Train Loss [1.3660]	 Train Acc [62.17]	 Train Time [115.50]
Round [142/200]	 Train Loss [1.3169]	 Train Acc [62.93]	 Train Time [103.26]
Round [143/200]	 Train Loss [1.3486]	 Train Acc [61.89]	 Train Time [151.87]
Round [144/200]	 Train Loss [1.3318]	 Train Acc [62.21]	 Train Time [118.41]
Round [145/200]	 Train Loss [1.3316]	 Train Acc [62.50]	 Train Time [175.86]
Round [146/200]	 Train Loss [1.3773]	 Train Acc [60.50]	 Train Time [151.66]
Round [147/200]	 Train Loss [1.3551]	 Train Acc [61.14]	 Train Time [144.82]
Round [148/200]	 Train Loss [1.3820]	 Train Acc [60.14]	 Train Time [112.72]
Round [149/200]	 Train Loss [1.2973]	 Train Acc [63.87]	 Train Time [113.66]
Round [150/200]	 Train Loss [1.3909]	 Train Acc [59.87]	 Train Time [110.19]
Round [151/200]	 Train Loss [1.3507]	 Train Acc [61.63]	 Train Time [155.99]
Round [152/200]	 Train Loss [1.3410]	 Train Acc [62.78]	 Train Time [141.30]
Round [153/200]	 Train Loss [1.3387]	 Train Acc [61.62]	 Train Time [98.79]
Round [154/200]	 Train Loss [1.3418]	 Train Acc [62.27]	 Train Time [131.00]
Round [155/200]	 Train Loss [1.3110]	 Train Acc [63.02]	 Train Time [103.26]
Round [156/200]	 Train Loss [1.3604]	 Train Acc [62.04]	 Train Time [146.01]
Round [157/200]	 Train Loss [1.2976]	 Train Acc [63.43]	 Train Time [140.19]
Round [158/200]	 Train Loss [1.3003]	 Train Acc [64.20]	 Train Time [82.89]
Round [159/200]	 Train Loss [1.4139]	 Train Acc [60.23]	 Train Time [103.31]
KL Divergence: μ=0.0708
Round [160/200]	 Train Loss [1.3002]	 Train Acc [63.76]	 Test Loss [2.0648]	 Test Acc [42.91(11.44)]	 Train Time [113.67]
Round [161/200]	 Train Loss [1.3527]	 Train Acc [61.54]	 Train Time [129.98]
Round [162/200]	 Train Loss [1.3427]	 Train Acc [62.08]	 Train Time [109.36]
Round [163/200]	 Train Loss [1.3159]	 Train Acc [62.42]	 Train Time [106.23]
Round [164/200]	 Train Loss [1.3208]	 Train Acc [62.21]	 Train Time [115.55]
Round [165/200]	 Train Loss [1.2547]	 Train Acc [64.57]	 Train Time [82.44]
Round [166/200]	 Train Loss [1.3414]	 Train Acc [62.28]	 Train Time [150.89]
Round [167/200]	 Train Loss [1.2981]	 Train Acc [62.78]	 Train Time [105.83]
Round [168/200]	 Train Loss [1.2998]	 Train Acc [63.54]	 Train Time [98.45]
Round [169/200]	 Train Loss [1.3175]	 Train Acc [62.44]	 Train Time [104.73]
Round [170/200]	 Train Loss [1.3626]	 Train Acc [61.63]	 Train Time [111.84]
Round [171/200]	 Train Loss [1.3527]	 Train Acc [61.25]	 Train Time [108.51]
Round [172/200]	 Train Loss [1.2329]	 Train Acc [64.94]	 Train Time [141.14]
Round [173/200]	 Train Loss [1.3561]	 Train Acc [61.37]	 Train Time [109.37]
Round [174/200]	 Train Loss [1.3674]	 Train Acc [60.50]	 Train Time [129.50]
Round [175/200]	 Train Loss [1.2424]	 Train Acc [65.91]	 Train Time [91.90]
Round [176/200]	 Train Loss [1.3318]	 Train Acc [62.78]	 Train Time [115.43]
Round [177/200]	 Train Loss [1.2658]	 Train Acc [63.99]	 Train Time [141.06]
Round [178/200]	 Train Loss [1.2788]	 Train Acc [63.35]	 Train Time [119.14]
Round [179/200]	 Train Loss [1.3131]	 Train Acc [63.15]	 Train Time [112.19]
KL Divergence: μ=0.0617
Round [180/200]	 Train Loss [1.2792]	 Train Acc [64.03]	 Test Loss [2.0638]	 Test Acc [43.37(11.97)]	 Train Time [83.07]
Round [181/200]	 Train Loss [1.2975]	 Train Acc [63.99]	 Train Time [137.76]
Round [182/200]	 Train Loss [1.3593]	 Train Acc [62.12]	 Train Time [122.99]
Round [183/200]	 Train Loss [1.2218]	 Train Acc [65.71]	 Train Time [140.56]
Round [184/200]	 Train Loss [1.2723]	 Train Acc [64.15]	 Train Time [90.99]
Round [185/200]	 Train Loss [1.3510]	 Train Acc [61.83]	 Train Time [127.15]
Round [186/200]	 Train Loss [1.2203]	 Train Acc [66.63]	 Train Time [124.77]
Round [187/200]	 Train Loss [1.2251]	 Train Acc [64.98]	 Train Time [124.75]
Round [188/200]	 Train Loss [1.3234]	 Train Acc [63.79]	 Train Time [180.95]
Round [189/200]	 Train Loss [1.3244]	 Train Acc [62.17]	 Train Time [261.45]
Round [190/200]	 Train Loss [1.2547]	 Train Acc [64.38]	 Train Time [342.17]
Round [191/200]	 Train Loss [1.3125]	 Train Acc [62.97]	 Train Time [228.38]
Round [192/200]	 Train Loss [1.2926]	 Train Acc [63.75]	 Train Time [195.49]
Round [193/200]	 Train Loss [1.2509]	 Train Acc [64.52]	 Train Time [179.31]
Round [194/200]	 Train Loss [1.2667]	 Train Acc [65.31]	 Train Time [316.63]
Round [195/200]	 Train Loss [1.2714]	 Train Acc [64.57]	 Train Time [172.20]
Round [196/200]	 Train Loss [1.2240]	 Train Acc [65.84]	 Train Time [235.98]
Round [197/200]	 Train Loss [1.2209]	 Train Acc [64.86]	 Train Time [204.72]
Round [198/200]	 Train Loss [1.2920]	 Train Acc [63.11]	 Train Time [307.22]
Round [199/200]	 Train Loss [1.2033]	 Train Acc [65.67]	 Train Time [270.01]
KL Divergence: μ=0.0483
Round [200/200]	 Train Loss [1.2482]	 Train Acc [64.91]	 Test Loss [2.0669]	 Test Acc [43.50(11.40)]	 Train Time [1037.48]
Method took (140.59, 74.00) seconds per training iteration
Method took (28837.40) total seconds
Training FedAvg...
Round [1/200]	 Train Loss [4.0865]	 Train Acc [21.41]	 Train Time [123.21]
Round [2/200]	 Train Loss [4.0604]	 Train Acc [19.55]	 Train Time [132.74]
Round [3/200]	 Train Loss [4.0421]	 Train Acc [19.35]	 Train Time [76.53]
Round [4/200]	 Train Loss [3.9800]	 Train Acc [20.56]	 Train Time [86.41]
Round [5/200]	 Train Loss [4.0742]	 Train Acc [19.72]	 Train Time [101.20]
Round [6/200]	 Train Loss [4.0286]	 Train Acc [21.87]	 Train Time [102.93]
Round [7/200]	 Train Loss [4.0526]	 Train Acc [19.71]	 Train Time [147.21]
Round [8/200]	 Train Loss [3.8889]	 Train Acc [24.14]	 Train Time [105.06]
Round [9/200]	 Train Loss [4.0134]	 Train Acc [20.72]	 Train Time [131.87]
Round [10/200]	 Train Loss [3.9688]	 Train Acc [22.90]	 Train Time [139.69]
Round [11/200]	 Train Loss [4.0548]	 Train Acc [19.56]	 Train Time [75.99]
Round [12/200]	 Train Loss [3.9694]	 Train Acc [23.27]	 Train Time [182.36]
Round [13/200]	 Train Loss [3.9440]	 Train Acc [24.07]	 Train Time [170.39]
Round [14/200]	 Train Loss [3.9335]	 Train Acc [23.09]	 Train Time [188.52]
Round [15/200]	 Train Loss [3.8963]	 Train Acc [25.68]	 Train Time [154.26]
Round [16/200]	 Train Loss [3.9887]	 Train Acc [22.33]	 Train Time [169.55]
Round [17/200]	 Train Loss [3.9778]	 Train Acc [23.36]	 Train Time [137.03]
Round [18/200]	 Train Loss [3.9894]	 Train Acc [22.73]	 Train Time [151.88]
Round [19/200]	 Train Loss [3.8969]	 Train Acc [25.28]	 Train Time [206.01]
Round [20/200]	 Train Loss [3.8781]	 Train Acc [26.20]	 Test Loss [4.5387|3.4238]	 Test Acc [3.54(5.58)|26.12(10.20)]	 Train Time [139.37]
Round [21/200]	 Train Loss [3.8875]	 Train Acc [24.49]	 Train Time [170.84]
Round [22/200]	 Train Loss [3.8875]	 Train Acc [26.09]	 Train Time [137.25]
Round [23/200]	 Train Loss [3.8809]	 Train Acc [26.21]	 Train Time [162.91]
Round [24/200]	 Train Loss [3.8760]	 Train Acc [26.35]	 Train Time [178.78]
Round [25/200]	 Train Loss [3.8729]	 Train Acc [25.06]	 Train Time [168.28]
Round [26/200]	 Train Loss [3.8434]	 Train Acc [26.63]	 Train Time [149.17]
Round [27/200]	 Train Loss [3.8270]	 Train Acc [27.93]	 Train Time [182.82]
Round [28/200]	 Train Loss [3.8470]	 Train Acc [28.10]	 Train Time [177.91]
Round [29/200]	 Train Loss [3.8189]	 Train Acc [28.96]	 Train Time [220.81]
Round [30/200]	 Train Loss [3.7879]	 Train Acc [28.52]	 Train Time [115.16]
Round [31/200]	 Train Loss [3.6925]	 Train Acc [30.46]	 Train Time [131.55]
Round [32/200]	 Train Loss [3.8146]	 Train Acc [28.04]	 Train Time [165.31]
Round [33/200]	 Train Loss [3.7863]	 Train Acc [29.13]	 Train Time [187.13]
Round [34/200]	 Train Loss [3.7783]	 Train Acc [29.59]	 Train Time [199.17]
Round [35/200]	 Train Loss [3.6800]	 Train Acc [31.91]	 Train Time [176.69]
Round [36/200]	 Train Loss [3.6644]	 Train Acc [31.69]	 Train Time [251.96]
Round [37/200]	 Train Loss [3.6856]	 Train Acc [31.94]	 Train Time [210.42]
Round [38/200]	 Train Loss [3.7224]	 Train Acc [31.07]	 Train Time [178.46]
Round [39/200]	 Train Loss [3.7510]	 Train Acc [28.40]	 Train Time [109.64]
Round [40/200]	 Train Loss [3.5837]	 Train Acc [33.50]	 Test Loss [4.4039|3.2741]	 Test Acc [7.02(6.83)|31.30(10.75)]	 Train Time [157.56]
Round [41/200]	 Train Loss [3.6396]	 Train Acc [31.72]	 Train Time [143.37]
Round [42/200]	 Train Loss [3.6522]	 Train Acc [31.81]	 Train Time [136.20]
Round [43/200]	 Train Loss [3.6272]	 Train Acc [32.30]	 Train Time [140.16]
Round [44/200]	 Train Loss [3.4964]	 Train Acc [36.51]	 Train Time [134.34]
Round [45/200]	 Train Loss [3.5137]	 Train Acc [33.90]	 Train Time [142.33]
Round [46/200]	 Train Loss [3.5351]	 Train Acc [35.32]	 Train Time [147.83]
Round [47/200]	 Train Loss [3.6267]	 Train Acc [32.36]	 Train Time [174.32]
Round [48/200]	 Train Loss [3.5678]	 Train Acc [34.04]	 Train Time [145.27]
Round [49/200]	 Train Loss [3.5311]	 Train Acc [36.05]	 Train Time [180.58]
Round [50/200]	 Train Loss [3.5622]	 Train Acc [33.35]	 Train Time [119.67]
Round [51/200]	 Train Loss [3.3862]	 Train Acc [36.68]	 Train Time [120.50]
Round [52/200]	 Train Loss [3.4768]	 Train Acc [35.20]	 Train Time [116.03]
Round [53/200]	 Train Loss [3.4838]	 Train Acc [36.33]	 Train Time [179.13]
Round [54/200]	 Train Loss [3.5364]	 Train Acc [35.33]	 Train Time [159.37]
Round [55/200]	 Train Loss [3.4374]	 Train Acc [37.32]	 Train Time [136.64]
Round [56/200]	 Train Loss [3.4074]	 Train Acc [36.55]	 Train Time [176.80]
Round [57/200]	 Train Loss [3.3900]	 Train Acc [38.41]	 Train Time [134.58]
Round [58/200]	 Train Loss [3.3946]	 Train Acc [37.82]	 Train Time [100.07]
Round [59/200]	 Train Loss [3.3575]	 Train Acc [39.75]	 Train Time [184.42]
Round [60/200]	 Train Loss [3.3697]	 Train Acc [38.65]	 Test Loss [4.2490|3.0983]	 Test Acc [8.86(7.79)|36.35(10.65)]	 Train Time [139.90]
Round [61/200]	 Train Loss [3.3459]	 Train Acc [39.85]	 Train Time [173.93]
Round [62/200]	 Train Loss [3.3840]	 Train Acc [38.11]	 Train Time [194.80]
Round [63/200]	 Train Loss [3.3714]	 Train Acc [39.43]	 Train Time [174.96]
Round [64/200]	 Train Loss [3.3739]	 Train Acc [39.05]	 Train Time [190.00]
Round [65/200]	 Train Loss [3.3165]	 Train Acc [40.51]	 Train Time [93.21]
Round [66/200]	 Train Loss [3.3622]	 Train Acc [37.90]	 Train Time [194.12]
Round [67/200]	 Train Loss [3.2504]	 Train Acc [41.45]	 Train Time [106.07]
Round [68/200]	 Train Loss [3.2220]	 Train Acc [41.71]	 Train Time [164.71]
Round [69/200]	 Train Loss [3.1995]	 Train Acc [41.98]	 Train Time [136.44]
Round [70/200]	 Train Loss [3.3156]	 Train Acc [40.16]	 Train Time [188.87]
Round [71/200]	 Train Loss [3.2361]	 Train Acc [40.96]	 Train Time [208.31]
Round [72/200]	 Train Loss [3.1983]	 Train Acc [42.69]	 Train Time [163.39]
Round [73/200]	 Train Loss [3.2273]	 Train Acc [42.02]	 Train Time [203.31]
Round [74/200]	 Train Loss [3.2264]	 Train Acc [40.97]	 Train Time [147.94]
Round [75/200]	 Train Loss [3.2135]	 Train Acc [44.61]	 Train Time [104.15]
Round [76/200]	 Train Loss [3.1999]	 Train Acc [42.90]	 Train Time [159.03]
Round [77/200]	 Train Loss [3.0873]	 Train Acc [44.15]	 Train Time [139.28]
Round [78/200]	 Train Loss [3.1152]	 Train Acc [44.02]	 Train Time [151.43]
Round [79/200]	 Train Loss [3.1180]	 Train Acc [45.36]	 Train Time [187.20]
Round [80/200]	 Train Loss [3.0773]	 Train Acc [46.04]	 Test Loss [4.0853|2.9157]	 Test Acc [10.99(8.76)|41.80(10.56)]	 Train Time [180.39]
Round [81/200]	 Train Loss [3.0614]	 Train Acc [45.35]	 Train Time [165.71]
Round [82/200]	 Train Loss [2.9974]	 Train Acc [46.68]	 Train Time [121.88]
Round [83/200]	 Train Loss [3.0320]	 Train Acc [46.48]	 Train Time [87.49]
Round [84/200]	 Train Loss [3.0789]	 Train Acc [46.05]	 Train Time [176.09]
Round [85/200]	 Train Loss [2.9330]	 Train Acc [48.51]	 Train Time [168.05]
Round [86/200]	 Train Loss [3.0692]	 Train Acc [45.63]	 Train Time [155.54]
Round [87/200]	 Train Loss [3.0144]	 Train Acc [47.00]	 Train Time [153.68]
Round [88/200]	 Train Loss [2.9404]	 Train Acc [49.29]	 Train Time [181.52]
Round [89/200]	 Train Loss [2.9755]	 Train Acc [48.36]	 Train Time [138.92]
Round [90/200]	 Train Loss [2.9777]	 Train Acc [46.75]	 Train Time [203.65]
Round [91/200]	 Train Loss [2.8913]	 Train Acc [49.72]	 Train Time [169.27]
Round [92/200]	 Train Loss [2.8745]	 Train Acc [49.40]	 Train Time [149.74]
Round [93/200]	 Train Loss [2.8434]	 Train Acc [50.39]	 Train Time [161.73]
Round [94/200]	 Train Loss [2.8255]	 Train Acc [50.95]	 Train Time [117.47]
Round [95/200]	 Train Loss [2.7991]	 Train Acc [51.08]	 Train Time [172.97]
Round [96/200]	 Train Loss [2.8492]	 Train Acc [51.96]	 Train Time [181.20]
Round [97/200]	 Train Loss [2.8994]	 Train Acc [49.39]	 Train Time [141.01]
Round [98/200]	 Train Loss [2.8443]	 Train Acc [51.45]	 Train Time [144.23]
Round [99/200]	 Train Loss [2.8302]	 Train Acc [53.21]	 Train Time [170.02]
Round [100/200]	 Train Loss [2.7732]	 Train Acc [53.89]	 Test Loss [3.9447|2.8066]	 Test Acc [13.02(8.69)|43.27(10.82)]	 Train Time [178.90]
Round [101/200]	 Train Loss [2.7979]	 Train Acc [54.75]	 Train Time [86.14]
Round [102/200]	 Train Loss [2.7488]	 Train Acc [53.27]	 Train Time [105.40]
Round [103/200]	 Train Loss [2.7732]	 Train Acc [53.92]	 Train Time [98.26]
Round [104/200]	 Train Loss [2.6771]	 Train Acc [55.61]	 Train Time [118.73]
Round [105/200]	 Train Loss [2.6958]	 Train Acc [55.55]	 Train Time [60.63]
Round [106/200]	 Train Loss [2.6962]	 Train Acc [54.67]	 Train Time [81.65]
Round [107/200]	 Train Loss [2.7138]	 Train Acc [55.34]	 Train Time [114.95]
Round [108/200]	 Train Loss [2.7091]	 Train Acc [55.46]	 Train Time [62.49]
Round [109/200]	 Train Loss [2.6579]	 Train Acc [54.89]	 Train Time [87.98]
Round [110/200]	 Train Loss [2.6597]	 Train Acc [56.27]	 Train Time [67.17]
Round [111/200]	 Train Loss [2.6401]	 Train Acc [55.63]	 Train Time [82.07]
Round [112/200]	 Train Loss [2.6278]	 Train Acc [56.57]	 Train Time [57.57]
Round [113/200]	 Train Loss [2.6417]	 Train Acc [55.58]	 Train Time [94.95]
Round [114/200]	 Train Loss [2.6290]	 Train Acc [57.24]	 Train Time [82.87]
Round [115/200]	 Train Loss [2.6438]	 Train Acc [56.82]	 Train Time [112.86]
Round [116/200]	 Train Loss [2.6520]	 Train Acc [58.10]	 Train Time [80.72]
Round [117/200]	 Train Loss [2.5000]	 Train Acc [59.07]	 Train Time [95.71]
Round [118/200]	 Train Loss [2.5598]	 Train Acc [59.27]	 Train Time [131.04]
Round [119/200]	 Train Loss [2.5292]	 Train Acc [59.15]	 Train Time [76.97]
Round [120/200]	 Train Loss [2.5653]	 Train Acc [58.73]	 Test Loss [3.8454|2.6816]	 Test Acc [17.26(9.67)|46.42(11.11)]	 Train Time [65.97]
Round [121/200]	 Train Loss [2.5198]	 Train Acc [60.78]	 Train Time [94.51]
Round [122/200]	 Train Loss [2.4487]	 Train Acc [60.61]	 Train Time [96.02]
Round [123/200]	 Train Loss [2.4418]	 Train Acc [60.89]	 Train Time [90.10]
Round [124/200]	 Train Loss [2.5062]	 Train Acc [60.81]	 Train Time [87.26]
Round [125/200]	 Train Loss [2.4645]	 Train Acc [61.87]	 Train Time [74.21]
Round [126/200]	 Train Loss [2.4217]	 Train Acc [63.64]	 Train Time [92.59]
Round [127/200]	 Train Loss [2.3967]	 Train Acc [63.09]	 Train Time [106.46]
Round [128/200]	 Train Loss [2.4283]	 Train Acc [61.66]	 Train Time [63.51]
Round [129/200]	 Train Loss [2.4247]	 Train Acc [61.94]	 Train Time [83.28]
Round [130/200]	 Train Loss [2.3995]	 Train Acc [62.91]	 Train Time [111.03]
Round [131/200]	 Train Loss [2.4158]	 Train Acc [62.80]	 Train Time [99.10]
Round [132/200]	 Train Loss [2.3403]	 Train Acc [64.25]	 Train Time [108.66]
Round [133/200]	 Train Loss [2.3226]	 Train Acc [64.87]	 Train Time [79.63]
Round [134/200]	 Train Loss [2.3144]	 Train Acc [64.53]	 Train Time [87.68]
Round [135/200]	 Train Loss [2.3238]	 Train Acc [66.30]	 Train Time [54.73]
Round [136/200]	 Train Loss [2.2895]	 Train Acc [64.82]	 Train Time [80.50]
Round [137/200]	 Train Loss [2.2994]	 Train Acc [64.74]	 Train Time [103.06]
Round [138/200]	 Train Loss [2.3055]	 Train Acc [65.26]	 Train Time [110.44]
Round [139/200]	 Train Loss [2.2712]	 Train Acc [64.81]	 Train Time [95.65]
Round [140/200]	 Train Loss [2.2268]	 Train Acc [66.56]	 Test Loss [3.7213|2.6242]	 Test Acc [20.34(9.20)|46.72(12.02)]	 Train Time [101.07]
Round [141/200]	 Train Loss [2.2205]	 Train Acc [66.39]	 Train Time [103.57]
Round [142/200]	 Train Loss [2.2086]	 Train Acc [67.60]	 Train Time [118.61]
Round [143/200]	 Train Loss [2.1741]	 Train Acc [67.69]	 Train Time [76.98]
Round [144/200]	 Train Loss [2.2893]	 Train Acc [65.37]	 Train Time [81.36]
Round [145/200]	 Train Loss [2.2155]	 Train Acc [68.14]	 Train Time [89.08]
Round [146/200]	 Train Loss [2.1956]	 Train Acc [67.60]	 Train Time [98.86]
Round [147/200]	 Train Loss [2.2277]	 Train Acc [68.37]	 Train Time [56.24]
Round [148/200]	 Train Loss [2.1251]	 Train Acc [68.72]	 Train Time [105.50]
Round [149/200]	 Train Loss [2.0948]	 Train Acc [70.17]	 Train Time [89.56]
Round [150/200]	 Train Loss [2.1200]	 Train Acc [67.09]	 Train Time [80.95]
Round [151/200]	 Train Loss [2.0582]	 Train Acc [69.66]	 Train Time [103.05]
Round [152/200]	 Train Loss [2.1422]	 Train Acc [68.66]	 Train Time [111.05]
Round [153/200]	 Train Loss [2.1350]	 Train Acc [69.40]	 Train Time [90.14]
Round [154/200]	 Train Loss [2.1446]	 Train Acc [68.95]	 Train Time [93.03]
Round [155/200]	 Train Loss [2.1412]	 Train Acc [68.82]	 Train Time [98.17]
Round [156/200]	 Train Loss [2.0671]	 Train Acc [69.59]	 Train Time [117.58]
Round [157/200]	 Train Loss [2.0357]	 Train Acc [70.30]	 Train Time [108.96]
Round [158/200]	 Train Loss [2.0762]	 Train Acc [70.20]	 Train Time [90.16]
Round [159/200]	 Train Loss [2.0384]	 Train Acc [70.78]	 Train Time [91.16]
Round [160/200]	 Train Loss [2.1004]	 Train Acc [69.74]	 Test Loss [3.6530|2.5896]	 Test Acc [22.51(10.12)|47.01(11.35)]	 Train Time [87.15]
Round [161/200]	 Train Loss [2.0558]	 Train Acc [70.01]	 Train Time [110.33]
Round [162/200]	 Train Loss [2.0515]	 Train Acc [71.01]	 Train Time [93.05]
Round [163/200]	 Train Loss [2.0070]	 Train Acc [71.65]	 Train Time [78.76]
Round [164/200]	 Train Loss [1.9748]	 Train Acc [72.27]	 Train Time [145.55]
Round [165/200]	 Train Loss [1.9507]	 Train Acc [73.40]	 Train Time [96.12]
Round [166/200]	 Train Loss [2.0029]	 Train Acc [71.44]	 Train Time [92.41]
Round [167/200]	 Train Loss [1.9810]	 Train Acc [72.11]	 Train Time [122.54]
Round [168/200]	 Train Loss [1.9456]	 Train Acc [73.19]	 Train Time [85.53]
Round [169/200]	 Train Loss [1.9259]	 Train Acc [73.59]	 Train Time [97.28]
Round [170/200]	 Train Loss [1.9246]	 Train Acc [72.71]	 Train Time [101.71]
Round [171/200]	 Train Loss [1.9264]	 Train Acc [72.28]	 Train Time [89.38]
Round [172/200]	 Train Loss [1.8983]	 Train Acc [73.39]	 Train Time [69.99]
Round [173/200]	 Train Loss [1.9078]	 Train Acc [73.56]	 Train Time [92.28]
Round [174/200]	 Train Loss [1.8841]	 Train Acc [74.09]	 Train Time [73.05]
Round [175/200]	 Train Loss [1.8305]	 Train Acc [74.70]	 Train Time [124.90]
Round [176/200]	 Train Loss [1.8198]	 Train Acc [73.84]	 Train Time [86.99]
Round [177/200]	 Train Loss [1.8938]	 Train Acc [72.69]	 Train Time [110.14]
Round [178/200]	 Train Loss [1.8210]	 Train Acc [75.57]	 Train Time [96.26]
Round [179/200]	 Train Loss [1.8317]	 Train Acc [74.76]	 Train Time [86.20]
Round [180/200]	 Train Loss [1.8310]	 Train Acc [75.30]	 Test Loss [3.5664|2.5509]	 Test Acc [24.84(10.11)|48.82(11.60)]	 Train Time [64.99]
Round [181/200]	 Train Loss [1.8421]	 Train Acc [73.94]	 Train Time [107.50]
Round [182/200]	 Train Loss [1.8032]	 Train Acc [75.30]	 Train Time [86.16]
Round [183/200]	 Train Loss [1.8511]	 Train Acc [73.93]	 Train Time [76.75]
Round [184/200]	 Train Loss [1.8314]	 Train Acc [74.75]	 Train Time [86.32]
Round [185/200]	 Train Loss [1.8088]	 Train Acc [75.07]	 Train Time [99.68]
Round [186/200]	 Train Loss [1.7491]	 Train Acc [75.68]	 Train Time [109.64]
Round [187/200]	 Train Loss [1.7219]	 Train Acc [76.31]	 Train Time [100.33]
Round [188/200]	 Train Loss [1.7352]	 Train Acc [75.96]	 Train Time [98.10]
Round [189/200]	 Train Loss [1.7616]	 Train Acc [75.61]	 Train Time [103.93]
Round [190/200]	 Train Loss [1.7302]	 Train Acc [76.94]	 Train Time [71.31]
Round [191/200]	 Train Loss [1.6810]	 Train Acc [77.58]	 Train Time [75.26]
Round [192/200]	 Train Loss [1.6903]	 Train Acc [76.67]	 Train Time [93.96]
Round [193/200]	 Train Loss [1.7344]	 Train Acc [75.72]	 Train Time [118.79]
Round [194/200]	 Train Loss [1.6614]	 Train Acc [77.76]	 Train Time [130.68]
Round [195/200]	 Train Loss [1.6549]	 Train Acc [77.22]	 Train Time [105.24]
Round [196/200]	 Train Loss [1.6416]	 Train Acc [78.48]	 Train Time [66.96]
Round [197/200]	 Train Loss [1.6854]	 Train Acc [77.51]	 Train Time [129.25]
Round [198/200]	 Train Loss [1.6607]	 Train Acc [78.05]	 Train Time [93.51]
Round [199/200]	 Train Loss [1.6534]	 Train Acc [77.32]	 Train Time [114.98]
Round [200/200]	 Train Loss [1.6436]	 Train Acc [77.67]	 Test Loss [3.4240|2.5272]	 Test Acc [28.08(9.91)|48.26(11.86)]	 Train Time [464.92]
Method took (125.96, 47.02) seconds per training iteration
Method took (25903.69) total seconds
