Training pFedFDA...
Round [1/200]	 Train Loss [4.0947]	 Train Acc [8.26]	 Train Time [19.02]
Round [2/200]	 Train Loss [3.8070]	 Train Acc [11.02]	 Train Time [25.47]
Round [3/200]	 Train Loss [3.4746]	 Train Acc [15.19]	 Train Time [32.82]
Round [4/200]	 Train Loss [3.2724]	 Train Acc [18.19]	 Train Time [32.56]
Round [5/200]	 Train Loss [3.1557]	 Train Acc [20.50]	 Train Time [34.74]
Round [6/200]	 Train Loss [3.1028]	 Train Acc [21.53]	 Train Time [43.59]
Round [7/200]	 Train Loss [3.0224]	 Train Acc [23.21]	 Train Time [47.84]
Round [8/200]	 Train Loss [3.0120]	 Train Acc [23.38]	 Train Time [41.65]
Round [9/200]	 Train Loss [2.9269]	 Train Acc [25.53]	 Train Time [32.08]
Round [10/200]	 Train Loss [2.8866]	 Train Acc [26.33]	 Train Time [24.18]
Round [11/200]	 Train Loss [2.7937]	 Train Acc [28.36]	 Train Time [38.85]
Round [12/200]	 Train Loss [2.6782]	 Train Acc [30.59]	 Train Time [38.68]
Round [13/200]	 Train Loss [2.6289]	 Train Acc [32.13]	 Train Time [44.34]
Round [14/200]	 Train Loss [2.4945]	 Train Acc [35.03]	 Train Time [35.05]
Round [15/200]	 Train Loss [2.4529]	 Train Acc [36.55]	 Train Time [42.88]
Round [16/200]	 Train Loss [2.3273]	 Train Acc [38.99]	 Train Time [47.30]
Round [17/200]	 Train Loss [2.2678]	 Train Acc [40.89]	 Train Time [47.21]
Round [18/200]	 Train Loss [2.1454]	 Train Acc [43.91]	 Train Time [49.10]
Round [19/200]	 Train Loss [2.0543]	 Train Acc [45.65]	 Train Time [24.29]
KL Divergence: μ=4.9572
Round [20/200]	 Train Loss [2.1208]	 Train Acc [45.26]	 Test Loss [3.2919]	 Test Acc [26.98(5.82)]	 Train Time [36.95]
Round [21/200]	 Train Loss [1.9659]	 Train Acc [49.06]	 Train Time [36.07]
Round [22/200]	 Train Loss [1.7709]	 Train Acc [54.04]	 Train Time [37.72]
Round [23/200]	 Train Loss [1.8336]	 Train Acc [52.94]	 Train Time [40.67]
Round [24/200]	 Train Loss [1.6720]	 Train Acc [56.90]	 Train Time [42.96]
Round [25/200]	 Train Loss [1.5107]	 Train Acc [60.78]	 Train Time [50.24]
Round [26/200]	 Train Loss [1.5486]	 Train Acc [60.66]	 Train Time [40.26]
Round [27/200]	 Train Loss [1.5465]	 Train Acc [60.70]	 Train Time [41.27]
Round [28/200]	 Train Loss [1.4068]	 Train Acc [64.05]	 Train Time [51.44]
Round [29/200]	 Train Loss [1.4583]	 Train Acc [63.16]	 Train Time [39.52]
Round [30/200]	 Train Loss [1.3893]	 Train Acc [65.02]	 Train Time [37.28]
Round [31/200]	 Train Loss [1.3066]	 Train Acc [66.93]	 Train Time [29.29]
Round [32/200]	 Train Loss [1.3534]	 Train Acc [66.53]	 Train Time [34.23]
Round [33/200]	 Train Loss [1.2323]	 Train Acc [69.29]	 Train Time [39.10]
Round [34/200]	 Train Loss [1.3666]	 Train Acc [66.14]	 Train Time [39.72]
Round [35/200]	 Train Loss [1.2120]	 Train Acc [69.82]	 Train Time [30.05]
Round [36/200]	 Train Loss [1.2907]	 Train Acc [67.97]	 Train Time [25.83]
Round [37/200]	 Train Loss [1.1729]	 Train Acc [70.95]	 Train Time [38.77]
Round [38/200]	 Train Loss [1.2436]	 Train Acc [69.60]	 Train Time [33.57]
Round [39/200]	 Train Loss [1.1258]	 Train Acc [72.47]	 Train Time [30.38]
KL Divergence: μ=6.0776
Round [40/200]	 Train Loss [1.0964]	 Train Acc [72.87]	 Test Loss [3.4771]	 Test Acc [30.78(6.28)]	 Train Time [34.88]
Round [41/200]	 Train Loss [0.9965]	 Train Acc [75.38]	 Train Time [33.91]
Round [42/200]	 Train Loss [1.1218]	 Train Acc [72.57]	 Train Time [43.83]
Round [43/200]	 Train Loss [1.0401]	 Train Acc [74.45]	 Train Time [41.23]
Round [44/200]	 Train Loss [1.0069]	 Train Acc [75.36]	 Train Time [31.01]
Round [45/200]	 Train Loss [1.1340]	 Train Acc [72.60]	 Train Time [33.01]
Round [46/200]	 Train Loss [1.1398]	 Train Acc [72.31]	 Train Time [31.22]
Round [47/200]	 Train Loss [1.0420]	 Train Acc [74.40]	 Train Time [42.96]
Round [48/200]	 Train Loss [1.1059]	 Train Acc [73.10]	 Train Time [34.68]
Round [49/200]	 Train Loss [1.2354]	 Train Acc [69.93]	 Train Time [25.18]
Round [50/200]	 Train Loss [1.0263]	 Train Acc [75.08]	 Train Time [40.21]
Round [51/200]	 Train Loss [0.9222]	 Train Acc [77.24]	 Train Time [27.01]
Round [52/200]	 Train Loss [0.9602]	 Train Acc [76.65]	 Train Time [34.29]
Round [53/200]	 Train Loss [0.8997]	 Train Acc [77.79]	 Train Time [33.70]
Round [54/200]	 Train Loss [1.0767]	 Train Acc [73.88]	 Train Time [35.35]
Round [55/200]	 Train Loss [0.8581]	 Train Acc [79.05]	 Train Time [40.14]
Round [56/200]	 Train Loss [0.9985]	 Train Acc [75.78]	 Train Time [38.85]
Round [57/200]	 Train Loss [0.9275]	 Train Acc [77.41]	 Train Time [44.62]
Round [58/200]	 Train Loss [0.8259]	 Train Acc [79.60]	 Train Time [31.10]
Round [59/200]	 Train Loss [0.8311]	 Train Acc [80.07]	 Train Time [28.76]
KL Divergence: μ=6.7782
Round [60/200]	 Train Loss [0.8492]	 Train Acc [79.45]	 Test Loss [3.6199]	 Test Acc [31.30(6.16)]	 Train Time [32.68]
Round [61/200]	 Train Loss [1.0388]	 Train Acc [75.00]	 Train Time [30.88]
Round [62/200]	 Train Loss [0.9799]	 Train Acc [76.33]	 Train Time [34.53]
Round [63/200]	 Train Loss [0.8980]	 Train Acc [78.28]	 Train Time [42.81]
Round [64/200]	 Train Loss [0.9000]	 Train Acc [78.20]	 Train Time [34.29]
Round [65/200]	 Train Loss [0.7484]	 Train Acc [81.50]	 Train Time [31.31]
Round [66/200]	 Train Loss [0.9547]	 Train Acc [76.83]	 Train Time [25.26]
Round [67/200]	 Train Loss [0.8508]	 Train Acc [79.63]	 Train Time [40.48]
Round [68/200]	 Train Loss [0.8812]	 Train Acc [78.51]	 Train Time [33.82]
Round [69/200]	 Train Loss [0.8710]	 Train Acc [78.99]	 Train Time [34.23]
Round [70/200]	 Train Loss [0.7386]	 Train Acc [82.14]	 Train Time [26.52]
Round [71/200]	 Train Loss [0.8567]	 Train Acc [79.21]	 Train Time [35.30]
Round [72/200]	 Train Loss [0.8104]	 Train Acc [80.47]	 Train Time [31.67]
Round [73/200]	 Train Loss [0.8205]	 Train Acc [80.15]	 Train Time [33.48]
Round [74/200]	 Train Loss [0.8711]	 Train Acc [78.91]	 Train Time [27.29]
Round [75/200]	 Train Loss [0.8703]	 Train Acc [78.87]	 Train Time [23.76]
Round [76/200]	 Train Loss [0.7570]	 Train Acc [81.63]	 Train Time [35.04]
Round [77/200]	 Train Loss [0.8236]	 Train Acc [79.98]	 Train Time [39.64]
Round [78/200]	 Train Loss [0.8784]	 Train Acc [78.81]	 Train Time [37.18]
Round [79/200]	 Train Loss [0.6894]	 Train Acc [83.14]	 Train Time [26.20]
KL Divergence: μ=7.0933
Round [80/200]	 Train Loss [0.7332]	 Train Acc [82.35]	 Test Loss [3.7030]	 Test Acc [31.60(6.27)]	 Train Time [26.22]
Round [81/200]	 Train Loss [0.8837]	 Train Acc [78.85]	 Train Time [36.55]
Round [82/200]	 Train Loss [0.8019]	 Train Acc [80.63]	 Train Time [31.49]
Round [83/200]	 Train Loss [0.7737]	 Train Acc [81.31]	 Train Time [46.13]
Round [84/200]	 Train Loss [0.6977]	 Train Acc [82.72]	 Train Time [41.34]
Round [85/200]	 Train Loss [0.7275]	 Train Acc [82.26]	 Train Time [37.39]
Round [86/200]	 Train Loss [0.8421]	 Train Acc [79.92]	 Train Time [28.66]
Round [87/200]	 Train Loss [0.7320]	 Train Acc [82.12]	 Train Time [33.29]
Round [88/200]	 Train Loss [0.8108]	 Train Acc [80.39]	 Train Time [26.32]
Round [89/200]	 Train Loss [0.6813]	 Train Acc [83.41]	 Train Time [34.20]
Round [90/200]	 Train Loss [0.8191]	 Train Acc [80.26]	 Train Time [32.42]
Round [91/200]	 Train Loss [0.7819]	 Train Acc [81.34]	 Train Time [42.60]
Round [92/200]	 Train Loss [0.7129]	 Train Acc [82.91]	 Train Time [35.25]
Round [93/200]	 Train Loss [0.7515]	 Train Acc [81.75]	 Train Time [32.73]
Round [94/200]	 Train Loss [0.7262]	 Train Acc [82.45]	 Train Time [36.65]
Round [95/200]	 Train Loss [0.6933]	 Train Acc [83.17]	 Train Time [35.40]
Round [96/200]	 Train Loss [0.8024]	 Train Acc [80.71]	 Train Time [25.62]
Round [97/200]	 Train Loss [0.7971]	 Train Acc [80.74]	 Train Time [25.71]
Round [98/200]	 Train Loss [0.7158]	 Train Acc [82.87]	 Train Time [36.40]
Round [99/200]	 Train Loss [0.6348]	 Train Acc [84.53]	 Train Time [24.56]
KL Divergence: μ=7.6392
Round [100/200]	 Train Loss [0.8251]	 Train Acc [80.45]	 Test Loss [3.7664]	 Test Acc [31.84(5.89)]	 Train Time [29.05]
Round [101/200]	 Train Loss [0.6910]	 Train Acc [83.31]	 Train Time [29.42]
Round [102/200]	 Train Loss [0.6204]	 Train Acc [84.72]	 Train Time [28.63]
Round [103/200]	 Train Loss [0.6565]	 Train Acc [83.77]	 Train Time [30.61]
Round [104/200]	 Train Loss [0.6921]	 Train Acc [83.33]	 Train Time [28.54]
Round [105/200]	 Train Loss [0.7066]	 Train Acc [82.93]	 Train Time [25.24]
Round [106/200]	 Train Loss [0.7447]	 Train Acc [82.07]	 Train Time [32.18]
Round [107/200]	 Train Loss [0.7814]	 Train Acc [81.08]	 Train Time [29.49]
Round [108/200]	 Train Loss [0.6903]	 Train Acc [83.41]	 Train Time [31.18]
Round [109/200]	 Train Loss [0.6617]	 Train Acc [83.70]	 Train Time [27.51]
Round [110/200]	 Train Loss [0.6675]	 Train Acc [83.61]	 Train Time [23.82]
Round [111/200]	 Train Loss [0.7841]	 Train Acc [80.85]	 Train Time [25.17]
Round [112/200]	 Train Loss [0.7494]	 Train Acc [82.13]	 Train Time [33.88]
Round [113/200]	 Train Loss [0.7303]	 Train Acc [82.08]	 Train Time [26.97]
Round [114/200]	 Train Loss [0.7705]	 Train Acc [81.19]	 Train Time [21.10]
Round [115/200]	 Train Loss [0.6914]	 Train Acc [83.44]	 Train Time [25.61]
Round [116/200]	 Train Loss [0.6011]	 Train Acc [85.29]	 Train Time [33.73]
Round [117/200]	 Train Loss [0.5972]	 Train Acc [85.34]	 Train Time [29.34]
Round [118/200]	 Train Loss [0.5573]	 Train Acc [86.01]	 Train Time [26.98]
Round [119/200]	 Train Loss [0.6455]	 Train Acc [84.01]	 Train Time [20.90]
KL Divergence: μ=8.4447
Round [120/200]	 Train Loss [0.6457]	 Train Acc [84.34]	 Test Loss [3.9065]	 Test Acc [31.70(6.37)]	 Train Time [29.20]
Round [121/200]	 Train Loss [0.6801]	 Train Acc [83.62]	 Train Time [26.94]
Round [122/200]	 Train Loss [0.7105]	 Train Acc [82.90]	 Train Time [27.11]
Round [123/200]	 Train Loss [0.7518]	 Train Acc [81.74]	 Train Time [30.24]
Round [124/200]	 Train Loss [0.5735]	 Train Acc [85.88]	 Train Time [24.90]
Round [125/200]	 Train Loss [0.6161]	 Train Acc [85.14]	 Train Time [25.42]
Round [126/200]	 Train Loss [0.7020]	 Train Acc [82.92]	 Train Time [32.78]
Round [127/200]	 Train Loss [0.6935]	 Train Acc [82.97]	 Train Time [26.89]
Round [128/200]	 Train Loss [0.6951]	 Train Acc [83.23]	 Train Time [26.89]
Round [129/200]	 Train Loss [0.6541]	 Train Acc [84.05]	 Train Time [21.78]
Round [130/200]	 Train Loss [0.6076]	 Train Acc [85.25]	 Train Time [28.60]
Round [131/200]	 Train Loss [0.7425]	 Train Acc [82.13]	 Train Time [28.45]
Round [132/200]	 Train Loss [0.7117]	 Train Acc [82.81]	 Train Time [32.22]
Round [133/200]	 Train Loss [0.6873]	 Train Acc [83.39]	 Train Time [25.21]
Round [134/200]	 Train Loss [0.6991]	 Train Acc [83.26]	 Train Time [25.72]
Round [135/200]	 Train Loss [0.6487]	 Train Acc [84.18]	 Train Time [28.62]
Round [136/200]	 Train Loss [0.6726]	 Train Acc [83.71]	 Train Time [39.57]
Round [137/200]	 Train Loss [0.7034]	 Train Acc [82.75]	 Train Time [31.78]
Round [138/200]	 Train Loss [0.7100]	 Train Acc [82.82]	 Train Time [31.56]
Round [139/200]	 Train Loss [0.6843]	 Train Acc [83.41]	 Train Time [32.21]
KL Divergence: μ=9.1085
Round [140/200]	 Train Loss [0.7008]	 Train Acc [83.05]	 Test Loss [3.9035]	 Test Acc [32.41(6.10)]	 Train Time [28.34]
Round [141/200]	 Train Loss [0.6822]	 Train Acc [83.45]	 Train Time [20.20]
Round [142/200]	 Train Loss [0.6514]	 Train Acc [84.42]	 Train Time [24.10]
Round [143/200]	 Train Loss [0.6670]	 Train Acc [83.80]	 Train Time [25.41]
Round [144/200]	 Train Loss [0.7329]	 Train Acc [82.14]	 Train Time [21.38]
Round [145/200]	 Train Loss [0.6775]	 Train Acc [83.16]	 Train Time [23.54]
Round [146/200]	 Train Loss [0.5619]	 Train Acc [86.10]	 Train Time [26.08]
Round [147/200]	 Train Loss [0.6652]	 Train Acc [83.78]	 Train Time [26.04]
Round [148/200]	 Train Loss [0.7389]	 Train Acc [82.36]	 Train Time [24.70]
Round [149/200]	 Train Loss [0.6367]	 Train Acc [84.40]	 Train Time [22.66]
Round [150/200]	 Train Loss [0.6299]	 Train Acc [84.68]	 Train Time [26.15]
Round [151/200]	 Train Loss [0.5347]	 Train Acc [86.73]	 Train Time [27.68]
Round [152/200]	 Train Loss [0.6150]	 Train Acc [84.92]	 Train Time [26.34]
Round [153/200]	 Train Loss [0.5756]	 Train Acc [85.88]	 Train Time [23.13]
Round [154/200]	 Train Loss [0.6935]	 Train Acc [83.33]	 Train Time [27.18]
Round [155/200]	 Train Loss [0.5969]	 Train Acc [85.44]	 Train Time [27.30]
Round [156/200]	 Train Loss [0.6951]	 Train Acc [83.07]	 Train Time [27.06]
Round [157/200]	 Train Loss [0.7211]	 Train Acc [82.32]	 Train Time [17.24]
Round [158/200]	 Train Loss [0.6607]	 Train Acc [84.09]	 Train Time [28.83]
Round [159/200]	 Train Loss [0.6327]	 Train Acc [84.67]	 Train Time [19.90]
KL Divergence: μ=9.6489
Round [160/200]	 Train Loss [0.6605]	 Train Acc [84.01]	 Test Loss [3.9978]	 Test Acc [32.07(6.22)]	 Train Time [21.97]
Round [161/200]	 Train Loss [0.6437]	 Train Acc [84.49]	 Train Time [24.15]
Round [162/200]	 Train Loss [0.6740]	 Train Acc [83.77]	 Train Time [22.90]
Round [163/200]	 Train Loss [0.6188]	 Train Acc [84.98]	 Train Time [19.71]
Round [164/200]	 Train Loss [0.6517]	 Train Acc [84.25]	 Train Time [25.39]
Round [165/200]	 Train Loss [0.6676]	 Train Acc [83.85]	 Train Time [28.73]
Round [166/200]	 Train Loss [0.5668]	 Train Acc [85.94]	 Train Time [32.04]
Round [167/200]	 Train Loss [0.6733]	 Train Acc [83.49]	 Train Time [16.24]
Round [168/200]	 Train Loss [0.6187]	 Train Acc [84.94]	 Train Time [19.41]
Round [169/200]	 Train Loss [0.6536]	 Train Acc [84.28]	 Train Time [21.07]
Round [170/200]	 Train Loss [0.5675]	 Train Acc [85.84]	 Train Time [28.53]
Round [171/200]	 Train Loss [0.6071]	 Train Acc [84.96]	 Train Time [25.04]
Round [172/200]	 Train Loss [0.6391]	 Train Acc [84.29]	 Train Time [26.18]
Round [173/200]	 Train Loss [0.5305]	 Train Acc [86.79]	 Train Time [27.87]
Round [174/200]	 Train Loss [0.5119]	 Train Acc [87.02]	 Train Time [13.21]
Round [175/200]	 Train Loss [0.5613]	 Train Acc [86.09]	 Train Time [21.61]
Round [176/200]	 Train Loss [0.6376]	 Train Acc [84.59]	 Train Time [21.74]
Round [177/200]	 Train Loss [0.5771]	 Train Acc [85.73]	 Train Time [21.44]
Round [178/200]	 Train Loss [0.5943]	 Train Acc [85.37]	 Train Time [12.73]
Round [179/200]	 Train Loss [0.7060]	 Train Acc [82.93]	 Train Time [19.68]
KL Divergence: μ=9.7695
Round [180/200]	 Train Loss [0.6174]	 Train Acc [85.05]	 Test Loss [4.0689]	 Test Acc [31.29(5.91)]	 Train Time [20.13]
Round [181/200]	 Train Loss [0.5911]	 Train Acc [85.50]	 Train Time [22.67]
Round [182/200]	 Train Loss [0.5977]	 Train Acc [85.49]	 Train Time [22.49]
Round [183/200]	 Train Loss [0.6677]	 Train Acc [83.74]	 Train Time [18.26]
Round [184/200]	 Train Loss [0.6382]	 Train Acc [84.44]	 Train Time [29.18]
Round [185/200]	 Train Loss [0.6506]	 Train Acc [84.09]	 Train Time [23.72]
Round [186/200]	 Train Loss [0.6513]	 Train Acc [84.24]	 Train Time [21.35]
Round [187/200]	 Train Loss [0.6089]	 Train Acc [85.17]	 Train Time [22.21]
Round [188/200]	 Train Loss [0.6023]	 Train Acc [85.08]	 Train Time [26.91]
Round [189/200]	 Train Loss [0.5672]	 Train Acc [85.85]	 Train Time [22.06]
Round [190/200]	 Train Loss [0.5491]	 Train Acc [86.27]	 Train Time [18.75]
Round [191/200]	 Train Loss [0.5154]	 Train Acc [87.17]	 Train Time [22.47]
Round [192/200]	 Train Loss [0.5516]	 Train Acc [86.56]	 Train Time [17.74]
Round [193/200]	 Train Loss [0.7866]	 Train Acc [81.40]	 Train Time [14.79]
Round [194/200]	 Train Loss [0.5564]	 Train Acc [86.57]	 Train Time [18.80]
Round [195/200]	 Train Loss [0.6691]	 Train Acc [83.81]	 Train Time [28.26]
Round [196/200]	 Train Loss [0.5805]	 Train Acc [85.69]	 Train Time [16.54]
Round [197/200]	 Train Loss [0.5513]	 Train Acc [86.56]	 Train Time [13.36]
Round [198/200]	 Train Loss [0.6324]	 Train Acc [84.70]	 Train Time [26.84]
Round [199/200]	 Train Loss [0.6971]	 Train Acc [83.15]	 Train Time [19.15]
KL Divergence: μ=9.9812
Round [200/200]	 Train Loss [0.6144]	 Train Acc [85.04]	 Test Loss [4.1201]	 Test Acc [31.95(6.05)]	 Train Time [73.61]
Method took (30.33, 8.33) seconds per training iteration
Method took (6113.23) total seconds
