Training pFedFDA...
Round [1/200]    Train Loss [0.4487]     Train Acc [83.73]       Train Time [31.94]
Round [2/200]    Train Loss [0.5290]     Train Acc [80.01]       Train Time [32.65]
Round [3/200]    Train Loss [0.4418]     Train Acc [83.67]       Train Time [30.73]
Round [4/200]    Train Loss [0.4057]     Train Acc [84.31]       Train Time [24.75]
Round [5/200]    Train Loss [0.3387]     Train Acc [87.23]       Train Time [26.06]
Round [6/200]    Train Loss [0.2870]     Train Acc [89.25]       Train Time [27.00]
Round [7/200]    Train Loss [0.4096]     Train Acc [83.98]       Train Time [18.92]
Round [8/200]    Train Loss [0.3385]     Train Acc [86.65]       Train Time [30.46]
Round [9/200]    Train Loss [0.3156]     Train Acc [87.85]       Train Time [24.81]
Round [10/200]   Train Loss [0.3140]     Train Acc [88.28]       Train Time [30.48]
Round [11/200]   Train Loss [0.2405]     Train Acc [90.91]       Train Time [36.39]
Round [12/200]   Train Loss [0.2985]     Train Acc [89.03]       Train Time [26.23]
Round [13/200]   Train Loss [0.2183]     Train Acc [91.62]       Train Time [28.18]
Round [14/200]   Train Loss [0.2027]     Train Acc [92.40]       Train Time [26.63]
Round [15/200]   Train Loss [0.2601]     Train Acc [90.40]       Train Time [24.86]
Round [16/200]   Train Loss [0.2182]     Train Acc [91.77]       Train Time [27.13]
Round [17/200]   Train Loss [0.2189]     Train Acc [91.84]       Train Time [31.39]
Round [18/200]   Train Loss [0.2664]     Train Acc [90.21]       Train Time [26.97]
Round [19/200]   Train Loss [0.2273]     Train Acc [91.44]       Train Time [26.53]
KL Divergence: μ=3.1898
Round [20/200]   Train Loss [0.2450]     Train Acc [90.93]       Test Loss [0.3525]      Test Acc [87.73(14.01)]         Train Time [23.02]
Round [21/200]   Train Loss [0.2083]     Train Acc [92.44]       Train Time [28.24]
Round [22/200]   Train Loss [0.2027]     Train Acc [92.55]       Train Time [34.64]
Round [23/200]   Train Loss [0.2495]     Train Acc [90.81]       Train Time [23.08]
Round [24/200]   Train Loss [0.1775]     Train Acc [93.59]       Train Time [34.29]
Round [25/200]   Train Loss [0.1986]     Train Acc [92.91]       Train Time [29.51]
Round [26/200]   Train Loss [0.2082]     Train Acc [92.42]       Train Time [21.85]
Round [27/200]   Train Loss [0.1988]     Train Acc [92.75]       Train Time [26.19]
Round [28/200]   Train Loss [0.1440]     Train Acc [95.05]       Train Time [27.33]
Round [29/200]   Train Loss [0.1877]     Train Acc [93.29]       Train Time [34.88]
Round [30/200]   Train Loss [0.1762]     Train Acc [93.77]       Train Time [28.30]
Round [31/200]   Train Loss [0.1654]     Train Acc [94.19]       Train Time [24.84]
Round [32/200]   Train Loss [0.1612]     Train Acc [94.37]       Train Time [26.06]
Round [33/200]   Train Loss [0.1234]     Train Acc [95.79]       Train Time [31.75]
Round [34/200]   Train Loss [0.1503]     Train Acc [94.71]       Train Time [29.49]
Round [35/200]   Train Loss [0.1102]     Train Acc [96.24]       Train Time [25.56]
Round [36/200]   Train Loss [0.1656]     Train Acc [94.19]       Train Time [20.10]
Round [37/200]   Train Loss [0.1587]     Train Acc [94.40]       Train Time [24.73]
Round [38/200]   Train Loss [0.2473]     Train Acc [91.30]       Train Time [18.33]
Round [39/200]   Train Loss [0.1574]     Train Acc [94.49]       Train Time [29.71]
KL Divergence: μ=4.5825
Round [40/200]   Train Loss [0.1367]     Train Acc [95.21]       Test Loss [0.3303]      Test Acc [88.41(14.05)]         Train Time [36.28]
Round [41/200]   Train Loss [0.1339]     Train Acc [95.39]       Train Time [38.23]
Round [42/200]   Train Loss [0.1516]     Train Acc [94.82]       Train Time [27.41]
Round [43/200]   Train Loss [0.1312]     Train Acc [95.54]       Train Time [24.95]
Round [44/200]   Train Loss [0.1323]     Train Acc [95.48]       Train Time [36.32]
Round [45/200]   Train Loss [0.1125]     Train Acc [96.19]       Train Time [19.82]
Round [46/200]   Train Loss [0.1337]     Train Acc [95.55]       Train Time [25.02]
Round [47/200]   Train Loss [0.1387]     Train Acc [95.38]       Train Time [22.58]
Round [48/200]   Train Loss [0.1445]     Train Acc [95.20]       Train Time [26.32]
Round [49/200]   Train Loss [0.1102]     Train Acc [96.35]       Train Time [28.69]
Round [50/200]   Train Loss [0.1530]     Train Acc [94.83]       Train Time [22.15]
Round [51/200]   Train Loss [0.1392]     Train Acc [95.17]       Train Time [26.32]
Round [52/200]   Train Loss [0.1388]     Train Acc [95.36]       Train Time [18.96]
Round [53/200]   Train Loss [0.1678]     Train Acc [94.25]       Train Time [28.77]
Round [54/200]   Train Loss [0.1538]     Train Acc [94.68]       Train Time [26.40]
Round [55/200]   Train Loss [0.1274]     Train Acc [95.78]       Train Time [25.93]
Round [56/200]   Train Loss [0.1474]     Train Acc [95.12]       Train Time [30.75]
Round [57/200]   Train Loss [0.1473]     Train Acc [94.99]       Train Time [25.33]
Round [58/200]   Train Loss [0.1382]     Train Acc [95.35]       Train Time [31.22]
Round [59/200]   Train Loss [0.1321]     Train Acc [95.56]       Train Time [29.45]
KL Divergence: μ=3.8289
Round [60/200]   Train Loss [0.1229]     Train Acc [95.87]       Test Loss [0.3470]      Test Acc [88.55(14.15)]         Train Time [25.68]
Round [61/200]   Train Loss [0.1290]     Train Acc [95.58]       Train Time [35.01]
Round [62/200]   Train Loss [0.0993]     Train Acc [96.72]       Train Time [30.80]
Round [63/200]   Train Loss [0.1301]     Train Acc [95.71]       Train Time [20.54]
Round [64/200]   Train Loss [0.1073]     Train Acc [96.49]       Train Time [30.11]
Round [65/200]   Train Loss [0.0932]     Train Acc [97.03]       Train Time [24.50]
Round [66/200]   Train Loss [0.1471]     Train Acc [95.09]       Train Time [28.70]
Round [67/200]   Train Loss [0.1142]     Train Acc [96.32]       Train Time [22.67]
Round [68/200]   Train Loss [0.0906]     Train Acc [96.99]       Train Time [28.49]
Round [69/200]   Train Loss [0.1279]     Train Acc [95.74]       Train Time [26.74]
Round [70/200]   Train Loss [0.1105]     Train Acc [96.34]       Train Time [26.99]
Round [71/200]   Train Loss [0.1192]     Train Acc [96.13]       Train Time [29.85]
Round [72/200]   Train Loss [0.1070]     Train Acc [96.44]       Train Time [33.82]
Round [73/200]   Train Loss [0.0929]     Train Acc [96.97]       Train Time [28.31]
Round [74/200]   Train Loss [0.0950]     Train Acc [96.88]       Train Time [27.86]
Round [75/200]   Train Loss [0.0976]     Train Acc [96.76]       Train Time [30.99]
Round [76/200]   Train Loss [0.0842]     Train Acc [97.22]       Train Time [33.65]
Round [77/200]   Train Loss [0.1688]     Train Acc [94.48]       Train Time [24.76]
Round [78/200]   Train Loss [0.1019]     Train Acc [96.59]       Train Time [28.34]
Round [79/200]   Train Loss [0.1240]     Train Acc [95.84]       Train Time [20.07]
KL Divergence: μ=2.4943
Round [80/200]   Train Loss [0.0985]     Train Acc [96.84]       Test Loss [0.3364]      Test Acc [88.78(13.09)]         Train Time [27.96]
Round [81/200]   Train Loss [0.0724]     Train Acc [97.65]       Train Time [27.89]
Round [82/200]   Train Loss [0.0937]     Train Acc [96.92]       Train Time [31.12]
Round [83/200]   Train Loss [0.1067]     Train Acc [96.44]       Train Time [26.76]
Round [84/200]   Train Loss [0.0888]     Train Acc [97.11]       Train Time [29.85]
Round [85/200]   Train Loss [0.1342]     Train Acc [95.49]       Train Time [25.26]
Round [86/200]   Train Loss [0.1040]     Train Acc [96.59]       Train Time [23.27]
Round [87/200]   Train Loss [0.0926]     Train Acc [96.94]       Train Time [25.45]
Round [88/200]   Train Loss [0.0815]     Train Acc [97.23]       Train Time [31.81]
Round [89/200]   Train Loss [0.0924]     Train Acc [96.87]       Train Time [34.89]
Round [90/200]   Train Loss [0.1032]     Train Acc [96.65]       Train Time [25.31]
Round [91/200]   Train Loss [0.0936]     Train Acc [96.88]       Train Time [31.58]
Round [92/200]   Train Loss [0.0858]     Train Acc [97.14]       Train Time [31.31]
Round [93/200]   Train Loss [0.1009]     Train Acc [96.74]       Train Time [24.50]
Round [94/200]   Train Loss [0.0640]     Train Acc [98.02]       Train Time [33.02]
Round [95/200]   Train Loss [0.1077]     Train Acc [96.41]       Train Time [23.19]
Round [96/200]   Train Loss [0.1125]     Train Acc [96.29]       Train Time [18.53]
Round [97/200]   Train Loss [0.1162]     Train Acc [96.17]       Train Time [13.79]
Round [98/200]   Train Loss [0.0791]     Train Acc [97.50]       Train Time [21.98]
Round [99/200]   Train Loss [0.0957]     Train Acc [96.81]       Train Time [22.88]
KL Divergence: μ=2.8864
Round [100/200]  Train Loss [0.0649]     Train Acc [97.93]       Test Loss [0.3552]      Test Acc [88.45(13.45)]         Train Time [30.52]
Round [101/200]  Train Loss [0.0930]     Train Acc [96.83]       Train Time [32.34]
Round [102/200]  Train Loss [0.0611]     Train Acc [98.04]       Train Time [26.33]
Round [103/200]  Train Loss [0.0853]     Train Acc [97.36]       Train Time [20.91]
Round [104/200]  Train Loss [0.1077]     Train Acc [96.38]       Train Time [22.46]
Round [105/200]  Train Loss [0.0889]     Train Acc [97.07]       Train Time [29.19]
Round [106/200]  Train Loss [0.0693]     Train Acc [97.74]       Train Time [30.25]
Round [107/200]  Train Loss [0.0674]     Train Acc [97.86]       Train Time [36.53]
Round [108/200]  Train Loss [0.0929]     Train Acc [96.91]       Train Time [27.79]
Round [109/200]  Train Loss [0.0808]     Train Acc [97.44]       Train Time [30.15]
Round [110/200]  Train Loss [0.0782]     Train Acc [97.37]       Train Time [22.88]
Round [111/200]  Train Loss [0.0818]     Train Acc [97.33]       Train Time [25.33]
Round [112/200]  Train Loss [0.0675]     Train Acc [97.86]       Train Time [35.59]
Round [113/200]  Train Loss [0.0729]     Train Acc [97.65]       Train Time [34.78]
Round [114/200]  Train Loss [0.0643]     Train Acc [97.92]       Train Time [23.28]
Round [115/200]  Train Loss [0.0545]     Train Acc [98.22]       Train Time [32.50]
Round [116/200]  Train Loss [0.0709]     Train Acc [97.70]       Train Time [31.90]
Round [117/200]  Train Loss [0.0670]     Train Acc [97.81]       Train Time [31.31]
Round [118/200]  Train Loss [0.0725]     Train Acc [97.62]       Train Time [21.43]
Round [119/200]  Train Loss [0.0627]     Train Acc [97.92]       Train Time [24.77]
KL Divergence: μ=2.7968
Round [120/200]  Train Loss [0.0616]     Train Acc [98.04]       Test Loss [0.3576]      Test Acc [87.99(14.20)]         Train Time [29.86]
Round [121/200]  Train Loss [0.0819]     Train Acc [97.31]       Train Time [23.18]
Round [122/200]  Train Loss [0.0772]     Train Acc [97.49]       Train Time [27.16]
Round [123/200]  Train Loss [0.0737]     Train Acc [97.63]       Train Time [23.83]
Round [124/200]  Train Loss [0.0981]     Train Acc [96.71]       Train Time [26.92]
Round [125/200]  Train Loss [0.0707]     Train Acc [97.71]       Train Time [30.23]
Round [126/200]  Train Loss [0.0967]     Train Acc [96.88]       Train Time [21.95]
Round [127/200]  Train Loss [0.0692]     Train Acc [97.74]       Train Time [23.31]
Round [128/200]  Train Loss [0.0713]     Train Acc [97.73]       Train Time [27.04]
Round [129/200]  Train Loss [0.0711]     Train Acc [97.67]       Train Time [27.27]
Round [130/200]  Train Loss [0.0702]     Train Acc [97.68]       Train Time [29.84]
Round [131/200]  Train Loss [0.0680]     Train Acc [97.77]       Train Time [22.90]
Round [132/200]  Train Loss [0.0723]     Train Acc [97.61]       Train Time [24.97]
Round [133/200]  Train Loss [0.0757]     Train Acc [97.51]       Train Time [30.61]
Round [134/200]  Train Loss [0.0633]     Train Acc [97.99]       Train Time [22.19]
Round [135/200]  Train Loss [0.0612]     Train Acc [98.05]       Train Time [27.30]
Round [136/200]  Train Loss [0.0632]     Train Acc [98.00]       Train Time [23.88]
Round [137/200]  Train Loss [0.0657]     Train Acc [97.85]       Train Time [33.22]
Round [138/200]  Train Loss [0.0704]     Train Acc [97.69]       Train Time [29.23]
Round [139/200]  Train Loss [0.0695]     Train Acc [97.68]       Train Time [25.98]
KL Divergence: μ=2.6367
Round [140/200]  Train Loss [0.0548]     Train Acc [98.25]       Test Loss [0.3544]      Test Acc [88.91(14.02)]         Train Time [28.73]
Round [141/200]  Train Loss [0.0598]     Train Acc [98.05]       Train Time [36.91]
Round [142/200]  Train Loss [0.0560]     Train Acc [98.22]       Train Time [29.70]
Round [143/200]  Train Loss [0.0679]     Train Acc [97.73]       Train Time [29.08]
Round [144/200]  Train Loss [0.0627]     Train Acc [97.97]       Train Time [22.81]
Round [145/200]  Train Loss [0.0495]     Train Acc [98.46]       Train Time [33.29]
Round [146/200]  Train Loss [0.0764]     Train Acc [97.50]       Train Time [27.32]
Round [147/200]  Train Loss [0.0585]     Train Acc [98.13]       Train Time [32.46]
Round [148/200]  Train Loss [0.0686]     Train Acc [97.73]       Train Time [25.77]
Round [149/200]  Train Loss [0.0619]     Train Acc [97.99]       Train Time [23.22]
Round [150/200]  Train Loss [0.0633]     Train Acc [97.95]       Train Time [31.83]
Round [151/200]  Train Loss [0.0697]     Train Acc [97.71]       Train Time [28.58]
Round [152/200]  Train Loss [0.0764]     Train Acc [97.44]       Train Time [30.81]
Round [153/200]  Train Loss [0.0420]     Train Acc [98.69]       Train Time [32.18]
Round [154/200]  Train Loss [0.0723]     Train Acc [97.61]       Train Time [30.00]
Round [155/200]  Train Loss [0.0735]     Train Acc [97.57]       Train Time [22.45]
Round [156/200]  Train Loss [0.0642]     Train Acc [97.93]       Train Time [29.64]
Round [157/200]  Train Loss [0.0595]     Train Acc [98.06]       Train Time [31.93]
Round [158/200]  Train Loss [0.0616]     Train Acc [97.99]       Train Time [32.13]
Round [159/200]  Train Loss [0.0543]     Train Acc [98.23]       Train Time [30.49]
KL Divergence: μ=2.5266
Round [160/200]  Train Loss [0.0746]     Train Acc [97.56]       Test Loss [0.3506]      Test Acc [88.87(13.35)]         Train Time [21.39]
Round [161/200]  Train Loss [0.0599]     Train Acc [98.14]       Train Time [23.61]
Round [162/200]  Train Loss [0.0546]     Train Acc [98.27]       Train Time [46.83]
Round [163/200]  Train Loss [0.0639]     Train Acc [97.92]       Train Time [34.15]
Round [164/200]  Train Loss [0.0700]     Train Acc [97.76]       Train Time [32.11]
Round [165/200]  Train Loss [0.0556]     Train Acc [98.29]       Train Time [25.51]
Round [166/200]  Train Loss [0.0585]     Train Acc [98.18]       Train Time [30.32]
Round [167/200]  Train Loss [0.0723]     Train Acc [97.70]       Train Time [21.39]
Round [168/200]  Train Loss [0.0656]     Train Acc [97.80]       Train Time [26.96]
Round [169/200]  Train Loss [0.0608]     Train Acc [98.05]       Train Time [39.23]
Round [170/200]  Train Loss [0.0753]     Train Acc [97.61]       Train Time [21.89]
Round [171/200]  Train Loss [0.0456]     Train Acc [98.53]       Train Time [34.89]
Round [172/200]  Train Loss [0.0519]     Train Acc [98.33]       Train Time [30.16]
Round [173/200]  Train Loss [0.0717]     Train Acc [97.65]       Train Time [36.75]
Round [174/200]  Train Loss [0.0425]     Train Acc [98.69]       Train Time [24.05]
Round [175/200]  Train Loss [0.0515]     Train Acc [98.33]       Train Time [31.17]
Round [176/200]  Train Loss [0.0376]     Train Acc [98.79]       Train Time [23.19]
Round [177/200]  Train Loss [0.0739]     Train Acc [97.53]       Train Time [24.55]
Round [178/200]  Train Loss [0.0652]     Train Acc [97.93]       Train Time [24.91]
Round [179/200]  Train Loss [0.0436]     Train Acc [98.65]       Train Time [29.90]
KL Divergence: μ=2.6296
Round [180/200]  Train Loss [0.0715]     Train Acc [97.71]       Test Loss [0.3651]      Test Acc [88.35(13.61)]         Train Time [28.03]
Round [181/200]  Train Loss [0.0619]     Train Acc [98.04]       Train Time [22.13]
Round [182/200]  Train Loss [0.0546]     Train Acc [98.25]       Train Time [29.76]
Round [183/200]  Train Loss [0.0728]     Train Acc [97.61]       Train Time [24.87]
Round [184/200]  Train Loss [0.0688]     Train Acc [97.81]       Train Time [22.14]
Round [185/200]  Train Loss [0.0753]     Train Acc [97.55]       Train Time [25.97]
Round [186/200]  Train Loss [0.0509]     Train Acc [98.38]       Train Time [29.03]
Round [187/200]  Train Loss [0.0560]     Train Acc [98.18]       Train Time [20.13]
Round [188/200]  Train Loss [0.0660]     Train Acc [97.88]       Train Time [21.77]
Round [189/200]  Train Loss [0.0474]     Train Acc [98.49]       Train Time [34.64]
Round [190/200]  Train Loss [0.0731]     Train Acc [97.62]       Train Time [22.85]
Round [191/200]  Train Loss [0.0499]     Train Acc [98.36]       Train Time [31.94]
Round [192/200]  Train Loss [0.0519]     Train Acc [98.36]       Train Time [30.04]
Round [193/200]  Train Loss [0.0491]     Train Acc [98.39]       Train Time [24.20]
Round [194/200]  Train Loss [0.0641]     Train Acc [97.87]       Train Time [23.28]
Round [195/200]  Train Loss [0.0524]     Train Acc [98.39]       Train Time [30.07]
Round [196/200]  Train Loss [0.0666]     Train Acc [97.83]       Train Time [29.04]
Round [197/200]  Train Loss [0.0766]     Train Acc [97.46]       Train Time [18.48]
Round [198/200]  Train Loss [0.0614]     Train Acc [98.05]       Train Time [22.11]
Round [199/200]  Train Loss [0.0604]     Train Acc [98.17]       Train Time [24.10]
KL Divergence: μ=2.4285
Round [200/200]  Train Loss [0.0585]     Train Acc [98.11]       Test Loss [0.3567]      Test Acc [88.71(13.53)]         Train Time [90.76]
Method took (27.96, 6.47) seconds per training iteration
Method took (5608.62) total seconds